Log file open, 08/31/20 23:37:12
LogWindows: Failed to load 'aqProf.dll' (GetLastError=126)
LogWindows: File 'aqProf.dll' does not exist
LogWindows: Failed to load 'VtuneApi.dll' (GetLastError=126)
LogWindows: File 'VtuneApi.dll' does not exist
LogWindows: Failed to load 'VtuneApi32e.dll' (GetLastError=126)
LogWindows: File 'VtuneApi32e.dll' does not exist
LogConsoleResponse: Display: Failed to find resolution value strings in scalability ini. Falling back to default.
LogInit: Display: Running engine for game: InventorySystemThing
LogPlatformFile: Not using cached read wrapper
LogTaskGraph: Started task graph with 5 named threads and 23 total threads with 3 sets of task threads.
LogStats: Stats thread started at 0.166918
LogD3D11RHI: Loaded GFSDK_Aftermath_Lib.x64.dll
LogICUInternationalization: ICU TimeZone Detection - Raw Offset: +1:00, Platform Override: ''
LogPluginManager: Mounting plugin Paper2D
LogPluginManager: Mounting plugin AISupport
LogPluginManager: Mounting plugin LightPropagationVolume
LogPluginManager: Mounting plugin ActorLayerUtilities
LogPluginManager: Mounting plugin AnimationSharing
LogPluginManager: Mounting plugin CLionSourceCodeAccess
LogPluginManager: Mounting plugin CodeLiteSourceCodeAccess
LogPluginManager: Mounting plugin GitSourceControl
LogPluginManager: Mounting plugin KDevelopSourceCodeAccess
LogPluginManager: Mounting plugin NullSourceCodeAccess
LogPluginManager: Mounting plugin PerforceSourceControl
LogPluginManager: Mounting plugin SubversionSourceControl
LogPluginManager: Mounting plugin UObjectPlugin
LogPluginManager: Mounting plugin VisualStudioCodeSourceCodeAccess
LogPluginManager: Mounting plugin VisualStudioSourceCodeAccess
LogPluginManager: Mounting plugin XCodeSourceCodeAccess
LogPluginManager: Mounting plugin AssetManagerEditor
LogPluginManager: Mounting plugin CryptoKeys
LogPluginManager: Mounting plugin CurveEditorTools
LogPluginManager: Mounting plugin DataValidation
LogPluginManager: Mounting plugin EditorScriptingUtilities
LogPluginManager: Mounting plugin FacialAnimation
LogPluginManager: Mounting plugin GameplayTagsEditor
LogPluginManager: Mounting plugin GLTFImporter
LogPluginManager: Mounting plugin MacGraphicsSwitching
LogPluginManager: Mounting plugin MaterialAnalyzer
LogPluginManager: Mounting plugin MeshEditor
LogPluginManager: Mounting plugin MobileLauncherProfileWizard
LogPluginManager: Mounting plugin PluginBrowser
LogPluginManager: Mounting plugin SpeedTreeImporter
LogPluginManager: Mounting plugin DatasmithContent
LogPluginManager: Mounting plugin VariantManagerContent
LogPluginManager: Mounting plugin AlembicImporter
LogPluginManager: Mounting plugin AutomationUtils
LogPluginManager: Mounting plugin BackChannel
LogPluginManager: Mounting plugin BlastPlugin
LogPluginManager: Mounting plugin ChaosSolverPlugin
LogPluginManager: Mounting plugin CharacterAI
LogPluginManager: Mounting plugin DataPrepEditor
LogPluginManager: Mounting plugin GeometryCache
LogPluginManager: Mounting plugin GeometryCollectionPlugin
LogPluginManager: Mounting plugin HTML5Networking
LogPluginManager: Mounting plugin PlatformCrypto
LogPluginManager: Mounting plugin ProxyLODPlugin
LogPluginManager: Mounting plugin SkeletalReduction
LogPluginManager: Mounting plugin MagicLeap
LogPluginManager: Mounting plugin MagicLeapMedia
LogPluginManager: Mounting plugin AndroidMedia
LogPluginManager: Mounting plugin AvfMedia
LogPluginManager: Mounting plugin ImgMedia
LogPluginManager: Mounting plugin MediaCompositing
LogPluginManager: Mounting plugin MediaPlayerEditor
LogPluginManager: Mounting plugin WebMMedia
LogPluginManager: Mounting plugin WmfMedia
LogPluginManager: Mounting plugin TcpMessaging
LogPluginManager: Mounting plugin UdpMessaging
LogPluginManager: Mounting plugin ActorSequence
LogPluginManager: Mounting plugin LevelSequenceEditor
LogPluginManager: Mounting plugin MatineeToLevelSequence
LogPluginManager: Mounting plugin NetcodeUnitTest
LogPluginManager: Mounting plugin NUTUnrealEngine4
LogPluginManager: Mounting plugin OnlineSubsystemGooglePlay
LogPluginManager: Mounting plugin OnlineSubsystemIOS
LogPluginManager: Mounting plugin OnlineSubsystem
LogPluginManager: Mounting plugin OnlineSubsystemNull
LogPluginManager: Mounting plugin OnlineSubsystemSteam
LogPluginManager: Mounting plugin OnlineSubsystemUtils
LogPluginManager: Mounting plugin LauncherChunkInstaller
LogPluginManager: Mounting plugin AndroidDeviceProfileSelector
LogPluginManager: Mounting plugin AndroidMoviePlayer
LogPluginManager: Mounting plugin AndroidPermission
LogPluginManager: Mounting plugin AppleImageUtils
LogPluginManager: Mounting plugin AppleMoviePlayer
LogPluginManager: Mounting plugin ArchVisCharacter
LogPluginManager: Mounting plugin AudioCapture
LogPluginManager: Mounting plugin CableComponent
LogPluginManager: Mounting plugin CustomMeshComponent
LogPluginManager: Mounting plugin EditableMesh
LogPluginManager: Mounting plugin ExampleDeviceProfileSelector
LogPluginManager: Mounting plugin GoogleCloudMessaging
LogPluginManager: Mounting plugin IOSDeviceProfileSelector
LogPluginManager: Mounting plugin LinuxDeviceProfileSelector
LogPluginManager: Mounting plugin LocationServicesBPLibrary
LogPluginManager: Mounting plugin MobilePatchingUtils
LogPluginManager: Mounting plugin OculusVR
LogPluginManager: Mounting plugin PhysXVehicles
LogPluginManager: Mounting plugin ProceduralMeshComponent
LogPluginManager: Mounting plugin RuntimePhysXCooking
LogPluginManager: Mounting plugin SignificanceManager
LogPluginManager: Mounting plugin SteamVR
LogPluginManager: Mounting plugin WebMMoviePlayer
LogPluginManager: Mounting plugin WindowsMoviePlayer
LogPluginManager: Mounting plugin ScreenshotTools
LogPluginManager: Mounting plugin AdvancedSessions
LogPluginManager: Mounting plugin AdvancedSteamSessions
LogPluginManager: Mounting plugin DatasmithC4DImporter
LogPluginManager: Mounting plugin DatasmithCADImporter
LogPluginManager: Mounting plugin DatasmithFBXImporter
LogPluginManager: Mounting plugin DatasmithGLTFImporter
LogPluginManager: Mounting plugin DatasmithIFCImporter
LogPluginManager: Mounting plugin DatasmithImporter
LogPluginManager: Mounting plugin MDLImporter
LogPluginManager: Mounting plugin StaticMeshEditorExtension
LogPluginManager: Mounting plugin VariantManager
LogInit: Using libcurl 7.55.1-DEV
LogInit:  - built for x86_64-pc-win32
LogInit:  - supports SSL with OpenSSL/1.1.1
LogInit:  - supports HTTP deflate (compression) using libz 1.2.8
LogInit:  - other features:
LogInit:      CURL_VERSION_SSL
LogInit:      CURL_VERSION_LIBZ
LogInit:      CURL_VERSION_IPV6
LogInit:      CURL_VERSION_ASYNCHDNS
LogInit:      CURL_VERSION_LARGEFILE
LogInit:      CURL_VERSION_IDN
LogInit:  CurlRequestOptions (configurable via config and command line):
LogInit:  - bVerifyPeer = true  - Libcurl will verify peer certificate
LogInit:  - bUseHttpProxy = false  - Libcurl will NOT use HTTP proxy
LogInit:  - bDontReuseConnections = false  - Libcurl will reuse connections
LogInit:  - MaxHostConnections = 16  - Libcurl will limit the number of connections to a host
LogInit:  - LocalHostAddr = Default
LogInit:  - BufferSize = 65536
LogOnline: OSS: Creating online subsystem instance for: NULL
LogInit: WinSock: version 1.1 (2.2), MaxSocks=32767, MaxUdp=65467
LogInit: Build: ++UE4+Release-4.23-CL-9631420
LogInit: Engine Version: 4.23.1-9631420+++UE4+Release-4.23
LogInit: Compatible Engine Version: 4.23.0-8386587+++UE4+Release-4.23
LogInit: Net CL: 8386587
LogInit: OS: Windows 10 (Release 1909) (), CPU: Intel(R) Core(TM) i7-7700K CPU @ 4.20GHz, GPU: NVIDIA GeForce GTX 1080
LogInit: Compiled (64-bit): Oct 18 2019 02:07:44
LogInit: Compiled with Visual C++: 19.16.27030.01
LogInit: Build Configuration: Development
LogInit: Branch Name: ++UE4+Release-4.23
LogInit: Command Line: 
LogInit: Base Directory: D:/Program Files/Epic Games/UE_4.23/Engine/Binaries/Win64/
LogInit: Installed Engine Build: 1
LogDevObjectVersion: Number of dev versions registered: 23
LogDevObjectVersion:   Dev-Blueprints (B0D832E4-1F89-4F0D-ACCF-7EB736FD4AA2): 10
LogDevObjectVersion:   Dev-Build (E1C64328-A22C-4D53-A36C-8E866417BD8C): 0
LogDevObjectVersion:   Dev-Core (375EC13C-06E4-48FB-B500-84F0262A717E): 3
LogDevObjectVersion:   Dev-Editor (E4B068ED-F494-42E9-A231-DA0B2E46BB41): 34
LogDevObjectVersion:   Dev-Framework (CFFC743F-43B0-4480-9391-14DF171D2073): 35
LogDevObjectVersion:   Dev-Mobile (B02B49B5-BB20-44E9-A304-32B752E40360): 2
LogDevObjectVersion:   Dev-Networking (A4E4105C-59A1-49B5-A7C5-40C4547EDFEE): 0
LogDevObjectVersion:   Dev-Online (39C831C9-5AE6-47DC-9A44-9C173E1C8E7C): 0
LogDevObjectVersion:   Dev-Physics (78F01B33-EBEA-4F98-B9B4-84EACCB95AA2): 0
LogDevObjectVersion:   Dev-Platform (6631380F-2D4D-43E0-8009-CF276956A95A): 0
LogDevObjectVersion:   Dev-Rendering (12F88B9F-8875-4AFC-A67C-D90C383ABD29): 31
LogDevObjectVersion:   Dev-Sequencer (7B5AE74C-D270-4C10-A958-57980B212A5A): 11
LogDevObjectVersion:   Dev-VR (D7296918-1DD6-4BDD-9DE2-64A83CC13884): 2
LogDevObjectVersion:   Dev-LoadTimes (C2A15278-BFE7-4AFE-6C17-90FF531DF755): 1
LogDevObjectVersion:   Private-Geometry (6EACA3D4-40EC-4CC1-B786-8BED09428FC5): 3
LogDevObjectVersion:   Dev-AnimPhys (29E575DD-E0A3-4627-9D10-D276232CDCEA): 17
LogDevObjectVersion:   Dev-Anim (AF43A65D-7FD3-4947-9873-3E8ED9C1BB05): 2
LogDevObjectVersion:   Dev-ReflectionCapture (6B266CEC-1EC7-4B8F-A30B-E4D90942FC07): 1
LogDevObjectVersion:   Dev-Automation (0DF73D61-A23F-47EA-B727-89E90C41499A): 1
LogDevObjectVersion:   FortniteMain (601D1886-AC64-4F84-AA16-D3DE0DEAC7D6): 27
LogDevObjectVersion:   Dev-Enterprise (9DFFBCD6-494F-0158-E221-12823C92A888): 6
LogDevObjectVersion:   Dev-Niagara (F2AED0AC-9AFE-416F-8664-AA7FFA26D6FC): 1
LogDevObjectVersion:   Dev-Destruction (174F1F0B-B4C6-45A5-B13F-2EE8D0FB917D): 9
LogInit: Presizing for max 16777216 objects, including 0 objects not considered by GC, pre-allocating 0 bytes for permanent pool.
LogInit: Object subsystem initialized
LogConfig: Setting CVar [[con.DebugEarlyDefault:1]]
LogConfig: Setting CVar [[r.setres:1280x720]]
[2020.08.31-21.37.12:894][  0]LogConfig: Setting CVar [[r.VSync:0]]
[2020.08.31-21.37.12:894][  0]LogConfig: Setting CVar [[r.RHICmdBypass:0]]
[2020.08.31-21.37.12:894][  0]LogConfig: Applying CVar settings from Section [/Script/Engine.RendererSettings] File [D:/Down2DieInventory/StructureInventory/project/Saved/Config/Windows/Engine.ini]
[2020.08.31-21.37.12:894][  0]LogConfig: Setting CVar [[r.GPUCrashDebugging:0]]
[2020.08.31-21.37.12:894][  0]LogConfig: Setting CVar [[r.DefaultFeature.AutoExposure.ExtendDefaultLuminanceRange:1]]
[2020.08.31-21.37.12:894][  0]LogConfig: Applying CVar settings from Section [/Script/Engine.RendererOverrideSettings] File [D:/Down2DieInventory/StructureInventory/project/Saved/Config/Windows/Engine.ini]
[2020.08.31-21.37.12:894][  0]LogConfig: Applying CVar settings from Section [/Script/Engine.StreamingSettings] File [D:/Down2DieInventory/StructureInventory/project/Saved/Config/Windows/Engine.ini]
[2020.08.31-21.37.12:894][  0]LogConfig: Setting CVar [[s.MinBulkDataSizeForAsyncLoading:131072]]
[2020.08.31-21.37.12:894][  0]LogConfig: Setting CVar [[s.AsyncLoadingThreadEnabled:0]]
[2020.08.31-21.37.12:894][  0]LogConfig: Setting CVar [[s.EventDrivenLoaderEnabled:1]]
[2020.08.31-21.37.12:894][  0]LogConfig: Setting CVar [[s.WarnIfTimeLimitExceeded:0]]
[2020.08.31-21.37.12:894][  0]LogConfig: Setting CVar [[s.TimeLimitExceededMultiplier:1.5]]
[2020.08.31-21.37.12:894][  0]LogConfig: Setting CVar [[s.TimeLimitExceededMinTime:0.005]]
[2020.08.31-21.37.12:894][  0]LogConfig: Setting CVar [[s.UseBackgroundLevelStreaming:1]]
[2020.08.31-21.37.12:894][  0]LogConfig: Setting CVar [[s.PriorityAsyncLoadingExtraTime:15.0]]
[2020.08.31-21.37.12:894][  0]LogConfig: Setting CVar [[s.LevelStreamingActorsUpdateTimeLimit:5.0]]
[2020.08.31-21.37.12:894][  0]LogConfig: Setting CVar [[s.PriorityLevelStreamingActorsUpdateExtraTime:5.0]]
[2020.08.31-21.37.12:894][  0]LogConfig: Setting CVar [[s.LevelStreamingComponentsRegistrationGranularity:10]]
[2020.08.31-21.37.12:894][  0]LogConfig: Setting CVar [[s.UnregisterComponentsTimeLimit:1.0]]
[2020.08.31-21.37.12:894][  0]LogConfig: Setting CVar [[s.LevelStreamingComponentsUnregistrationGranularity:5]]
[2020.08.31-21.37.12:894][  0]LogConfig: Applying CVar settings from Section [/Script/Engine.GarbageCollectionSettings] File [D:/Down2DieInventory/StructureInventory/project/Saved/Config/Windows/Engine.ini]
[2020.08.31-21.37.12:894][  0]LogConfig: Setting CVar [[gc.MaxObjectsNotConsideredByGC:1]]
[2020.08.31-21.37.12:894][  0]LogConfig: Setting CVar [[gc.SizeOfPermanentObjectPool:0]]
[2020.08.31-21.37.12:894][  0]LogConfig: Setting CVar [[gc.FlushStreamingOnGC:0]]
[2020.08.31-21.37.12:894][  0]LogConfig: Setting CVar [[gc.NumRetriesBeforeForcingGC:10]]
[2020.08.31-21.37.12:894][  0]LogConfig: Setting CVar [[gc.AllowParallelGC:1]]
[2020.08.31-21.37.12:894][  0]LogConfig: Setting CVar [[gc.TimeBetweenPurgingPendingKillObjects:61.1]]
[2020.08.31-21.37.12:894][  0]LogConfig: Setting CVar [[gc.MaxObjectsInEditor:16777216]]
[2020.08.31-21.37.12:894][  0]LogConfig: Setting CVar [[gc.IncrementalBeginDestroyEnabled:1]]
[2020.08.31-21.37.12:894][  0]LogConfig: Setting CVar [[gc.CreateGCClusters:1]]
[2020.08.31-21.37.12:894][  0]LogConfig: Setting CVar [[gc.MinGCClusterSize:5]]
[2020.08.31-21.37.12:894][  0]LogConfig: Setting CVar [[gc.ActorClusteringEnabled:0]]
[2020.08.31-21.37.12:894][  0]LogConfig: Setting CVar [[gc.BlueprintClusteringEnabled:0]]
[2020.08.31-21.37.12:894][  0]LogConfig: Setting CVar [[gc.UseDisregardForGCOnDedicatedServers:0]]
[2020.08.31-21.37.12:894][  0]LogConfig: Applying CVar settings from Section [/Script/Engine.NetworkSettings] File [D:/Down2DieInventory/StructureInventory/project/Saved/Config/Windows/Engine.ini]
[2020.08.31-21.37.12:894][  0]LogConfig: Applying CVar settings from Section [/Script/UnrealEd.CookerSettings] File [D:/Down2DieInventory/StructureInventory/project/Saved/Config/Windows/Engine.ini]
[2020.08.31-21.37.12:898][  0]LogConfig: Applying CVar settings from Section [ViewDistanceQuality@3] File [D:/Down2DieInventory/StructureInventory/project/Saved/Config/Windows/Scalability.ini]
[2020.08.31-21.37.12:898][  0]LogConfig: Setting CVar [[r.SkeletalMeshLODBias:0]]
[2020.08.31-21.37.12:898][  0]LogConfig: Setting CVar [[r.ViewDistanceScale:1.0]]
[2020.08.31-21.37.12:898][  0]LogConfig: Applying CVar settings from Section [AntiAliasingQuality@3] File [D:/Down2DieInventory/StructureInventory/project/Saved/Config/Windows/Scalability.ini]
[2020.08.31-21.37.12:898][  0]LogConfig: Setting CVar [[r.PostProcessAAQuality:4]]
[2020.08.31-21.37.12:898][  0]LogConfig: Applying CVar settings from Section [ShadowQuality@3] File [D:/Down2DieInventory/StructureInventory/project/Saved/Config/Windows/Scalability.ini]
[2020.08.31-21.37.12:898][  0]LogConfig: Setting CVar [[r.LightFunctionQuality:1]]
[2020.08.31-21.37.12:898][  0]LogConfig: Setting CVar [[r.ShadowQuality:5]]
[2020.08.31-21.37.12:898][  0]LogConfig: Setting CVar [[r.Shadow.CSM.MaxCascades:10]]
[2020.08.31-21.37.12:898][  0]LogConfig: Setting CVar [[r.Shadow.MaxResolution:2048]]
[2020.08.31-21.37.12:898][  0]LogConfig: Setting CVar [[r.Shadow.MaxCSMResolution:2048]]
[2020.08.31-21.37.12:898][  0]LogConfig: Setting CVar [[r.Shadow.RadiusThreshold:0.01]]
[2020.08.31-21.37.12:898][  0]LogConfig: Setting CVar [[r.Shadow.DistanceScale:1.0]]
[2020.08.31-21.37.12:899][  0]LogConfig: Setting CVar [[r.Shadow.CSM.TransitionScale:1.0]]
[2020.08.31-21.37.12:899][  0]LogConfig: Setting CVar [[r.Shadow.PreShadowResolutionFactor:1.0]]
[2020.08.31-21.37.12:899][  0]LogConfig: Setting CVar [[r.DistanceFieldShadowing:1]]
[2020.08.31-21.37.12:899][  0]LogConfig: Setting CVar [[r.DistanceFieldAO:1]]
[2020.08.31-21.37.12:899][  0]LogConfig: Setting CVar [[r.AOQuality:2]]
[2020.08.31-21.37.12:899][  0]LogConfig: Setting CVar [[r.VolumetricFog:1]]
[2020.08.31-21.37.12:899][  0]LogConfig: Setting CVar [[r.VolumetricFog.GridPixelSize:8]]
[2020.08.31-21.37.12:899][  0]LogConfig: Setting CVar [[r.VolumetricFog.GridSizeZ:128]]
[2020.08.31-21.37.12:899][  0]LogConfig: Setting CVar [[r.VolumetricFog.HistoryMissSupersampleCount:4]]
[2020.08.31-21.37.12:899][  0]LogConfig: Setting CVar [[r.LightMaxDrawDistanceScale:1]]
[2020.08.31-21.37.12:899][  0]LogConfig: Setting CVar [[r.CapsuleShadows:1]]
[2020.08.31-21.37.12:899][  0]LogConfig: Applying CVar settings from Section [PostProcessQuality@3] File [D:/Down2DieInventory/StructureInventory/project/Saved/Config/Windows/Scalability.ini]
[2020.08.31-21.37.12:899][  0]LogConfig: Setting CVar [[r.MotionBlurQuality:4]]
[2020.08.31-21.37.12:899][  0]LogConfig: Setting CVar [[r.AmbientOcclusionMipLevelFactor:0.4]]
[2020.08.31-21.37.12:899][  0]LogConfig: Setting CVar [[r.AmbientOcclusionMaxQuality:100]]
[2020.08.31-21.37.12:899][  0]LogConfig: Setting CVar [[r.AmbientOcclusionLevels:-1]]
[2020.08.31-21.37.12:899][  0]LogConfig: Setting CVar [[r.AmbientOcclusionRadiusScale:1.0]]
[2020.08.31-21.37.12:899][  0]LogConfig: Setting CVar [[r.DepthOfFieldQuality:2]]
[2020.08.31-21.37.12:899][  0]LogConfig: Setting CVar [[r.RenderTargetPoolMin:400]]
[2020.08.31-21.37.12:899][  0]LogConfig: Setting CVar [[r.LensFlareQuality:2]]
[2020.08.31-21.37.12:899][  0]LogConfig: Setting CVar [[r.SceneColorFringeQuality:1]]
[2020.08.31-21.37.12:899][  0]LogConfig: Setting CVar [[r.EyeAdaptationQuality:2]]
[2020.08.31-21.37.12:899][  0]LogConfig: Setting CVar [[r.BloomQuality:5]]
[2020.08.31-21.37.12:899][  0]LogConfig: Setting CVar [[r.FastBlurThreshold:100]]
[2020.08.31-21.37.12:899][  0]LogConfig: Setting CVar [[r.Upscale.Quality:3]]
[2020.08.31-21.37.12:899][  0]LogConfig: Setting CVar [[r.Tonemapper.GrainQuantization:1]]
[2020.08.31-21.37.12:899][  0]LogConfig: Setting CVar [[r.LightShaftQuality:1]]
[2020.08.31-21.37.12:899][  0]LogConfig: Setting CVar [[r.Filter.SizeScale:1]]
[2020.08.31-21.37.12:899][  0]LogConfig: Setting CVar [[r.Tonemapper.Quality:5]]
[2020.08.31-21.37.12:899][  0]LogConfig: Setting CVar [[r.DOF.Gather.AccumulatorQuality:1        ; higher gathering accumulator quality]]
[2020.08.31-21.37.12:899][  0]LogConfig: Setting CVar [[r.DOF.Gather.PostfilterMethod:1          ; Median3x3 postfilering method]]
[2020.08.31-21.37.12:899][  0]LogConfig: Setting CVar [[r.DOF.Gather.EnableBokehSettings:0       ; no bokeh simulation when gathering]]
[2020.08.31-21.37.12:899][  0]LogConfig: Setting CVar [[r.DOF.Gather.RingCount:4                 ; medium number of samples when gathering]]
[2020.08.31-21.37.12:899][  0]LogConfig: Setting CVar [[r.DOF.Scatter.ForegroundCompositing:1    ; additive foreground scattering]]
[2020.08.31-21.37.12:899][  0]LogConfig: Setting CVar [[r.DOF.Scatter.BackgroundCompositing:2    ; additive background scattering]]
[2020.08.31-21.37.12:899][  0]LogConfig: Setting CVar [[r.DOF.Scatter.EnableBokehSettings:1      ; bokeh simulation when scattering]]
[2020.08.31-21.37.12:899][  0]LogConfig: Setting CVar [[r.DOF.Scatter.MaxSpriteRatio:0.1         ; only a maximum of 10% of scattered bokeh]]
[2020.08.31-21.37.12:899][  0]LogConfig: Setting CVar [[r.DOF.Recombine.Quality:1                ; cheap slight out of focus]]
[2020.08.31-21.37.12:899][  0]LogConfig: Setting CVar [[r.DOF.Recombine.EnableBokehSettings:0    ; no bokeh simulation on slight out of focus]]
[2020.08.31-21.37.12:899][  0]LogConfig: Setting CVar [[r.DOF.TemporalAAQuality:1                ; more stable temporal accumulation]]
[2020.08.31-21.37.12:899][  0]LogConfig: Setting CVar [[r.DOF.Kernel.MaxForegroundRadius:0.025]]
[2020.08.31-21.37.12:899][  0]LogConfig: Setting CVar [[r.DOF.Kernel.MaxBackgroundRadius:0.025]]
[2020.08.31-21.37.12:899][  0]LogConfig: Applying CVar settings from Section [TextureQuality@3] File [D:/Down2DieInventory/StructureInventory/project/Saved/Config/Windows/Scalability.ini]
[2020.08.31-21.37.12:899][  0]LogConfig: Setting CVar [[r.Streaming.MipBias:0]]
[2020.08.31-21.37.12:899][  0]LogConfig: Setting CVar [[r.Streaming.AmortizeCPUToGPUCopy:0]]
[2020.08.31-21.37.12:899][  0]LogConfig: Setting CVar [[r.Streaming.MaxNumTexturesToStreamPerFrame:0]]
[2020.08.31-21.37.12:899][  0]LogConfig: Setting CVar [[r.Streaming.Boost:1]]
[2020.08.31-21.37.12:899][  0]LogConfig: Setting CVar [[r.MaxAnisotropy:8]]
[2020.08.31-21.37.12:899][  0]LogConfig: Setting CVar [[r.Streaming.LimitPoolSizeToVRAM:0]]
[2020.08.31-21.37.12:899][  0]LogConfig: Setting CVar [[r.Streaming.PoolSize:1000]]
[2020.08.31-21.37.12:899][  0]LogConfig: Setting CVar [[r.Streaming.MaxEffectiveScreenSize:0]]
[2020.08.31-21.37.12:899][  0]LogConfig: Applying CVar settings from Section [EffectsQuality@3] File [D:/Down2DieInventory/StructureInventory/project/Saved/Config/Windows/Scalability.ini]
[2020.08.31-21.37.12:899][  0]LogConfig: Setting CVar [[r.TranslucencyLightingVolumeDim:64]]
[2020.08.31-21.37.12:899][  0]LogConfig: Setting CVar [[r.RefractionQuality:2]]
[2020.08.31-21.37.12:899][  0]LogConfig: Setting CVar [[r.SSR.Quality:3]]
[2020.08.31-21.37.12:899][  0]LogConfig: Setting CVar [[r.SceneColorFormat:4]]
[2020.08.31-21.37.12:899][  0]LogConfig: Setting CVar [[r.DetailMode:2]]
[2020.08.31-21.37.12:899][  0]LogConfig: Setting CVar [[r.TranslucencyVolumeBlur:1]]
[2020.08.31-21.37.12:899][  0]LogConfig: Setting CVar [[r.MaterialQualityLevel:1 ; High quality]]
[2020.08.31-21.37.12:899][  0]LogConfig: Setting CVar [[r.SSS.Scale:1]]
[2020.08.31-21.37.12:899][  0]LogConfig: Setting CVar [[r.SSS.SampleSet:2]]
[2020.08.31-21.37.12:899][  0]LogConfig: Setting CVar [[r.SSS.Quality:1]]
[2020.08.31-21.37.12:899][  0]LogConfig: Setting CVar [[r.SSS.HalfRes:1]]
[2020.08.31-21.37.12:899][  0]LogConfig: Setting CVar [[r.EmitterSpawnRateScale:1.0]]
[2020.08.31-21.37.12:899][  0]LogConfig: Setting CVar [[r.ParticleLightQuality:2]]
[2020.08.31-21.37.12:899][  0]LogConfig: Applying CVar settings from Section [FoliageQuality@3] File [D:/Down2DieInventory/StructureInventory/project/Saved/Config/Windows/Scalability.ini]
[2020.08.31-21.37.12:899][  0]LogConfig: Setting CVar [[foliage.DensityScale:1.0]]
[2020.08.31-21.37.12:899][  0]LogConfig: Setting CVar [[grass.DensityScale:1.0]]
[2020.08.31-21.37.12:899][  0]LogInit: Selected Device Profile: [Windows]
[2020.08.31-21.37.12:899][  0]LogInit: Applying CVar settings loaded from the selected device profile: [Windows]
[2020.08.31-21.37.12:906][  0]LogHAL: Display: Platform has ~ 16 GB [17106059264 / 17179869184 / 16], which maps to Larger [LargestMinGB=32, LargerMinGB=12, DefaultMinGB=8, SmallerMinGB=6, SmallestMinGB=0)
[2020.08.31-21.37.12:906][  0]LogInit: Going up to parent DeviceProfile []
[2020.08.31-21.37.12:906][  0]LogConfig: Applying CVar settings from Section [ViewDistanceQuality@Cine] File [D:/Down2DieInventory/StructureInventory/project/Saved/Config/Windows/Scalability.ini]
[2020.08.31-21.37.12:906][  0]LogConfig: Setting CVar [[r.SkeletalMeshLODBias:0]]
[2020.08.31-21.37.12:906][  0]LogConfig: Setting CVar [[r.ViewDistanceScale:10.0]]
[2020.08.31-21.37.12:906][  0]LogConfig: Applying CVar settings from Section [AntiAliasingQuality@Cine] File [D:/Down2DieInventory/StructureInventory/project/Saved/Config/Windows/Scalability.ini]
[2020.08.31-21.37.12:906][  0]LogConfig: Setting CVar [[r.PostProcessAAQuality:6]]
[2020.08.31-21.37.12:906][  0]LogConfig: Applying CVar settings from Section [ShadowQuality@Cine] File [D:/Down2DieInventory/StructureInventory/project/Saved/Config/Windows/Scalability.ini]
[2020.08.31-21.37.12:906][  0]LogConfig: Setting CVar [[r.LightFunctionQuality:1]]
[2020.08.31-21.37.12:906][  0]LogConfig: Setting CVar [[r.ShadowQuality:5]]
[2020.08.31-21.37.12:906][  0]LogConfig: Setting CVar [[r.Shadow.CSM.MaxCascades:10]]
[2020.08.31-21.37.12:906][  0]LogConfig: Setting CVar [[r.Shadow.MaxResolution:4096]]
[2020.08.31-21.37.12:906][  0]LogConfig: Setting CVar [[r.Shadow.MaxCSMResolution:4096]]
[2020.08.31-21.37.12:906][  0]LogConfig: Setting CVar [[r.Shadow.RadiusThreshold:0]]
[2020.08.31-21.37.12:906][  0]LogConfig: Setting CVar [[r.Shadow.DistanceScale:1.0]]
[2020.08.31-21.37.12:906][  0]LogConfig: Setting CVar [[r.Shadow.CSM.TransitionScale:1.0]]
[2020.08.31-21.37.12:906][  0]LogConfig: Setting CVar [[r.Shadow.PreShadowResolutionFactor:1.0]]
[2020.08.31-21.37.12:906][  0]LogConfig: Setting CVar [[r.DistanceFieldShadowing:1]]
[2020.08.31-21.37.12:906][  0]LogConfig: Setting CVar [[r.DistanceFieldAO:1]]
[2020.08.31-21.37.12:906][  0]LogConfig: Setting CVar [[r.AOQuality:2]]
[2020.08.31-21.37.12:906][  0]LogConfig: Setting CVar [[r.VolumetricFog:1]]
[2020.08.31-21.37.12:906][  0]LogConfig: Setting CVar [[r.VolumetricFog.GridPixelSize:4]]
[2020.08.31-21.37.12:906][  0]LogConfig: Setting CVar [[r.VolumetricFog.GridSizeZ:128]]
[2020.08.31-21.37.12:906][  0]LogConfig: Setting CVar [[r.VolumetricFog.HistoryMissSupersampleCount:16]]
[2020.08.31-21.37.12:906][  0]LogConfig: Setting CVar [[r.LightMaxDrawDistanceScale:1]]
[2020.08.31-21.37.12:906][  0]LogConfig: Setting CVar [[r.CapsuleShadows:1]]
[2020.08.31-21.37.12:906][  0]LogConfig: Applying CVar settings from Section [PostProcessQuality@Cine] File [D:/Down2DieInventory/StructureInventory/project/Saved/Config/Windows/Scalability.ini]
[2020.08.31-21.37.12:907][  0]LogConfig: Setting CVar [[r.MotionBlurQuality:4]]
[2020.08.31-21.37.12:907][  0]LogConfig: Setting CVar [[r.AmbientOcclusionMipLevelFactor:0.4]]
[2020.08.31-21.37.12:907][  0]LogConfig: Setting CVar [[r.AmbientOcclusionMaxQuality:100]]
[2020.08.31-21.37.12:907][  0]LogConfig: Setting CVar [[r.AmbientOcclusionLevels:-1]]
[2020.08.31-21.37.12:907][  0]LogConfig: Setting CVar [[r.AmbientOcclusionRadiusScale:1.0]]
[2020.08.31-21.37.12:907][  0]LogConfig: Setting CVar [[r.DepthOfFieldQuality:4]]
[2020.08.31-21.37.12:907][  0]LogConfig: Setting CVar [[r.RenderTargetPoolMin:1000]]
[2020.08.31-21.37.12:907][  0]LogConfig: Setting CVar [[r.LensFlareQuality:3]]
[2020.08.31-21.37.12:907][  0]LogConfig: Setting CVar [[r.SceneColorFringeQuality:1]]
[2020.08.31-21.37.12:907][  0]LogConfig: Setting CVar [[r.EyeAdaptationQuality:2]]
[2020.08.31-21.37.12:907][  0]LogConfig: Setting CVar [[r.BloomQuality:5]]
[2020.08.31-21.37.12:907][  0]LogConfig: Setting CVar [[r.FastBlurThreshold:100]]
[2020.08.31-21.37.12:907][  0]LogConfig: Setting CVar [[r.Upscale.Quality:3]]
[2020.08.31-21.37.12:907][  0]LogConfig: Setting CVar [[r.Tonemapper.GrainQuantization:1]]
[2020.08.31-21.37.12:907][  0]LogConfig: Setting CVar [[r.LightShaftQuality:1]]
[2020.08.31-21.37.12:907][  0]LogConfig: Setting CVar [[r.Filter.SizeScale:1]]
[2020.08.31-21.37.12:907][  0]LogConfig: Setting CVar [[r.Tonemapper.Quality:5]]
[2020.08.31-21.37.12:907][  0]LogConfig: Setting CVar [[r.DOF.Gather.AccumulatorQuality:1        ; higher gathering accumulator quality]]
[2020.08.31-21.37.12:907][  0]LogConfig: Setting CVar [[r.DOF.Gather.PostfilterMethod:1          ; Median3x3 postfilering method]]
[2020.08.31-21.37.12:907][  0]LogConfig: Setting CVar [[r.DOF.Gather.EnableBokehSettings:1       ; bokeh simulation when gathering]]
[2020.08.31-21.37.12:907][  0]LogConfig: Setting CVar [[r.DOF.Gather.RingCount:5                 ; high number of samples when gathering]]
[2020.08.31-21.37.12:907][  0]LogConfig: Setting CVar [[r.DOF.Scatter.ForegroundCompositing:1    ; additive foreground scattering]]
[2020.08.31-21.37.12:907][  0]LogConfig: Setting CVar [[r.DOF.Scatter.BackgroundCompositing:2    ; background scattering occlusion]]
[2020.08.31-21.37.12:907][  0]LogConfig: Setting CVar [[r.DOF.Scatter.EnableBokehSettings:1      ; no bokeh simulation when scattering]]
[2020.08.31-21.37.12:907][  0]LogConfig: Setting CVar [[r.DOF.Scatter.MaxSpriteRatio:0.25        ; only a maximum of 10% of scattered bokeh]]
[2020.08.31-21.37.12:907][  0]LogConfig: Setting CVar [[r.DOF.Recombine.Quality:2                ; highest slight out of focus]]
[2020.08.31-21.37.12:907][  0]LogConfig: Setting CVar [[r.DOF.Recombine.EnableBokehSettings:1    ; bokeh simulation on slight out of focus]]
[2020.08.31-21.37.12:907][  0]LogConfig: Setting CVar [[r.DOF.TemporalAAQuality:1                ; more stable temporal accumulation]]
[2020.08.31-21.37.12:907][  0]LogConfig: Setting CVar [[r.DOF.Kernel.MaxForegroundRadius:0.025]]
[2020.08.31-21.37.12:907][  0]LogConfig: Setting CVar [[r.DOF.Kernel.MaxBackgroundRadius:0.025]]
[2020.08.31-21.37.12:907][  0]LogConfig: Applying CVar settings from Section [TextureQuality@Cine] File [D:/Down2DieInventory/StructureInventory/project/Saved/Config/Windows/Scalability.ini]
[2020.08.31-21.37.12:907][  0]LogConfig: Setting CVar [[r.Streaming.MipBias:0]]
[2020.08.31-21.37.12:907][  0]LogConfig: Setting CVar [[r.Streaming.AmortizeCPUToGPUCopy:0]]
[2020.08.31-21.37.12:907][  0]LogConfig: Setting CVar [[r.Streaming.MaxNumTexturesToStreamPerFrame:0]]
[2020.08.31-21.37.12:907][  0]LogConfig: Setting CVar [[r.Streaming.Boost:1]]
[2020.08.31-21.37.12:907][  0]LogConfig: Setting CVar [[r.MaxAnisotropy:8]]
[2020.08.31-21.37.12:907][  0]LogConfig: Setting CVar [[r.Streaming.LimitPoolSizeToVRAM:0]]
[2020.08.31-21.37.12:907][  0]LogConfig: Setting CVar [[r.Streaming.PoolSize:3000]]
[2020.08.31-21.37.12:907][  0]LogConfig: Setting CVar [[r.Streaming.MaxEffectiveScreenSize:0]]
[2020.08.31-21.37.12:907][  0]LogConfig: Applying CVar settings from Section [EffectsQuality@Cine] File [D:/Down2DieInventory/StructureInventory/project/Saved/Config/Windows/Scalability.ini]
[2020.08.31-21.37.12:907][  0]LogConfig: Setting CVar [[r.TranslucencyLightingVolumeDim:64]]
[2020.08.31-21.37.12:907][  0]LogConfig: Setting CVar [[r.RefractionQuality:2]]
[2020.08.31-21.37.12:907][  0]LogConfig: Setting CVar [[r.SSR.Quality:4]]
[2020.08.31-21.37.12:907][  0]LogConfig: Setting CVar [[r.SceneColorFormat:4]]
[2020.08.31-21.37.12:907][  0]LogConfig: Setting CVar [[r.DetailMode:2]]
[2020.08.31-21.37.12:907][  0]LogConfig: Setting CVar [[r.TranslucencyVolumeBlur:1]]
[2020.08.31-21.37.12:907][  0]LogConfig: Setting CVar [[r.MaterialQualityLevel:1 ; High quality]]
[2020.08.31-21.37.12:907][  0]LogConfig: Setting CVar [[r.SSS.Scale:1]]
[2020.08.31-21.37.12:907][  0]LogConfig: Setting CVar [[r.SSS.SampleSet:2]]
[2020.08.31-21.37.12:907][  0]LogConfig: Setting CVar [[r.SSS.Quality:1]]
[2020.08.31-21.37.12:907][  0]LogConfig: Setting CVar [[r.SSS.HalfRes:0]]
[2020.08.31-21.37.12:907][  0]LogConfig: Setting CVar [[r.EmitterSpawnRateScale:1.0]]
[2020.08.31-21.37.12:907][  0]LogConfig: Setting CVar [[r.ParticleLightQuality:2]]
[2020.08.31-21.37.12:907][  0]LogConfig: Applying CVar settings from Section [FoliageQuality@Cine] File [D:/Down2DieInventory/StructureInventory/project/Saved/Config/Windows/Scalability.ini]
[2020.08.31-21.37.12:907][  0]LogConfig: Setting CVar [[foliage.DensityScale:1.0]]
[2020.08.31-21.37.12:907][  0]LogConfig: Setting CVar [[grass.DensityScale:1.0]]
[2020.08.31-21.37.12:907][  0]LogConfig: Applying CVar settings from Section [Startup] File [../../../Engine/Config/ConsoleVariables.ini]
[2020.08.31-21.37.12:912][  0]LogConfig: Setting CVar [[net.UseAdaptiveNetUpdateFrequency:0]]
[2020.08.31-21.37.12:912][  0]LogConfig: Setting CVar [[p.chaos.AllowCreatePhysxBodies:1]]
[2020.08.31-21.37.12:912][  0]LogConfig: Applying CVar settings from Section [ConsoleVariables] File [D:/Down2DieInventory/StructureInventory/project/Saved/Config/Windows/Engine.ini]
[2020.08.31-21.37.12:912][  0]LogInit: Computer: JOEYCOMPUTER
[2020.08.31-21.37.12:912][  0]LogInit: User: joeym
[2020.08.31-21.37.12:912][  0]LogInit: CPU Page size=4096, Cores=4
[2020.08.31-21.37.12:912][  0]LogInit: High frequency timer resolution =10.000000 MHz
[2020.08.31-21.37.12:912][  0]LogMemory: Memory total: Physical=15.9GB (16GB approx)
[2020.08.31-21.37.12:912][  0]LogMemory: Platform Memory Stats for Windows
[2020.08.31-21.37.12:912][  0]LogMemory: Process Physical Memory: 102.09 MB used, 102.09 MB peak
[2020.08.31-21.37.12:912][  0]LogMemory: Process Virtual Memory: 103.13 MB used, 103.13 MB peak
[2020.08.31-21.37.12:912][  0]LogMemory: Physical Memory: 8134.46 MB used,  8179.14 MB free, 16313.61 MB total
[2020.08.31-21.37.12:912][  0]LogMemory: Virtual Memory: 4670.95 MB used,  134213056.00 MB free, 134217728.00 MB total
[2020.08.31-21.37.12:917][  0]LogWindows: WindowsPlatformFeatures enabled
[2020.08.31-21.37.13:063][  0]LogInit: Using OS detected language (nl-NL).
[2020.08.31-21.37.13:063][  0]LogInit: Using OS detected locale (nl-NL).
[2020.08.31-21.37.13:063][  0]LogTextLocalizationManager: No localization for 'nl-NL' exists, so 'en' will be used for the language.
[2020.08.31-21.37.13:254][  0]LogInit: Setting process to per monitor DPI aware
[2020.08.31-21.37.13:354][  0]LogSlate: New Slate User Created.  User Index 0, Is Virtual User: 0
[2020.08.31-21.37.13:354][  0]LogSlate: Slate User Registered.  User Index 0, Is Virtual User: 0
[2020.08.31-21.37.15:634][  0]LogHMD: Failed to initialize OpenVR with code 110
[2020.08.31-21.37.15:634][  0]LogD3D11RHI: D3D11 adapters:
[2020.08.31-21.37.15:689][  0]LogD3D11RHI:    0. 'NVIDIA GeForce GTX 1080' (Feature Level 11_0)
[2020.08.31-21.37.15:689][  0]LogD3D11RHI:       8079/0/8156 MB DedicatedVideo/DedicatedSystem/SharedSystem, Outputs:2, VendorId:0x10de
[2020.08.31-21.37.15:692][  0]LogD3D11RHI:    1. 'Microsoft Basic Render Driver' (Feature Level 11_0)
[2020.08.31-21.37.15:692][  0]LogD3D11RHI:       0/0/8156 MB DedicatedVideo/DedicatedSystem/SharedSystem, Outputs:0, VendorId:0x1414
[2020.08.31-21.37.15:692][  0]LogD3D11RHI: Chosen D3D11 Adapter: 0
[2020.08.31-21.37.15:700][  0]LogD3D11RHI: Creating new Direct3DDevice
[2020.08.31-21.37.15:700][  0]LogD3D11RHI:     GPU DeviceId: 0x1b80 (for the marketing name, search the web for "GPU Device Id")
[2020.08.31-21.37.15:700][  0]LogWindows: EnumDisplayDevices:
[2020.08.31-21.37.15:700][  0]LogWindows:    0. 'NVIDIA GeForce GTX 1080' (P:0 D:1)
[2020.08.31-21.37.15:700][  0]LogWindows:    1. 'NVIDIA GeForce GTX 1080' (P:1 D:1)
[2020.08.31-21.37.15:701][  0]LogWindows:    2. 'NVIDIA GeForce GTX 1080' (P:0 D:0)
[2020.08.31-21.37.15:701][  0]LogWindows:    3. 'NVIDIA GeForce GTX 1080' (P:0 D:0)
[2020.08.31-21.37.15:701][  0]LogWindows: DebugString: FoundDriverCount:4 
[2020.08.31-21.37.15:701][  0]LogD3D11RHI:     Adapter Name: NVIDIA GeForce GTX 1080
[2020.08.31-21.37.15:701][  0]LogD3D11RHI:   Driver Version: 451.67 (internal:27.21.14.5167, unified:451.67)
[2020.08.31-21.37.15:701][  0]LogD3D11RHI:      Driver Date: 7-5-2020
[2020.08.31-21.37.15:701][  0]LogRHI: Texture pool is 5655 MB (70% of 8079 MB)
[2020.08.31-21.37.15:738][  0]LogD3D11RHI: Async texture creation enabled
[2020.08.31-21.37.15:750][  0]LogD3D11RHI: GPU Timing Frequency: 1000.000000 (Debug: 2 1)
[2020.08.31-21.37.16:204][  0]LogTemp: Display: Module 'AllDesktopTargetPlatform' loaded TargetPlatform 'AllDesktop'
[2020.08.31-21.37.16:224][  0]LogTemp: Display: Module 'MacClientTargetPlatform' loaded TargetPlatform 'MacClient'
[2020.08.31-21.37.16:242][  0]LogTemp: Display: Module 'MacNoEditorTargetPlatform' loaded TargetPlatform 'MacNoEditor'
[2020.08.31-21.37.16:261][  0]LogTemp: Display: Module 'MacServerTargetPlatform' loaded TargetPlatform 'MacServer'
[2020.08.31-21.37.16:285][  0]LogTemp: Display: Module 'MacTargetPlatform' loaded TargetPlatform 'Mac'
[2020.08.31-21.37.16:304][  0]LogTemp: Display: Module 'WindowsClientTargetPlatform' loaded TargetPlatform 'WindowsClient'
[2020.08.31-21.37.16:323][  0]LogTemp: Display: Module 'WindowsNoEditorTargetPlatform' loaded TargetPlatform 'WindowsNoEditor'
[2020.08.31-21.37.16:345][  0]LogTemp: Display: Module 'WindowsServerTargetPlatform' loaded TargetPlatform 'WindowsServer'
[2020.08.31-21.37.16:361][  0]LogTemp: Display: Module 'WindowsTargetPlatform' loaded TargetPlatform 'Windows'
[2020.08.31-21.37.16:404][  0]LogTemp: Display: Module 'AndroidTargetPlatform' loaded TargetPlatform 'Android'
[2020.08.31-21.37.16:404][  0]LogTemp: Display: Module 'AndroidTargetPlatform' loaded TargetPlatform 'Android_ASTC'
[2020.08.31-21.37.16:404][  0]LogTemp: Display: Module 'AndroidTargetPlatform' loaded TargetPlatform 'Android_ATC'
[2020.08.31-21.37.16:404][  0]LogTemp: Display: Module 'AndroidTargetPlatform' loaded TargetPlatform 'Android_DXT'
[2020.08.31-21.37.16:404][  0]LogTemp: Display: Module 'AndroidTargetPlatform' loaded TargetPlatform 'Android_ETC1'
[2020.08.31-21.37.16:404][  0]LogTemp: Display: Module 'AndroidTargetPlatform' loaded TargetPlatform 'Android_ETC1a'
[2020.08.31-21.37.16:404][  0]LogTemp: Display: Module 'AndroidTargetPlatform' loaded TargetPlatform 'Android_ETC2'
[2020.08.31-21.37.16:404][  0]LogTemp: Display: Module 'AndroidTargetPlatform' loaded TargetPlatform 'Android_PVRTC'
[2020.08.31-21.37.16:404][  0]LogTemp: Display: Module 'AndroidTargetPlatform' loaded TargetPlatform 'AndroidClient'
[2020.08.31-21.37.16:404][  0]LogTemp: Display: Module 'AndroidTargetPlatform' loaded TargetPlatform 'Android_ASTCClient'
[2020.08.31-21.37.16:404][  0]LogTemp: Display: Module 'AndroidTargetPlatform' loaded TargetPlatform 'Android_ATCClient'
[2020.08.31-21.37.16:404][  0]LogTemp: Display: Module 'AndroidTargetPlatform' loaded TargetPlatform 'Android_DXTClient'
[2020.08.31-21.37.16:404][  0]LogTemp: Display: Module 'AndroidTargetPlatform' loaded TargetPlatform 'Android_ETC1Client'
[2020.08.31-21.37.16:404][  0]LogTemp: Display: Module 'AndroidTargetPlatform' loaded TargetPlatform 'Android_ETC1aClient'
[2020.08.31-21.37.16:404][  0]LogTemp: Display: Module 'AndroidTargetPlatform' loaded TargetPlatform 'Android_ETC2Client'
[2020.08.31-21.37.16:404][  0]LogTemp: Display: Module 'AndroidTargetPlatform' loaded TargetPlatform 'Android_PVRTCClient'
[2020.08.31-21.37.16:404][  0]LogTemp: Display: Module 'AndroidTargetPlatform' loaded TargetPlatform 'Android_Multi'
[2020.08.31-21.37.16:404][  0]LogTemp: Display: Module 'AndroidTargetPlatform' loaded TargetPlatform 'Android_MultiClient'
[2020.08.31-21.37.16:418][  0]LogTemp: Display: Module 'HTML5TargetPlatform' loaded TargetPlatform 'HTML5'
[2020.08.31-21.37.16:474][  0]LogTemp: Display: Module 'IOSTargetPlatform' loaded TargetPlatform 'IOSClient'
[2020.08.31-21.37.16:474][  0]LogTemp: Display: Module 'IOSTargetPlatform' loaded TargetPlatform 'IOS'
[2020.08.31-21.37.16:496][  0]LogTemp: Display: Module 'TVOSTargetPlatform' loaded TargetPlatform 'TVOSClient'
[2020.08.31-21.37.16:496][  0]LogTemp: Display: Module 'TVOSTargetPlatform' loaded TargetPlatform 'TVOS'
[2020.08.31-21.37.16:515][  0]LogTemp: Display: Module 'LinuxClientTargetPlatform' loaded TargetPlatform 'LinuxClient'
[2020.08.31-21.37.16:533][  0]LogTemp: Display: Module 'LinuxNoEditorTargetPlatform' loaded TargetPlatform 'LinuxNoEditor'
[2020.08.31-21.37.16:551][  0]LogTemp: Display: Module 'LinuxServerTargetPlatform' loaded TargetPlatform 'LinuxServer'
[2020.08.31-21.37.16:576][  0]LogTemp: Display: Module 'LinuxTargetPlatform' loaded TargetPlatform 'Linux'
[2020.08.31-21.37.16:612][  0]LogTemp: Display: Module 'LuminTargetPlatform' loaded TargetPlatform 'Lumin'
[2020.08.31-21.37.16:612][  0]LogTemp: Display: Module 'LuminTargetPlatform' loaded TargetPlatform 'LuminClient'
[2020.08.31-21.37.16:612][  0]LogTargetPlatformManager: Display: Building Assets For Windows
[2020.08.31-21.37.16:671][  0]LogAudioDebug: Display: Lib vorbis DLL was dynamically loaded.
[2020.08.31-21.37.16:934][  0]LogShaderCompilers: Guid format shader working directory is -16 characters bigger than the processId version (../../../../../../Down2DieInventory/StructureInventory/project/Intermediate/Shaders/WorkingDirectory/6440/).
[2020.08.31-21.37.16:934][  0]LogShaderCompilers: Cleaned the shader compiler working directory 'C:/Users/joeym/AppData/Local/Temp/UnrealShaderWorkingDir/889A32C6478E99C67A5AC497548E949A/'.
[2020.08.31-21.37.16:935][  0]LogXGEController: Cannot use XGE Controller as Incredibuild is not installed on this machine.
[2020.08.31-21.37.16:935][  0]LogShaderCompilers: Cannot use XGE Shader Compiler as Incredibuild is not installed on this machine.
[2020.08.31-21.37.16:935][  0]LogShaderCompilers: Display: Using Local Shader Compiler.
[2020.08.31-21.37.19:085][  0]LogDerivedDataCache: Display: Max Cache Size: 512 MB
[2020.08.31-21.37.19:133][  0]LogDerivedDataCache: Loaded boot cache 0.05s 74MB C:/Users/joeym/AppData/Local/UnrealEngine/4.23/DerivedDataCache/Boot.ddc.
[2020.08.31-21.37.19:133][  0]LogDerivedDataCache: Display: Loaded Boot cache: C:/Users/joeym/AppData/Local/UnrealEngine/4.23/DerivedDataCache/Boot.ddc
[2020.08.31-21.37.19:133][  0]LogDerivedDataCache: FDerivedDataBackendGraph:  Pak pak cache file ../../../../../../Down2DieInventory/StructureInventory/project/DerivedDataCache/DDC.ddp not found, will not use a pak cache.
[2020.08.31-21.37.19:133][  0]LogDerivedDataCache: Unable to find inner node Pak for hierarchical cache Hierarchy.
[2020.08.31-21.37.19:133][  0]LogDerivedDataCache: FDerivedDataBackendGraph:  CompressedPak pak cache file ../../../../../../Down2DieInventory/StructureInventory/project/DerivedDataCache/Compressed.ddp not found, will not use a pak cache.
[2020.08.31-21.37.19:133][  0]LogDerivedDataCache: Unable to find inner node CompressedPak for hierarchical cache Hierarchy.
[2020.08.31-21.37.19:149][  0]LogDerivedDataCache: Display: Pak cache opened for reading ../../../Engine/DerivedDataCache/Compressed.ddp.
[2020.08.31-21.37.19:156][  0]LogDerivedDataCache: Display: Pak cache opened for reading ../../../Enterprise/DerivedDataCache/Compressed.ddp.
[2020.08.31-21.37.19:157][  0]LogDerivedDataCache: Using Local data cache path C:/Users/joeym/AppData/Local/UnrealEngine/Common/DerivedDataCache: Writable
[2020.08.31-21.37.19:157][  0]LogDerivedDataCache: Shared data cache path not found in *engine.ini, will not use an Shared cache.
[2020.08.31-21.37.19:157][  0]LogDerivedDataCache: Unable to find inner node Shared for hierarchical cache Hierarchy.
[2020.08.31-21.37.19:175][  0]LogMaterial: Verifying Global Shaders for PCD3D_SM5
[2020.08.31-21.37.19:177][  0]LogSlate: Using FreeType 2.6.0
[2020.08.31-21.37.19:189][  0]LogSlate: SlateFontServices - WITH_FREETYPE: 1, WITH_HARFBUZZ: 1
[2020.08.31-21.37.19:368][  0]LogAssetRegistry: FAssetRegistry took 0.0019 seconds to start up
[2020.08.31-21.37.19:596][  0]LogInit: Selected Device Profile: [Windows]
[2020.08.31-21.37.19:940][  0]LogMeshReduction: Using QuadricMeshReduction for automatic static mesh reduction
[2020.08.31-21.37.19:940][  0]LogMeshReduction: Using SimplygonMeshReduction for automatic skeletal mesh reduction
[2020.08.31-21.37.19:940][  0]LogMeshReduction: Using ProxyLODMeshReduction for automatic mesh merging
[2020.08.31-21.37.19:940][  0]LogMeshReduction: No distributed automatic mesh merging module available
[2020.08.31-21.37.19:941][  0]LogMeshMerging: No distributed automatic mesh merging module available
[2020.08.31-21.37.19:970][  0]LogNetVersion: InventorySystemThing 1.0.0, NetCL: 8386587, EngineNetVer: 11, GameNetVer: 0 (Checksum: 843839388)
[2020.08.31-21.37.20:920][  0]LogPackageLocalizationCache: Processed 18 localized package path(s) for 1 prioritized culture(s) in 0.073833 seconds
[2020.08.31-21.37.20:926][  0]LogUObjectArray: 43444 objects as part of root set at end of initial load.
[2020.08.31-21.37.20:926][  0]LogUObjectAllocator: 7548648 out of 0 bytes used by permanent object pool.
[2020.08.31-21.37.20:926][  0]LogUObjectArray: CloseDisregardForGC: 0/0 objects in disregard for GC pool
[2020.08.31-21.37.23:919][  0]LogTcpMessaging: Initializing TcpMessaging bridge
[2020.08.31-21.37.23:935][  0]LogUdpMessaging: Initializing bridge on interface 0.0.0.0:0 to multicast group 230.0.0.1:6666.
[2020.08.31-21.37.24:252][  0]SourceControl: Source control is disabled
[2020.08.31-21.37.24:252][  0]SourceControl: Source control is disabled
[2020.08.31-21.37.24:268][  0]SourceControl: Source control is disabled
[2020.08.31-21.37.24:283][  0]SourceControl: Source control is disabled
[2020.08.31-21.37.25:305][  0]LogOnline: Display: STEAM: Loading Steam SDK 1.42
[2020.08.31-21.37.25:341][  0]LogAndroidPermission: UAndroidPermissionCallbackProxy::GetInstance
[2020.08.31-21.37.25:589][  0]LogOcInput: OculusInput pre-init called
[2020.08.31-21.37.25:620][  0]LogWindows: Failed to load 'OVRPlugin.dll' (GetLastError=126)
[2020.08.31-21.37.25:620][  0]LogWindows: File 'OVRPlugin.dll' does not exist
[2020.08.31-21.37.28:485][  0]LogEngine: Initializing Engine...
[2020.08.31-21.37.28:485][  0]LogHMD: Failed to initialize OpenVR with code 110
[2020.08.31-21.37.28:486][  0]LogStats: UGameplayTagsManager::InitializeManager -  0.000 s
[2020.08.31-21.37.28:824][  0]LogInit: Initializing FReadOnlyCVARCache
[2020.08.31-21.37.28:847][  0]LogAIModule: Creating AISystem for world Untitled
[2020.08.31-21.37.28:876][  0]LogInit: XAudio2 using 'Hoofdtelefoon (Arctis 7 Game)' : 2 channels at 48 kHz using 16 bits per sample (channel mask 0x3)
[2020.08.31-21.37.28:912][  0]LogInit: FAudioDevice initialized.
[2020.08.31-21.37.28:912][  0]LogNetVersion: Set ProjectVersion to 1.0.0.0. Version Checksum will be recalculated on next use.
[2020.08.31-21.37.28:959][  0]LogDerivedDataCache: Saved boot cache 0.05s 74MB C:/Users/joeym/AppData/Local/UnrealEngine/4.23/DerivedDataCache/Boot.ddc.
[2020.08.31-21.37.28:963][  0]LogInit: Texture streaming: Enabled
[2020.08.31-21.37.29:025][  0]LogEngineSessionManager: EngineSessionManager initialized
[2020.08.31-21.37.29:025][  0]LogEditorSessionSummary: Verbose: Initializing EditorSessionSummaryWriter for editor session tracking
[2020.08.31-21.37.29:034][  0]LogEditorSessionSummary: EditorSessionSummaryWriter initialized
[2020.08.31-21.37.29:118][  0]LogInit: Transaction tracking system initialized
[2020.08.31-21.37.29:218][  0]BlueprintLog: New page: Editor Load
[2020.08.31-21.37.29:482][  0]LocalizationService: Localization service is disabled
[2020.08.31-21.37.30:147][  0]LogFileCache: Scanning file cache for directory 'D:/Down2DieInventory/StructureInventory/project/Content/' took 0.00s
[2020.08.31-21.37.30:147][  0]LogCook: Display: Max memory allowance for cook 16384mb min free memory 0mb
[2020.08.31-21.37.30:148][  0]LogCook: Display: Mobile HDR setting 1
[2020.08.31-21.37.32:270][  0]SourceControl: Source control is disabled
[2020.08.31-21.37.32:270][  0]Cmd: MAP LOAD FILE="../../../Engine/Content/Maps/Templates/Template_Default.umap" TEMPLATE=1 SHOWPROGRESS=1 FEATURELEVEL=3
[2020.08.31-21.37.32:275][  0]LightingResults: New page: Lighting Build
[2020.08.31-21.37.32:276][  0]LogWorld: UWorld::CleanupWorld for Untitled, bSessionEnded=true, bCleanupResources=true
[2020.08.31-21.37.32:276][  0]MapCheck: New page: Map Check
[2020.08.31-21.37.32:276][  0]LightingResults: New page: Lighting Build
[2020.08.31-21.37.32:297][  0]LogUObjectHash: Compacting FUObjectHashTables data took   1.36ms
[2020.08.31-21.37.32:405][  0]LogAIModule: Creating AISystem for world Untitled_1
[2020.08.31-21.37.32:412][  0]LogEditorServer: Finished looking for orphan Actors (0.000 secs)
[2020.08.31-21.37.32:433][  0]LogUObjectHash: Compacting FUObjectHashTables data took   1.69ms
[2020.08.31-21.37.32:433][  0]Cmd: MAP CHECKDEP NOCLEARLOG
[2020.08.31-21.37.32:433][  0]MapCheck: Map check complete: 0 Error(s), 0 Warning(s), took 0,08ms to complete.
[2020.08.31-21.37.32:433][  0]LogFileHelpers: Loading map 'Template_Default' took 0.162
[2020.08.31-21.37.32:560][  0]LogSlate: Updating window title bar state: overlay mode, drag disabled, window buttons hidden, title bar hidden
[2020.08.31-21.37.32:565][  0]LogSlate: Updating window title bar state: overlay mode, drag disabled, window buttons hidden, title bar hidden
[2020.08.31-21.37.32:571][  0]LogSlate: Updating window title bar state: overlay mode, drag disabled, window buttons hidden, title bar hidden
[2020.08.31-21.37.32:576][  0]LogSlate: Updating window title bar state: overlay mode, drag disabled, window buttons hidden, title bar hidden
[2020.08.31-21.37.32:596][  0]LogCollectionManager: Loaded 0 collections in 0.000909 seconds
[2020.08.31-21.37.32:601][  0]LogFileCache: Scanning file cache for directory 'D:/Down2DieInventory/StructureInventory/project/Saved/Collections/' took 0.00s
[2020.08.31-21.37.32:601][  0]LogFileCache: Scanning file cache for directory 'D:/Down2DieInventory/StructureInventory/project/Content/Developers/joeym/Collections/' took 0.00s
[2020.08.31-21.37.32:601][  0]LogFileCache: Scanning file cache for directory 'D:/Down2DieInventory/StructureInventory/project/Content/Collections/' took 0.00s
[2020.08.31-21.37.32:601][  0]LogCollectionManager: Rebuilt the GUID cache for 0 collections in 0.000001 seconds
[2020.08.31-21.37.32:608][  0]LogContentBrowser: Native class hierarchy populated in 0.0066 seconds. Added 3071 classes and 775 folders.
[2020.08.31-21.37.32:612][  0]LogContentBrowser: Native class hierarchy updated for 'WidgetCarousel' in 0.0002 seconds. Added 0 classes and 0 folders.
[2020.08.31-21.37.32:845][  0]LogContentBrowser: Native class hierarchy updated for 'AddContentDialog' in 0.0002 seconds. Added 0 classes and 0 folders.
[2020.08.31-21.37.32:848][  0]LogContentBrowser: Native class hierarchy updated for 'SceneOutliner' in 0.0002 seconds. Added 1 classes and 0 folders.
[2020.08.31-21.37.32:907][  0]LogContentBrowser: Native class hierarchy updated for 'WorldBrowser' in 0.0002 seconds. Added 2 classes and 3 folders.
[2020.08.31-21.37.32:923][  0]LogSlate: Took 0.004556 seconds to synchronously load lazily loaded font '../../../Engine/Content/Slate/Fonts/Roboto-Bold.ttf' (160K)
[2020.08.31-21.37.32:929][  0]LogSlate: Took 0.004237 seconds to synchronously load lazily loaded font '../../../Engine/Content/Slate/Fonts/Roboto-Regular.ttf' (155K)
[2020.08.31-21.37.32:981][  0]LogContentBrowser: Native class hierarchy updated for 'HierarchicalLODOutliner' in 0.0003 seconds. Added 0 classes and 0 folders.
[2020.08.31-21.37.32:981][  0]LogLoad: (Engine Initialization) Total time: 23.29 seconds
[2020.08.31-21.37.32:981][  0]LogLoad: (Engine Initialization) Total Blueprint compile time: 0.00 seconds
[2020.08.31-21.37.33:039][  0]LogContentStreaming: Texture pool size now 3000 MB
[2020.08.31-21.37.33:048][  0]LogSlate: Took 0.004798 seconds to synchronously load lazily loaded font '../../../Engine/Content/Editor/Slate/Fonts/FontAwesome.ttf' (139K)
[2020.08.31-21.37.33:056][  0]LogSlate: Took 0.004194 seconds to synchronously load lazily loaded font '../../../Engine/Content/Slate/Fonts/Roboto-Light.ttf' (167K)
[2020.08.31-21.37.33:168][  0]LogRenderer: Reallocating scene render targets to support 884x344 Format 10 NumSamples 1 (Frame:1).
[2020.08.31-21.37.33:626][  8]LogAssetRegistry: Asset discovery search completed in 14.2591 seconds
[2020.08.31-21.37.33:628][  8]LogCollectionManager: Rebuilt the object cache for 0 collections in 0.000003 seconds (found 0 objects)
[2020.08.31-21.37.33:628][  8]LogCollectionManager: Fixed up redirectors for 0 collections in 0.000058 seconds (updated 0 objects)
[2020.08.31-21.37.37:215][239]LogSlate: Took 0.000165 seconds to synchronously load lazily loaded font '../../../Engine/Content/Slate/Fonts/Roboto-Light.ttf' (167K)
[2020.08.31-21.38.41:694][646]LogSlate: FSceneViewport::OnFocusLost() reason 0
[2020.08.31-21.38.43:388][773]LogRenderer: Reallocating scene render targets to support 1332x560 Format 10 NumSamples 1 (Frame:591).
[2020.08.31-21.38.50:749][469]LogSlate: Only BGRA pngs, bmps or icos are supported in by External Image Picker
[2020.08.31-21.38.54:922][908]LogAIModule: Creating AISystem for world MyLevel
[2020.08.31-21.39.07:387][346]LogSlate: Window 'Project Settings' being destroyed
[2020.08.31-21.39.07:391][346]LogSlate: Window 'Project Settings' being destroyed
[2020.08.31-21.39.08:798][505]LogUObjectHash: Compacting FUObjectHashTables data took   1.90ms
[2020.08.31-21.39.11:419][671]LogSlate: Window 'Save Level As' being destroyed
[2020.08.31-21.39.13:273][888]LogAssetEditorManager: Opening Asset editor for World /Game/MyLevel.MyLevel
[2020.08.31-21.39.13:292][888]LogUObjectHash: Compacting FUObjectHashTables data took   0.54ms
[2020.08.31-21.39.13:292][888]Cmd: MAP LOAD FILE="../../../../../../Down2DieInventory/StructureInventory/project/Content/MyLevel.umap" TEMPLATE=0 SHOWPROGRESS=1 FEATURELEVEL=3
[2020.08.31-21.39.13:293][888]LightingResults: New page: Lighting Build
[2020.08.31-21.39.13:293][888]LoadErrors: New page: Loading map: MyLevel.umap
[2020.08.31-21.39.13:293][888]LogWorld: UWorld::CleanupWorld for Untitled_1, bSessionEnded=true, bCleanupResources=true
[2020.08.31-21.39.13:294][888]MapCheck: New page: Map Check
[2020.08.31-21.39.13:294][888]LightingResults: New page: Lighting Build
[2020.08.31-21.39.13:314][888]LogUObjectHash: Compacting FUObjectHashTables data took   1.60ms
[2020.08.31-21.39.13:370][888]LogEditorServer: Finished looking for orphan Actors (0.000 secs)
[2020.08.31-21.39.13:389][888]LogUObjectHash: Compacting FUObjectHashTables data took   1.36ms
[2020.08.31-21.39.13:413][888]Cmd: MAP CHECKDEP NOCLEARLOG
[2020.08.31-21.39.13:413][888]MapCheck: Map check complete: 0 Error(s), 0 Warning(s), took 0,068ms to complete.
[2020.08.31-21.39.13:414][888]LogFileHelpers: Loading map 'MyLevel' took 0.122
[2020.08.31-21.39.15:035][ 75]Cmd: OBJ SAVEPACKAGE PACKAGE="/Game/MyLevel" FILE="../../../../../../Down2DieInventory/StructureInventory/project/Content/MyLevel.umap" SILENT=true AUTOSAVING=false KEEPDIRTY=false
[2020.08.31-21.39.15:076][ 75]LogUObjectHash: Compacting FUObjectHashTables data took   0.58ms
[2020.08.31-21.39.15:192][ 75]LogSavePackage: Moving '../../../../../../Down2DieInventory/StructureInventory/project/Saved/MyLevelFF9B449547D6FCE944D99FB4DD978125.tmp' to '../../../../../../Down2DieInventory/StructureInventory/project/Content/MyLevel.umap'
[2020.08.31-21.39.15:225][ 75]Cmd: OBJ SAVEPACKAGE PACKAGE="/Game/MyLevel_BuiltData" FILE="../../../../../../Down2DieInventory/StructureInventory/project/Content/MyLevel_BuiltData.uasset" SILENT=true
[2020.08.31-21.39.15:288][ 75]LogSavePackage: Moving '../../../../../../Down2DieInventory/StructureInventory/project/Saved/MyLevel_BuiltData2625C40D42B0FC824DC7EB9B40D23A7A.tmp' to '../../../../../../Down2DieInventory/StructureInventory/project/Content/MyLevel_BuiltData.uasset'
[2020.08.31-21.39.17:054][281]LogAssetEditorManager: Opening Asset editor for Blueprint /Game/Player/MyPlayer.MyPlayer
[2020.08.31-21.39.17:302][281]LogContentBrowser: Native class hierarchy updated for 'BlueprintGraph' in 0.0004 seconds. Added 121 classes and 0 folders.
[2020.08.31-21.39.17:992][281]LogSlate: Took 0.004067 seconds to synchronously load lazily loaded font '../../../Engine/Content/Slate/Fonts/Roboto-BoldCondensed.ttf' (158K)
[2020.08.31-21.39.18:074][282]LogSlate: Took 0.005004 seconds to synchronously load lazily loaded font '../../../Engine/Content/Slate/Fonts/Roboto-Italic.ttf' (157K)
[2020.08.31-21.39.19:936][481]LogAssetEditorManager: Opening Asset editor for Blueprint /Game/ExampleBlueprints/ExampleAdvancedSessionsFunctionsChar.ExampleAdvancedSessionsFunctionsChar
[2020.08.31-21.39.34:322][743]LogEditorTransaction: Undo Move Node
[2020.08.31-21.40.26:161][455]BlueprintLog: New page: Compile MyPlayer
[2020.08.31-21.40.26:340][455]LogUObjectHash: Compacting FUObjectHashTables data took   3.24ms
[2020.08.31-21.40.34:407][370]BlueprintLog: New page: Compile MyPlayer
[2020.08.31-21.40.34:606][370]LogUObjectHash: Compacting FUObjectHashTables data took   3.03ms
[2020.08.31-21.41.38:824][584]BlueprintLog: New page: Compile MyPlayer
[2020.08.31-21.41.39:005][584]LogUObjectHash: Compacting FUObjectHashTables data took   3.05ms
[2020.08.31-21.41.39:349][614]Cmd: OBJ SAVEPACKAGE PACKAGE="/Game/Player/MyPlayer" FILE="../../../../../../Down2DieInventory/StructureInventory/project/Content/Player/MyPlayer.uasset" SILENT=true
[2020.08.31-21.41.39:427][614]LogSavePackage: Moving '../../../../../../Down2DieInventory/StructureInventory/project/Saved/MyPlayer96C79DF749D06E338D08DAAC476FEF83.tmp' to '../../../../../../Down2DieInventory/StructureInventory/project/Content/Player/MyPlayer.uasset'
[2020.08.31-21.43.02:967][401]Cmd: OBJ SAVEPACKAGE PACKAGE="/Game/Player/MyPlayer" FILE="../../../../../../Down2DieInventory/StructureInventory/project/Content/Player/MyPlayer.uasset" SILENT=true
[2020.08.31-21.43.03:014][401]LogSavePackage: Moving '../../../../../../Down2DieInventory/StructureInventory/project/Saved/MyPlayerE59AFEA949CB8A8ED0B236A718DD563E.tmp' to '../../../../../../Down2DieInventory/StructureInventory/project/Content/Player/MyPlayer.uasset'
[2020.08.31-21.43.08:557][999]Cmd: OBJ SAVEPACKAGE PACKAGE="/Game/Player/MyPlayer" FILE="../../../../../../Down2DieInventory/StructureInventory/project/Content/Player/MyPlayer.uasset" SILENT=true
[2020.08.31-21.43.08:607][999]LogSavePackage: Moving '../../../../../../Down2DieInventory/StructureInventory/project/Saved/MyPlayer3B8989B5451304AE83B333A1673454A8.tmp' to '../../../../../../Down2DieInventory/StructureInventory/project/Content/Player/MyPlayer.uasset'
[2020.08.31-21.43.09:833][117]LogUObjectHash: Compacting FUObjectHashTables data took   2.91ms
[2020.08.31-21.43.09:951][117]LogSavePackage: Moving '../../../../../../Down2DieInventory/StructureInventory/project/Saved/ExampleAdvancedSessionsFunctions38298491427AA4FA6199388D59973F0C.tmp' to '../../../../../../Down2DieInventory/StructureInventory/project/Content/ExampleBlueprints/ExampleAdvancedSessionsFunctionsChar.uasset'
[2020.08.31-21.43.11:717][292]LogSlate: Window 'ExampleAdvancedSessionsFunctionsChar' being destroyed
[2020.08.31-21.43.11:722][292]LogSlate: Window 'ExampleAdvancedSessionsFunctionsChar' being destroyed
[2020.08.31-21.43.11:734][292]LogWorld: UWorld::CleanupWorld for World_3, bSessionEnded=true, bCleanupResources=true
[2020.08.31-21.43.11:787][292]LogActorComponent: UnregisterComponent: (/Engine/Transient.EditorFloorComp) Not registered. Aborting.
[2020.08.31-21.43.11:787][292]LogWorld: UWorld::CleanupWorld for World_4, bSessionEnded=true, bCleanupResources=true
[2020.08.31-21.43.13:147][445]LogUObjectHash: Compacting FUObjectHashTables data took   2.83ms
