Log file open, 08/31/20 23:47:30
LogWindows: Failed to load 'aqProf.dll' (GetLastError=126)
LogWindows: File 'aqProf.dll' does not exist
LogWindows: Failed to load 'VtuneApi.dll' (GetLastError=126)
LogWindows: File 'VtuneApi.dll' does not exist
LogWindows: Failed to load 'VtuneApi32e.dll' (GetLastError=126)
LogWindows: File 'VtuneApi32e.dll' does not exist
LogConsoleResponse: Display: Failed to find resolution value strings in scalability ini. Falling back to default.
LogInit: Display: Running engine for game: InventorySystemThing
LogPlatformFile: Not using cached read wrapper
LogTaskGraph: Started task graph with 5 named threads and 23 total threads with 3 sets of task threads.
LogStats: Stats thread started at 0.107178
LogD3D11RHI: Loaded GFSDK_Aftermath_Lib.x64.dll
LogICUInternationalization: ICU TimeZone Detection - Raw Offset: +1:00, Platform Override: ''
LogPluginManager: Mounting plugin Paper2D
LogPluginManager: Mounting plugin AISupport
LogPluginManager: Mounting plugin LightPropagationVolume
LogPluginManager: Mounting plugin ActorLayerUtilities
LogPluginManager: Mounting plugin AnimationSharing
LogPluginManager: Mounting plugin CLionSourceCodeAccess
LogPluginManager: Mounting plugin CodeLiteSourceCodeAccess
LogPluginManager: Mounting plugin GitSourceControl
LogPluginManager: Mounting plugin KDevelopSourceCodeAccess
LogPluginManager: Mounting plugin NullSourceCodeAccess
LogPluginManager: Mounting plugin PerforceSourceControl
LogPluginManager: Mounting plugin SubversionSourceControl
LogPluginManager: Mounting plugin UObjectPlugin
LogPluginManager: Mounting plugin VisualStudioCodeSourceCodeAccess
LogPluginManager: Mounting plugin VisualStudioSourceCodeAccess
LogPluginManager: Mounting plugin XCodeSourceCodeAccess
LogPluginManager: Mounting plugin AssetManagerEditor
LogPluginManager: Mounting plugin CryptoKeys
LogPluginManager: Mounting plugin CurveEditorTools
LogPluginManager: Mounting plugin DataValidation
LogPluginManager: Mounting plugin EditorScriptingUtilities
LogPluginManager: Mounting plugin FacialAnimation
LogPluginManager: Mounting plugin GameplayTagsEditor
LogPluginManager: Mounting plugin GLTFImporter
LogPluginManager: Mounting plugin MacGraphicsSwitching
LogPluginManager: Mounting plugin MaterialAnalyzer
LogPluginManager: Mounting plugin MeshEditor
LogPluginManager: Mounting plugin MobileLauncherProfileWizard
LogPluginManager: Mounting plugin PluginBrowser
LogPluginManager: Mounting plugin SpeedTreeImporter
LogPluginManager: Mounting plugin DatasmithContent
LogPluginManager: Mounting plugin VariantManagerContent
LogPluginManager: Mounting plugin AlembicImporter
LogPluginManager: Mounting plugin AutomationUtils
LogPluginManager: Mounting plugin BackChannel
LogPluginManager: Mounting plugin BlastPlugin
LogPluginManager: Mounting plugin ChaosSolverPlugin
LogPluginManager: Mounting plugin CharacterAI
LogPluginManager: Mounting plugin DataPrepEditor
LogPluginManager: Mounting plugin GeometryCache
LogPluginManager: Mounting plugin GeometryCollectionPlugin
LogPluginManager: Mounting plugin HTML5Networking
LogPluginManager: Mounting plugin PlatformCrypto
LogPluginManager: Mounting plugin ProxyLODPlugin
LogPluginManager: Mounting plugin SkeletalReduction
LogPluginManager: Mounting plugin MagicLeap
LogPluginManager: Mounting plugin MagicLeapMedia
LogPluginManager: Mounting plugin AndroidMedia
LogPluginManager: Mounting plugin AvfMedia
LogPluginManager: Mounting plugin ImgMedia
LogPluginManager: Mounting plugin MediaCompositing
LogPluginManager: Mounting plugin MediaPlayerEditor
LogPluginManager: Mounting plugin WebMMedia
LogPluginManager: Mounting plugin WmfMedia
LogPluginManager: Mounting plugin TcpMessaging
LogPluginManager: Mounting plugin UdpMessaging
LogPluginManager: Mounting plugin ActorSequence
LogPluginManager: Mounting plugin LevelSequenceEditor
LogPluginManager: Mounting plugin MatineeToLevelSequence
LogPluginManager: Mounting plugin NetcodeUnitTest
LogPluginManager: Mounting plugin NUTUnrealEngine4
LogPluginManager: Mounting plugin OnlineSubsystemGooglePlay
LogPluginManager: Mounting plugin OnlineSubsystemIOS
LogPluginManager: Mounting plugin OnlineSubsystem
LogPluginManager: Mounting plugin OnlineSubsystemNull
LogPluginManager: Mounting plugin OnlineSubsystemSteam
LogPluginManager: Mounting plugin OnlineSubsystemUtils
LogPluginManager: Mounting plugin LauncherChunkInstaller
LogPluginManager: Mounting plugin AndroidDeviceProfileSelector
LogPluginManager: Mounting plugin AndroidMoviePlayer
LogPluginManager: Mounting plugin AndroidPermission
LogPluginManager: Mounting plugin AppleImageUtils
LogPluginManager: Mounting plugin AppleMoviePlayer
LogPluginManager: Mounting plugin ArchVisCharacter
LogPluginManager: Mounting plugin AudioCapture
LogPluginManager: Mounting plugin CableComponent
LogPluginManager: Mounting plugin CustomMeshComponent
LogPluginManager: Mounting plugin EditableMesh
LogPluginManager: Mounting plugin ExampleDeviceProfileSelector
LogPluginManager: Mounting plugin GoogleCloudMessaging
LogPluginManager: Mounting plugin IOSDeviceProfileSelector
LogPluginManager: Mounting plugin LinuxDeviceProfileSelector
LogPluginManager: Mounting plugin LocationServicesBPLibrary
LogPluginManager: Mounting plugin MobilePatchingUtils
LogPluginManager: Mounting plugin OculusVR
LogPluginManager: Mounting plugin PhysXVehicles
LogPluginManager: Mounting plugin ProceduralMeshComponent
LogPluginManager: Mounting plugin RuntimePhysXCooking
LogPluginManager: Mounting plugin SignificanceManager
LogPluginManager: Mounting plugin SteamVR
LogPluginManager: Mounting plugin WebMMoviePlayer
LogPluginManager: Mounting plugin WindowsMoviePlayer
LogPluginManager: Mounting plugin ScreenshotTools
LogPluginManager: Mounting plugin AdvancedSessions
LogPluginManager: Mounting plugin AdvancedSteamSessions
LogPluginManager: Mounting plugin DatasmithC4DImporter
LogPluginManager: Mounting plugin DatasmithCADImporter
LogPluginManager: Mounting plugin DatasmithFBXImporter
LogPluginManager: Mounting plugin DatasmithGLTFImporter
LogPluginManager: Mounting plugin DatasmithIFCImporter
LogPluginManager: Mounting plugin DatasmithImporter
LogPluginManager: Mounting plugin MDLImporter
LogPluginManager: Mounting plugin StaticMeshEditorExtension
LogPluginManager: Mounting plugin VariantManager
LogInit: Using libcurl 7.55.1-DEV
LogInit:  - built for x86_64-pc-win32
LogInit:  - supports SSL with OpenSSL/1.1.1
LogInit:  - supports HTTP deflate (compression) using libz 1.2.8
LogInit:  - other features:
LogInit:      CURL_VERSION_SSL
LogInit:      CURL_VERSION_LIBZ
LogInit:      CURL_VERSION_IPV6
LogInit:      CURL_VERSION_ASYNCHDNS
LogInit:      CURL_VERSION_LARGEFILE
LogInit:      CURL_VERSION_IDN
LogInit:  CurlRequestOptions (configurable via config and command line):
LogInit:  - bVerifyPeer = true  - Libcurl will verify peer certificate
LogInit:  - bUseHttpProxy = false  - Libcurl will NOT use HTTP proxy
LogInit:  - bDontReuseConnections = false  - Libcurl will reuse connections
LogInit:  - MaxHostConnections = 16  - Libcurl will limit the number of connections to a host
LogInit:  - LocalHostAddr = Default
LogInit:  - BufferSize = 65536
LogOnline: Display: STEAM: Loading Steam SDK 1.42
LogOnline: OSS: Creating online subsystem instance for: Steam
LogOnline: STEAM: Steam User is subscribed 1
LogOnline: STEAM: [AppId: 480] Client API initialized 1
LogOnline: STEAM: [AppId: 480] Game Server API initialized 1
LogOnline: STEAM: Missing P2PCleanupTimeout key in OnlineSubsystemSteam of DefaultEngine.ini, using default
LogInit: WinSock: version 1.1 (2.2), MaxSocks=32767, MaxUdp=65467
LogInit: Build: ++UE4+Release-4.23-CL-9631420
LogInit: Engine Version: 4.23.1-9631420+++UE4+Release-4.23
LogInit: Compatible Engine Version: 4.23.0-8386587+++UE4+Release-4.23
LogInit: Net CL: 8386587
LogInit: OS: Windows 10 (Release 1909) (), CPU: Intel(R) Core(TM) i7-7700K CPU @ 4.20GHz, GPU: NVIDIA GeForce GTX 1080
LogInit: Compiled (64-bit): Oct 18 2019 02:07:44
LogInit: Compiled with Visual C++: 19.16.27030.01
LogInit: Build Configuration: Development
LogInit: Branch Name: ++UE4+Release-4.23
LogInit: Command Line:  /Game/MyLevel -game -PIEVIACONSOLE -ResX=1280 -ResY=720 -Multiprocess -messaging -SessionName="Play in Standalone Game" -windowed
LogInit: Base Directory: D:/Program Files/Epic Games/UE_4.23/Engine/Binaries/Win64/
LogInit: Installed Engine Build: 1
LogDevObjectVersion: Number of dev versions registered: 23
LogDevObjectVersion:   Dev-Blueprints (B0D832E4-1F89-4F0D-ACCF-7EB736FD4AA2): 10
LogDevObjectVersion:   Dev-Build (E1C64328-A22C-4D53-A36C-8E866417BD8C): 0
LogDevObjectVersion:   Dev-Core (375EC13C-06E4-48FB-B500-84F0262A717E): 3
LogDevObjectVersion:   Dev-Editor (E4B068ED-F494-42E9-A231-DA0B2E46BB41): 34
LogDevObjectVersion:   Dev-Framework (CFFC743F-43B0-4480-9391-14DF171D2073): 35
LogDevObjectVersion:   Dev-Mobile (B02B49B5-BB20-44E9-A304-32B752E40360): 2
LogDevObjectVersion:   Dev-Networking (A4E4105C-59A1-49B5-A7C5-40C4547EDFEE): 0
LogDevObjectVersion:   Dev-Online (39C831C9-5AE6-47DC-9A44-9C173E1C8E7C): 0
LogDevObjectVersion:   Dev-Physics (78F01B33-EBEA-4F98-B9B4-84EACCB95AA2): 0
LogDevObjectVersion:   Dev-Platform (6631380F-2D4D-43E0-8009-CF276956A95A): 0
LogDevObjectVersion:   Dev-Rendering (12F88B9F-8875-4AFC-A67C-D90C383ABD29): 31
LogDevObjectVersion:   Dev-Sequencer (7B5AE74C-D270-4C10-A958-57980B212A5A): 11
LogDevObjectVersion:   Dev-VR (D7296918-1DD6-4BDD-9DE2-64A83CC13884): 2
LogDevObjectVersion:   Dev-LoadTimes (C2A15278-BFE7-4AFE-6C17-90FF531DF755): 1
LogDevObjectVersion:   Private-Geometry (6EACA3D4-40EC-4CC1-B786-8BED09428FC5): 3
LogDevObjectVersion:   Dev-AnimPhys (29E575DD-E0A3-4627-9D10-D276232CDCEA): 17
LogDevObjectVersion:   Dev-Anim (AF43A65D-7FD3-4947-9873-3E8ED9C1BB05): 2
LogDevObjectVersion:   Dev-ReflectionCapture (6B266CEC-1EC7-4B8F-A30B-E4D90942FC07): 1
LogDevObjectVersion:   Dev-Automation (0DF73D61-A23F-47EA-B727-89E90C41499A): 1
LogDevObjectVersion:   FortniteMain (601D1886-AC64-4F84-AA16-D3DE0DEAC7D6): 27
LogDevObjectVersion:   Dev-Enterprise (9DFFBCD6-494F-0158-E221-12823C92A888): 6
LogDevObjectVersion:   Dev-Niagara (F2AED0AC-9AFE-416F-8664-AA7FFA26D6FC): 1
LogDevObjectVersion:   Dev-Destruction (174F1F0B-B4C6-45A5-B13F-2EE8D0FB917D): 9
LogInit: Presizing for max 16777216 objects, including 0 objects not considered by GC, pre-allocating 0 bytes for permanent pool.
LogInit: Object subsystem initialized
LogConfig: Setting CVar [[con.DebugEarlyDefault:1]]
LogConfig: Setting CVar [[r.setres:1280x720]]
[2020.08.31-21.47.31:378][  0]LogConfig: Setting CVar [[con.DebugEarlyDefault:1]]
[2020.08.31-21.47.31:378][  0]LogConfig: Setting CVar [[r.setres:1280x720]]
[2020.08.31-21.47.31:378][  0]LogConfig: Applying CVar settings from Section [/Script/Engine.RendererSettings] File [D:/Down2DieInventory/StructureInventory/project/Saved/Config/Windows/Engine.ini]
[2020.08.31-21.47.31:378][  0]LogConfig: Setting CVar [[r.GPUCrashDebugging:0]]
[2020.08.31-21.47.31:378][  0]LogConfig: Setting CVar [[r.DefaultFeature.AutoExposure.ExtendDefaultLuminanceRange:1]]
[2020.08.31-21.47.31:378][  0]LogConfig: Applying CVar settings from Section [/Script/Engine.RendererOverrideSettings] File [D:/Down2DieInventory/StructureInventory/project/Saved/Config/Windows/Engine.ini]
[2020.08.31-21.47.31:378][  0]LogConfig: Applying CVar settings from Section [/Script/Engine.StreamingSettings] File [D:/Down2DieInventory/StructureInventory/project/Saved/Config/Windows/Engine.ini]
[2020.08.31-21.47.31:378][  0]LogConfig: Setting CVar [[s.MinBulkDataSizeForAsyncLoading:131072]]
[2020.08.31-21.47.31:378][  0]LogConfig: Setting CVar [[s.AsyncLoadingThreadEnabled:0]]
[2020.08.31-21.47.31:378][  0]LogConfig: Setting CVar [[s.EventDrivenLoaderEnabled:1]]
[2020.08.31-21.47.31:378][  0]LogConfig: Setting CVar [[s.WarnIfTimeLimitExceeded:0]]
[2020.08.31-21.47.31:378][  0]LogConfig: Setting CVar [[s.TimeLimitExceededMultiplier:1.5]]
[2020.08.31-21.47.31:378][  0]LogConfig: Setting CVar [[s.TimeLimitExceededMinTime:0.005]]
[2020.08.31-21.47.31:378][  0]LogConfig: Setting CVar [[s.UseBackgroundLevelStreaming:1]]
[2020.08.31-21.47.31:378][  0]LogConfig: Setting CVar [[s.PriorityAsyncLoadingExtraTime:15.0]]
[2020.08.31-21.47.31:378][  0]LogConfig: Setting CVar [[s.LevelStreamingActorsUpdateTimeLimit:5.0]]
[2020.08.31-21.47.31:378][  0]LogConfig: Setting CVar [[s.PriorityLevelStreamingActorsUpdateExtraTime:5.0]]
[2020.08.31-21.47.31:378][  0]LogConfig: Setting CVar [[s.LevelStreamingComponentsRegistrationGranularity:10]]
[2020.08.31-21.47.31:379][  0]LogConfig: Setting CVar [[s.UnregisterComponentsTimeLimit:1.0]]
[2020.08.31-21.47.31:379][  0]LogConfig: Setting CVar [[s.LevelStreamingComponentsUnregistrationGranularity:5]]
[2020.08.31-21.47.31:379][  0]LogConfig: Applying CVar settings from Section [/Script/Engine.GarbageCollectionSettings] File [D:/Down2DieInventory/StructureInventory/project/Saved/Config/Windows/Engine.ini]
[2020.08.31-21.47.31:379][  0]LogConfig: Setting CVar [[gc.MaxObjectsNotConsideredByGC:1]]
[2020.08.31-21.47.31:379][  0]LogConfig: Setting CVar [[gc.SizeOfPermanentObjectPool:0]]
[2020.08.31-21.47.31:379][  0]LogConfig: Setting CVar [[gc.FlushStreamingOnGC:0]]
[2020.08.31-21.47.31:379][  0]LogConfig: Setting CVar [[gc.NumRetriesBeforeForcingGC:10]]
[2020.08.31-21.47.31:379][  0]LogConfig: Setting CVar [[gc.AllowParallelGC:1]]
[2020.08.31-21.47.31:379][  0]LogConfig: Setting CVar [[gc.TimeBetweenPurgingPendingKillObjects:61.1]]
[2020.08.31-21.47.31:379][  0]LogConfig: Setting CVar [[gc.MaxObjectsInEditor:16777216]]
[2020.08.31-21.47.31:379][  0]LogConfig: Setting CVar [[gc.IncrementalBeginDestroyEnabled:1]]
[2020.08.31-21.47.31:379][  0]LogConfig: Setting CVar [[gc.CreateGCClusters:1]]
[2020.08.31-21.47.31:379][  0]LogConfig: Setting CVar [[gc.MinGCClusterSize:5]]
[2020.08.31-21.47.31:379][  0]LogConfig: Setting CVar [[gc.ActorClusteringEnabled:0]]
[2020.08.31-21.47.31:379][  0]LogConfig: Setting CVar [[gc.BlueprintClusteringEnabled:0]]
[2020.08.31-21.47.31:379][  0]LogConfig: Setting CVar [[gc.UseDisregardForGCOnDedicatedServers:0]]
[2020.08.31-21.47.31:379][  0]LogConfig: Applying CVar settings from Section [/Script/Engine.NetworkSettings] File [D:/Down2DieInventory/StructureInventory/project/Saved/Config/Windows/Engine.ini]
[2020.08.31-21.47.31:379][  0]LogConfig: Applying CVar settings from Section [/Script/UnrealEd.CookerSettings] File [D:/Down2DieInventory/StructureInventory/project/Saved/Config/Windows/Engine.ini]
[2020.08.31-21.47.31:384][  0]LogConfig: Applying CVar settings from Section [ViewDistanceQuality@3] File [D:/Down2DieInventory/StructureInventory/project/Saved/Config/Windows/Scalability.ini]
[2020.08.31-21.47.31:384][  0]LogConfig: Setting CVar [[r.SkeletalMeshLODBias:0]]
[2020.08.31-21.47.31:384][  0]LogConfig: Setting CVar [[r.ViewDistanceScale:1.0]]
[2020.08.31-21.47.31:384][  0]LogConfig: Applying CVar settings from Section [AntiAliasingQuality@3] File [D:/Down2DieInventory/StructureInventory/project/Saved/Config/Windows/Scalability.ini]
[2020.08.31-21.47.31:384][  0]LogConfig: Setting CVar [[r.PostProcessAAQuality:4]]
[2020.08.31-21.47.31:384][  0]LogConfig: Applying CVar settings from Section [ShadowQuality@3] File [D:/Down2DieInventory/StructureInventory/project/Saved/Config/Windows/Scalability.ini]
[2020.08.31-21.47.31:384][  0]LogConfig: Setting CVar [[r.LightFunctionQuality:1]]
[2020.08.31-21.47.31:384][  0]LogConfig: Setting CVar [[r.ShadowQuality:5]]
[2020.08.31-21.47.31:384][  0]LogConfig: Setting CVar [[r.Shadow.CSM.MaxCascades:10]]
[2020.08.31-21.47.31:384][  0]LogConfig: Setting CVar [[r.Shadow.MaxResolution:2048]]
[2020.08.31-21.47.31:384][  0]LogConfig: Setting CVar [[r.Shadow.MaxCSMResolution:2048]]
[2020.08.31-21.47.31:384][  0]LogConfig: Setting CVar [[r.Shadow.RadiusThreshold:0.01]]
[2020.08.31-21.47.31:384][  0]LogConfig: Setting CVar [[r.Shadow.DistanceScale:1.0]]
[2020.08.31-21.47.31:384][  0]LogConfig: Setting CVar [[r.Shadow.CSM.TransitionScale:1.0]]
[2020.08.31-21.47.31:384][  0]LogConfig: Setting CVar [[r.Shadow.PreShadowResolutionFactor:1.0]]
[2020.08.31-21.47.31:384][  0]LogConfig: Setting CVar [[r.DistanceFieldShadowing:1]]
[2020.08.31-21.47.31:384][  0]LogConfig: Setting CVar [[r.DistanceFieldAO:1]]
[2020.08.31-21.47.31:384][  0]LogConfig: Setting CVar [[r.AOQuality:2]]
[2020.08.31-21.47.31:384][  0]LogConfig: Setting CVar [[r.VolumetricFog:1]]
[2020.08.31-21.47.31:384][  0]LogConfig: Setting CVar [[r.VolumetricFog.GridPixelSize:8]]
[2020.08.31-21.47.31:384][  0]LogConfig: Setting CVar [[r.VolumetricFog.GridSizeZ:128]]
[2020.08.31-21.47.31:384][  0]LogConfig: Setting CVar [[r.VolumetricFog.HistoryMissSupersampleCount:4]]
[2020.08.31-21.47.31:384][  0]LogConfig: Setting CVar [[r.LightMaxDrawDistanceScale:1]]
[2020.08.31-21.47.31:384][  0]LogConfig: Setting CVar [[r.CapsuleShadows:1]]
[2020.08.31-21.47.31:384][  0]LogConfig: Applying CVar settings from Section [PostProcessQuality@3] File [D:/Down2DieInventory/StructureInventory/project/Saved/Config/Windows/Scalability.ini]
[2020.08.31-21.47.31:384][  0]LogConfig: Setting CVar [[r.MotionBlurQuality:4]]
[2020.08.31-21.47.31:384][  0]LogConfig: Setting CVar [[r.AmbientOcclusionMipLevelFactor:0.4]]
[2020.08.31-21.47.31:384][  0]LogConfig: Setting CVar [[r.AmbientOcclusionMaxQuality:100]]
[2020.08.31-21.47.31:384][  0]LogConfig: Setting CVar [[r.AmbientOcclusionLevels:-1]]
[2020.08.31-21.47.31:384][  0]LogConfig: Setting CVar [[r.AmbientOcclusionRadiusScale:1.0]]
[2020.08.31-21.47.31:384][  0]LogConfig: Setting CVar [[r.DepthOfFieldQuality:2]]
[2020.08.31-21.47.31:384][  0]LogConfig: Setting CVar [[r.RenderTargetPoolMin:400]]
[2020.08.31-21.47.31:384][  0]LogConfig: Setting CVar [[r.LensFlareQuality:2]]
[2020.08.31-21.47.31:384][  0]LogConfig: Setting CVar [[r.SceneColorFringeQuality:1]]
[2020.08.31-21.47.31:384][  0]LogConfig: Setting CVar [[r.EyeAdaptationQuality:2]]
[2020.08.31-21.47.31:384][  0]LogConfig: Setting CVar [[r.BloomQuality:5]]
[2020.08.31-21.47.31:384][  0]LogConfig: Setting CVar [[r.FastBlurThreshold:100]]
[2020.08.31-21.47.31:384][  0]LogConfig: Setting CVar [[r.Upscale.Quality:3]]
[2020.08.31-21.47.31:384][  0]LogConfig: Setting CVar [[r.Tonemapper.GrainQuantization:1]]
[2020.08.31-21.47.31:384][  0]LogConfig: Setting CVar [[r.LightShaftQuality:1]]
[2020.08.31-21.47.31:384][  0]LogConfig: Setting CVar [[r.Filter.SizeScale:1]]
[2020.08.31-21.47.31:385][  0]LogConfig: Setting CVar [[r.Tonemapper.Quality:5]]
[2020.08.31-21.47.31:385][  0]LogConfig: Setting CVar [[r.DOF.Gather.AccumulatorQuality:1        ; higher gathering accumulator quality]]
[2020.08.31-21.47.31:385][  0]LogConfig: Setting CVar [[r.DOF.Gather.PostfilterMethod:1          ; Median3x3 postfilering method]]
[2020.08.31-21.47.31:385][  0]LogConfig: Setting CVar [[r.DOF.Gather.EnableBokehSettings:0       ; no bokeh simulation when gathering]]
[2020.08.31-21.47.31:385][  0]LogConfig: Setting CVar [[r.DOF.Gather.RingCount:4                 ; medium number of samples when gathering]]
[2020.08.31-21.47.31:385][  0]LogConfig: Setting CVar [[r.DOF.Scatter.ForegroundCompositing:1    ; additive foreground scattering]]
[2020.08.31-21.47.31:385][  0]LogConfig: Setting CVar [[r.DOF.Scatter.BackgroundCompositing:2    ; additive background scattering]]
[2020.08.31-21.47.31:385][  0]LogConfig: Setting CVar [[r.DOF.Scatter.EnableBokehSettings:1      ; bokeh simulation when scattering]]
[2020.08.31-21.47.31:385][  0]LogConfig: Setting CVar [[r.DOF.Scatter.MaxSpriteRatio:0.1         ; only a maximum of 10% of scattered bokeh]]
[2020.08.31-21.47.31:385][  0]LogConfig: Setting CVar [[r.DOF.Recombine.Quality:1                ; cheap slight out of focus]]
[2020.08.31-21.47.31:385][  0]LogConfig: Setting CVar [[r.DOF.Recombine.EnableBokehSettings:0    ; no bokeh simulation on slight out of focus]]
[2020.08.31-21.47.31:385][  0]LogConfig: Setting CVar [[r.DOF.TemporalAAQuality:1                ; more stable temporal accumulation]]
[2020.08.31-21.47.31:385][  0]LogConfig: Setting CVar [[r.DOF.Kernel.MaxForegroundRadius:0.025]]
[2020.08.31-21.47.31:385][  0]LogConfig: Setting CVar [[r.DOF.Kernel.MaxBackgroundRadius:0.025]]
[2020.08.31-21.47.31:385][  0]LogConfig: Applying CVar settings from Section [TextureQuality@3] File [D:/Down2DieInventory/StructureInventory/project/Saved/Config/Windows/Scalability.ini]
[2020.08.31-21.47.31:385][  0]LogConfig: Setting CVar [[r.Streaming.MipBias:0]]
[2020.08.31-21.47.31:385][  0]LogConfig: Setting CVar [[r.Streaming.AmortizeCPUToGPUCopy:0]]
[2020.08.31-21.47.31:385][  0]LogConfig: Setting CVar [[r.Streaming.MaxNumTexturesToStreamPerFrame:0]]
[2020.08.31-21.47.31:385][  0]LogConfig: Setting CVar [[r.Streaming.Boost:1]]
[2020.08.31-21.47.31:385][  0]LogConfig: Setting CVar [[r.MaxAnisotropy:8]]
[2020.08.31-21.47.31:385][  0]LogConfig: Setting CVar [[r.Streaming.LimitPoolSizeToVRAM:0]]
[2020.08.31-21.47.31:385][  0]LogConfig: Setting CVar [[r.Streaming.PoolSize:1000]]
[2020.08.31-21.47.31:385][  0]LogConfig: Setting CVar [[r.Streaming.MaxEffectiveScreenSize:0]]
[2020.08.31-21.47.31:385][  0]LogConfig: Applying CVar settings from Section [EffectsQuality@3] File [D:/Down2DieInventory/StructureInventory/project/Saved/Config/Windows/Scalability.ini]
[2020.08.31-21.47.31:385][  0]LogConfig: Setting CVar [[r.TranslucencyLightingVolumeDim:64]]
[2020.08.31-21.47.31:385][  0]LogConfig: Setting CVar [[r.RefractionQuality:2]]
[2020.08.31-21.47.31:385][  0]LogConfig: Setting CVar [[r.SSR.Quality:3]]
[2020.08.31-21.47.31:385][  0]LogConfig: Setting CVar [[r.SceneColorFormat:4]]
[2020.08.31-21.47.31:385][  0]LogConfig: Setting CVar [[r.DetailMode:2]]
[2020.08.31-21.47.31:385][  0]LogConfig: Setting CVar [[r.TranslucencyVolumeBlur:1]]
[2020.08.31-21.47.31:385][  0]LogConfig: Setting CVar [[r.MaterialQualityLevel:1 ; High quality]]
[2020.08.31-21.47.31:385][  0]LogConfig: Setting CVar [[r.SSS.Scale:1]]
[2020.08.31-21.47.31:385][  0]LogConfig: Setting CVar [[r.SSS.SampleSet:2]]
[2020.08.31-21.47.31:385][  0]LogConfig: Setting CVar [[r.SSS.Quality:1]]
[2020.08.31-21.47.31:385][  0]LogConfig: Setting CVar [[r.SSS.HalfRes:1]]
[2020.08.31-21.47.31:385][  0]LogConfig: Setting CVar [[r.EmitterSpawnRateScale:1.0]]
[2020.08.31-21.47.31:385][  0]LogConfig: Setting CVar [[r.ParticleLightQuality:2]]
[2020.08.31-21.47.31:385][  0]LogConfig: Applying CVar settings from Section [FoliageQuality@3] File [D:/Down2DieInventory/StructureInventory/project/Saved/Config/Windows/Scalability.ini]
[2020.08.31-21.47.31:385][  0]LogConfig: Setting CVar [[foliage.DensityScale:1.0]]
[2020.08.31-21.47.31:385][  0]LogConfig: Setting CVar [[grass.DensityScale:1.0]]
[2020.08.31-21.47.31:385][  0]LogInit: Selected Device Profile: [Windows]
[2020.08.31-21.47.31:385][  0]LogInit: Applying CVar settings loaded from the selected device profile: [Windows]
[2020.08.31-21.47.31:389][  0]LogHAL: Display: Platform has ~ 16 GB [17106059264 / 17179869184 / 16], which maps to Larger [LargestMinGB=32, LargerMinGB=12, DefaultMinGB=8, SmallerMinGB=6, SmallestMinGB=0)
[2020.08.31-21.47.31:389][  0]LogInit: Going up to parent DeviceProfile []
[2020.08.31-21.47.31:389][  0]LogConfig: Applying CVar settings from Section [ViewDistanceQuality@3] File [D:/Down2DieInventory/StructureInventory/project/Saved/Config/Windows/Scalability.ini]
[2020.08.31-21.47.31:389][  0]LogConfig: Setting CVar [[r.SkeletalMeshLODBias:0]]
[2020.08.31-21.47.31:389][  0]LogConfig: Setting CVar [[r.ViewDistanceScale:1.0]]
[2020.08.31-21.47.31:389][  0]LogConfig: Applying CVar settings from Section [AntiAliasingQuality@3] File [D:/Down2DieInventory/StructureInventory/project/Saved/Config/Windows/Scalability.ini]
[2020.08.31-21.47.31:389][  0]LogConfig: Setting CVar [[r.PostProcessAAQuality:4]]
[2020.08.31-21.47.31:389][  0]LogConfig: Applying CVar settings from Section [ShadowQuality@3] File [D:/Down2DieInventory/StructureInventory/project/Saved/Config/Windows/Scalability.ini]
[2020.08.31-21.47.31:389][  0]LogConfig: Setting CVar [[r.LightFunctionQuality:1]]
[2020.08.31-21.47.31:389][  0]LogConfig: Setting CVar [[r.ShadowQuality:5]]
[2020.08.31-21.47.31:389][  0]LogConfig: Setting CVar [[r.Shadow.CSM.MaxCascades:10]]
[2020.08.31-21.47.31:389][  0]LogConfig: Setting CVar [[r.Shadow.MaxResolution:2048]]
[2020.08.31-21.47.31:389][  0]LogConfig: Setting CVar [[r.Shadow.MaxCSMResolution:2048]]
[2020.08.31-21.47.31:389][  0]LogConfig: Setting CVar [[r.Shadow.RadiusThreshold:0.01]]
[2020.08.31-21.47.31:389][  0]LogConfig: Setting CVar [[r.Shadow.DistanceScale:1.0]]
[2020.08.31-21.47.31:389][  0]LogConfig: Setting CVar [[r.Shadow.CSM.TransitionScale:1.0]]
[2020.08.31-21.47.31:389][  0]LogConfig: Setting CVar [[r.Shadow.PreShadowResolutionFactor:1.0]]
[2020.08.31-21.47.31:389][  0]LogConfig: Setting CVar [[r.DistanceFieldShadowing:1]]
[2020.08.31-21.47.31:389][  0]LogConfig: Setting CVar [[r.DistanceFieldAO:1]]
[2020.08.31-21.47.31:389][  0]LogConfig: Setting CVar [[r.AOQuality:2]]
[2020.08.31-21.47.31:389][  0]LogConfig: Setting CVar [[r.VolumetricFog:1]]
[2020.08.31-21.47.31:389][  0]LogConfig: Setting CVar [[r.VolumetricFog.GridPixelSize:8]]
[2020.08.31-21.47.31:389][  0]LogConfig: Setting CVar [[r.VolumetricFog.GridSizeZ:128]]
[2020.08.31-21.47.31:389][  0]LogConfig: Setting CVar [[r.VolumetricFog.HistoryMissSupersampleCount:4]]
[2020.08.31-21.47.31:389][  0]LogConfig: Setting CVar [[r.LightMaxDrawDistanceScale:1]]
[2020.08.31-21.47.31:389][  0]LogConfig: Setting CVar [[r.CapsuleShadows:1]]
[2020.08.31-21.47.31:389][  0]LogConfig: Applying CVar settings from Section [PostProcessQuality@3] File [D:/Down2DieInventory/StructureInventory/project/Saved/Config/Windows/Scalability.ini]
[2020.08.31-21.47.31:389][  0]LogConfig: Setting CVar [[r.MotionBlurQuality:4]]
[2020.08.31-21.47.31:389][  0]LogConfig: Setting CVar [[r.AmbientOcclusionMipLevelFactor:0.4]]
[2020.08.31-21.47.31:389][  0]LogConfig: Setting CVar [[r.AmbientOcclusionMaxQuality:100]]
[2020.08.31-21.47.31:389][  0]LogConfig: Setting CVar [[r.AmbientOcclusionLevels:-1]]
[2020.08.31-21.47.31:389][  0]LogConfig: Setting CVar [[r.AmbientOcclusionRadiusScale:1.0]]
[2020.08.31-21.47.31:389][  0]LogConfig: Setting CVar [[r.DepthOfFieldQuality:2]]
[2020.08.31-21.47.31:389][  0]LogConfig: Setting CVar [[r.RenderTargetPoolMin:400]]
[2020.08.31-21.47.31:389][  0]LogConfig: Setting CVar [[r.LensFlareQuality:2]]
[2020.08.31-21.47.31:389][  0]LogConfig: Setting CVar [[r.SceneColorFringeQuality:1]]
[2020.08.31-21.47.31:389][  0]LogConfig: Setting CVar [[r.EyeAdaptationQuality:2]]
[2020.08.31-21.47.31:389][  0]LogConfig: Setting CVar [[r.BloomQuality:5]]
[2020.08.31-21.47.31:389][  0]LogConfig: Setting CVar [[r.FastBlurThreshold:100]]
[2020.08.31-21.47.31:389][  0]LogConfig: Setting CVar [[r.Upscale.Quality:3]]
[2020.08.31-21.47.31:389][  0]LogConfig: Setting CVar [[r.Tonemapper.GrainQuantization:1]]
[2020.08.31-21.47.31:389][  0]LogConfig: Setting CVar [[r.LightShaftQuality:1]]
[2020.08.31-21.47.31:389][  0]LogConfig: Setting CVar [[r.Filter.SizeScale:1]]
[2020.08.31-21.47.31:389][  0]LogConfig: Setting CVar [[r.Tonemapper.Quality:5]]
[2020.08.31-21.47.31:389][  0]LogConfig: Setting CVar [[r.DOF.Gather.AccumulatorQuality:1        ; higher gathering accumulator quality]]
[2020.08.31-21.47.31:389][  0]LogConfig: Setting CVar [[r.DOF.Gather.PostfilterMethod:1          ; Median3x3 postfilering method]]
[2020.08.31-21.47.31:389][  0]LogConfig: Setting CVar [[r.DOF.Gather.EnableBokehSettings:0       ; no bokeh simulation when gathering]]
[2020.08.31-21.47.31:389][  0]LogConfig: Setting CVar [[r.DOF.Gather.RingCount:4                 ; medium number of samples when gathering]]
[2020.08.31-21.47.31:389][  0]LogConfig: Setting CVar [[r.DOF.Scatter.ForegroundCompositing:1    ; additive foreground scattering]]
[2020.08.31-21.47.31:389][  0]LogConfig: Setting CVar [[r.DOF.Scatter.BackgroundCompositing:2    ; additive background scattering]]
[2020.08.31-21.47.31:389][  0]LogConfig: Setting CVar [[r.DOF.Scatter.EnableBokehSettings:1      ; bokeh simulation when scattering]]
[2020.08.31-21.47.31:389][  0]LogConfig: Setting CVar [[r.DOF.Scatter.MaxSpriteRatio:0.1         ; only a maximum of 10% of scattered bokeh]]
[2020.08.31-21.47.31:389][  0]LogConfig: Setting CVar [[r.DOF.Recombine.Quality:1                ; cheap slight out of focus]]
[2020.08.31-21.47.31:389][  0]LogConfig: Setting CVar [[r.DOF.Recombine.EnableBokehSettings:0    ; no bokeh simulation on slight out of focus]]
[2020.08.31-21.47.31:389][  0]LogConfig: Setting CVar [[r.DOF.TemporalAAQuality:1                ; more stable temporal accumulation]]
[2020.08.31-21.47.31:389][  0]LogConfig: Setting CVar [[r.DOF.Kernel.MaxForegroundRadius:0.025]]
[2020.08.31-21.47.31:389][  0]LogConfig: Setting CVar [[r.DOF.Kernel.MaxBackgroundRadius:0.025]]
[2020.08.31-21.47.31:389][  0]LogConfig: Applying CVar settings from Section [TextureQuality@3] File [D:/Down2DieInventory/StructureInventory/project/Saved/Config/Windows/Scalability.ini]
[2020.08.31-21.47.31:390][  0]LogConfig: Setting CVar [[r.Streaming.MipBias:0]]
[2020.08.31-21.47.31:390][  0]LogConfig: Setting CVar [[r.Streaming.AmortizeCPUToGPUCopy:0]]
[2020.08.31-21.47.31:390][  0]LogConfig: Setting CVar [[r.Streaming.MaxNumTexturesToStreamPerFrame:0]]
[2020.08.31-21.47.31:390][  0]LogConfig: Setting CVar [[r.Streaming.Boost:1]]
[2020.08.31-21.47.31:390][  0]LogConfig: Setting CVar [[r.MaxAnisotropy:8]]
[2020.08.31-21.47.31:390][  0]LogConfig: Setting CVar [[r.Streaming.LimitPoolSizeToVRAM:0]]
[2020.08.31-21.47.31:390][  0]LogConfig: Setting CVar [[r.Streaming.PoolSize:1000]]
[2020.08.31-21.47.31:390][  0]LogConfig: Setting CVar [[r.Streaming.MaxEffectiveScreenSize:0]]
[2020.08.31-21.47.31:390][  0]LogConfig: Applying CVar settings from Section [EffectsQuality@3] File [D:/Down2DieInventory/StructureInventory/project/Saved/Config/Windows/Scalability.ini]
[2020.08.31-21.47.31:390][  0]LogConfig: Setting CVar [[r.TranslucencyLightingVolumeDim:64]]
[2020.08.31-21.47.31:390][  0]LogConfig: Setting CVar [[r.RefractionQuality:2]]
[2020.08.31-21.47.31:390][  0]LogConfig: Setting CVar [[r.SSR.Quality:3]]
[2020.08.31-21.47.31:390][  0]LogConfig: Setting CVar [[r.SceneColorFormat:4]]
[2020.08.31-21.47.31:390][  0]LogConfig: Setting CVar [[r.DetailMode:2]]
[2020.08.31-21.47.31:390][  0]LogConfig: Setting CVar [[r.TranslucencyVolumeBlur:1]]
[2020.08.31-21.47.31:390][  0]LogConfig: Setting CVar [[r.MaterialQualityLevel:1 ; High quality]]
[2020.08.31-21.47.31:390][  0]LogConfig: Setting CVar [[r.SSS.Scale:1]]
[2020.08.31-21.47.31:390][  0]LogConfig: Setting CVar [[r.SSS.SampleSet:2]]
[2020.08.31-21.47.31:390][  0]LogConfig: Setting CVar [[r.SSS.Quality:1]]
[2020.08.31-21.47.31:390][  0]LogConfig: Setting CVar [[r.SSS.HalfRes:1]]
[2020.08.31-21.47.31:390][  0]LogConfig: Setting CVar [[r.EmitterSpawnRateScale:1.0]]
[2020.08.31-21.47.31:390][  0]LogConfig: Setting CVar [[r.ParticleLightQuality:2]]
[2020.08.31-21.47.31:390][  0]LogConfig: Applying CVar settings from Section [FoliageQuality@3] File [D:/Down2DieInventory/StructureInventory/project/Saved/Config/Windows/Scalability.ini]
[2020.08.31-21.47.31:390][  0]LogConfig: Setting CVar [[foliage.DensityScale:1.0]]
[2020.08.31-21.47.31:390][  0]LogConfig: Setting CVar [[grass.DensityScale:1.0]]
[2020.08.31-21.47.31:390][  0]LogConfig: Applying CVar settings from Section [Startup] File [../../../Engine/Config/ConsoleVariables.ini]
[2020.08.31-21.47.31:390][  0]LogConfig: Setting CVar [[net.UseAdaptiveNetUpdateFrequency:0]]
[2020.08.31-21.47.31:390][  0]LogConfig: Setting CVar [[p.chaos.AllowCreatePhysxBodies:1]]
[2020.08.31-21.47.31:390][  0]LogConfig: Applying CVar settings from Section [ConsoleVariables] File [D:/Down2DieInventory/StructureInventory/project/Saved/Config/Windows/Engine.ini]
[2020.08.31-21.47.31:390][  0]LogInit: Computer: JOEYCOMPUTER
[2020.08.31-21.47.31:390][  0]LogInit: User: joeym
[2020.08.31-21.47.31:390][  0]LogInit: CPU Page size=4096, Cores=4
[2020.08.31-21.47.31:390][  0]LogInit: High frequency timer resolution =10.000000 MHz
[2020.08.31-21.47.31:390][  0]LogMemory: Memory total: Physical=15.9GB (16GB approx)
[2020.08.31-21.47.31:390][  0]LogMemory: Platform Memory Stats for Windows
[2020.08.31-21.47.31:391][  0]LogMemory: Process Physical Memory: 139.80 MB used, 139.80 MB peak
[2020.08.31-21.47.31:391][  0]LogMemory: Process Virtual Memory: 118.66 MB used, 118.66 MB peak
[2020.08.31-21.47.31:391][  0]LogMemory: Physical Memory: 9820.67 MB used,  6492.94 MB free, 16313.61 MB total
[2020.08.31-21.47.31:391][  0]LogMemory: Virtual Memory: 4827.37 MB used,  134212904.00 MB free, 134217728.00 MB total
[2020.08.31-21.47.31:396][  0]LogWindows: WindowsPlatformFeatures enabled
[2020.08.31-21.47.31:445][  0]LogInit: Using OS detected language (nl-NL).
[2020.08.31-21.47.31:445][  0]LogInit: Using OS detected locale (nl-NL).
[2020.08.31-21.47.31:446][  0]LogTextLocalizationManager: No localization for 'nl-NL' exists, so 'en' will be used for the language.
[2020.08.31-21.47.31:446][  0]LogTextLocalizationManager: No localization for 'nl-NL' exists, so 'en' will be used for the locale.
[2020.08.31-21.47.31:679][  0]LogSlate: New Slate User Created.  User Index 0, Is Virtual User: 0
[2020.08.31-21.47.31:679][  0]LogSlate: Slate User Registered.  User Index 0, Is Virtual User: 0
[2020.08.31-21.47.31:694][  0]LogHMD: Failed to initialize OpenVR with code 110
[2020.08.31-21.47.31:694][  0]LogD3D11RHI: D3D11 adapters:
[2020.08.31-21.47.31:792][  0]LogD3D11RHI:    0. 'NVIDIA GeForce GTX 1080' (Feature Level 11_0)
[2020.08.31-21.47.31:792][  0]LogD3D11RHI:       8079/0/8156 MB DedicatedVideo/DedicatedSystem/SharedSystem, Outputs:2, VendorId:0x10de
[2020.08.31-21.47.31:798][  0]LogD3D11RHI:    1. 'Microsoft Basic Render Driver' (Feature Level 11_0)
[2020.08.31-21.47.31:798][  0]LogD3D11RHI:       0/0/8156 MB DedicatedVideo/DedicatedSystem/SharedSystem, Outputs:0, VendorId:0x1414
[2020.08.31-21.47.31:798][  0]LogD3D11RHI: Chosen D3D11 Adapter: 0
[2020.08.31-21.47.31:813][  0]LogD3D11RHI: Creating new Direct3DDevice
[2020.08.31-21.47.31:814][  0]LogD3D11RHI:     GPU DeviceId: 0x1b80 (for the marketing name, search the web for "GPU Device Id")
[2020.08.31-21.47.31:814][  0]LogWindows: EnumDisplayDevices:
[2020.08.31-21.47.31:815][  0]LogWindows:    0. 'NVIDIA GeForce GTX 1080' (P:0 D:1)
[2020.08.31-21.47.31:815][  0]LogWindows:    1. 'NVIDIA GeForce GTX 1080' (P:1 D:1)
[2020.08.31-21.47.31:815][  0]LogWindows:    2. 'NVIDIA GeForce GTX 1080' (P:0 D:0)
[2020.08.31-21.47.31:815][  0]LogWindows:    3. 'NVIDIA GeForce GTX 1080' (P:0 D:0)
[2020.08.31-21.47.31:816][  0]LogWindows: DebugString: FoundDriverCount:4 
[2020.08.31-21.47.31:816][  0]LogD3D11RHI:     Adapter Name: NVIDIA GeForce GTX 1080
[2020.08.31-21.47.31:816][  0]LogD3D11RHI:   Driver Version: 451.67 (internal:27.21.14.5167, unified:451.67)
[2020.08.31-21.47.31:816][  0]LogD3D11RHI:      Driver Date: 7-5-2020
[2020.08.31-21.47.31:816][  0]LogRHI: Texture pool is 5655 MB (70% of 8079 MB)
[2020.08.31-21.47.31:885][  0]LogD3D11RHI: Async texture creation enabled
[2020.08.31-21.47.31:895][  0]LogD3D11RHI: GPU Timing Frequency: 1000.000000 (Debug: 2 1)
[2020.08.31-21.47.32:243][  0]LogTemp: Display: Module 'WindowsClientTargetPlatform' loaded TargetPlatform 'WindowsClient'
[2020.08.31-21.47.32:249][  0]LogTemp: Display: Module 'WindowsNoEditorTargetPlatform' loaded TargetPlatform 'WindowsNoEditor'
[2020.08.31-21.47.32:256][  0]LogTemp: Display: Module 'WindowsServerTargetPlatform' loaded TargetPlatform 'WindowsServer'
[2020.08.31-21.47.32:260][  0]LogTemp: Display: Module 'WindowsTargetPlatform' loaded TargetPlatform 'Windows'
[2020.08.31-21.47.32:260][  0]LogTargetPlatformManager: Display: Building Assets For Windows
[2020.08.31-21.47.32:271][  0]LogAudioDebug: Display: Lib vorbis DLL was dynamically loaded.
[2020.08.31-21.47.32:321][  0]LogShaderCompilers: Guid format shader working directory is -16 characters bigger than the processId version (../../../../../../Down2DieInventory/StructureInventory/project/Intermediate/Shaders/WorkingDirectory/6460/).
[2020.08.31-21.47.32:321][  0]LogShaderCompilers: Cleaned the shader compiler working directory 'C:/Users/joeym/AppData/Local/Temp/UnrealShaderWorkingDir/7AC83DC44DDD6E176E0E6AAA67F20258/'.
[2020.08.31-21.47.32:324][  0]LogXGEController: Cannot use XGE Controller as Incredibuild is not installed on this machine.
[2020.08.31-21.47.32:324][  0]LogShaderCompilers: Cannot use XGE Shader Compiler as Incredibuild is not installed on this machine.
[2020.08.31-21.47.32:324][  0]LogShaderCompilers: Display: Using Local Shader Compiler.
[2020.08.31-21.47.32:863][  0]LogDerivedDataCache: Display: Max Cache Size: 512 MB
[2020.08.31-21.47.32:916][  0]LogDerivedDataCache: Loaded boot cache 0.05s 74MB C:/Users/joeym/AppData/Local/UnrealEngine/4.23/DerivedDataCache/Boot.ddc.
[2020.08.31-21.47.32:916][  0]LogDerivedDataCache: Display: Loaded Boot cache: C:/Users/joeym/AppData/Local/UnrealEngine/4.23/DerivedDataCache/Boot.ddc
[2020.08.31-21.47.32:916][  0]LogDerivedDataCache: FDerivedDataBackendGraph:  Pak pak cache file ../../../../../../Down2DieInventory/StructureInventory/project/DerivedDataCache/DDC.ddp not found, will not use a pak cache.
[2020.08.31-21.47.32:916][  0]LogDerivedDataCache: Unable to find inner node Pak for hierarchical cache Hierarchy.
[2020.08.31-21.47.32:916][  0]LogDerivedDataCache: FDerivedDataBackendGraph:  CompressedPak pak cache file ../../../../../../Down2DieInventory/StructureInventory/project/DerivedDataCache/Compressed.ddp not found, will not use a pak cache.
[2020.08.31-21.47.32:916][  0]LogDerivedDataCache: Unable to find inner node CompressedPak for hierarchical cache Hierarchy.
[2020.08.31-21.47.32:925][  0]LogDerivedDataCache: Display: Pak cache opened for reading ../../../Engine/DerivedDataCache/Compressed.ddp.
[2020.08.31-21.47.32:927][  0]LogDerivedDataCache: Display: Pak cache opened for reading ../../../Enterprise/DerivedDataCache/Compressed.ddp.
[2020.08.31-21.47.32:928][  0]LogDerivedDataCache: Using Local data cache path C:/Users/joeym/AppData/Local/UnrealEngine/Common/DerivedDataCache: Writable
[2020.08.31-21.47.32:928][  0]LogDerivedDataCache: Shared data cache path not found in *engine.ini, will not use an Shared cache.
[2020.08.31-21.47.32:928][  0]LogDerivedDataCache: Unable to find inner node Shared for hierarchical cache Hierarchy.
[2020.08.31-21.47.32:953][  0]LogMaterial: Verifying Global Shaders for PCD3D_SM5
[2020.08.31-21.47.32:955][  0]LogSlate: Using FreeType 2.6.0
[2020.08.31-21.47.32:956][  0]LogSlate: SlateFontServices - WITH_FREETYPE: 1, WITH_HARFBUZZ: 1
[2020.08.31-21.47.33:099][  0]LogInit: Using OS detected language (nl-NL).
[2020.08.31-21.47.33:099][  0]LogInit: Using OS detected locale (nl-NL).
[2020.08.31-21.47.33:099][  0]LogTextLocalizationManager: No localization for 'nl-NL' exists, so 'en' will be used for the language.
[2020.08.31-21.47.33:099][  0]LogTextLocalizationManager: No localization for 'nl-NL' exists, so 'en' will be used for the locale.
[2020.08.31-21.47.33:101][  0]LogTextLocalizationManager: Compacting localization data took   0.00ms
[2020.08.31-21.47.33:105][  0]LogAssetRegistry: FAssetRegistry took 0.0016 seconds to start up
[2020.08.31-21.47.33:289][  0]LogPackageLocalizationCache: Processed 18 localized package path(s) for 1 prioritized culture(s) in 0.000791 seconds
[2020.08.31-21.47.33:346][  0]LogInit: Selected Device Profile: [Windows]
[2020.08.31-21.47.33:484][  0]LogMeshReduction: Using QuadricMeshReduction for automatic static mesh reduction
[2020.08.31-21.47.33:484][  0]LogMeshReduction: Using SimplygonMeshReduction for automatic skeletal mesh reduction
[2020.08.31-21.47.33:484][  0]LogMeshReduction: Using ProxyLODMeshReduction for automatic mesh merging
[2020.08.31-21.47.33:484][  0]LogMeshReduction: No distributed automatic mesh merging module available
[2020.08.31-21.47.33:485][  0]LogMeshMerging: No distributed automatic mesh merging module available
[2020.08.31-21.47.33:494][  0]LogNetVersion: InventorySystemThing 1.0.0, NetCL: 8386587, EngineNetVer: 11, GameNetVer: 0 (Checksum: 843839388)
[2020.08.31-21.47.34:027][  0]LogMoviePlayer: Initializing movie player
[2020.08.31-21.47.34:137][  0]LogTcpMessaging: Initializing TcpMessaging bridge
[2020.08.31-21.47.34:140][  0]LogUdpMessaging: Initializing bridge on interface 0.0.0.0:0 to multicast group 230.0.0.1:6666.
[2020.08.31-21.47.34:185][  0]SourceControl: Source control is disabled
[2020.08.31-21.47.34:185][  0]SourceControl: Source control is disabled
[2020.08.31-21.47.34:187][  0]SourceControl: Source control is disabled
[2020.08.31-21.47.34:275][  0]LogAndroidPermission: UAndroidPermissionCallbackProxy::GetInstance
[2020.08.31-21.47.34:439][  0]LogOcInput: OculusInput pre-init called
[2020.08.31-21.47.34:449][  0]LogUObjectArray: 49554 objects as part of root set at end of initial load.
[2020.08.31-21.47.34:449][  0]LogUObjectAllocator: 8737800 out of 0 bytes used by permanent object pool.
[2020.08.31-21.47.34:449][  0]LogUObjectArray: CloseDisregardForGC: 0/0 objects in disregard for GC pool
[2020.08.31-21.47.34:498][  0]LogEngine: Initializing Engine...
[2020.08.31-21.47.34:499][  0]LogHMD: Failed to initialize OpenVR with code 110
[2020.08.31-21.47.34:501][  0]LogStats: UGameplayTagsManager::InitializeManager -  0.000 s
[2020.08.31-21.47.34:683][  0]LogInit: Initializing FReadOnlyCVARCache
[2020.08.31-21.47.34:720][  0]LogInit: XAudio2 using 'Hoofdtelefoon (Arctis 7 Game)' : 2 channels at 48 kHz using 16 bits per sample (channel mask 0x3)
[2020.08.31-21.47.34:759][  0]LogInit: FAudioDevice initialized.
[2020.08.31-21.47.34:760][  0]LogNetVersion: Set ProjectVersion to 1.0.0.0. Version Checksum will be recalculated on next use.
[2020.08.31-21.47.34:771][  0]LogInit: Texture streaming: Enabled
[2020.08.31-21.47.34:930][  0]AdvancedFriendsInterfaceLog: Warning: UAdvancedFriendsInstance Failed to get voice interface!
[2020.08.31-21.47.34:932][  0]LogSlate: Updating window title bar state: overlay mode, drag disabled, window buttons hidden, title bar hidden
[2020.08.31-21.47.34:933][  0]LogInit: Display: Game Engine Initialized.
[2020.08.31-21.47.34:983][  0]LogInit: Display: Starting Game.
[2020.08.31-21.47.34:983][  0]LogNet: Browse: /Game/MyLevel?Name=Player
[2020.08.31-21.47.34:983][  0]LogLoad: LoadMap: /Game/MyLevel?Name=Player
[2020.08.31-21.47.34:983][  0]LogWorld: BeginTearingDown for /Temp/Untitled_0
[2020.08.31-21.47.34:984][  0]LogWorld: UWorld::CleanupWorld for Untitled, bSessionEnded=true, bCleanupResources=true
[2020.08.31-21.47.35:004][  0]LogUObjectHash: Compacting FUObjectHashTables data took   1.46ms
[2020.08.31-21.47.35:215][  0]LogAIModule: Creating AISystem for world MyLevel
[2020.08.31-21.47.35:215][  0]LogLoad: Game class is 'MyGamemode_C'
[2020.08.31-21.47.35:218][  0]LogWorld: Bringing World /Game/MyLevel.MyLevel up for play (max tick rate 0) at 2020.08.31-23.47.35
[2020.08.31-21.47.35:219][  0]LogWorld: Bringing up level for play took: 0.002519
[2020.08.31-21.47.35:240][  0]LogBlueprintUserMessages: [MyPlayer_C_0] 10
[2020.08.31-21.47.35:240][  0]LogLoad: Took 0.257056 seconds to LoadMap(/Game/MyLevel)
[2020.08.31-21.47.35:248][  0]LogSlate: Took 0.000243 seconds to synchronously load lazily loaded font '../../../Engine/Content/Slate/Fonts/Roboto-Regular.ttf' (155K)
[2020.08.31-21.47.35:273][  0]LogRenderer: Reallocating scene render targets to support 1280x720 Format 10 NumSamples 1 (Frame:1).
[2020.08.31-21.47.35:273][  0]LogLoad: (Engine Initialization) Total time: 6.61 seconds
[2020.08.31-21.47.35:273][  0]LogLoad: (Engine Initialization) Total Blueprint compile time: 0.00 seconds
[2020.08.31-21.47.35:303][  0]LogContentStreaming: Texture pool size now 1000 MB
[2020.08.31-21.47.35:318][  2]LogRenderer: Reallocating scene render targets to support 128x128 Format 10 NumSamples 1 (Frame:1).
[2020.08.31-21.47.35:352][  2]LogRenderer: Reallocating scene render targets to support 1280x720 Format 10 NumSamples 1 (Frame:2).
[2020.08.31-21.47.41:838][397]LogOnlineSession: Verbose: OSS: dumping NamedSession: 
[2020.08.31-21.47.41:838][397]LogOnlineSession: Verbose: OSS: 	SessionName: GameSession
[2020.08.31-21.47.41:838][397]LogOnlineSession: Verbose: OSS: 	HostingPlayerNum: 0
[2020.08.31-21.47.41:838][397]LogOnlineSession: Verbose: OSS: 	SessionState: Pending
[2020.08.31-21.47.41:838][397]LogOnlineSession: Verbose: OSS: 	RegisteredPlayers: 
[2020.08.31-21.47.41:838][397]LogOnlineSession: Verbose: OSS: 	    0 registered players
[2020.08.31-21.47.41:838][397]LogOnlineSession: Verbose: OSS: dumping Session: 
[2020.08.31-21.47.41:838][397]LogOnlineSession: Verbose: OSS: 	OwningPlayerName: Joey
[2020.08.31-21.47.41:839][397]LogOnlineSession: Verbose: OSS: 	OwningPlayerId: Joey [0x2192FA92AA0]
[2020.08.31-21.47.41:839][397]LogOnlineSession: Verbose: OSS: 	NumOpenPrivateConnections: 0
[2020.08.31-21.47.41:839][397]LogOnlineSession: Verbose: OSS: 	NumOpenPublicConnections: 99
[2020.08.31-21.47.41:839][397]LogOnlineSession: Verbose: OSS: 	SessionInfo: HostIP: INVALID SteamP2P: 76561198109054226:7777 Type: Lobby session SessionId: Lobby[0x18600000B85C0AA]
[2020.08.31-21.47.41:839][397]LogOnlineSession: Verbose: OSS: dumping SessionSettings: 
[2020.08.31-21.47.41:839][397]LogOnlineSession: Verbose: OSS: 	NumPublicConnections: 100
[2020.08.31-21.47.41:839][397]LogOnlineSession: Verbose: OSS: 	NumPrivateConnections: 0
[2020.08.31-21.47.41:839][397]LogOnlineSession: Verbose: OSS: 	bIsLanMatch: false
[2020.08.31-21.47.41:839][397]LogOnlineSession: Verbose: OSS: 	bIsDedicated: false
[2020.08.31-21.47.41:839][397]LogOnlineSession: Verbose: OSS: 	bUsesStats: false
[2020.08.31-21.47.41:839][397]LogOnlineSession: Verbose: OSS: 	bShouldAdvertise: true
[2020.08.31-21.47.41:839][397]LogOnlineSession: Verbose: OSS: 	bAllowJoinInProgress: true
[2020.08.31-21.47.41:839][397]LogOnlineSession: Verbose: OSS: 	bAllowInvites: true
[2020.08.31-21.47.41:839][397]LogOnlineSession: Verbose: OSS: 	bUsesPresence: true
[2020.08.31-21.47.41:839][397]LogOnlineSession: Verbose: OSS: 	bAllowJoinViaPresence: true
[2020.08.31-21.47.41:839][397]LogOnlineSession: Verbose: OSS: 	bAllowJoinViaPresenceFriendsOnly: false
[2020.08.31-21.47.41:839][397]LogOnlineSession: Verbose: OSS: 	BuildUniqueId: 0x007ff81b
[2020.08.31-21.47.41:839][397]LogOnlineSession: Verbose: OSS: 	Settings:
[2020.08.31-21.47.41:839][397]LogOnlineSession: Verbose: OSS: 		INVENTORY=INVENTORYKEY : OnlineService
[2020.08.31-21.47.41:853][397]LogNet: Browse: /Game/MyLevel?listen
[2020.08.31-21.47.41:853][397]LogLoad: LoadMap: /Game/MyLevel?listen
[2020.08.31-21.47.41:853][397]LogWorld: BeginTearingDown for /Game/MyLevel
[2020.08.31-21.47.41:853][397]LogWorld: UWorld::CleanupWorld for MyLevel, bSessionEnded=true, bCleanupResources=true
[2020.08.31-21.47.41:884][397]LogUObjectHash: Compacting FUObjectHashTables data took   1.67ms
[2020.08.31-21.47.42:083][397]LogAIModule: Creating AISystem for world MyLevel
[2020.08.31-21.47.42:083][397]LogLoad: Game class is 'MyGamemode_C'
[2020.08.31-21.47.42:083][397]LogTemp: Display: ParseSettings for GameNetDriver
[2020.08.31-21.47.42:083][397]LogTemp: Display: ParseSettings for SteamNetDriver_0
[2020.08.31-21.47.42:083][397]LogTemp: Display: ParseSettings for GameNetDriver
[2020.08.31-21.47.42:083][397]LogNet: ReplicationDriverClass is null! Not using ReplicationDriver.
[2020.08.31-21.47.42:083][397]PacketHandlerLog: DDoS detection status: detection enabled: 0 analytics enabled: 0
[2020.08.31-21.47.42:084][397]LogNet: Display: SteamNetDriver_0 bound to port 7777
[2020.08.31-21.47.42:084][397]PacketHandlerLog: Loaded PacketHandler component: Engine.EngineHandlerComponentFactory (StatelessConnectHandlerComponent)
[2020.08.31-21.47.42:084][397]LogNet: GameNetDriver SteamNetDriver_0 IpNetDriver listening on port 7777
[2020.08.31-21.47.42:085][397]LogWorld: Bringing World /Game/MyLevel.MyLevel up for play (max tick rate 0) at 2020.08.31-23.47.42
[2020.08.31-21.47.42:086][397]LogWorld: Bringing up level for play took: 0.001263
[2020.08.31-21.47.42:087][397]LogBlueprintUserMessages: [MyPlayer_C_0] 10
[2020.08.31-21.47.42:088][397]LogLoad: Took 0.235329 seconds to LoadMap(/Game/MyLevel)
[2020.08.31-21.48.21:294][828]LogOnlineSession: STEAM: Updating lobby joinability to true.
[2020.08.31-21.48.21:810][860]LogOnline: STEAM: Adding P2P connection information with user 76561198369494285 (Name: bluebunny1810 [0x2192FA92B00])
[2020.08.31-21.48.25:358][ 79]LogNet: NotifyAcceptingConnection accepted from: 76561198369494285:7777
[2020.08.31-21.48.25:358][ 79]LogHandshake: SendConnectChallenge. Timestamp: 43.520889, Cookie: 159183201140161243018243145082039149114159026055152031049250
[2020.08.31-21.48.25:358][ 79]LogNet: NotifyAcceptingConnection accepted from: 76561198369494285:7777
[2020.08.31-21.48.25:358][ 79]LogHandshake: SendConnectChallenge. Timestamp: 43.520889, Cookie: 159183201140161243018243145082039149114159026055152031049250
[2020.08.31-21.48.25:358][ 79]LogNet: NotifyAcceptingConnection accepted from: 76561198369494285:7777
[2020.08.31-21.48.25:358][ 79]LogHandshake: SendConnectChallenge. Timestamp: 43.520889, Cookie: 159183201140161243018243145082039149114159026055152031049250
[2020.08.31-21.48.25:359][ 79]LogNet: NotifyAcceptingConnection accepted from: 76561198369494285:7777
[2020.08.31-21.48.25:359][ 79]LogHandshake: SendConnectChallenge. Timestamp: 43.520889, Cookie: 159183201140161243018243145082039149114159026055152031049250
[2020.08.31-21.48.25:390][ 81]LogNet: NotifyAcceptingConnection accepted from: 76561198369494285:7777
[2020.08.31-21.48.25:390][ 81]LogHandshake: SendChallengeAck. InCookie: 159183201140161243018243145082039149114159026055152031049250
[2020.08.31-21.48.25:391][ 81]LogNet: Server accepting post-challenge connection from: 76561198369494285:7777
[2020.08.31-21.48.25:391][ 81]PacketHandlerLog: Loaded PacketHandler component: Engine.EngineHandlerComponentFactory (StatelessConnectHandlerComponent)
[2020.08.31-21.48.25:391][ 81]LogOnline: STEAM: Adding user 76561198369494285:7777 from RegisterConnection
[2020.08.31-21.48.25:391][ 81]LogNet: NotifyAcceptedConnection: Name: MyLevel, TimeStamp: 08/31/20 23:48:25, [UNetConnection] RemoteAddr: 76561198369494285:7777, Name: SteamNetConnection_0, Driver: GameNetDriver SteamNetDriver_0, IsServer: YES, PC: NULL, Owner: NULL, UniqueId: INVALID
[2020.08.31-21.48.25:391][ 81]LogNet: AddClientConnection: Added client connection: [UNetConnection] RemoteAddr: 76561198369494285:7777, Name: SteamNetConnection_0, Driver: GameNetDriver SteamNetDriver_0, IsServer: YES, PC: NULL, Owner: NULL, UniqueId: INVALID
[2020.08.31-21.48.25:391][ 81]LogHandshake: Received unexpected post-connect handshake packet - resending ack for LastChallengeSuccessAddress 76561198369494285:7777 and LastCookie 159183201140161243018243145082039149114159026055152031049250.
[2020.08.31-21.48.25:391][ 81]LogHandshake: SendChallengeAck. InCookie: 159183201140161243018243145082039149114159026055152031049250
[2020.08.31-21.48.25:391][ 81]LogHandshake: Received unexpected post-connect handshake packet - resending ack for LastChallengeSuccessAddress 76561198369494285:7777 and LastCookie 159183201140161243018243145082039149114159026055152031049250.
[2020.08.31-21.48.25:391][ 81]LogHandshake: SendChallengeAck. InCookie: 159183201140161243018243145082039149114159026055152031049250
[2020.08.31-21.48.25:392][ 81]LogHandshake: Received unexpected post-connect handshake packet - resending ack for LastChallengeSuccessAddress 76561198369494285:7777 and LastCookie 159183201140161243018243145082039149114159026055152031049250.
[2020.08.31-21.48.25:392][ 81]LogHandshake: SendChallengeAck. InCookie: 159183201140161243018243145082039149114159026055152031049250
[2020.08.31-21.48.25:423][ 83]LogNet: NotifyAcceptingChannel Control 0 server World /Game/MyLevel.MyLevel: Accepted
[2020.08.31-21.48.25:423][ 83]LogNet: Remote platform little endian=1
[2020.08.31-21.48.25:423][ 83]LogNet: This platform little endian=1
[2020.08.31-21.48.25:423][ 83]LogNetVersion: InventorySystemThing 1.0.0.0, NetCL: 8386587, EngineNetVer: 11, GameNetVer: 0 (Checksum: 3987550767)
[2020.08.31-21.48.25:455][ 85]LogNet: Login request: /Game/MyLevel?Name=bluebunny1810 userId: STEAM:bluebunny1810 [0x2192FA92B00] platform: STEAM
[2020.08.31-21.48.25:487][ 87]LogNet: Client netspeed is 10000
[2020.08.31-21.48.25:713][101]LogNet: Join request: /Game/MyLevel?Name=bluebunny1810?SplitscreenCount=1
[2020.08.31-21.48.25:715][101]LogBlueprintUserMessages: [MyPlayer_C_1] 10
[2020.08.31-21.48.25:715][101]LogNet: Join succeeded: bluebunny1810
[2020.08.31-21.48.35:311][696]LogBlueprintUserMessages: [None] Called Loop
[2020.08.31-21.48.35:311][696]LogBlueprintUserMessages: [None] looped
[2020.08.31-21.50.05:883][308]LogBlueprintUserMessages: [None] Called Loop
[2020.08.31-21.50.05:883][308]LogBlueprintUserMessages: [None] INVENTORY FULL!
[2020.08.31-21.50.05:883][308]LogBlueprintUserMessages: [None] INVENTORY FULL!
[2020.08.31-21.50.05:883][308]LogBlueprintUserMessages: [None] looped
[2020.08.31-21.50.06:690][358]LogBlueprintUserMessages: [None] Called Loop
[2020.08.31-21.50.06:690][358]LogBlueprintUserMessages: [None] INVENTORY FULL!
[2020.08.31-21.50.06:691][358]LogBlueprintUserMessages: [None] INVENTORY FULL!
[2020.08.31-21.50.06:691][358]LogBlueprintUserMessages: [None] looped
[2020.08.31-21.50.06:980][376]LogBlueprintUserMessages: [None] Called Loop
[2020.08.31-21.50.06:980][376]LogBlueprintUserMessages: [None] INVENTORY FULL!
[2020.08.31-21.50.06:980][376]LogBlueprintUserMessages: [None] INVENTORY FULL!
[2020.08.31-21.50.06:980][376]LogBlueprintUserMessages: [None] looped
[2020.08.31-21.50.07:432][404]LogBlueprintUserMessages: [None] Called Loop
[2020.08.31-21.50.07:432][404]LogBlueprintUserMessages: [None] INVENTORY FULL!
[2020.08.31-21.50.07:432][404]LogBlueprintUserMessages: [None] INVENTORY FULL!
[2020.08.31-21.50.07:432][404]LogBlueprintUserMessages: [None] looped
[2020.08.31-21.50.10:368][586]LogBlueprintUserMessages: [None] Called Loop
[2020.08.31-21.50.10:368][586]LogBlueprintUserMessages: [None] INVENTORY FULL!
[2020.08.31-21.50.10:368][586]LogBlueprintUserMessages: [None] INVENTORY FULL!
[2020.08.31-21.50.10:368][586]LogBlueprintUserMessages: [None] looped
[2020.08.31-21.50.10:577][599]LogBlueprintUserMessages: [None] Called Loop
[2020.08.31-21.50.10:577][599]LogBlueprintUserMessages: [None] INVENTORY FULL!
[2020.08.31-21.50.10:577][599]LogBlueprintUserMessages: [None] INVENTORY FULL!
[2020.08.31-21.50.10:577][599]LogBlueprintUserMessages: [None] looped
[2020.08.31-21.50.10:723][608]LogBlueprintUserMessages: [None] Called Loop
[2020.08.31-21.50.10:723][608]LogBlueprintUserMessages: [None] INVENTORY FULL!
[2020.08.31-21.50.10:723][608]LogBlueprintUserMessages: [None] INVENTORY FULL!
[2020.08.31-21.50.10:723][608]LogBlueprintUserMessages: [None] looped
[2020.08.31-21.50.10:901][619]LogBlueprintUserMessages: [None] Called Loop
[2020.08.31-21.50.10:901][619]LogBlueprintUserMessages: [None] INVENTORY FULL!
[2020.08.31-21.50.10:901][619]LogBlueprintUserMessages: [None] INVENTORY FULL!
[2020.08.31-21.50.10:901][619]LogBlueprintUserMessages: [None] looped
[2020.08.31-21.50.12:062][691]LogBlueprintUserMessages: [None] Called Loop
[2020.08.31-21.50.12:062][691]LogBlueprintUserMessages: [None] looped
[2020.08.31-21.50.12:191][699]LogBlueprintUserMessages: [None] Called Loop
[2020.08.31-21.50.12:191][699]LogBlueprintUserMessages: [None] looped
[2020.08.31-21.50.12:369][710]LogBlueprintUserMessages: [None] Called Loop
[2020.08.31-21.50.12:369][710]LogBlueprintUserMessages: [None] looped
[2020.08.31-21.50.12:562][722]LogBlueprintUserMessages: [None] Called Loop
[2020.08.31-21.50.12:562][722]LogBlueprintUserMessages: [None] looped
[2020.08.31-21.50.12:756][734]LogBlueprintUserMessages: [None] Called Loop
[2020.08.31-21.50.12:756][734]LogBlueprintUserMessages: [None] looped
[2020.08.31-21.50.13:062][753]LogBlueprintUserMessages: [None] Called Loop
[2020.08.31-21.50.13:062][753]LogBlueprintUserMessages: [None] looped
[2020.08.31-21.50.14:111][818]LogBlueprintUserMessages: [None] Called Loop
[2020.08.31-21.50.14:111][818]LogBlueprintUserMessages: [None] INVENTORY FULL!
[2020.08.31-21.50.14:111][818]LogBlueprintUserMessages: [None] looped
[2020.08.31-21.50.14:288][829]LogBlueprintUserMessages: [None] Called Loop
[2020.08.31-21.50.14:288][829]LogBlueprintUserMessages: [None] INVENTORY FULL!
[2020.08.31-21.50.14:288][829]LogBlueprintUserMessages: [None] looped
[2020.08.31-21.50.14:418][837]LogBlueprintUserMessages: [None] Called Loop
[2020.08.31-21.50.14:418][837]LogBlueprintUserMessages: [None] INVENTORY FULL!
[2020.08.31-21.50.14:418][837]LogBlueprintUserMessages: [None] looped
[2020.08.31-21.50.14:562][846]LogBlueprintUserMessages: [None] Called Loop
[2020.08.31-21.50.14:562][846]LogBlueprintUserMessages: [None] INVENTORY FULL!
[2020.08.31-21.50.14:562][846]LogBlueprintUserMessages: [None] looped
[2020.08.31-21.50.14:708][855]LogBlueprintUserMessages: [None] Called Loop
[2020.08.31-21.50.14:708][855]LogBlueprintUserMessages: [None] INVENTORY FULL!
[2020.08.31-21.50.14:708][855]LogBlueprintUserMessages: [None] looped
[2020.08.31-21.50.15:466][902]LogBlueprintUserMessages: [None] Called Loop
[2020.08.31-21.50.15:466][902]LogBlueprintUserMessages: [None] INVENTORY FULL!
[2020.08.31-21.50.15:466][902]LogBlueprintUserMessages: [None] INVENTORY FULL!
[2020.08.31-21.50.15:466][902]LogBlueprintUserMessages: [None] looped
[2020.08.31-21.50.15:644][913]LogBlueprintUserMessages: [None] Called Loop
[2020.08.31-21.50.15:644][913]LogBlueprintUserMessages: [None] INVENTORY FULL!
[2020.08.31-21.50.15:644][913]LogBlueprintUserMessages: [None] INVENTORY FULL!
[2020.08.31-21.50.15:644][913]LogBlueprintUserMessages: [None] looped
[2020.08.31-21.50.15:804][923]LogBlueprintUserMessages: [None] Called Loop
[2020.08.31-21.50.15:804][923]LogBlueprintUserMessages: [None] INVENTORY FULL!
[2020.08.31-21.50.15:805][923]LogBlueprintUserMessages: [None] INVENTORY FULL!
[2020.08.31-21.50.15:805][923]LogBlueprintUserMessages: [None] looped
[2020.08.31-21.50.16:578][971]LogBlueprintUserMessages: [None] Called Loop
[2020.08.31-21.50.16:579][971]LogBlueprintUserMessages: [None] INVENTORY FULL!
[2020.08.31-21.50.16:579][971]LogBlueprintUserMessages: [None] looped
[2020.08.31-21.50.16:740][981]LogBlueprintUserMessages: [None] Called Loop
[2020.08.31-21.50.16:741][981]LogBlueprintUserMessages: [None] INVENTORY FULL!
[2020.08.31-21.50.16:741][981]LogBlueprintUserMessages: [None] looped
[2020.08.31-21.50.16:902][991]LogBlueprintUserMessages: [None] Called Loop
[2020.08.31-21.50.16:902][991]LogBlueprintUserMessages: [None] INVENTORY FULL!
[2020.08.31-21.50.16:902][991]LogBlueprintUserMessages: [None] looped
[2020.08.31-21.50.17:046][  0]LogBlueprintUserMessages: [None] Called Loop
[2020.08.31-21.50.17:046][  0]LogBlueprintUserMessages: [None] INVENTORY FULL!
[2020.08.31-21.50.17:046][  0]LogBlueprintUserMessages: [None] looped
[2020.08.31-21.50.17:191][  9]LogBlueprintUserMessages: [None] Called Loop
[2020.08.31-21.50.17:191][  9]LogBlueprintUserMessages: [None] INVENTORY FULL!
[2020.08.31-21.50.17:191][  9]LogBlueprintUserMessages: [None] looped
[2020.08.31-21.50.17:337][ 18]LogBlueprintUserMessages: [None] Called Loop
[2020.08.31-21.50.17:337][ 18]LogBlueprintUserMessages: [None] INVENTORY FULL!
[2020.08.31-21.50.17:337][ 18]LogBlueprintUserMessages: [None] looped
[2020.08.31-21.50.17:482][ 27]LogBlueprintUserMessages: [None] Called Loop
[2020.08.31-21.50.17:482][ 27]LogBlueprintUserMessages: [None] INVENTORY FULL!
[2020.08.31-21.50.17:482][ 27]LogBlueprintUserMessages: [None] looped
[2020.08.31-21.50.17:627][ 36]LogBlueprintUserMessages: [None] Called Loop
[2020.08.31-21.50.17:627][ 36]LogBlueprintUserMessages: [None] INVENTORY FULL!
[2020.08.31-21.50.17:627][ 36]LogBlueprintUserMessages: [None] looped
[2020.08.31-21.50.17:789][ 46]LogBlueprintUserMessages: [None] Called Loop
[2020.08.31-21.50.17:789][ 46]LogBlueprintUserMessages: [None] INVENTORY FULL!
[2020.08.31-21.50.17:789][ 46]LogBlueprintUserMessages: [None] looped
[2020.08.31-21.50.17:918][ 54]LogBlueprintUserMessages: [None] Called Loop
[2020.08.31-21.50.17:918][ 54]LogBlueprintUserMessages: [None] INVENTORY FULL!
[2020.08.31-21.50.17:918][ 54]LogBlueprintUserMessages: [None] looped
[2020.08.31-21.50.20:160][193]LogBlueprintUserMessages: [None] Called Loop
[2020.08.31-21.50.20:160][193]LogBlueprintUserMessages: [None] INVENTORY FULL!
[2020.08.31-21.50.20:160][193]LogBlueprintUserMessages: [None] looped
[2020.08.31-21.50.20:305][202]LogBlueprintUserMessages: [None] Called Loop
[2020.08.31-21.50.20:305][202]LogBlueprintUserMessages: [None] INVENTORY FULL!
[2020.08.31-21.50.20:305][202]LogBlueprintUserMessages: [None] looped
[2020.08.31-21.50.20:466][212]LogBlueprintUserMessages: [None] Called Loop
[2020.08.31-21.50.20:466][212]LogBlueprintUserMessages: [None] INVENTORY FULL!
[2020.08.31-21.50.20:466][212]LogBlueprintUserMessages: [None] looped
[2020.08.31-21.50.21:063][249]LogBlueprintUserMessages: [None] Called Loop
[2020.08.31-21.50.21:063][249]LogBlueprintUserMessages: [None] INVENTORY FULL!
[2020.08.31-21.50.21:063][249]LogBlueprintUserMessages: [None] INVENTORY FULL!
[2020.08.31-21.50.21:063][249]LogBlueprintUserMessages: [None] looped
[2020.08.31-21.50.21:208][258]LogBlueprintUserMessages: [None] Called Loop
[2020.08.31-21.50.21:208][258]LogBlueprintUserMessages: [None] INVENTORY FULL!
[2020.08.31-21.50.21:208][258]LogBlueprintUserMessages: [None] INVENTORY FULL!
[2020.08.31-21.50.21:208][258]LogBlueprintUserMessages: [None] looped
[2020.08.31-21.50.21:353][267]LogBlueprintUserMessages: [None] Called Loop
[2020.08.31-21.50.21:353][267]LogBlueprintUserMessages: [None] INVENTORY FULL!
[2020.08.31-21.50.21:353][267]LogBlueprintUserMessages: [None] INVENTORY FULL!
[2020.08.31-21.50.21:353][267]LogBlueprintUserMessages: [None] looped
[2020.08.31-21.50.21:499][276]LogBlueprintUserMessages: [None] Called Loop
[2020.08.31-21.50.21:499][276]LogBlueprintUserMessages: [None] INVENTORY FULL!
[2020.08.31-21.50.21:499][276]LogBlueprintUserMessages: [None] INVENTORY FULL!
[2020.08.31-21.50.21:499][276]LogBlueprintUserMessages: [None] looped
[2020.08.31-21.50.21:643][285]LogBlueprintUserMessages: [None] Called Loop
[2020.08.31-21.50.21:643][285]LogBlueprintUserMessages: [None] INVENTORY FULL!
[2020.08.31-21.50.21:643][285]LogBlueprintUserMessages: [None] INVENTORY FULL!
[2020.08.31-21.50.21:643][285]LogBlueprintUserMessages: [None] looped
[2020.08.31-21.50.26:581][591]LogBlueprintUserMessages: [None] Called Loop
[2020.08.31-21.50.26:581][591]LogBlueprintUserMessages: [None] INVENTORY FULL!
[2020.08.31-21.50.26:581][591]LogBlueprintUserMessages: [None] INVENTORY FULL!
[2020.08.31-21.50.26:581][591]LogBlueprintUserMessages: [None] looped
[2020.08.31-21.50.26:791][604]LogBlueprintUserMessages: [None] Called Loop
[2020.08.31-21.50.26:791][604]LogBlueprintUserMessages: [None] INVENTORY FULL!
[2020.08.31-21.50.26:791][604]LogBlueprintUserMessages: [None] INVENTORY FULL!
[2020.08.31-21.50.26:791][604]LogBlueprintUserMessages: [None] looped
[2020.08.31-21.50.26:936][613]LogBlueprintUserMessages: [None] Called Loop
[2020.08.31-21.50.26:936][613]LogBlueprintUserMessages: [None] INVENTORY FULL!
[2020.08.31-21.50.26:936][613]LogBlueprintUserMessages: [None] INVENTORY FULL!
[2020.08.31-21.50.26:936][613]LogBlueprintUserMessages: [None] looped
[2020.08.31-21.50.27:081][622]LogBlueprintUserMessages: [None] Called Loop
[2020.08.31-21.50.27:081][622]LogBlueprintUserMessages: [None] INVENTORY FULL!
[2020.08.31-21.50.27:081][622]LogBlueprintUserMessages: [None] INVENTORY FULL!
[2020.08.31-21.50.27:081][622]LogBlueprintUserMessages: [None] looped
[2020.08.31-21.50.27:242][632]LogBlueprintUserMessages: [None] Called Loop
[2020.08.31-21.50.27:242][632]LogBlueprintUserMessages: [None] INVENTORY FULL!
[2020.08.31-21.50.27:242][632]LogBlueprintUserMessages: [None] INVENTORY FULL!
[2020.08.31-21.50.27:242][632]LogBlueprintUserMessages: [None] looped
[2020.08.31-21.50.45:945][790]LogBlueprintUserMessages: [None] Called Loop
[2020.08.31-21.50.45:945][790]LogBlueprintUserMessages: [None] INVENTORY FULL!
[2020.08.31-21.50.45:945][790]LogBlueprintUserMessages: [None] INVENTORY FULL!
[2020.08.31-21.50.45:945][790]LogBlueprintUserMessages: [None] looped
[2020.08.31-21.50.47:934][907]LogSlate: Window 'InventorySystemThing (64-bit Development PCD3D_SM5) ' being destroyed
[2020.08.31-21.50.47:935][907]LogWindowsTextInputMethodSystem: Display: IME system now deactivated.
[2020.08.31-21.50.47:948][907]LogSlate: Updating window title bar state: overlay mode, drag disabled, window buttons hidden, title bar hidden
[2020.08.31-21.50.47:948][907]LogEngine: All Windows Closed
[2020.08.31-21.50.47:948][907]LogWindows: FPlatformMisc::RequestExit(0)
[2020.08.31-21.50.47:961][908]LogWorld: BeginTearingDown for /Game/MyLevel
[2020.08.31-21.50.47:961][908]LogNet: World NetDriver shutdown SteamNetDriver_0 [GameNetDriver]
[2020.08.31-21.50.47:961][908]LogNet: DestroyNamedNetDriver SteamNetDriver_0 [GameNetDriver]
[2020.08.31-21.50.47:962][908]LogNet: UNetConnection::Cleanup: Closing open connection. [UNetConnection] RemoteAddr: 76561198369494285:7777, Name: SteamNetConnection_0, Driver: GameNetDriver SteamNetDriver_0, IsServer: YES, PC: MyPlayerController_C_1, Owner: MyPlayerController_C_1, UniqueId: STEAM:bluebunny1810 [0x2193C9E94E0]
[2020.08.31-21.50.47:962][908]LogNet: UNetConnection::Close: [UNetConnection] RemoteAddr: 76561198369494285:7777, Name: SteamNetConnection_0, Driver: GameNetDriver SteamNetDriver_0, IsServer: YES, PC: MyPlayerController_C_1, Owner: MyPlayerController_C_1, UniqueId: STEAM:bluebunny1810 [0x2193C9E94E0], Channels: 15, Time: 2020.08.31-21.50.47
[2020.08.31-21.50.47:962][908]LogNet: UChannel::Close: Sending CloseBunch. ChIndex == 0. Name: [UChannel] ChIndex: 0, Closing: 0 [UNetConnection] RemoteAddr: 76561198369494285:7777, Name: SteamNetConnection_0, Driver: GameNetDriver SteamNetDriver_0, IsServer: YES, PC: MyPlayerController_C_1, Owner: MyPlayerController_C_1, UniqueId: STEAM:bluebunny1810 [0x2193C9E94E0]
[2020.08.31-21.50.47:962][908]LogOnline: STEAM: Removing P2P Session Id: bluebunny1810 [0x2193C9EA620], Channel: 7777, IdleTime: 0.147
[2020.08.31-21.50.47:963][908]LogExit: GameNetDriver SteamNetDriver_0 shut down
[2020.08.31-21.50.47:963][908]AdvancedFriendsInterfaceLog: Warning: UAdvancedFriendsInstance Failed to get voice interface!
[2020.08.31-21.50.47:963][908]LogWorld: UWorld::CleanupWorld for MyLevel, bSessionEnded=true, bCleanupResources=true
[2020.08.31-21.50.48:611][908]LogExit: Preparing to exit.
[2020.08.31-21.50.48:611][908]LogMoviePlayer: Shutting down movie player
[2020.08.31-21.50.49:245][908]LogSlate: Updating window title bar state: overlay mode, drag disabled, window buttons hidden, title bar hidden
[2020.08.31-21.50.49:253][908]LogExit: Game engine shut down
[2020.08.31-21.50.49:254][908]LogDemo: Cleaned up 0 splitscreen connections with owner deletion
[2020.08.31-21.50.49:319][908]LogExit: Object subsystem successfully closed.
[2020.08.31-21.50.49:337][908]LogShaderCompilers: Display: Shaders left to compile 0
[2020.08.31-21.50.49:344][908]LogModuleManager: Shutting down and abandoning module SequenceRecorderSections (422)
[2020.08.31-21.50.49:344][908]LogModuleManager: Shutting down and abandoning module SequenceRecorder (420)
[2020.08.31-21.50.49:344][908]LogModuleManager: Shutting down and abandoning module AutomationController (418)
[2020.08.31-21.50.49:344][908]LogModuleManager: Shutting down and abandoning module AutomationWorker (416)
[2020.08.31-21.50.49:344][908]LogModuleManager: Shutting down and abandoning module AIModule (414)
[2020.08.31-21.50.49:344][908]LogModuleManager: Shutting down and abandoning module GameplayDebugger (413)
[2020.08.31-21.50.49:344][908]LogModuleManager: Shutting down and abandoning module AITestSuite (411)
[2020.08.31-21.50.49:344][908]LogModuleManager: Shutting down and abandoning module NavigationSystem (409)
[2020.08.31-21.50.49:344][908]LogModuleManager: Shutting down and abandoning module OculusMR (406)
[2020.08.31-21.50.49:344][908]LogModuleManager: Shutting down and abandoning module WmfMediaFactory (404)
[2020.08.31-21.50.49:344][908]LogModuleManager: Shutting down and abandoning module WebMMediaFactory (402)
[2020.08.31-21.50.49:344][908]LogModuleManager: Shutting down and abandoning module WebMMedia (400)
[2020.08.31-21.50.49:344][908]LogModuleManager: Shutting down and abandoning module OpenExrWrapper (398)
[2020.08.31-21.50.49:344][908]LogModuleManager: Shutting down and abandoning module ImgMediaFactory (396)
[2020.08.31-21.50.49:344][908]LogModuleManager: Shutting down and abandoning module AvfMediaFactory (394)
[2020.08.31-21.50.49:344][908]LogModuleManager: Shutting down and abandoning module MagicLeapCameraPreviewFactory (392)
[2020.08.31-21.50.49:344][908]LogModuleManager: Shutting down and abandoning module MagicLeapMediaCodecFactory (390)
[2020.08.31-21.50.49:344][908]LogModuleManager: Shutting down and abandoning module MagicLeapMediaFactory (388)
[2020.08.31-21.50.49:344][908]LogModuleManager: Shutting down and abandoning module CharacterAI (386)
[2020.08.31-21.50.49:344][908]LogModuleManager: Shutting down and abandoning module SessionServices (384)
[2020.08.31-21.50.49:344][908]LogModuleManager: Shutting down and abandoning module MovieSceneCapture (382)
[2020.08.31-21.50.49:344][908]LogModuleManager: Shutting down and abandoning module Voice (380)
[2020.08.31-21.50.49:344][908]LogModuleManager: Shutting down and abandoning module LiveCoding (378)
[2020.08.31-21.50.49:344][908]LogModuleManager: Shutting down and abandoning module LevelSequence (376)
[2020.08.31-21.50.49:344][908]LogModuleManager: Shutting down and abandoning module MovieSceneTracks (374)
[2020.08.31-21.50.49:344][908]LogModuleManager: Shutting down and abandoning module MovieScene (372)
[2020.08.31-21.50.49:344][908]LogModuleManager: Shutting down and abandoning module StreamingPauseRendering (370)
[2020.08.31-21.50.49:344][908]LogModuleManager: Shutting down and abandoning module PortalServices (368)
[2020.08.31-21.50.49:344][908]LogModuleManager: Shutting down and abandoning module PortalRpc (366)
[2020.08.31-21.50.49:344][908]LogModuleManager: Shutting down and abandoning module MessagingRpc (364)
[2020.08.31-21.50.49:344][908]LogModuleManager: Shutting down and abandoning module ImageWriteQueue (362)
[2020.08.31-21.50.49:346][908]LogModuleManager: Shutting down and abandoning module ProfilerService (360)
[2020.08.31-21.50.49:548][908]LogModuleManager: Shutting down and abandoning module TaskGraph (358)
[2020.08.31-21.50.49:548][908]LogModuleManager: Shutting down and abandoning module SteamVRController (356)
[2020.08.31-21.50.49:548][908]LogModuleManager: Shutting down and abandoning module ProceduralMeshComponent (354)
[2020.08.31-21.50.49:548][908]LogModuleManager: Shutting down and abandoning module OculusInput (352)
[2020.08.31-21.50.49:548][908]LogModuleManager: Shutting down and abandoning module MobilePatchingUtils (350)
[2020.08.31-21.50.49:548][908]LogModuleManager: Shutting down and abandoning module EditableMesh (348)
[2020.08.31-21.50.49:548][908]LogModuleManager: Shutting down and abandoning module CustomMeshComponent (346)
[2020.08.31-21.50.49:548][908]LogModuleManager: Shutting down and abandoning module CableComponent (344)
[2020.08.31-21.50.49:548][908]LogModuleManager: Shutting down and abandoning module AudioCapture (342)
[2020.08.31-21.50.49:548][908]LogModuleManager: Shutting down and abandoning module ArchVisCharacter (340)
[2020.08.31-21.50.49:548][908]LogModuleManager: Shutting down and abandoning module AppleImageUtilsBlueprintSupport (338)
[2020.08.31-21.50.49:548][908]LogModuleManager: Shutting down and abandoning module AppleImageUtils (336)
[2020.08.31-21.50.49:548][908]LogModuleManager: Shutting down and abandoning module AndroidPermission (334)
[2020.08.31-21.50.49:548][908]LogModuleManager: Shutting down and abandoning module NUTUnrealEngine4 (330)
[2020.08.31-21.50.49:548][908]LogModuleManager: Shutting down and abandoning module NetcodeUnitTest (328)
[2020.08.31-21.50.49:548][908]LogModuleManager: Shutting down and abandoning module MediaCompositing (326)
[2020.08.31-21.50.49:548][908]LogModuleManager: Shutting down and abandoning module ImgMedia (324)
[2020.08.31-21.50.49:548][908]LogModuleManager: Shutting down and abandoning module MagicLeapHelperVulkan (322)
[2020.08.31-21.50.49:548][908]LogModuleManager: Shutting down and abandoning module MagicLeapHelperOpenGL (320)
[2020.08.31-21.50.49:548][908]LogModuleManager: Shutting down and abandoning module MagicLeapAudio (318)
[2020.08.31-21.50.49:548][908]LogModuleManager: Shutting down and abandoning module HTML5Networking (316)
[2020.08.31-21.50.49:548][908]LogModuleManager: Shutting down and abandoning module GeometryCollectionTracks (314)
[2020.08.31-21.50.49:548][908]LogModuleManager: Shutting down and abandoning module GeometryCollectionSequencer (313)
[2020.08.31-21.50.49:548][908]LogModuleManager: Shutting down and abandoning module GeometryCollectionExampleCore (310)
[2020.08.31-21.50.49:548][908]LogModuleManager: Shutting down and abandoning module GeometryCacheTracks (308)
[2020.08.31-21.50.49:548][908]LogModuleManager: Shutting down and abandoning module GeometryCacheSequencer (307)
[2020.08.31-21.50.49:548][908]LogModuleManager: Shutting down and abandoning module GeometryCache (304)
[2020.08.31-21.50.49:548][908]LogModuleManager: Shutting down and abandoning module GeometryCacheEd (303)
[2020.08.31-21.50.49:548][908]LogModuleManager: Shutting down and abandoning module BlastCore (300)
[2020.08.31-21.50.49:549][908]LogModuleManager: Shutting down and abandoning module BackChannel (298)
[2020.08.31-21.50.49:549][908]LogModuleManager: Shutting down and abandoning module AutomationUtils (296)
[2020.08.31-21.50.49:549][908]LogModuleManager: Shutting down and abandoning module VariantManagerContent (294)
[2020.08.31-21.50.49:549][908]LogModuleManager: Shutting down and abandoning module CryptoKeysOpenSSL (292)
[2020.08.31-21.50.49:549][908]LogModuleManager: Shutting down and abandoning module CryptoKeys (290)
[2020.08.31-21.50.49:549][908]LogModuleManager: Shutting down and abandoning module VisualStudioSourceCodeAccess (288)
[2020.08.31-21.50.49:549][908]LogModuleManager: Shutting down and abandoning module HotReload (287)
[2020.08.31-21.50.49:549][908]LogModuleManager: Shutting down and abandoning module DirectoryWatcher (286)
[2020.08.31-21.50.49:549][908]LogModuleManager: Shutting down and abandoning module VisualStudioCodeSourceCodeAccess (282)
[2020.08.31-21.50.49:549][908]LogModuleManager: Shutting down and abandoning module UObjectPlugin (280)
[2020.08.31-21.50.49:549][908]LogModuleManager: Shutting down and abandoning module SubversionSourceControl (278)
[2020.08.31-21.50.49:549][908]LogModuleManager: Shutting down and abandoning module PerforceSourceControl (276)
[2020.08.31-21.50.49:549][908]LogModuleManager: Shutting down and abandoning module SourceControl (275)
[2020.08.31-21.50.49:549][908]LogModuleManager: Shutting down and abandoning module CLionSourceCodeAccess (272)
[2020.08.31-21.50.49:549][908]LogModuleManager: Shutting down and abandoning module ActorLayerUtilities (270)
[2020.08.31-21.50.49:549][908]LogModuleManager: Shutting down and abandoning module AdvancedSteamSessions (268)
[2020.08.31-21.50.49:549][908]LogModuleManager: Shutting down and abandoning module AdvancedSessions (266)
[2020.08.31-21.50.49:549][908]LogModuleManager: Shutting down and abandoning module SignificanceManager (264)
[2020.08.31-21.50.49:549][908]LogModuleManager: Shutting down and abandoning module RuntimePhysXCooking (262)
[2020.08.31-21.50.49:549][908]LogModuleManager: Shutting down and abandoning module PhysXVehiclesEditor (260)
[2020.08.31-21.50.49:549][908]LogModuleManager: Shutting down and abandoning module LocationServicesBPLibrary (256)
[2020.08.31-21.50.49:549][908]LogModuleManager: Shutting down and abandoning module ActorSequence (254)
[2020.08.31-21.50.49:549][908]LogModuleManager: Shutting down and abandoning module UdpMessaging (252)
[2020.08.31-21.50.49:650][908]LogModuleManager: Shutting down and abandoning module TcpMessaging (250)
[2020.08.31-21.50.49:751][908]LogModuleManager: Shutting down and abandoning module MagicLeapIdentity (248)
[2020.08.31-21.50.49:751][908]LogModuleManager: Shutting down and abandoning module MagicLeapSecureStorage (246)
[2020.08.31-21.50.49:751][908]LogModuleManager: Shutting down and abandoning module MagicLeapHandTracking (244)
[2020.08.31-21.50.49:751][908]LogModuleManager: Shutting down and abandoning module MagicLeapEyeTracker (242)
[2020.08.31-21.50.49:751][908]LogModuleManager: Shutting down and abandoning module MagicLeapController (240)
[2020.08.31-21.50.49:751][908]LogSlate: Slate User Destroyed.  User Index 0, Is Virtual User: 0
[2020.08.31-21.50.49:751][908]LogModuleManager: Shutting down and abandoning module MagicLeapAR (238)
[2020.08.31-21.50.49:751][908]LogModuleManager: Shutting down and abandoning module AugmentedReality (237)
[2020.08.31-21.50.49:751][908]LogModuleManager: Shutting down and abandoning module GameplayTagsEditor (234)
[2020.08.31-21.50.49:751][908]LogModuleManager: Shutting down and abandoning module FacialAnimation (232)
[2020.08.31-21.50.49:751][908]LogModuleManager: Shutting down and abandoning module AssetManagerEditor (230)
[2020.08.31-21.50.49:751][908]LogModuleManager: Shutting down and abandoning module TreeMap (229)
[2020.08.31-21.50.49:751][908]LogModuleManager: Shutting down and abandoning module AnimationSharing (226)
[2020.08.31-21.50.49:751][908]LogModuleManager: Shutting down and abandoning module LightPropagationVolumeRuntime (224)
[2020.08.31-21.50.49:751][908]LogModuleManager: Shutting down and abandoning module Paper2D (222)
[2020.08.31-21.50.49:751][908]LogModuleManager: Shutting down and abandoning module WindowsMoviePlayer (220)
[2020.08.31-21.50.49:751][908]LogModuleManager: Shutting down and abandoning module WebMMoviePlayer (218)
[2020.08.31-21.50.49:751][908]LogModuleManager: Shutting down and abandoning module NetworkReplayStreaming (216)
[2020.08.31-21.50.49:751][908]LogModuleManager: Shutting down and abandoning module PacketHandler (214)
[2020.08.31-21.50.49:751][908]LogModuleManager: Shutting down and abandoning module ClothingSystemEditor (212)
[2020.08.31-21.50.49:751][908]LogModuleManager: Shutting down and abandoning module ClothingSystemRuntime (210)
[2020.08.31-21.50.49:751][908]LogModuleManager: Shutting down and abandoning module MediaAssets (208)
[2020.08.31-21.50.49:751][908]LogModuleManager: Shutting down and abandoning module Overlay (206)
[2020.08.31-21.50.49:751][908]LogModuleManager: Shutting down and abandoning module OverlayEditor (205)
[2020.08.31-21.50.49:751][908]LogModuleManager: Shutting down and abandoning module VREditor (202)
[2020.08.31-21.50.49:751][908]LogModuleManager: Shutting down and abandoning module StringTableEditor (200)
[2020.08.31-21.50.49:751][908]LogModuleManager: Shutting down and abandoning module GameplayTasksEditor (198)
[2020.08.31-21.50.49:751][908]LogModuleManager: Shutting down and abandoning module BehaviorTreeEditor (196)
[2020.08.31-21.50.49:751][908]LogModuleManager: Shutting down and abandoning module FunctionalTesting (194)
[2020.08.31-21.50.49:751][908]LogModuleManager: Shutting down and abandoning module CollisionAnalyzer (192)
[2020.08.31-21.50.49:751][908]LogModuleManager: Shutting down and abandoning module WorkspaceMenuStructure (191)
[2020.08.31-21.50.49:751][908]LogModuleManager: Shutting down and abandoning module UMG (188)
[2020.08.31-21.50.49:751][908]LogModuleManager: Shutting down and abandoning module UMGEditor (187)
[2020.08.31-21.50.49:751][908]LogModuleManager: Shutting down and abandoning module Sequencer (186)
[2020.08.31-21.50.49:751][908]LogModuleManager: Shutting down and abandoning module MessageLog (183)
[2020.08.31-21.50.49:751][908]LogModuleManager: Shutting down and abandoning module SlateReflector (178)
[2020.08.31-21.50.49:752][908]LogModuleManager: Shutting down and abandoning module Slate (176)
[2020.08.31-21.50.49:752][908]LogModuleManager: Shutting down and abandoning module LandscapeEditorUtilities (174)
[2020.08.31-21.50.49:752][908]LogModuleManager: Shutting down and abandoning module EditorStyle (172)
[2020.08.31-21.50.49:752][908]LogModuleManager: Shutting down and abandoning module UnrealEd (170)
[2020.08.31-21.50.49:752][908]LogModuleManager: Shutting down and abandoning module MRMesh (168)
[2020.08.31-21.50.49:752][908]LogModuleManager: Shutting down and abandoning module Messaging (166)
[2020.08.31-21.50.49:752][908]LogModuleManager: Shutting down and abandoning module SourceCodeAccess (164)
[2020.08.31-21.50.49:752][908]LogModuleManager: Shutting down and abandoning module HeadMountedDisplay (162)
[2020.08.31-21.50.49:752][908]LogModuleManager: Shutting down and abandoning module XAudio2 (160)
[2020.08.31-21.50.49:752][908]LogModuleManager: Shutting down and abandoning module Networking (158)
[2020.08.31-21.50.49:752][908]LogModuleManager: Shutting down and abandoning module Core (156)
[2020.08.31-21.50.49:752][908]LogModuleManager: Shutting down and abandoning module KismetCompiler (154)
[2020.08.31-21.50.49:752][908]LogModuleManager: Shutting down and abandoning module MeshUtilities (152)
[2020.08.31-21.50.49:752][908]LogModuleManager: Shutting down and abandoning module MeshMergeUtilities (151)
[2020.08.31-21.50.49:752][908]LogModuleManager: Shutting down and abandoning module MeshReductionInterface (150)
[2020.08.31-21.50.49:752][908]LogModuleManager: Shutting down and abandoning module SkeletalMeshReduction (149)
[2020.08.31-21.50.49:752][908]LogModuleManager: Shutting down and abandoning module ProxyLODMeshReduction (147)
[2020.08.31-21.50.49:752][908]LogModuleManager: Shutting down and abandoning module QuadricMeshReduction (145)
[2020.08.31-21.50.49:752][908]LogModuleManager: Shutting down and abandoning module MaterialBaking (141)
[2020.08.31-21.50.49:752][908]LogModuleManager: Shutting down and abandoning module NullInstallBundleManager (136)
[2020.08.31-21.50.49:752][908]LogModuleManager: Shutting down and abandoning module PIEPreviewDeviceProfileSelector (134)
[2020.08.31-21.50.49:752][908]LogModuleManager: Shutting down and abandoning module DerivedDataCache (132)
[2020.08.31-21.50.49:853][908]LogDerivedDataCache: Shutdown
[2020.08.31-21.50.49:853][908]LogModuleManager: Shutting down and abandoning module XGEController (130)
[2020.08.31-21.50.49:853][908]LogModuleManager: Shutting down and abandoning module TargetPlatform (128)
[2020.08.31-21.50.49:853][908]LogModuleManager: Shutting down and abandoning module VulkanShaderFormat (127)
[2020.08.31-21.50.49:853][908]LogModuleManager: Shutting down and abandoning module ShaderFormatVectorVM (125)
[2020.08.31-21.50.49:853][908]LogModuleManager: Shutting down and abandoning module ShaderFormatOpenGL (123)
[2020.08.31-21.50.49:853][908]LogModuleManager: Shutting down and abandoning module ShaderFormatD3D (121)
[2020.08.31-21.50.49:853][908]LogModuleManager: Shutting down and abandoning module MetalShaderFormat (119)
[2020.08.31-21.50.49:853][908]LogModuleManager: Shutting down and abandoning module TextureFormatUncompressed (117)
[2020.08.31-21.50.49:853][908]LogModuleManager: Shutting down and abandoning module TextureFormatPVR (115)
[2020.08.31-21.50.49:853][908]LogModuleManager: Shutting down and abandoning module TextureFormatDXT (113)
[2020.08.31-21.50.49:853][908]LogModuleManager: Shutting down and abandoning module TextureFormatIntelISPCTexComp (111)
[2020.08.31-21.50.49:853][908]LogModuleManager: Shutting down and abandoning module TextureFormatASTC (109)
[2020.08.31-21.50.49:853][908]LogModuleManager: Shutting down and abandoning module ImageWrapper (108)
[2020.08.31-21.50.49:853][908]LogModuleManager: Shutting down and abandoning module TextureFormatAndroid (105)
[2020.08.31-21.50.49:853][908]LogModuleManager: Shutting down and abandoning module AudioFormatOpus (103)
[2020.08.31-21.50.49:853][908]LogModuleManager: Shutting down and abandoning module AudioFormatOgg (101)
[2020.08.31-21.50.49:853][908]LogModuleManager: Shutting down and abandoning module AudioFormatADPCM (99)
[2020.08.31-21.50.49:853][908]LogModuleManager: Shutting down and abandoning module WindowsTargetPlatform (97)
[2020.08.31-21.50.49:853][908]LogModuleManager: Shutting down and abandoning module WindowsServerTargetPlatform (95)
[2020.08.31-21.50.49:853][908]LogModuleManager: Shutting down and abandoning module WindowsNoEditorTargetPlatform (93)
[2020.08.31-21.50.49:854][908]LogModuleManager: Shutting down and abandoning module WindowsClientTargetPlatform (91)
[2020.08.31-21.50.49:854][908]LogModuleManager: Shutting down and abandoning module InputCore (88)
[2020.08.31-21.50.49:854][908]LogModuleManager: Shutting down and abandoning module Settings (86)
[2020.08.31-21.50.49:854][908]LogModuleManager: Shutting down and abandoning module PhysXCooking (84)
[2020.08.31-21.50.49:854][908]LogModuleManager: Shutting down and abandoning module WindowsPlatformFeatures (82)
[2020.08.31-21.50.49:854][908]LogModuleManager: Shutting down and abandoning module GameplayMediaEncoder (81)
[2020.08.31-21.50.49:854][908]LogModuleManager: Shutting down and abandoning module SteamVR (78)
[2020.08.31-21.50.49:854][908]LogHMD: Freeing OpenVRDLLHandle.
[2020.08.31-21.50.49:854][908]LogModuleManager: Shutting down and abandoning module OculusHMD (76)
[2020.08.31-21.50.49:854][908]LogModuleManager: Shutting down and abandoning module ExampleDeviceProfileSelector (74)
[2020.08.31-21.50.49:854][908]LogModuleManager: Shutting down and abandoning module LauncherChunkInstaller (72)
[2020.08.31-21.50.49:854][908]LogModuleManager: Shutting down and abandoning module OnlineBlueprintSupport (70)
[2020.08.31-21.50.49:854][908]LogModuleManager: Shutting down and abandoning module OnlineSubsystem (66)
[2020.08.31-21.50.49:854][908]LogOnline: Display: STEAM: OnlineSubsystemSteam::Shutdown()
[2020.08.31-21.50.49:854][908]LogOnline: STEAM: AUTH: Revoking all tickets.
[2020.08.31-21.50.49:854][908]LogOnline: STEAM: Removing P2P Session Id: bluebunny1810 [0x2193C9EA920], Channel: -1, IdleTime: 2.038
[2020.08.31-21.50.49:854][908]LogOnline: STEAM: Closing all communications with user 76561198369494285
[2020.08.31-21.50.49:857][908]LogOnline: STEAM: 76561198369494285 has been removed.
[2020.08.31-21.50.49:911][908]LogOnline: Display: STEAM: OnlineSubsystemSteam::Shutdown()
[2020.08.31-21.50.49:911][908]LogModuleManager: Shutting down and abandoning module XMPP (61)
[2020.08.31-21.50.49:911][908]LogModuleManager: Shutting down and abandoning module WebSockets (60)
[2020.08.31-21.50.49:919][908]LogModuleManager: Shutting down and abandoning module HTTP (57)
[2020.08.31-21.50.49:949][908]LogModuleManager: Shutting down and abandoning module SSL (56)
[2020.08.31-21.50.49:950][908]LogModuleManager: Shutting down and abandoning module WmfMedia (52)
[2020.08.31-21.50.49:951][908]LogModuleManager: Shutting down and abandoning module Media (51)
[2020.08.31-21.50.49:951][908]LogModuleManager: Shutting down and abandoning module MagicLeap (48)
[2020.08.31-21.50.49:951][908]LogModuleManager: Shutting down and abandoning module DatasmithContent (46)
[2020.08.31-21.50.49:951][908]LogModuleManager: Shutting down and abandoning module AISupportModule (44)
[2020.08.31-21.50.49:951][908]LogModuleManager: Shutting down and abandoning module PlatformCryptoOpenSSL (42)
[2020.08.31-21.50.49:951][908]LogModuleManager: Shutting down and abandoning module PlatformCrypto (40)
[2020.08.31-21.50.49:951][908]LogModuleManager: Shutting down and abandoning module AnimationModifiers (38)
[2020.08.31-21.50.49:951][908]LogModuleManager: Shutting down and abandoning module PropertyEditor (37)
[2020.08.31-21.50.49:951][908]LogModuleManager: Shutting down and abandoning module AudioEditor (34)
[2020.08.31-21.50.49:952][908]LogModuleManager: Shutting down and abandoning module TextureCompressor (32)
[2020.08.31-21.50.49:952][908]LogModuleManager: Shutting down and abandoning module RenderCore (30)
[2020.08.31-21.50.49:952][908]LogModuleManager: Shutting down and abandoning module Landscape (28)
[2020.08.31-21.50.49:952][908]LogModuleManager: Shutting down and abandoning module SlateRHIRenderer (26)
[2020.08.31-21.50.49:952][908]LogModuleManager: Shutting down and abandoning module OpenGLDrv (24)
[2020.08.31-21.50.49:952][908]LogModuleManager: Shutting down and abandoning module D3D11RHI (22)
[2020.08.31-21.50.49:952][908]LogModuleManager: Shutting down and abandoning module AnimGraphRuntime (20)
[2020.08.31-21.50.49:952][908]LogModuleManager: Shutting down and abandoning module Renderer (18)
[2020.08.31-21.50.49:952][908]LogModuleManager: Shutting down and abandoning module Engine (16)
[2020.08.31-21.50.49:952][908]LogModuleManager: Shutting down and abandoning module CoreUObject (14)
[2020.08.31-21.50.49:952][908]LogModuleManager: Shutting down and abandoning module NetworkFile (12)
[2020.08.31-21.50.49:952][908]LogModuleManager: Shutting down and abandoning module CookedIterativeFile (10)
[2020.08.31-21.50.49:952][908]LogModuleManager: Shutting down and abandoning module StreamingFile (8)
[2020.08.31-21.50.49:952][908]LogModuleManager: Shutting down and abandoning module SandboxFile (6)
[2020.08.31-21.50.49:952][908]LogModuleManager: Shutting down and abandoning module PakFile (4)
[2020.08.31-21.50.49:952][908]LogModuleManager: Shutting down and abandoning module RSA (3)
[2020.08.31-21.50.49:952][908]LogD3D11RHI: Shutdown
[2020.08.31-21.50.49:952][908]LogD3D11RHI: CleanupD3DDevice
[2020.08.31-21.50.49:952][908]LogRendererCore: FGlobalDynamicReadBuffer::Cleanup()
[2020.08.31-21.50.49:952][908]LogRendererCore: FGlobalDynamicReadBuffer::Cleanup()
[2020.08.31-21.50.49:952][908]LogRendererCore: FGlobalDynamicReadBuffer::Cleanup()
[2020.08.31-21.50.49:989][908]LogD3D11RHI: ~FD3D11DynamicRHI
[2020.08.31-21.50.49:995][908]LogExit: Exiting.
[2020.08.31-21.50.50:007][908]Log file closed, 08/31/20 23:50:50
