Log file open, 07/29/20 22:37:00
LogWindows: Failed to load 'aqProf.dll' (GetLastError=126)
LogWindows: File 'aqProf.dll' does not exist
LogWindows: Failed to load 'VtuneApi.dll' (GetLastError=126)
LogWindows: File 'VtuneApi.dll' does not exist
LogWindows: Failed to load 'VtuneApi32e.dll' (GetLastError=126)
LogWindows: File 'VtuneApi32e.dll' does not exist
LogConsoleResponse: Display: Failed to find resolution value strings in scalability ini. Falling back to default.
LogInit: Display: Running engine for game: StructureInventory
LogPlatformFile: Not using cached read wrapper
LogTaskGraph: Started task graph with 5 named threads and 23 total threads with 3 sets of task threads.
LogStats: Stats thread started at 0.059839
LogD3D11RHI: Loaded GFSDK_Aftermath_Lib.x64.dll
LogICUInternationalization: ICU TimeZone Detection - Raw Offset: +1:00, Platform Override: ''
LogPluginManager: Mounting plugin Paper2D
LogPluginManager: Mounting plugin AISupport
LogPluginManager: Mounting plugin LightPropagationVolume
LogPluginManager: Mounting plugin ActorLayerUtilities
LogPluginManager: Mounting plugin AnimationSharing
LogPluginManager: Mounting plugin CLionSourceCodeAccess
LogPluginManager: Mounting plugin CodeLiteSourceCodeAccess
LogPluginManager: Mounting plugin GitSourceControl
LogPluginManager: Mounting plugin KDevelopSourceCodeAccess
LogPluginManager: Mounting plugin NullSourceCodeAccess
LogPluginManager: Mounting plugin PerforceSourceControl
LogPluginManager: Mounting plugin SubversionSourceControl
LogPluginManager: Mounting plugin UObjectPlugin
LogPluginManager: Mounting plugin VisualStudioCodeSourceCodeAccess
LogPluginManager: Mounting plugin VisualStudioSourceCodeAccess
LogPluginManager: Mounting plugin XCodeSourceCodeAccess
LogPluginManager: Mounting plugin AssetManagerEditor
LogPluginManager: Mounting plugin CryptoKeys
LogPluginManager: Mounting plugin CurveEditorTools
LogPluginManager: Mounting plugin DataValidation
LogPluginManager: Mounting plugin EditorScriptingUtilities
LogPluginManager: Mounting plugin FacialAnimation
LogPluginManager: Mounting plugin GameplayTagsEditor
LogPluginManager: Mounting plugin GLTFImporter
LogPluginManager: Mounting plugin MacGraphicsSwitching
LogPluginManager: Mounting plugin MaterialAnalyzer
LogPluginManager: Mounting plugin MeshEditor
LogPluginManager: Mounting plugin MobileLauncherProfileWizard
LogPluginManager: Mounting plugin PluginBrowser
LogPluginManager: Mounting plugin SpeedTreeImporter
LogPluginManager: Mounting plugin DatasmithContent
LogPluginManager: Mounting plugin VariantManagerContent
LogPluginManager: Mounting plugin AlembicImporter
LogPluginManager: Mounting plugin AutomationUtils
LogPluginManager: Mounting plugin BackChannel
LogPluginManager: Mounting plugin BlastPlugin
LogPluginManager: Mounting plugin ChaosSolverPlugin
LogPluginManager: Mounting plugin CharacterAI
LogPluginManager: Mounting plugin DataPrepEditor
LogPluginManager: Mounting plugin GeometryCache
LogPluginManager: Mounting plugin GeometryCollectionPlugin
LogPluginManager: Mounting plugin HTML5Networking
LogPluginManager: Mounting plugin PlatformCrypto
LogPluginManager: Mounting plugin ProxyLODPlugin
LogPluginManager: Mounting plugin SkeletalReduction
LogPluginManager: Mounting plugin MagicLeap
LogPluginManager: Mounting plugin MagicLeapMedia
LogPluginManager: Mounting plugin AndroidMedia
LogPluginManager: Mounting plugin AvfMedia
LogPluginManager: Mounting plugin ImgMedia
LogPluginManager: Mounting plugin MediaCompositing
LogPluginManager: Mounting plugin MediaPlayerEditor
LogPluginManager: Mounting plugin WebMMedia
LogPluginManager: Mounting plugin WmfMedia
LogPluginManager: Mounting plugin TcpMessaging
LogPluginManager: Mounting plugin UdpMessaging
LogPluginManager: Mounting plugin ActorSequence
LogPluginManager: Mounting plugin LevelSequenceEditor
LogPluginManager: Mounting plugin MatineeToLevelSequence
LogPluginManager: Mounting plugin NetcodeUnitTest
LogPluginManager: Mounting plugin NUTUnrealEngine4
LogPluginManager: Mounting plugin OnlineSubsystemGooglePlay
LogPluginManager: Mounting plugin OnlineSubsystemIOS
LogPluginManager: Mounting plugin OnlineSubsystem
LogPluginManager: Mounting plugin OnlineSubsystemNull
LogPluginManager: Mounting plugin OnlineSubsystemSteam
LogPluginManager: Mounting plugin OnlineSubsystemUtils
LogPluginManager: Mounting plugin LauncherChunkInstaller
LogPluginManager: Mounting plugin AndroidDeviceProfileSelector
LogPluginManager: Mounting plugin AndroidMoviePlayer
LogPluginManager: Mounting plugin AndroidPermission
LogPluginManager: Mounting plugin AppleImageUtils
LogPluginManager: Mounting plugin AppleMoviePlayer
LogPluginManager: Mounting plugin ArchVisCharacter
LogPluginManager: Mounting plugin AudioCapture
LogPluginManager: Mounting plugin CableComponent
LogPluginManager: Mounting plugin CustomMeshComponent
LogPluginManager: Mounting plugin EditableMesh
LogPluginManager: Mounting plugin ExampleDeviceProfileSelector
LogPluginManager: Mounting plugin GoogleCloudMessaging
LogPluginManager: Mounting plugin IOSDeviceProfileSelector
LogPluginManager: Mounting plugin LinuxDeviceProfileSelector
LogPluginManager: Mounting plugin LocationServicesBPLibrary
LogPluginManager: Mounting plugin MobilePatchingUtils
LogPluginManager: Mounting plugin OculusVR
LogPluginManager: Mounting plugin PhysXVehicles
LogPluginManager: Mounting plugin ProceduralMeshComponent
LogPluginManager: Mounting plugin RuntimePhysXCooking
LogPluginManager: Mounting plugin SignificanceManager
LogPluginManager: Mounting plugin SteamVR
LogPluginManager: Mounting plugin WebMMoviePlayer
LogPluginManager: Mounting plugin WindowsMoviePlayer
LogPluginManager: Mounting plugin ScreenshotTools
LogPluginManager: Mounting plugin DatasmithC4DImporter
LogPluginManager: Mounting plugin DatasmithCADImporter
LogPluginManager: Mounting plugin DatasmithFBXImporter
LogPluginManager: Mounting plugin DatasmithGLTFImporter
LogPluginManager: Mounting plugin DatasmithIFCImporter
LogPluginManager: Mounting plugin DatasmithImporter
LogPluginManager: Mounting plugin MDLImporter
LogPluginManager: Mounting plugin StaticMeshEditorExtension
LogPluginManager: Mounting plugin VariantManager
LogInit: Using libcurl 7.55.1-DEV
LogInit:  - built for x86_64-pc-win32
LogInit:  - supports SSL with OpenSSL/1.1.1
LogInit:  - supports HTTP deflate (compression) using libz 1.2.8
LogInit:  - other features:
LogInit:      CURL_VERSION_SSL
LogInit:      CURL_VERSION_LIBZ
LogInit:      CURL_VERSION_IPV6
LogInit:      CURL_VERSION_ASYNCHDNS
LogInit:      CURL_VERSION_LARGEFILE
LogInit:      CURL_VERSION_IDN
LogInit:  CurlRequestOptions (configurable via config and command line):
LogInit:  - bVerifyPeer = true  - Libcurl will verify peer certificate
LogInit:  - bUseHttpProxy = false  - Libcurl will NOT use HTTP proxy
LogInit:  - bDontReuseConnections = false  - Libcurl will reuse connections
LogInit:  - MaxHostConnections = 16  - Libcurl will limit the number of connections to a host
LogInit:  - LocalHostAddr = Default
LogInit:  - BufferSize = 65536
LogOnline: Display: STEAM: Loading Steam SDK 1.42
LogOnline: OSS: Creating online subsystem instance for: Steam
LogOnline: STEAM: Steam User is subscribed 1
LogOnline: STEAM: [AppId: 480] Client API initialized 1
LogOnline: STEAM: [AppId: 480] Game Server API initialized 1
LogOnline: STEAM: Missing P2PCleanupTimeout key in OnlineSubsystemSteam of DefaultEngine.ini, using default
LogInit: WinSock: version 1.1 (2.2), MaxSocks=32767, MaxUdp=65467
LogInit: Build: ++UE4+Release-4.23-CL-9631420
LogInit: Engine Version: 4.23.1-9631420+++UE4+Release-4.23
LogInit: Compatible Engine Version: 4.23.0-8386587+++UE4+Release-4.23
LogInit: Net CL: 8386587
LogInit: OS: Windows 10 (Release 1909) (), CPU: Intel(R) Core(TM) i7-7700K CPU @ 4.20GHz, GPU: NVIDIA GeForce GTX 1080
LogInit: Compiled (64-bit): Oct 18 2019 02:07:44
LogInit: Compiled with Visual C++: 19.16.27030.01
LogInit: Build Configuration: Development
LogInit: Branch Name: ++UE4+Release-4.23
LogInit: Command Line:  -game
LogInit: Base Directory: D:/Program Files/Epic Games/UE_4.23/Engine/Binaries/Win64/
LogInit: Installed Engine Build: 1
LogDevObjectVersion: Number of dev versions registered: 23
LogDevObjectVersion:   Dev-Blueprints (B0D832E4-1F89-4F0D-ACCF-7EB736FD4AA2): 10
LogDevObjectVersion:   Dev-Build (E1C64328-A22C-4D53-A36C-8E866417BD8C): 0
LogDevObjectVersion:   Dev-Core (375EC13C-06E4-48FB-B500-84F0262A717E): 3
LogDevObjectVersion:   Dev-Editor (E4B068ED-F494-42E9-A231-DA0B2E46BB41): 34
LogDevObjectVersion:   Dev-Framework (CFFC743F-43B0-4480-9391-14DF171D2073): 35
LogDevObjectVersion:   Dev-Mobile (B02B49B5-BB20-44E9-A304-32B752E40360): 2
LogDevObjectVersion:   Dev-Networking (A4E4105C-59A1-49B5-A7C5-40C4547EDFEE): 0
LogDevObjectVersion:   Dev-Online (39C831C9-5AE6-47DC-9A44-9C173E1C8E7C): 0
LogDevObjectVersion:   Dev-Physics (78F01B33-EBEA-4F98-B9B4-84EACCB95AA2): 0
LogDevObjectVersion:   Dev-Platform (6631380F-2D4D-43E0-8009-CF276956A95A): 0
LogDevObjectVersion:   Dev-Rendering (12F88B9F-8875-4AFC-A67C-D90C383ABD29): 31
LogDevObjectVersion:   Dev-Sequencer (7B5AE74C-D270-4C10-A958-57980B212A5A): 11
LogDevObjectVersion:   Dev-VR (D7296918-1DD6-4BDD-9DE2-64A83CC13884): 2
LogDevObjectVersion:   Dev-LoadTimes (C2A15278-BFE7-4AFE-6C17-90FF531DF755): 1
LogDevObjectVersion:   Private-Geometry (6EACA3D4-40EC-4CC1-B786-8BED09428FC5): 3
LogDevObjectVersion:   Dev-AnimPhys (29E575DD-E0A3-4627-9D10-D276232CDCEA): 17
LogDevObjectVersion:   Dev-Anim (AF43A65D-7FD3-4947-9873-3E8ED9C1BB05): 2
LogDevObjectVersion:   Dev-ReflectionCapture (6B266CEC-1EC7-4B8F-A30B-E4D90942FC07): 1
LogDevObjectVersion:   Dev-Automation (0DF73D61-A23F-47EA-B727-89E90C41499A): 1
LogDevObjectVersion:   FortniteMain (601D1886-AC64-4F84-AA16-D3DE0DEAC7D6): 27
LogDevObjectVersion:   Dev-Enterprise (9DFFBCD6-494F-0158-E221-12823C92A888): 6
LogDevObjectVersion:   Dev-Niagara (F2AED0AC-9AFE-416F-8664-AA7FFA26D6FC): 1
LogDevObjectVersion:   Dev-Destruction (174F1F0B-B4C6-45A5-B13F-2EE8D0FB917D): 9
LogInit: Presizing for max 16777216 objects, including 0 objects not considered by GC, pre-allocating 0 bytes for permanent pool.
LogInit: Object subsystem initialized
LogConfig: Setting CVar [[con.DebugEarlyDefault:1]]
LogConfig: Setting CVar [[r.setres:1280x720]]
[2020.07.29-20.37.00:933][  0]LogConfig: Setting CVar [[con.DebugEarlyDefault:1]]
[2020.07.29-20.37.00:933][  0]LogConfig: Setting CVar [[r.setres:1280x720]]
[2020.07.29-20.37.00:933][  0]LogConfig: Applying CVar settings from Section [/Script/Engine.RendererSettings] File [D:/Down2DieInventory/StructureInventory/Saved/Config/Windows/Engine.ini]
[2020.07.29-20.37.00:933][  0]LogConfig: Setting CVar [[r.GPUCrashDebugging:0]]
[2020.07.29-20.37.00:933][  0]LogConfig: Setting CVar [[r.DefaultFeature.AutoExposure.ExtendDefaultLuminanceRange:1]]
[2020.07.29-20.37.00:934][  0]LogConfig: Applying CVar settings from Section [/Script/Engine.RendererOverrideSettings] File [D:/Down2DieInventory/StructureInventory/Saved/Config/Windows/Engine.ini]
[2020.07.29-20.37.00:934][  0]LogConfig: Applying CVar settings from Section [/Script/Engine.StreamingSettings] File [D:/Down2DieInventory/StructureInventory/Saved/Config/Windows/Engine.ini]
[2020.07.29-20.37.00:934][  0]LogConfig: Setting CVar [[s.MinBulkDataSizeForAsyncLoading:131072]]
[2020.07.29-20.37.00:934][  0]LogConfig: Setting CVar [[s.AsyncLoadingThreadEnabled:0]]
[2020.07.29-20.37.00:934][  0]LogConfig: Setting CVar [[s.EventDrivenLoaderEnabled:1]]
[2020.07.29-20.37.00:934][  0]LogConfig: Setting CVar [[s.WarnIfTimeLimitExceeded:0]]
[2020.07.29-20.37.00:934][  0]LogConfig: Setting CVar [[s.TimeLimitExceededMultiplier:1.5]]
[2020.07.29-20.37.00:934][  0]LogConfig: Setting CVar [[s.TimeLimitExceededMinTime:0.005]]
[2020.07.29-20.37.00:934][  0]LogConfig: Setting CVar [[s.UseBackgroundLevelStreaming:1]]
[2020.07.29-20.37.00:934][  0]LogConfig: Setting CVar [[s.PriorityAsyncLoadingExtraTime:15.0]]
[2020.07.29-20.37.00:934][  0]LogConfig: Setting CVar [[s.LevelStreamingActorsUpdateTimeLimit:5.0]]
[2020.07.29-20.37.00:934][  0]LogConfig: Setting CVar [[s.PriorityLevelStreamingActorsUpdateExtraTime:5.0]]
[2020.07.29-20.37.00:934][  0]LogConfig: Setting CVar [[s.LevelStreamingComponentsRegistrationGranularity:10]]
[2020.07.29-20.37.00:934][  0]LogConfig: Setting CVar [[s.UnregisterComponentsTimeLimit:1.0]]
[2020.07.29-20.37.00:934][  0]LogConfig: Setting CVar [[s.LevelStreamingComponentsUnregistrationGranularity:5]]
[2020.07.29-20.37.00:934][  0]LogConfig: Applying CVar settings from Section [/Script/Engine.GarbageCollectionSettings] File [D:/Down2DieInventory/StructureInventory/Saved/Config/Windows/Engine.ini]
[2020.07.29-20.37.00:934][  0]LogConfig: Setting CVar [[gc.MaxObjectsNotConsideredByGC:1]]
[2020.07.29-20.37.00:934][  0]LogConfig: Setting CVar [[gc.SizeOfPermanentObjectPool:0]]
[2020.07.29-20.37.00:934][  0]LogConfig: Setting CVar [[gc.FlushStreamingOnGC:0]]
[2020.07.29-20.37.00:934][  0]LogConfig: Setting CVar [[gc.NumRetriesBeforeForcingGC:10]]
[2020.07.29-20.37.00:934][  0]LogConfig: Setting CVar [[gc.AllowParallelGC:1]]
[2020.07.29-20.37.00:934][  0]LogConfig: Setting CVar [[gc.TimeBetweenPurgingPendingKillObjects:61.1]]
[2020.07.29-20.37.00:934][  0]LogConfig: Setting CVar [[gc.MaxObjectsInEditor:16777216]]
[2020.07.29-20.37.00:934][  0]LogConfig: Setting CVar [[gc.IncrementalBeginDestroyEnabled:1]]
[2020.07.29-20.37.00:934][  0]LogConfig: Setting CVar [[gc.CreateGCClusters:1]]
[2020.07.29-20.37.00:934][  0]LogConfig: Setting CVar [[gc.MinGCClusterSize:5]]
[2020.07.29-20.37.00:934][  0]LogConfig: Setting CVar [[gc.ActorClusteringEnabled:0]]
[2020.07.29-20.37.00:934][  0]LogConfig: Setting CVar [[gc.BlueprintClusteringEnabled:0]]
[2020.07.29-20.37.00:934][  0]LogConfig: Setting CVar [[gc.UseDisregardForGCOnDedicatedServers:0]]
[2020.07.29-20.37.00:934][  0]LogConfig: Applying CVar settings from Section [/Script/Engine.NetworkSettings] File [D:/Down2DieInventory/StructureInventory/Saved/Config/Windows/Engine.ini]
[2020.07.29-20.37.00:934][  0]LogConfig: Applying CVar settings from Section [/Script/UnrealEd.CookerSettings] File [D:/Down2DieInventory/StructureInventory/Saved/Config/Windows/Engine.ini]
[2020.07.29-20.37.00:937][  0]LogConfig: Applying CVar settings from Section [ViewDistanceQuality@3] File [D:/Down2DieInventory/StructureInventory/Saved/Config/Windows/Scalability.ini]
[2020.07.29-20.37.00:937][  0]LogConfig: Setting CVar [[r.SkeletalMeshLODBias:0]]
[2020.07.29-20.37.00:937][  0]LogConfig: Setting CVar [[r.ViewDistanceScale:1.0]]
[2020.07.29-20.37.00:937][  0]LogConfig: Applying CVar settings from Section [AntiAliasingQuality@3] File [D:/Down2DieInventory/StructureInventory/Saved/Config/Windows/Scalability.ini]
[2020.07.29-20.37.00:937][  0]LogConfig: Setting CVar [[r.PostProcessAAQuality:4]]
[2020.07.29-20.37.00:937][  0]LogConfig: Applying CVar settings from Section [ShadowQuality@3] File [D:/Down2DieInventory/StructureInventory/Saved/Config/Windows/Scalability.ini]
[2020.07.29-20.37.00:937][  0]LogConfig: Setting CVar [[r.LightFunctionQuality:1]]
[2020.07.29-20.37.00:937][  0]LogConfig: Setting CVar [[r.ShadowQuality:5]]
[2020.07.29-20.37.00:937][  0]LogConfig: Setting CVar [[r.Shadow.CSM.MaxCascades:10]]
[2020.07.29-20.37.00:937][  0]LogConfig: Setting CVar [[r.Shadow.MaxResolution:2048]]
[2020.07.29-20.37.00:937][  0]LogConfig: Setting CVar [[r.Shadow.MaxCSMResolution:2048]]
[2020.07.29-20.37.00:937][  0]LogConfig: Setting CVar [[r.Shadow.RadiusThreshold:0.01]]
[2020.07.29-20.37.00:937][  0]LogConfig: Setting CVar [[r.Shadow.DistanceScale:1.0]]
[2020.07.29-20.37.00:937][  0]LogConfig: Setting CVar [[r.Shadow.CSM.TransitionScale:1.0]]
[2020.07.29-20.37.00:937][  0]LogConfig: Setting CVar [[r.Shadow.PreShadowResolutionFactor:1.0]]
[2020.07.29-20.37.00:937][  0]LogConfig: Setting CVar [[r.DistanceFieldShadowing:1]]
[2020.07.29-20.37.00:937][  0]LogConfig: Setting CVar [[r.DistanceFieldAO:1]]
[2020.07.29-20.37.00:937][  0]LogConfig: Setting CVar [[r.AOQuality:2]]
[2020.07.29-20.37.00:937][  0]LogConfig: Setting CVar [[r.VolumetricFog:1]]
[2020.07.29-20.37.00:937][  0]LogConfig: Setting CVar [[r.VolumetricFog.GridPixelSize:8]]
[2020.07.29-20.37.00:937][  0]LogConfig: Setting CVar [[r.VolumetricFog.GridSizeZ:128]]
[2020.07.29-20.37.00:937][  0]LogConfig: Setting CVar [[r.VolumetricFog.HistoryMissSupersampleCount:4]]
[2020.07.29-20.37.00:937][  0]LogConfig: Setting CVar [[r.LightMaxDrawDistanceScale:1]]
[2020.07.29-20.37.00:938][  0]LogConfig: Setting CVar [[r.CapsuleShadows:1]]
[2020.07.29-20.37.00:938][  0]LogConfig: Applying CVar settings from Section [PostProcessQuality@3] File [D:/Down2DieInventory/StructureInventory/Saved/Config/Windows/Scalability.ini]
[2020.07.29-20.37.00:938][  0]LogConfig: Setting CVar [[r.MotionBlurQuality:4]]
[2020.07.29-20.37.00:938][  0]LogConfig: Setting CVar [[r.AmbientOcclusionMipLevelFactor:0.4]]
[2020.07.29-20.37.00:938][  0]LogConfig: Setting CVar [[r.AmbientOcclusionMaxQuality:100]]
[2020.07.29-20.37.00:938][  0]LogConfig: Setting CVar [[r.AmbientOcclusionLevels:-1]]
[2020.07.29-20.37.00:938][  0]LogConfig: Setting CVar [[r.AmbientOcclusionRadiusScale:1.0]]
[2020.07.29-20.37.00:938][  0]LogConfig: Setting CVar [[r.DepthOfFieldQuality:2]]
[2020.07.29-20.37.00:938][  0]LogConfig: Setting CVar [[r.RenderTargetPoolMin:400]]
[2020.07.29-20.37.00:938][  0]LogConfig: Setting CVar [[r.LensFlareQuality:2]]
[2020.07.29-20.37.00:938][  0]LogConfig: Setting CVar [[r.SceneColorFringeQuality:1]]
[2020.07.29-20.37.00:938][  0]LogConfig: Setting CVar [[r.EyeAdaptationQuality:2]]
[2020.07.29-20.37.00:938][  0]LogConfig: Setting CVar [[r.BloomQuality:5]]
[2020.07.29-20.37.00:938][  0]LogConfig: Setting CVar [[r.FastBlurThreshold:100]]
[2020.07.29-20.37.00:938][  0]LogConfig: Setting CVar [[r.Upscale.Quality:3]]
[2020.07.29-20.37.00:938][  0]LogConfig: Setting CVar [[r.Tonemapper.GrainQuantization:1]]
[2020.07.29-20.37.00:938][  0]LogConfig: Setting CVar [[r.LightShaftQuality:1]]
[2020.07.29-20.37.00:938][  0]LogConfig: Setting CVar [[r.Filter.SizeScale:1]]
[2020.07.29-20.37.00:938][  0]LogConfig: Setting CVar [[r.Tonemapper.Quality:5]]
[2020.07.29-20.37.00:938][  0]LogConfig: Setting CVar [[r.DOF.Gather.AccumulatorQuality:1        ; higher gathering accumulator quality]]
[2020.07.29-20.37.00:938][  0]LogConfig: Setting CVar [[r.DOF.Gather.PostfilterMethod:1          ; Median3x3 postfilering method]]
[2020.07.29-20.37.00:938][  0]LogConfig: Setting CVar [[r.DOF.Gather.EnableBokehSettings:0       ; no bokeh simulation when gathering]]
[2020.07.29-20.37.00:938][  0]LogConfig: Setting CVar [[r.DOF.Gather.RingCount:4                 ; medium number of samples when gathering]]
[2020.07.29-20.37.00:938][  0]LogConfig: Setting CVar [[r.DOF.Scatter.ForegroundCompositing:1    ; additive foreground scattering]]
[2020.07.29-20.37.00:938][  0]LogConfig: Setting CVar [[r.DOF.Scatter.BackgroundCompositing:2    ; additive background scattering]]
[2020.07.29-20.37.00:938][  0]LogConfig: Setting CVar [[r.DOF.Scatter.EnableBokehSettings:1      ; bokeh simulation when scattering]]
[2020.07.29-20.37.00:938][  0]LogConfig: Setting CVar [[r.DOF.Scatter.MaxSpriteRatio:0.1         ; only a maximum of 10% of scattered bokeh]]
[2020.07.29-20.37.00:938][  0]LogConfig: Setting CVar [[r.DOF.Recombine.Quality:1                ; cheap slight out of focus]]
[2020.07.29-20.37.00:938][  0]LogConfig: Setting CVar [[r.DOF.Recombine.EnableBokehSettings:0    ; no bokeh simulation on slight out of focus]]
[2020.07.29-20.37.00:938][  0]LogConfig: Setting CVar [[r.DOF.TemporalAAQuality:1                ; more stable temporal accumulation]]
[2020.07.29-20.37.00:938][  0]LogConfig: Setting CVar [[r.DOF.Kernel.MaxForegroundRadius:0.025]]
[2020.07.29-20.37.00:938][  0]LogConfig: Setting CVar [[r.DOF.Kernel.MaxBackgroundRadius:0.025]]
[2020.07.29-20.37.00:938][  0]LogConfig: Applying CVar settings from Section [TextureQuality@3] File [D:/Down2DieInventory/StructureInventory/Saved/Config/Windows/Scalability.ini]
[2020.07.29-20.37.00:938][  0]LogConfig: Setting CVar [[r.Streaming.MipBias:0]]
[2020.07.29-20.37.00:938][  0]LogConfig: Setting CVar [[r.Streaming.AmortizeCPUToGPUCopy:0]]
[2020.07.29-20.37.00:938][  0]LogConfig: Setting CVar [[r.Streaming.MaxNumTexturesToStreamPerFrame:0]]
[2020.07.29-20.37.00:938][  0]LogConfig: Setting CVar [[r.Streaming.Boost:1]]
[2020.07.29-20.37.00:938][  0]LogConfig: Setting CVar [[r.MaxAnisotropy:8]]
[2020.07.29-20.37.00:938][  0]LogConfig: Setting CVar [[r.Streaming.LimitPoolSizeToVRAM:0]]
[2020.07.29-20.37.00:938][  0]LogConfig: Setting CVar [[r.Streaming.PoolSize:1000]]
[2020.07.29-20.37.00:938][  0]LogConfig: Setting CVar [[r.Streaming.MaxEffectiveScreenSize:0]]
[2020.07.29-20.37.00:938][  0]LogConfig: Applying CVar settings from Section [EffectsQuality@3] File [D:/Down2DieInventory/StructureInventory/Saved/Config/Windows/Scalability.ini]
[2020.07.29-20.37.00:938][  0]LogConfig: Setting CVar [[r.TranslucencyLightingVolumeDim:64]]
[2020.07.29-20.37.00:938][  0]LogConfig: Setting CVar [[r.RefractionQuality:2]]
[2020.07.29-20.37.00:938][  0]LogConfig: Setting CVar [[r.SSR.Quality:3]]
[2020.07.29-20.37.00:938][  0]LogConfig: Setting CVar [[r.SceneColorFormat:4]]
[2020.07.29-20.37.00:938][  0]LogConfig: Setting CVar [[r.DetailMode:2]]
[2020.07.29-20.37.00:938][  0]LogConfig: Setting CVar [[r.TranslucencyVolumeBlur:1]]
[2020.07.29-20.37.00:938][  0]LogConfig: Setting CVar [[r.MaterialQualityLevel:1 ; High quality]]
[2020.07.29-20.37.00:938][  0]LogConfig: Setting CVar [[r.SSS.Scale:1]]
[2020.07.29-20.37.00:938][  0]LogConfig: Setting CVar [[r.SSS.SampleSet:2]]
[2020.07.29-20.37.00:938][  0]LogConfig: Setting CVar [[r.SSS.Quality:1]]
[2020.07.29-20.37.00:938][  0]LogConfig: Setting CVar [[r.SSS.HalfRes:1]]
[2020.07.29-20.37.00:938][  0]LogConfig: Setting CVar [[r.EmitterSpawnRateScale:1.0]]
[2020.07.29-20.37.00:938][  0]LogConfig: Setting CVar [[r.ParticleLightQuality:2]]
[2020.07.29-20.37.00:938][  0]LogConfig: Applying CVar settings from Section [FoliageQuality@3] File [D:/Down2DieInventory/StructureInventory/Saved/Config/Windows/Scalability.ini]
[2020.07.29-20.37.00:938][  0]LogConfig: Setting CVar [[foliage.DensityScale:1.0]]
[2020.07.29-20.37.00:938][  0]LogConfig: Setting CVar [[grass.DensityScale:1.0]]
[2020.07.29-20.37.00:938][  0]LogInit: Selected Device Profile: [Windows]
[2020.07.29-20.37.00:938][  0]LogInit: Applying CVar settings loaded from the selected device profile: [Windows]
[2020.07.29-20.37.00:941][  0]LogHAL: Display: Platform has ~ 16 GB [17106059264 / 17179869184 / 16], which maps to Larger [LargestMinGB=32, LargerMinGB=12, DefaultMinGB=8, SmallerMinGB=6, SmallestMinGB=0)
[2020.07.29-20.37.00:941][  0]LogInit: Going up to parent DeviceProfile []
[2020.07.29-20.37.00:941][  0]LogConfig: Applying CVar settings from Section [ViewDistanceQuality@3] File [D:/Down2DieInventory/StructureInventory/Saved/Config/Windows/Scalability.ini]
[2020.07.29-20.37.00:941][  0]LogConfig: Setting CVar [[r.SkeletalMeshLODBias:0]]
[2020.07.29-20.37.00:941][  0]LogConfig: Setting CVar [[r.ViewDistanceScale:1.0]]
[2020.07.29-20.37.00:941][  0]LogConfig: Applying CVar settings from Section [AntiAliasingQuality@3] File [D:/Down2DieInventory/StructureInventory/Saved/Config/Windows/Scalability.ini]
[2020.07.29-20.37.00:941][  0]LogConfig: Setting CVar [[r.PostProcessAAQuality:4]]
[2020.07.29-20.37.00:941][  0]LogConfig: Applying CVar settings from Section [ShadowQuality@3] File [D:/Down2DieInventory/StructureInventory/Saved/Config/Windows/Scalability.ini]
[2020.07.29-20.37.00:941][  0]LogConfig: Setting CVar [[r.LightFunctionQuality:1]]
[2020.07.29-20.37.00:941][  0]LogConfig: Setting CVar [[r.ShadowQuality:5]]
[2020.07.29-20.37.00:941][  0]LogConfig: Setting CVar [[r.Shadow.CSM.MaxCascades:10]]
[2020.07.29-20.37.00:941][  0]LogConfig: Setting CVar [[r.Shadow.MaxResolution:2048]]
[2020.07.29-20.37.00:941][  0]LogConfig: Setting CVar [[r.Shadow.MaxCSMResolution:2048]]
[2020.07.29-20.37.00:941][  0]LogConfig: Setting CVar [[r.Shadow.RadiusThreshold:0.01]]
[2020.07.29-20.37.00:941][  0]LogConfig: Setting CVar [[r.Shadow.DistanceScale:1.0]]
[2020.07.29-20.37.00:941][  0]LogConfig: Setting CVar [[r.Shadow.CSM.TransitionScale:1.0]]
[2020.07.29-20.37.00:941][  0]LogConfig: Setting CVar [[r.Shadow.PreShadowResolutionFactor:1.0]]
[2020.07.29-20.37.00:941][  0]LogConfig: Setting CVar [[r.DistanceFieldShadowing:1]]
[2020.07.29-20.37.00:941][  0]LogConfig: Setting CVar [[r.DistanceFieldAO:1]]
[2020.07.29-20.37.00:941][  0]LogConfig: Setting CVar [[r.AOQuality:2]]
[2020.07.29-20.37.00:941][  0]LogConfig: Setting CVar [[r.VolumetricFog:1]]
[2020.07.29-20.37.00:941][  0]LogConfig: Setting CVar [[r.VolumetricFog.GridPixelSize:8]]
[2020.07.29-20.37.00:941][  0]LogConfig: Setting CVar [[r.VolumetricFog.GridSizeZ:128]]
[2020.07.29-20.37.00:941][  0]LogConfig: Setting CVar [[r.VolumetricFog.HistoryMissSupersampleCount:4]]
[2020.07.29-20.37.00:942][  0]LogConfig: Setting CVar [[r.LightMaxDrawDistanceScale:1]]
[2020.07.29-20.37.00:942][  0]LogConfig: Setting CVar [[r.CapsuleShadows:1]]
[2020.07.29-20.37.00:942][  0]LogConfig: Applying CVar settings from Section [PostProcessQuality@3] File [D:/Down2DieInventory/StructureInventory/Saved/Config/Windows/Scalability.ini]
[2020.07.29-20.37.00:942][  0]LogConfig: Setting CVar [[r.MotionBlurQuality:4]]
[2020.07.29-20.37.00:942][  0]LogConfig: Setting CVar [[r.AmbientOcclusionMipLevelFactor:0.4]]
[2020.07.29-20.37.00:942][  0]LogConfig: Setting CVar [[r.AmbientOcclusionMaxQuality:100]]
[2020.07.29-20.37.00:942][  0]LogConfig: Setting CVar [[r.AmbientOcclusionLevels:-1]]
[2020.07.29-20.37.00:942][  0]LogConfig: Setting CVar [[r.AmbientOcclusionRadiusScale:1.0]]
[2020.07.29-20.37.00:942][  0]LogConfig: Setting CVar [[r.DepthOfFieldQuality:2]]
[2020.07.29-20.37.00:942][  0]LogConfig: Setting CVar [[r.RenderTargetPoolMin:400]]
[2020.07.29-20.37.00:942][  0]LogConfig: Setting CVar [[r.LensFlareQuality:2]]
[2020.07.29-20.37.00:942][  0]LogConfig: Setting CVar [[r.SceneColorFringeQuality:1]]
[2020.07.29-20.37.00:942][  0]LogConfig: Setting CVar [[r.EyeAdaptationQuality:2]]
[2020.07.29-20.37.00:942][  0]LogConfig: Setting CVar [[r.BloomQuality:5]]
[2020.07.29-20.37.00:942][  0]LogConfig: Setting CVar [[r.FastBlurThreshold:100]]
[2020.07.29-20.37.00:942][  0]LogConfig: Setting CVar [[r.Upscale.Quality:3]]
[2020.07.29-20.37.00:942][  0]LogConfig: Setting CVar [[r.Tonemapper.GrainQuantization:1]]
[2020.07.29-20.37.00:942][  0]LogConfig: Setting CVar [[r.LightShaftQuality:1]]
[2020.07.29-20.37.00:942][  0]LogConfig: Setting CVar [[r.Filter.SizeScale:1]]
[2020.07.29-20.37.00:942][  0]LogConfig: Setting CVar [[r.Tonemapper.Quality:5]]
[2020.07.29-20.37.00:942][  0]LogConfig: Setting CVar [[r.DOF.Gather.AccumulatorQuality:1        ; higher gathering accumulator quality]]
[2020.07.29-20.37.00:942][  0]LogConfig: Setting CVar [[r.DOF.Gather.PostfilterMethod:1          ; Median3x3 postfilering method]]
[2020.07.29-20.37.00:942][  0]LogConfig: Setting CVar [[r.DOF.Gather.EnableBokehSettings:0       ; no bokeh simulation when gathering]]
[2020.07.29-20.37.00:942][  0]LogConfig: Setting CVar [[r.DOF.Gather.RingCount:4                 ; medium number of samples when gathering]]
[2020.07.29-20.37.00:942][  0]LogConfig: Setting CVar [[r.DOF.Scatter.ForegroundCompositing:1    ; additive foreground scattering]]
[2020.07.29-20.37.00:942][  0]LogConfig: Setting CVar [[r.DOF.Scatter.BackgroundCompositing:2    ; additive background scattering]]
[2020.07.29-20.37.00:942][  0]LogConfig: Setting CVar [[r.DOF.Scatter.EnableBokehSettings:1      ; bokeh simulation when scattering]]
[2020.07.29-20.37.00:942][  0]LogConfig: Setting CVar [[r.DOF.Scatter.MaxSpriteRatio:0.1         ; only a maximum of 10% of scattered bokeh]]
[2020.07.29-20.37.00:942][  0]LogConfig: Setting CVar [[r.DOF.Recombine.Quality:1                ; cheap slight out of focus]]
[2020.07.29-20.37.00:942][  0]LogConfig: Setting CVar [[r.DOF.Recombine.EnableBokehSettings:0    ; no bokeh simulation on slight out of focus]]
[2020.07.29-20.37.00:942][  0]LogConfig: Setting CVar [[r.DOF.TemporalAAQuality:1                ; more stable temporal accumulation]]
[2020.07.29-20.37.00:942][  0]LogConfig: Setting CVar [[r.DOF.Kernel.MaxForegroundRadius:0.025]]
[2020.07.29-20.37.00:942][  0]LogConfig: Setting CVar [[r.DOF.Kernel.MaxBackgroundRadius:0.025]]
[2020.07.29-20.37.00:942][  0]LogConfig: Applying CVar settings from Section [TextureQuality@3] File [D:/Down2DieInventory/StructureInventory/Saved/Config/Windows/Scalability.ini]
[2020.07.29-20.37.00:942][  0]LogConfig: Setting CVar [[r.Streaming.MipBias:0]]
[2020.07.29-20.37.00:942][  0]LogConfig: Setting CVar [[r.Streaming.AmortizeCPUToGPUCopy:0]]
[2020.07.29-20.37.00:942][  0]LogConfig: Setting CVar [[r.Streaming.MaxNumTexturesToStreamPerFrame:0]]
[2020.07.29-20.37.00:942][  0]LogConfig: Setting CVar [[r.Streaming.Boost:1]]
[2020.07.29-20.37.00:942][  0]LogConfig: Setting CVar [[r.MaxAnisotropy:8]]
[2020.07.29-20.37.00:942][  0]LogConfig: Setting CVar [[r.Streaming.LimitPoolSizeToVRAM:0]]
[2020.07.29-20.37.00:942][  0]LogConfig: Setting CVar [[r.Streaming.PoolSize:1000]]
[2020.07.29-20.37.00:942][  0]LogConfig: Setting CVar [[r.Streaming.MaxEffectiveScreenSize:0]]
[2020.07.29-20.37.00:942][  0]LogConfig: Applying CVar settings from Section [EffectsQuality@3] File [D:/Down2DieInventory/StructureInventory/Saved/Config/Windows/Scalability.ini]
[2020.07.29-20.37.00:942][  0]LogConfig: Setting CVar [[r.TranslucencyLightingVolumeDim:64]]
[2020.07.29-20.37.00:942][  0]LogConfig: Setting CVar [[r.RefractionQuality:2]]
[2020.07.29-20.37.00:942][  0]LogConfig: Setting CVar [[r.SSR.Quality:3]]
[2020.07.29-20.37.00:942][  0]LogConfig: Setting CVar [[r.SceneColorFormat:4]]
[2020.07.29-20.37.00:942][  0]LogConfig: Setting CVar [[r.DetailMode:2]]
[2020.07.29-20.37.00:942][  0]LogConfig: Setting CVar [[r.TranslucencyVolumeBlur:1]]
[2020.07.29-20.37.00:942][  0]LogConfig: Setting CVar [[r.MaterialQualityLevel:1 ; High quality]]
[2020.07.29-20.37.00:942][  0]LogConfig: Setting CVar [[r.SSS.Scale:1]]
[2020.07.29-20.37.00:942][  0]LogConfig: Setting CVar [[r.SSS.SampleSet:2]]
[2020.07.29-20.37.00:942][  0]LogConfig: Setting CVar [[r.SSS.Quality:1]]
[2020.07.29-20.37.00:942][  0]LogConfig: Setting CVar [[r.SSS.HalfRes:1]]
[2020.07.29-20.37.00:942][  0]LogConfig: Setting CVar [[r.EmitterSpawnRateScale:1.0]]
[2020.07.29-20.37.00:942][  0]LogConfig: Setting CVar [[r.ParticleLightQuality:2]]
[2020.07.29-20.37.00:942][  0]LogConfig: Applying CVar settings from Section [FoliageQuality@3] File [D:/Down2DieInventory/StructureInventory/Saved/Config/Windows/Scalability.ini]
[2020.07.29-20.37.00:942][  0]LogConfig: Setting CVar [[foliage.DensityScale:1.0]]
[2020.07.29-20.37.00:942][  0]LogConfig: Setting CVar [[grass.DensityScale:1.0]]
[2020.07.29-20.37.00:942][  0]LogConfig: Applying CVar settings from Section [Startup] File [../../../Engine/Config/ConsoleVariables.ini]
[2020.07.29-20.37.00:942][  0]LogConfig: Setting CVar [[net.UseAdaptiveNetUpdateFrequency:0]]
[2020.07.29-20.37.00:942][  0]LogConfig: Setting CVar [[p.chaos.AllowCreatePhysxBodies:1]]
[2020.07.29-20.37.00:942][  0]LogConfig: Applying CVar settings from Section [ConsoleVariables] File [D:/Down2DieInventory/StructureInventory/Saved/Config/Windows/Engine.ini]
[2020.07.29-20.37.00:943][  0]LogInit: Computer: JOEYCOMPUTER
[2020.07.29-20.37.00:943][  0]LogInit: User: joeym
[2020.07.29-20.37.00:943][  0]LogInit: CPU Page size=4096, Cores=4
[2020.07.29-20.37.00:943][  0]LogInit: High frequency timer resolution =10.000000 MHz
[2020.07.29-20.37.00:943][  0]LogMemory: Memory total: Physical=15.9GB (16GB approx)
[2020.07.29-20.37.00:943][  0]LogMemory: Platform Memory Stats for Windows
[2020.07.29-20.37.00:943][  0]LogMemory: Process Physical Memory: 138.99 MB used, 139.00 MB peak
[2020.07.29-20.37.00:943][  0]LogMemory: Process Virtual Memory: 118.70 MB used, 118.70 MB peak
[2020.07.29-20.37.00:943][  0]LogMemory: Physical Memory: 9392.67 MB used,  6920.94 MB free, 16313.61 MB total
[2020.07.29-20.37.00:943][  0]LogMemory: Virtual Memory: 4824.11 MB used,  134212904.00 MB free, 134217728.00 MB total
[2020.07.29-20.37.00:948][  0]LogWindows: WindowsPlatformFeatures enabled
[2020.07.29-20.37.00:986][  0]LogInit: Using OS detected language (nl-NL).
[2020.07.29-20.37.00:986][  0]LogInit: Using OS detected locale (nl-NL).
[2020.07.29-20.37.00:987][  0]LogTextLocalizationManager: No localization for 'nl-NL' exists, so 'en' will be used for the language.
[2020.07.29-20.37.00:987][  0]LogTextLocalizationManager: No localization for 'nl-NL' exists, so 'en' will be used for the locale.
[2020.07.29-20.37.01:161][  0]LogSlate: New Slate User Created.  User Index 0, Is Virtual User: 0
[2020.07.29-20.37.01:161][  0]LogSlate: Slate User Registered.  User Index 0, Is Virtual User: 0
[2020.07.29-20.37.01:174][  0]LogHMD: Failed to initialize OpenVR with code 110
[2020.07.29-20.37.01:174][  0]LogD3D11RHI: D3D11 adapters:
[2020.07.29-20.37.01:262][  0]LogD3D11RHI:    0. 'NVIDIA GeForce GTX 1080' (Feature Level 11_0)
[2020.07.29-20.37.01:262][  0]LogD3D11RHI:       8079/0/8156 MB DedicatedVideo/DedicatedSystem/SharedSystem, Outputs:2, VendorId:0x10de
[2020.07.29-20.37.01:266][  0]LogD3D11RHI:    1. 'Microsoft Basic Render Driver' (Feature Level 11_0)
[2020.07.29-20.37.01:266][  0]LogD3D11RHI:       0/0/8156 MB DedicatedVideo/DedicatedSystem/SharedSystem, Outputs:0, VendorId:0x1414
[2020.07.29-20.37.01:266][  0]LogD3D11RHI: Chosen D3D11 Adapter: 0
[2020.07.29-20.37.01:276][  0]LogD3D11RHI: Creating new Direct3DDevice
[2020.07.29-20.37.01:277][  0]LogD3D11RHI:     GPU DeviceId: 0x1b80 (for the marketing name, search the web for "GPU Device Id")
[2020.07.29-20.37.01:277][  0]LogWindows: EnumDisplayDevices:
[2020.07.29-20.37.01:277][  0]LogWindows:    0. 'NVIDIA GeForce GTX 1080' (P:1 D:1)
[2020.07.29-20.37.01:277][  0]LogWindows:    1. 'NVIDIA GeForce GTX 1080' (P:0 D:1)
[2020.07.29-20.37.01:277][  0]LogWindows:    2. 'NVIDIA GeForce GTX 1080' (P:0 D:0)
[2020.07.29-20.37.01:277][  0]LogWindows:    3. 'NVIDIA GeForce GTX 1080' (P:0 D:0)
[2020.07.29-20.37.01:278][  0]LogWindows: DebugString: FoundDriverCount:4 
[2020.07.29-20.37.01:278][  0]LogD3D11RHI:     Adapter Name: NVIDIA GeForce GTX 1080
[2020.07.29-20.37.01:278][  0]LogD3D11RHI:   Driver Version: 446.14 (internal:26.21.14.4614, unified:446.14)
[2020.07.29-20.37.01:278][  0]LogD3D11RHI:      Driver Date: 5-15-2020
[2020.07.29-20.37.01:278][  0]LogRHI: Texture pool is 5655 MB (70% of 8079 MB)
[2020.07.29-20.37.01:336][  0]LogD3D11RHI: Async texture creation enabled
[2020.07.29-20.37.01:347][  0]LogD3D11RHI: GPU Timing Frequency: 1000.000000 (Debug: 2 1)
[2020.07.29-20.37.01:708][  0]LogTemp: Display: Module 'WindowsClientTargetPlatform' loaded TargetPlatform 'WindowsClient'
[2020.07.29-20.37.01:715][  0]LogTemp: Display: Module 'WindowsNoEditorTargetPlatform' loaded TargetPlatform 'WindowsNoEditor'
[2020.07.29-20.37.01:723][  0]LogTemp: Display: Module 'WindowsServerTargetPlatform' loaded TargetPlatform 'WindowsServer'
[2020.07.29-20.37.01:727][  0]LogTemp: Display: Module 'WindowsTargetPlatform' loaded TargetPlatform 'Windows'
[2020.07.29-20.37.01:727][  0]LogTargetPlatformManager: Display: Building Assets For Windows
[2020.07.29-20.37.01:737][  0]LogAudioDebug: Display: Lib vorbis DLL was dynamically loaded.
[2020.07.29-20.37.01:800][  0]LogShaderCompilers: Guid format shader working directory is -9 characters bigger than the processId version (../../../../../../Down2DieInventory/StructureInventory/Intermediate/Shaders/WorkingDirectory/10920/).
[2020.07.29-20.37.01:800][  0]LogShaderCompilers: Cleaned the shader compiler working directory 'C:/Users/joeym/AppData/Local/Temp/UnrealShaderWorkingDir/5709F1BB40D145D0680D32B90CC31DE7/'.
[2020.07.29-20.37.01:802][  0]LogXGEController: Cannot use XGE Controller as Incredibuild is not installed on this machine.
[2020.07.29-20.37.01:802][  0]LogShaderCompilers: Cannot use XGE Shader Compiler as Incredibuild is not installed on this machine.
[2020.07.29-20.37.01:802][  0]LogShaderCompilers: Display: Using Local Shader Compiler.
[2020.07.29-20.37.02:294][  0]LogDerivedDataCache: Display: Max Cache Size: 512 MB
[2020.07.29-20.37.02:334][  0]LogDerivedDataCache: Loaded boot cache 0.04s 72MB C:/Users/joeym/AppData/Local/UnrealEngine/4.23/DerivedDataCache/Boot.ddc.
[2020.07.29-20.37.02:334][  0]LogDerivedDataCache: Display: Loaded Boot cache: C:/Users/joeym/AppData/Local/UnrealEngine/4.23/DerivedDataCache/Boot.ddc
[2020.07.29-20.37.02:334][  0]LogDerivedDataCache: FDerivedDataBackendGraph:  Pak pak cache file ../../../../../../Down2DieInventory/StructureInventory/DerivedDataCache/DDC.ddp not found, will not use a pak cache.
[2020.07.29-20.37.02:334][  0]LogDerivedDataCache: Unable to find inner node Pak for hierarchical cache Hierarchy.
[2020.07.29-20.37.02:334][  0]LogDerivedDataCache: FDerivedDataBackendGraph:  CompressedPak pak cache file ../../../../../../Down2DieInventory/StructureInventory/DerivedDataCache/Compressed.ddp not found, will not use a pak cache.
[2020.07.29-20.37.02:334][  0]LogDerivedDataCache: Unable to find inner node CompressedPak for hierarchical cache Hierarchy.
[2020.07.29-20.37.02:343][  0]LogDerivedDataCache: Display: Pak cache opened for reading ../../../Engine/DerivedDataCache/Compressed.ddp.
[2020.07.29-20.37.02:344][  0]LogDerivedDataCache: Display: Pak cache opened for reading ../../../Enterprise/DerivedDataCache/Compressed.ddp.
[2020.07.29-20.37.02:346][  0]LogDerivedDataCache: Using Local data cache path C:/Users/joeym/AppData/Local/UnrealEngine/Common/DerivedDataCache: Writable
[2020.07.29-20.37.02:346][  0]LogDerivedDataCache: Shared data cache path not found in *engine.ini, will not use an Shared cache.
[2020.07.29-20.37.02:346][  0]LogDerivedDataCache: Unable to find inner node Shared for hierarchical cache Hierarchy.
[2020.07.29-20.37.02:362][  0]LogMaterial: Verifying Global Shaders for PCD3D_SM5
[2020.07.29-20.37.02:364][  0]LogSlate: Using FreeType 2.6.0
[2020.07.29-20.37.02:365][  0]LogSlate: SlateFontServices - WITH_FREETYPE: 1, WITH_HARFBUZZ: 1
[2020.07.29-20.37.02:487][  0]LogInit: Using OS detected language (nl-NL).
[2020.07.29-20.37.02:487][  0]LogInit: Using OS detected locale (nl-NL).
[2020.07.29-20.37.02:487][  0]LogTextLocalizationManager: No localization for 'nl-NL' exists, so 'en' will be used for the language.
[2020.07.29-20.37.02:487][  0]LogTextLocalizationManager: No localization for 'nl-NL' exists, so 'en' will be used for the locale.
[2020.07.29-20.37.02:488][  0]LogTextLocalizationManager: Compacting localization data took   0.00ms
[2020.07.29-20.37.02:492][  0]LogAssetRegistry: FAssetRegistry took 0.0015 seconds to start up
[2020.07.29-20.37.02:689][  0]LogPackageLocalizationCache: Processed 18 localized package path(s) for 1 prioritized culture(s) in 0.027130 seconds
[2020.07.29-20.37.02:753][  0]LogInit: Selected Device Profile: [Windows]
[2020.07.29-20.37.02:889][  0]LogMeshReduction: Using QuadricMeshReduction for automatic static mesh reduction
[2020.07.29-20.37.02:889][  0]LogMeshReduction: Using SimplygonMeshReduction for automatic skeletal mesh reduction
[2020.07.29-20.37.02:889][  0]LogMeshReduction: Using ProxyLODMeshReduction for automatic mesh merging
[2020.07.29-20.37.02:889][  0]LogMeshReduction: No distributed automatic mesh merging module available
[2020.07.29-20.37.02:889][  0]LogMeshMerging: No distributed automatic mesh merging module available
[2020.07.29-20.37.02:898][  0]LogNetVersion: StructureInventory 1.0.0, NetCL: 8386587, EngineNetVer: 11, GameNetVer: 0 (Checksum: 2032503810)
[2020.07.29-20.37.03:394][  0]LogMoviePlayer: Initializing movie player
[2020.07.29-20.37.03:532][  0]SourceControl: Source control is disabled
[2020.07.29-20.37.03:532][  0]SourceControl: Source control is disabled
[2020.07.29-20.37.03:533][  0]SourceControl: Source control is disabled
[2020.07.29-20.37.03:634][  0]LogAndroidPermission: UAndroidPermissionCallbackProxy::GetInstance
[2020.07.29-20.37.03:806][  0]LogOcInput: OculusInput pre-init called
[2020.07.29-20.37.03:816][  0]LogUObjectArray: 48896 objects as part of root set at end of initial load.
[2020.07.29-20.37.03:816][  0]LogUObjectAllocator: 8625112 out of 0 bytes used by permanent object pool.
[2020.07.29-20.37.03:816][  0]LogUObjectArray: CloseDisregardForGC: 0/0 objects in disregard for GC pool
[2020.07.29-20.37.03:865][  0]LogEngine: Initializing Engine...
[2020.07.29-20.37.03:866][  0]LogHMD: Failed to initialize OpenVR with code 110
[2020.07.29-20.37.03:867][  0]LogStats: UGameplayTagsManager::InitializeManager -  0.000 s
[2020.07.29-20.37.04:011][  0]LogInit: Initializing FReadOnlyCVARCache
[2020.07.29-20.37.04:046][  0]LogInit: XAudio2 using 'Hoofdtelefoon (3- Arctis 7 Game)' : 2 channels at 48 kHz using 16 bits per sample (channel mask 0x3)
[2020.07.29-20.37.04:082][  0]LogInit: FAudioDevice initialized.
[2020.07.29-20.37.04:083][  0]LogNetVersion: Set ProjectVersion to 1.0.0.0. Version Checksum will be recalculated on next use.
[2020.07.29-20.37.04:124][  0]LogDerivedDataCache: Saved boot cache 0.04s 72MB C:/Users/joeym/AppData/Local/UnrealEngine/4.23/DerivedDataCache/Boot.ddc.
[2020.07.29-20.37.04:132][  0]LogInit: Texture streaming: Enabled
[2020.07.29-20.37.04:256][  0]LogSlate: Updating window title bar state: overlay mode, drag disabled, window buttons hidden, title bar hidden
[2020.07.29-20.37.04:256][  0]LogInit: Display: Game Engine Initialized.
[2020.07.29-20.37.04:308][  0]LogInit: Display: Starting Game.
[2020.07.29-20.37.04:308][  0]LogNet: Browse: /Game/GameRelated/MyLevel?Name=Player
[2020.07.29-20.37.04:308][  0]LogLoad: LoadMap: /Game/GameRelated/MyLevel?Name=Player
[2020.07.29-20.37.04:308][  0]LogWorld: BeginTearingDown for /Temp/Untitled_0
[2020.07.29-20.37.04:309][  0]LogWorld: UWorld::CleanupWorld for Untitled, bSessionEnded=true, bCleanupResources=true
[2020.07.29-20.37.04:328][  0]LogUObjectHash: Compacting FUObjectHashTables data took   1.26ms
[2020.07.29-20.37.04:779][  0]LogAIModule: Creating AISystem for world MyLevel
[2020.07.29-20.37.04:779][  0]LogLoad: Game class is 'MyGamemode_C'
[2020.07.29-20.37.04:783][  0]LogWorld: Bringing World /Game/GameRelated/MyLevel.MyLevel up for play (max tick rate 0) at 2020.07.29-22.37.04
[2020.07.29-20.37.04:784][  0]LogWorld: Bringing up level for play took: 0.003193
[2020.07.29-20.37.04:808][  0]LogLoad: Took 0.500228 seconds to LoadMap(/Game/GameRelated/MyLevel)
[2020.07.29-20.37.04:832][  0]LogRenderer: Reallocating scene render targets to support 1920x1080 Format 10 NumSamples 1 (Frame:1).
[2020.07.29-20.37.04:832][  0]LogLoad: (Engine Initialization) Total time: 5.59 seconds
[2020.07.29-20.37.04:832][  0]LogLoad: (Engine Initialization) Total Blueprint compile time: 0.00 seconds
[2020.07.29-20.37.04:859][  0]LogContentStreaming: Texture pool size now 1000 MB
[2020.07.29-20.37.04:874][  2]LogRenderer: Reallocating scene render targets to support 128x128 Format 10 NumSamples 1 (Frame:1).
[2020.07.29-20.37.04:887][  2]LogRenderer: Reallocating scene render targets to support 1920x1080 Format 10 NumSamples 1 (Frame:2).
[2020.07.29-20.37.08:445][223]LogOnlineSession: Verbose: OSS: dumping NamedSession: 
[2020.07.29-20.37.08:445][223]LogOnlineSession: Verbose: OSS: 	SessionName: GameSession
[2020.07.29-20.37.08:445][223]LogOnlineSession: Verbose: OSS: 	HostingPlayerNum: 0
[2020.07.29-20.37.08:445][223]LogOnlineSession: Verbose: OSS: 	SessionState: Pending
[2020.07.29-20.37.08:445][223]LogOnlineSession: Verbose: OSS: 	RegisteredPlayers: 
[2020.07.29-20.37.08:445][223]LogOnlineSession: Verbose: OSS: 	    0 registered players
[2020.07.29-20.37.08:445][223]LogOnlineSession: Verbose: OSS: dumping Session: 
[2020.07.29-20.37.08:445][223]LogOnlineSession: Verbose: OSS: 	OwningPlayerName: Joey
[2020.07.29-20.37.08:445][223]LogOnlineSession: Verbose: OSS: 	OwningPlayerId: Joey [0x1FB81C646A0]
[2020.07.29-20.37.08:445][223]LogOnlineSession: Verbose: OSS: 	NumOpenPrivateConnections: 0
[2020.07.29-20.37.08:445][223]LogOnlineSession: Verbose: OSS: 	NumOpenPublicConnections: 9
[2020.07.29-20.37.08:445][223]LogOnlineSession: Verbose: OSS: 	SessionInfo: HostIP: INVALID SteamP2P: 76561198109054226:7777 Type: Lobby session SessionId: Lobby[0x18600000B27D465]
[2020.07.29-20.37.08:445][223]LogOnlineSession: Verbose: OSS: dumping SessionSettings: 
[2020.07.29-20.37.08:445][223]LogOnlineSession: Verbose: OSS: 	NumPublicConnections: 10
[2020.07.29-20.37.08:445][223]LogOnlineSession: Verbose: OSS: 	NumPrivateConnections: 0
[2020.07.29-20.37.08:445][223]LogOnlineSession: Verbose: OSS: 	bIsLanMatch: false
[2020.07.29-20.37.08:445][223]LogOnlineSession: Verbose: OSS: 	bIsDedicated: false
[2020.07.29-20.37.08:445][223]LogOnlineSession: Verbose: OSS: 	bUsesStats: false
[2020.07.29-20.37.08:445][223]LogOnlineSession: Verbose: OSS: 	bShouldAdvertise: true
[2020.07.29-20.37.08:445][223]LogOnlineSession: Verbose: OSS: 	bAllowJoinInProgress: true
[2020.07.29-20.37.08:445][223]LogOnlineSession: Verbose: OSS: 	bAllowInvites: false
[2020.07.29-20.37.08:445][223]LogOnlineSession: Verbose: OSS: 	bUsesPresence: true
[2020.07.29-20.37.08:445][223]LogOnlineSession: Verbose: OSS: 	bAllowJoinViaPresence: true
[2020.07.29-20.37.08:445][223]LogOnlineSession: Verbose: OSS: 	bAllowJoinViaPresenceFriendsOnly: false
[2020.07.29-20.37.08:445][223]LogOnlineSession: Verbose: OSS: 	BuildUniqueId: 0x007ff81b
[2020.07.29-20.37.08:445][223]LogOnlineSession: Verbose: OSS: 	Settings:
[2020.07.29-20.37.08:460][223]LogNet: Browse: /Game/GameRelated/MyLevel?listen
[2020.07.29-20.37.08:460][223]LogLoad: LoadMap: /Game/GameRelated/MyLevel?listen
[2020.07.29-20.37.08:460][223]LogWorld: BeginTearingDown for /Game/GameRelated/MyLevel
[2020.07.29-20.37.08:461][223]LogWorld: UWorld::CleanupWorld for MyLevel, bSessionEnded=true, bCleanupResources=true
[2020.07.29-20.37.08:495][223]LogUObjectHash: Compacting FUObjectHashTables data took   1.69ms
[2020.07.29-20.37.08:922][223]LogAIModule: Creating AISystem for world MyLevel
[2020.07.29-20.37.08:923][223]LogLoad: Game class is 'MyGamemode_C'
[2020.07.29-20.37.08:923][223]LogTemp: Display: ParseSettings for GameNetDriver
[2020.07.29-20.37.08:923][223]LogTemp: Display: ParseSettings for SteamNetDriver_0
[2020.07.29-20.37.08:923][223]LogTemp: Display: ParseSettings for GameNetDriver
[2020.07.29-20.37.08:923][223]LogNet: ReplicationDriverClass is null! Not using ReplicationDriver.
[2020.07.29-20.37.08:923][223]PacketHandlerLog: DDoS detection status: detection enabled: 0 analytics enabled: 0
[2020.07.29-20.37.08:923][223]LogNet: Display: SteamNetDriver_0 bound to port 7777
[2020.07.29-20.37.08:923][223]PacketHandlerLog: Loaded PacketHandler component: Engine.EngineHandlerComponentFactory (StatelessConnectHandlerComponent)
[2020.07.29-20.37.08:923][223]LogNet: GameNetDriver SteamNetDriver_0 IpNetDriver listening on port 7777
[2020.07.29-20.37.08:926][223]LogWorld: Bringing World /Game/GameRelated/MyLevel.MyLevel up for play (max tick rate 0) at 2020.07.29-22.37.08
[2020.07.29-20.37.08:926][223]LogWorld: Bringing up level for play took: 0.002118
[2020.07.29-20.37.08:947][223]LogLoad: Took 0.486962 seconds to LoadMap(/Game/GameRelated/MyLevel)
[2020.07.29-20.37.13:387][499]LogOnlineSession: STEAM: Updating lobby joinability to true.
[2020.07.29-20.37.14:290][555]LogOnline: STEAM: Adding P2P connection information with user 76561198369494285 (Name: bluebunny1810 [0x1FB81B9FC40])
[2020.07.29-20.37.19:853][899]LogNet: NotifyAcceptingConnection accepted from: 76561198369494285:7777
[2020.07.29-20.37.19:854][899]LogHandshake: SendConnectChallenge. Timestamp: 11.410114, Cookie: 054049155233249056034159138250082220087122060145076006242168
[2020.07.29-20.37.19:854][899]LogNet: NotifyAcceptingConnection accepted from: 76561198369494285:7777
[2020.07.29-20.37.19:854][899]LogHandshake: SendConnectChallenge. Timestamp: 11.410114, Cookie: 054049155233249056034159138250082220087122060145076006242168
[2020.07.29-20.37.19:854][899]LogNet: NotifyAcceptingConnection accepted from: 76561198369494285:7777
[2020.07.29-20.37.19:854][899]LogHandshake: SendConnectChallenge. Timestamp: 11.410114, Cookie: 054049155233249056034159138250082220087122060145076006242168
[2020.07.29-20.37.19:854][899]LogNet: NotifyAcceptingConnection accepted from: 76561198369494285:7777
[2020.07.29-20.37.19:854][899]LogHandshake: SendConnectChallenge. Timestamp: 11.410114, Cookie: 054049155233249056034159138250082220087122060145076006242168
[2020.07.29-20.37.19:854][899]LogNet: NotifyAcceptingConnection accepted from: 76561198369494285:7777
[2020.07.29-20.37.19:854][899]LogHandshake: SendConnectChallenge. Timestamp: 11.410114, Cookie: 054049155233249056034159138250082220087122060145076006242168
[2020.07.29-20.37.19:854][899]LogNet: NotifyAcceptingConnection accepted from: 76561198369494285:7777
[2020.07.29-20.37.19:854][899]LogHandshake: SendConnectChallenge. Timestamp: 11.410114, Cookie: 054049155233249056034159138250082220087122060145076006242168
[2020.07.29-20.37.19:934][904]LogNet: NotifyAcceptingConnection accepted from: 76561198369494285:7777
[2020.07.29-20.37.19:934][904]LogHandshake: SendConnectChallenge. Timestamp: 11.490764, Cookie: 018233039036045087252131059047104205007202162246017152145029
[2020.07.29-20.37.20:676][950]LogNet: NotifyAcceptingConnection accepted from: 76561198369494285:7777
[2020.07.29-20.37.20:676][950]LogHandshake: SendChallengeAck. InCookie: 054049155233249056034159138250082220087122060145076006242168
[2020.07.29-20.37.20:676][950]LogNet: Server accepting post-challenge connection from: 76561198369494285:7777
[2020.07.29-20.37.20:676][950]PacketHandlerLog: Loaded PacketHandler component: Engine.EngineHandlerComponentFactory (StatelessConnectHandlerComponent)
[2020.07.29-20.37.20:676][950]LogOnline: STEAM: Adding user 76561198369494285:7777 from RegisterConnection
[2020.07.29-20.37.20:676][950]LogNet: NotifyAcceptedConnection: Name: MyLevel, TimeStamp: 07/29/20 22:37:20, [UNetConnection] RemoteAddr: 76561198369494285:7777, Name: SteamNetConnection_0, Driver: GameNetDriver SteamNetDriver_0, IsServer: YES, PC: NULL, Owner: NULL, UniqueId: INVALID
[2020.07.29-20.37.20:676][950]LogNet: AddClientConnection: Added client connection: [UNetConnection] RemoteAddr: 76561198369494285:7777, Name: SteamNetConnection_0, Driver: GameNetDriver SteamNetDriver_0, IsServer: YES, PC: NULL, Owner: NULL, UniqueId: INVALID
[2020.07.29-20.37.20:677][950]LogHandshake: Received unexpected post-connect handshake packet - resending ack for LastChallengeSuccessAddress 76561198369494285:7777 and LastCookie 054049155233249056034159138250082220087122060145076006242168.
[2020.07.29-20.37.20:677][950]LogHandshake: SendChallengeAck. InCookie: 054049155233249056034159138250082220087122060145076006242168
[2020.07.29-20.37.20:677][950]LogHandshake: Received unexpected post-connect handshake packet - resending ack for LastChallengeSuccessAddress 76561198369494285:7777 and LastCookie 054049155233249056034159138250082220087122060145076006242168.
[2020.07.29-20.37.20:677][950]LogHandshake: SendChallengeAck. InCookie: 054049155233249056034159138250082220087122060145076006242168
[2020.07.29-20.37.20:677][950]LogHandshake: Received unexpected post-connect handshake packet - resending ack for LastChallengeSuccessAddress 76561198369494285:7777 and LastCookie 054049155233249056034159138250082220087122060145076006242168.
[2020.07.29-20.37.20:677][950]LogHandshake: SendChallengeAck. InCookie: 054049155233249056034159138250082220087122060145076006242168
[2020.07.29-20.37.20:677][950]LogHandshake: Received unexpected post-connect handshake packet - resending ack for LastChallengeSuccessAddress 76561198369494285:7777 and LastCookie 054049155233249056034159138250082220087122060145076006242168.
[2020.07.29-20.37.20:677][950]LogHandshake: SendChallengeAck. InCookie: 054049155233249056034159138250082220087122060145076006242168
[2020.07.29-20.37.20:678][950]LogHandshake: Received unexpected post-connect handshake packet - resending ack for LastChallengeSuccessAddress 76561198369494285:7777 and LastCookie 054049155233249056034159138250082220087122060145076006242168.
[2020.07.29-20.37.20:678][950]LogHandshake: SendChallengeAck. InCookie: 054049155233249056034159138250082220087122060145076006242168
[2020.07.29-20.37.20:678][950]LogHandshake: Received unexpected post-connect handshake packet - resending ack for LastChallengeSuccessAddress 76561198369494285:7777 and LastCookie 054049155233249056034159138250082220087122060145076006242168.
[2020.07.29-20.37.20:678][950]LogHandshake: SendChallengeAck. InCookie: 054049155233249056034159138250082220087122060145076006242168
[2020.07.29-20.37.20:837][960]LogNet: NotifyAcceptingChannel Control 0 server World /Game/GameRelated/MyLevel.MyLevel: Accepted
[2020.07.29-20.37.20:837][960]LogNet: Remote platform little endian=1
[2020.07.29-20.37.20:837][960]LogNet: This platform little endian=1
[2020.07.29-20.37.20:837][960]LogNetVersion: StructureInventory 1.0.0.0, NetCL: 8386587, EngineNetVer: 11, GameNetVer: 0 (Checksum: 605361999)
[2020.07.29-20.37.20:983][969]LogNet: Login request: /Game/GameRelated/MyLevel?Name=bluebunny1810 userId: STEAM:bluebunny1810 [0x1FBF4F849A0] platform: STEAM
[2020.07.29-20.37.21:015][971]LogNet: Client netspeed is 10000
[2020.07.29-20.37.21:499][  1]LogNet: Join request: /Game/GameRelated/MyLevel?Name=bluebunny1810?SplitscreenCount=1
[2020.07.29-20.37.21:501][  1]LogNet: Join succeeded: bluebunny1810
[2020.07.29-20.37.40:226][162]LogNet: UChannel::ReceivedSequencedBunch: Bunch.bClose == true. ChIndex == 0. Calling ConditionalCleanUp.
[2020.07.29-20.37.40:227][162]LogNet: UChannel::CleanUp: ChIndex == 0. Closing connection. [UChannel] ChIndex: 0, Closing: 0 [UNetConnection] RemoteAddr: 76561198369494285:7777, Name: SteamNetConnection_0, Driver: GameNetDriver SteamNetDriver_0, IsServer: YES, PC: MyPlayerController_C_1, Owner: MyPlayerController_C_1, UniqueId: STEAM:bluebunny1810 [0x1FBF4F85660]
[2020.07.29-20.37.40:227][162]LogNet: UNetConnection::Close: [UNetConnection] RemoteAddr: 76561198369494285:7777, Name: SteamNetConnection_0, Driver: GameNetDriver SteamNetDriver_0, IsServer: YES, PC: MyPlayerController_C_1, Owner: MyPlayerController_C_1, UniqueId: STEAM:bluebunny1810 [0x1FBF4F85660], Channels: 13, Time: 2020.07.29-20.37.40
[2020.07.29-20.37.40:227][162]LogNet: UChannel::Close: Sending CloseBunch. ChIndex == 0. Name: [UChannel] ChIndex: 0, Closing: 0 [UNetConnection] RemoteAddr: 76561198369494285:7777, Name: SteamNetConnection_0, Driver: GameNetDriver SteamNetDriver_0, IsServer: YES, PC: MyPlayerController_C_1, Owner: MyPlayerController_C_1, UniqueId: STEAM:bluebunny1810 [0x1FBF4F85660]
[2020.07.29-20.37.40:243][163]LogOnline: STEAM: Removing P2P Session Id: bluebunny1810 [0x1FBF4F85E40], Channel: 7777, IdleTime: 0.016
[2020.07.29-20.37.41:583][247]LogOnlineSession: STEAM: Updating lobby joinability to true.
[2020.07.29-20.37.41:743][257]LogOnline: STEAM: Closing channel 7777 with user 76561198369494285
[2020.07.29-20.37.41:746][257]LogOnline: STEAM: 76561198369494285 has been removed.
[2020.07.29-20.37.56:808][190]LogWindowsDesktop: Alt-F4 pressed!
[2020.07.29-20.37.56:813][190]LogSlate: Window 'StructureInventory (64-bit Development PCD3D_SM5) ' being destroyed
[2020.07.29-20.37.56:813][190]LogWindowsTextInputMethodSystem: Display: IME system now deactivated.
[2020.07.29-20.37.56:819][190]LogWindowsTextInputMethodSystem: Display: IME system now deactivated.
[2020.07.29-20.37.56:821][190]LogSlate: Updating window title bar state: overlay mode, drag disabled, window buttons hidden, title bar hidden
[2020.07.29-20.37.56:821][190]LogEngine: All Windows Closed
[2020.07.29-20.37.56:821][190]LogWindows: FPlatformMisc::RequestExit(0)
[2020.07.29-20.37.56:873][191]LogWorld: BeginTearingDown for /Game/GameRelated/MyLevel
[2020.07.29-20.37.56:873][191]LogNet: World NetDriver shutdown SteamNetDriver_0 [GameNetDriver]
[2020.07.29-20.37.56:873][191]LogNet: DestroyNamedNetDriver SteamNetDriver_0 [GameNetDriver]
[2020.07.29-20.37.56:873][191]LogExit: GameNetDriver SteamNetDriver_0 shut down
[2020.07.29-20.37.56:874][191]LogWorld: UWorld::CleanupWorld for MyLevel, bSessionEnded=true, bCleanupResources=true
[2020.07.29-20.37.56:901][191]LogExit: Preparing to exit.
[2020.07.29-20.37.56:901][191]LogMoviePlayer: Shutting down movie player
[2020.07.29-20.37.56:916][191]LogSlate: Updating window title bar state: overlay mode, drag disabled, window buttons hidden, title bar hidden
[2020.07.29-20.37.56:917][191]LogDemo: Cleaned up 0 splitscreen connections with owner deletion
[2020.07.29-20.37.56:923][191]LogExit: Game engine shut down
[2020.07.29-20.37.56:974][191]LogExit: Object subsystem successfully closed.
[2020.07.29-20.37.56:987][191]LogShaderCompilers: Display: Shaders left to compile 0
[2020.07.29-20.37.57:016][191]LogModuleManager: Shutting down and abandoning module SequenceRecorderSections (418)
[2020.07.29-20.37.57:016][191]LogModuleManager: Shutting down and abandoning module SequenceRecorder (416)
[2020.07.29-20.37.57:016][191]LogModuleManager: Shutting down and abandoning module AutomationController (414)
[2020.07.29-20.37.57:016][191]LogModuleManager: Shutting down and abandoning module AutomationWorker (412)
[2020.07.29-20.37.57:016][191]LogModuleManager: Shutting down and abandoning module Voice (410)
[2020.07.29-20.37.57:016][191]LogModuleManager: Shutting down and abandoning module AIModule (408)
[2020.07.29-20.37.57:016][191]LogModuleManager: Shutting down and abandoning module GameplayDebugger (407)
[2020.07.29-20.37.57:016][191]LogModuleManager: Shutting down and abandoning module AITestSuite (405)
[2020.07.29-20.37.57:016][191]LogModuleManager: Shutting down and abandoning module NavigationSystem (403)
[2020.07.29-20.37.57:016][191]LogModuleManager: Shutting down and abandoning module OculusMR (400)
[2020.07.29-20.37.57:016][191]LogModuleManager: Shutting down and abandoning module WmfMediaFactory (398)
[2020.07.29-20.37.57:016][191]LogModuleManager: Shutting down and abandoning module WebMMediaFactory (396)
[2020.07.29-20.37.57:016][191]LogModuleManager: Shutting down and abandoning module WebMMedia (394)
[2020.07.29-20.37.57:016][191]LogModuleManager: Shutting down and abandoning module OpenExrWrapper (392)
[2020.07.29-20.37.57:016][191]LogModuleManager: Shutting down and abandoning module ImgMediaFactory (390)
[2020.07.29-20.37.57:016][191]LogModuleManager: Shutting down and abandoning module AvfMediaFactory (388)
[2020.07.29-20.37.57:016][191]LogModuleManager: Shutting down and abandoning module MagicLeapCameraPreviewFactory (386)
[2020.07.29-20.37.57:016][191]LogModuleManager: Shutting down and abandoning module MagicLeapMediaCodecFactory (384)
[2020.07.29-20.37.57:016][191]LogModuleManager: Shutting down and abandoning module MagicLeapMediaFactory (382)
[2020.07.29-20.37.57:016][191]LogModuleManager: Shutting down and abandoning module CharacterAI (380)
[2020.07.29-20.37.57:016][191]LogModuleManager: Shutting down and abandoning module SessionServices (378)
[2020.07.29-20.37.57:016][191]LogModuleManager: Shutting down and abandoning module MovieSceneCapture (376)
[2020.07.29-20.37.57:016][191]LogModuleManager: Shutting down and abandoning module LiveCoding (374)
[2020.07.29-20.37.57:017][191]LogModuleManager: Shutting down and abandoning module LevelSequence (372)
[2020.07.29-20.37.57:017][191]LogModuleManager: Shutting down and abandoning module MovieSceneTracks (370)
[2020.07.29-20.37.57:017][191]LogModuleManager: Shutting down and abandoning module MovieScene (368)
[2020.07.29-20.37.57:017][191]LogModuleManager: Shutting down and abandoning module StreamingPauseRendering (366)
[2020.07.29-20.37.57:017][191]LogModuleManager: Shutting down and abandoning module PortalServices (364)
[2020.07.29-20.37.57:017][191]LogModuleManager: Shutting down and abandoning module PortalRpc (362)
[2020.07.29-20.37.57:017][191]LogModuleManager: Shutting down and abandoning module MessagingRpc (360)
[2020.07.29-20.37.57:017][191]LogModuleManager: Shutting down and abandoning module ImageWriteQueue (358)
[2020.07.29-20.37.57:019][191]LogModuleManager: Shutting down and abandoning module ProfilerService (356)
[2020.07.29-20.37.57:160][191]LogModuleManager: Shutting down and abandoning module TaskGraph (354)
[2020.07.29-20.37.57:160][191]LogModuleManager: Shutting down and abandoning module SteamVRController (352)
[2020.07.29-20.37.57:160][191]LogModuleManager: Shutting down and abandoning module ProceduralMeshComponent (350)
[2020.07.29-20.37.57:160][191]LogModuleManager: Shutting down and abandoning module OculusInput (348)
[2020.07.29-20.37.57:160][191]LogModuleManager: Shutting down and abandoning module MobilePatchingUtils (346)
[2020.07.29-20.37.57:160][191]LogModuleManager: Shutting down and abandoning module EditableMesh (344)
[2020.07.29-20.37.57:160][191]LogModuleManager: Shutting down and abandoning module CustomMeshComponent (342)
[2020.07.29-20.37.57:160][191]LogModuleManager: Shutting down and abandoning module CableComponent (340)
[2020.07.29-20.37.57:160][191]LogModuleManager: Shutting down and abandoning module AudioCapture (338)
[2020.07.29-20.37.57:160][191]LogModuleManager: Shutting down and abandoning module ArchVisCharacter (336)
[2020.07.29-20.37.57:160][191]LogModuleManager: Shutting down and abandoning module AppleImageUtilsBlueprintSupport (334)
[2020.07.29-20.37.57:160][191]LogModuleManager: Shutting down and abandoning module AppleImageUtils (332)
[2020.07.29-20.37.57:160][191]LogModuleManager: Shutting down and abandoning module AndroidPermission (330)
[2020.07.29-20.37.57:160][191]LogModuleManager: Shutting down and abandoning module NUTUnrealEngine4 (326)
[2020.07.29-20.37.57:160][191]LogModuleManager: Shutting down and abandoning module NetcodeUnitTest (324)
[2020.07.29-20.37.57:160][191]LogModuleManager: Shutting down and abandoning module MediaCompositing (322)
[2020.07.29-20.37.57:160][191]LogModuleManager: Shutting down and abandoning module ImgMedia (320)
[2020.07.29-20.37.57:160][191]LogModuleManager: Shutting down and abandoning module MagicLeapHelperVulkan (318)
[2020.07.29-20.37.57:160][191]LogModuleManager: Shutting down and abandoning module MagicLeapHelperOpenGL (316)
[2020.07.29-20.37.57:160][191]LogModuleManager: Shutting down and abandoning module MagicLeapAudio (314)
[2020.07.29-20.37.57:160][191]LogModuleManager: Shutting down and abandoning module HTML5Networking (312)
[2020.07.29-20.37.57:160][191]LogModuleManager: Shutting down and abandoning module GeometryCollectionTracks (310)
[2020.07.29-20.37.57:161][191]LogModuleManager: Shutting down and abandoning module GeometryCollectionSequencer (309)
[2020.07.29-20.37.57:161][191]LogModuleManager: Shutting down and abandoning module GeometryCollectionExampleCore (306)
[2020.07.29-20.37.57:161][191]LogModuleManager: Shutting down and abandoning module GeometryCacheTracks (304)
[2020.07.29-20.37.57:161][191]LogModuleManager: Shutting down and abandoning module GeometryCacheSequencer (303)
[2020.07.29-20.37.57:161][191]LogModuleManager: Shutting down and abandoning module GeometryCache (300)
[2020.07.29-20.37.57:161][191]LogModuleManager: Shutting down and abandoning module GeometryCacheEd (299)
[2020.07.29-20.37.57:161][191]LogModuleManager: Shutting down and abandoning module BlastCore (296)
[2020.07.29-20.37.57:161][191]LogModuleManager: Shutting down and abandoning module BackChannel (294)
[2020.07.29-20.37.57:161][191]LogModuleManager: Shutting down and abandoning module AutomationUtils (292)
[2020.07.29-20.37.57:161][191]LogModuleManager: Shutting down and abandoning module VariantManagerContent (290)
[2020.07.29-20.37.57:161][191]LogModuleManager: Shutting down and abandoning module CryptoKeysOpenSSL (288)
[2020.07.29-20.37.57:161][191]LogModuleManager: Shutting down and abandoning module CryptoKeys (286)
[2020.07.29-20.37.57:161][191]LogModuleManager: Shutting down and abandoning module VisualStudioSourceCodeAccess (284)
[2020.07.29-20.37.57:161][191]LogModuleManager: Shutting down and abandoning module HotReload (283)
[2020.07.29-20.37.57:161][191]LogModuleManager: Shutting down and abandoning module DirectoryWatcher (282)
[2020.07.29-20.37.57:161][191]LogModuleManager: Shutting down and abandoning module VisualStudioCodeSourceCodeAccess (278)
[2020.07.29-20.37.57:161][191]LogModuleManager: Shutting down and abandoning module UObjectPlugin (276)
[2020.07.29-20.37.57:161][191]LogModuleManager: Shutting down and abandoning module SubversionSourceControl (274)
[2020.07.29-20.37.57:161][191]LogModuleManager: Shutting down and abandoning module PerforceSourceControl (272)
[2020.07.29-20.37.57:161][191]LogModuleManager: Shutting down and abandoning module SourceControl (271)
[2020.07.29-20.37.57:161][191]LogModuleManager: Shutting down and abandoning module CLionSourceCodeAccess (268)
[2020.07.29-20.37.57:161][191]LogModuleManager: Shutting down and abandoning module ActorLayerUtilities (266)
[2020.07.29-20.37.57:161][191]LogModuleManager: Shutting down and abandoning module SignificanceManager (264)
[2020.07.29-20.37.57:161][191]LogModuleManager: Shutting down and abandoning module RuntimePhysXCooking (262)
[2020.07.29-20.37.57:161][191]LogModuleManager: Shutting down and abandoning module PhysXVehiclesEditor (260)
[2020.07.29-20.37.57:161][191]LogModuleManager: Shutting down and abandoning module LocationServicesBPLibrary (256)
[2020.07.29-20.37.57:161][191]LogModuleManager: Shutting down and abandoning module ActorSequence (254)
[2020.07.29-20.37.57:161][191]LogModuleManager: Shutting down and abandoning module UdpMessaging (252)
[2020.07.29-20.37.57:161][191]LogModuleManager: Shutting down and abandoning module TcpMessaging (250)
[2020.07.29-20.37.57:161][191]LogModuleManager: Shutting down and abandoning module MagicLeapIdentity (248)
[2020.07.29-20.37.57:161][191]LogModuleManager: Shutting down and abandoning module MagicLeapSecureStorage (246)
[2020.07.29-20.37.57:161][191]LogModuleManager: Shutting down and abandoning module MagicLeapHandTracking (244)
[2020.07.29-20.37.57:161][191]LogModuleManager: Shutting down and abandoning module MagicLeapEyeTracker (242)
[2020.07.29-20.37.57:161][191]LogModuleManager: Shutting down and abandoning module MagicLeapController (240)
[2020.07.29-20.37.57:161][191]LogSlate: Slate User Destroyed.  User Index 0, Is Virtual User: 0
[2020.07.29-20.37.57:161][191]LogModuleManager: Shutting down and abandoning module MagicLeapAR (238)
[2020.07.29-20.37.57:161][191]LogModuleManager: Shutting down and abandoning module AugmentedReality (237)
[2020.07.29-20.37.57:161][191]LogModuleManager: Shutting down and abandoning module GameplayTagsEditor (234)
[2020.07.29-20.37.57:161][191]LogModuleManager: Shutting down and abandoning module FacialAnimation (232)
[2020.07.29-20.37.57:161][191]LogModuleManager: Shutting down and abandoning module AssetManagerEditor (230)
[2020.07.29-20.37.57:161][191]LogModuleManager: Shutting down and abandoning module TreeMap (229)
[2020.07.29-20.37.57:161][191]LogModuleManager: Shutting down and abandoning module AnimationSharing (226)
[2020.07.29-20.37.57:161][191]LogModuleManager: Shutting down and abandoning module LightPropagationVolumeRuntime (224)
[2020.07.29-20.37.57:161][191]LogModuleManager: Shutting down and abandoning module Paper2D (222)
[2020.07.29-20.37.57:161][191]LogModuleManager: Shutting down and abandoning module WindowsMoviePlayer (220)
[2020.07.29-20.37.57:163][191]LogModuleManager: Shutting down and abandoning module WebMMoviePlayer (218)
[2020.07.29-20.37.57:163][191]LogModuleManager: Shutting down and abandoning module NetworkReplayStreaming (216)
[2020.07.29-20.37.57:163][191]LogModuleManager: Shutting down and abandoning module PacketHandler (214)
[2020.07.29-20.37.57:163][191]LogModuleManager: Shutting down and abandoning module ClothingSystemEditor (212)
[2020.07.29-20.37.57:163][191]LogModuleManager: Shutting down and abandoning module ClothingSystemRuntime (210)
[2020.07.29-20.37.57:163][191]LogModuleManager: Shutting down and abandoning module MediaAssets (208)
[2020.07.29-20.37.57:163][191]LogModuleManager: Shutting down and abandoning module Overlay (206)
[2020.07.29-20.37.57:163][191]LogModuleManager: Shutting down and abandoning module OverlayEditor (205)
[2020.07.29-20.37.57:163][191]LogModuleManager: Shutting down and abandoning module VREditor (202)
[2020.07.29-20.37.57:163][191]LogModuleManager: Shutting down and abandoning module StringTableEditor (200)
[2020.07.29-20.37.57:163][191]LogModuleManager: Shutting down and abandoning module GameplayTasksEditor (198)
[2020.07.29-20.37.57:163][191]LogModuleManager: Shutting down and abandoning module BehaviorTreeEditor (196)
[2020.07.29-20.37.57:163][191]LogModuleManager: Shutting down and abandoning module FunctionalTesting (194)
[2020.07.29-20.37.57:163][191]LogModuleManager: Shutting down and abandoning module CollisionAnalyzer (192)
[2020.07.29-20.37.57:163][191]LogModuleManager: Shutting down and abandoning module WorkspaceMenuStructure (191)
[2020.07.29-20.37.57:163][191]LogModuleManager: Shutting down and abandoning module UMG (188)
[2020.07.29-20.37.57:163][191]LogModuleManager: Shutting down and abandoning module UMGEditor (187)
[2020.07.29-20.37.57:163][191]LogModuleManager: Shutting down and abandoning module Sequencer (186)
[2020.07.29-20.37.57:163][191]LogModuleManager: Shutting down and abandoning module MessageLog (183)
[2020.07.29-20.37.57:163][191]LogModuleManager: Shutting down and abandoning module SlateReflector (178)
[2020.07.29-20.37.57:163][191]LogModuleManager: Shutting down and abandoning module Slate (176)
[2020.07.29-20.37.57:163][191]LogModuleManager: Shutting down and abandoning module LandscapeEditorUtilities (174)
[2020.07.29-20.37.57:163][191]LogModuleManager: Shutting down and abandoning module EditorStyle (172)
[2020.07.29-20.37.57:164][191]LogModuleManager: Shutting down and abandoning module UnrealEd (170)
[2020.07.29-20.37.57:164][191]LogModuleManager: Shutting down and abandoning module MRMesh (168)
[2020.07.29-20.37.57:164][191]LogModuleManager: Shutting down and abandoning module Messaging (166)
[2020.07.29-20.37.57:164][191]LogModuleManager: Shutting down and abandoning module SourceCodeAccess (164)
[2020.07.29-20.37.57:164][191]LogModuleManager: Shutting down and abandoning module HeadMountedDisplay (162)
[2020.07.29-20.37.57:164][191]LogModuleManager: Shutting down and abandoning module XAudio2 (160)
[2020.07.29-20.37.57:164][191]LogModuleManager: Shutting down and abandoning module Networking (158)
[2020.07.29-20.37.57:164][191]LogModuleManager: Shutting down and abandoning module Core (156)
[2020.07.29-20.37.57:164][191]LogModuleManager: Shutting down and abandoning module KismetCompiler (154)
[2020.07.29-20.37.57:164][191]LogModuleManager: Shutting down and abandoning module MeshUtilities (152)
[2020.07.29-20.37.57:164][191]LogModuleManager: Shutting down and abandoning module MeshMergeUtilities (151)
[2020.07.29-20.37.57:164][191]LogModuleManager: Shutting down and abandoning module MeshReductionInterface (150)
[2020.07.29-20.37.57:164][191]LogModuleManager: Shutting down and abandoning module SkeletalMeshReduction (149)
[2020.07.29-20.37.57:164][191]LogModuleManager: Shutting down and abandoning module ProxyLODMeshReduction (147)
[2020.07.29-20.37.57:164][191]LogModuleManager: Shutting down and abandoning module QuadricMeshReduction (145)
[2020.07.29-20.37.57:164][191]LogModuleManager: Shutting down and abandoning module MaterialBaking (141)
[2020.07.29-20.37.57:164][191]LogModuleManager: Shutting down and abandoning module NullInstallBundleManager (136)
[2020.07.29-20.37.57:164][191]LogModuleManager: Shutting down and abandoning module PIEPreviewDeviceProfileSelector (134)
[2020.07.29-20.37.57:164][191]LogModuleManager: Shutting down and abandoning module DerivedDataCache (132)
[2020.07.29-20.37.57:410][191]LogDerivedDataCache: Shutdown
[2020.07.29-20.37.57:410][191]LogModuleManager: Shutting down and abandoning module XGEController (130)
[2020.07.29-20.37.57:410][191]LogModuleManager: Shutting down and abandoning module TargetPlatform (128)
[2020.07.29-20.37.57:410][191]LogModuleManager: Shutting down and abandoning module VulkanShaderFormat (127)
[2020.07.29-20.37.57:411][191]LogModuleManager: Shutting down and abandoning module ShaderFormatVectorVM (125)
[2020.07.29-20.37.57:411][191]LogModuleManager: Shutting down and abandoning module ShaderFormatOpenGL (123)
[2020.07.29-20.37.57:411][191]LogModuleManager: Shutting down and abandoning module ShaderFormatD3D (121)
[2020.07.29-20.37.57:411][191]LogModuleManager: Shutting down and abandoning module MetalShaderFormat (119)
[2020.07.29-20.37.57:411][191]LogModuleManager: Shutting down and abandoning module TextureFormatUncompressed (117)
[2020.07.29-20.37.57:411][191]LogModuleManager: Shutting down and abandoning module TextureFormatPVR (115)
[2020.07.29-20.37.57:411][191]LogModuleManager: Shutting down and abandoning module TextureFormatDXT (113)
[2020.07.29-20.37.57:411][191]LogModuleManager: Shutting down and abandoning module TextureFormatIntelISPCTexComp (111)
[2020.07.29-20.37.57:411][191]LogModuleManager: Shutting down and abandoning module TextureFormatASTC (109)
[2020.07.29-20.37.57:411][191]LogModuleManager: Shutting down and abandoning module ImageWrapper (108)
[2020.07.29-20.37.57:411][191]LogModuleManager: Shutting down and abandoning module TextureFormatAndroid (105)
[2020.07.29-20.37.57:411][191]LogModuleManager: Shutting down and abandoning module AudioFormatOpus (103)
[2020.07.29-20.37.57:411][191]LogModuleManager: Shutting down and abandoning module AudioFormatOgg (101)
[2020.07.29-20.37.57:411][191]LogModuleManager: Shutting down and abandoning module AudioFormatADPCM (99)
[2020.07.29-20.37.57:411][191]LogModuleManager: Shutting down and abandoning module WindowsTargetPlatform (97)
[2020.07.29-20.37.57:411][191]LogModuleManager: Shutting down and abandoning module WindowsServerTargetPlatform (95)
[2020.07.29-20.37.57:411][191]LogModuleManager: Shutting down and abandoning module WindowsNoEditorTargetPlatform (93)
[2020.07.29-20.37.57:411][191]LogModuleManager: Shutting down and abandoning module WindowsClientTargetPlatform (91)
[2020.07.29-20.37.57:411][191]LogModuleManager: Shutting down and abandoning module InputCore (88)
[2020.07.29-20.37.57:411][191]LogModuleManager: Shutting down and abandoning module Settings (86)
[2020.07.29-20.37.57:411][191]LogModuleManager: Shutting down and abandoning module PhysXCooking (84)
[2020.07.29-20.37.57:411][191]LogModuleManager: Shutting down and abandoning module WindowsPlatformFeatures (82)
[2020.07.29-20.37.57:411][191]LogModuleManager: Shutting down and abandoning module GameplayMediaEncoder (81)
[2020.07.29-20.37.57:411][191]LogModuleManager: Shutting down and abandoning module SteamVR (78)
[2020.07.29-20.37.57:411][191]LogHMD: Freeing OpenVRDLLHandle.
[2020.07.29-20.37.57:411][191]LogModuleManager: Shutting down and abandoning module OculusHMD (76)
[2020.07.29-20.37.57:411][191]LogModuleManager: Shutting down and abandoning module ExampleDeviceProfileSelector (74)
[2020.07.29-20.37.57:411][191]LogModuleManager: Shutting down and abandoning module LauncherChunkInstaller (72)
[2020.07.29-20.37.57:411][191]LogModuleManager: Shutting down and abandoning module OnlineBlueprintSupport (70)
[2020.07.29-20.37.57:411][191]LogModuleManager: Shutting down and abandoning module OnlineSubsystem (66)
[2020.07.29-20.37.57:411][191]LogOnline: Display: STEAM: OnlineSubsystemSteam::Shutdown()
[2020.07.29-20.37.57:411][191]LogOnline: STEAM: AUTH: Revoking all tickets.
[2020.07.29-20.37.57:465][191]LogOnline: Display: STEAM: OnlineSubsystemSteam::Shutdown()
[2020.07.29-20.37.57:465][191]LogModuleManager: Shutting down and abandoning module XMPP (61)
[2020.07.29-20.37.57:465][191]LogModuleManager: Shutting down and abandoning module WebSockets (60)
[2020.07.29-20.37.57:468][191]LogModuleManager: Shutting down and abandoning module HTTP (57)
[2020.07.29-20.37.57:485][191]LogModuleManager: Shutting down and abandoning module SSL (56)
[2020.07.29-20.37.57:486][191]LogModuleManager: Shutting down and abandoning module WmfMedia (52)
[2020.07.29-20.37.57:486][191]LogModuleManager: Shutting down and abandoning module Media (51)
[2020.07.29-20.37.57:487][191]LogModuleManager: Shutting down and abandoning module MagicLeap (48)
[2020.07.29-20.37.57:487][191]LogModuleManager: Shutting down and abandoning module DatasmithContent (46)
[2020.07.29-20.37.57:487][191]LogModuleManager: Shutting down and abandoning module AISupportModule (44)
[2020.07.29-20.37.57:487][191]LogModuleManager: Shutting down and abandoning module PlatformCryptoOpenSSL (42)
[2020.07.29-20.37.57:487][191]LogModuleManager: Shutting down and abandoning module PlatformCrypto (40)
[2020.07.29-20.37.57:487][191]LogModuleManager: Shutting down and abandoning module AnimationModifiers (38)
[2020.07.29-20.37.57:487][191]LogModuleManager: Shutting down and abandoning module PropertyEditor (37)
[2020.07.29-20.37.57:487][191]LogModuleManager: Shutting down and abandoning module AudioEditor (34)
[2020.07.29-20.37.57:487][191]LogModuleManager: Shutting down and abandoning module TextureCompressor (32)
[2020.07.29-20.37.57:487][191]LogModuleManager: Shutting down and abandoning module RenderCore (30)
[2020.07.29-20.37.57:487][191]LogModuleManager: Shutting down and abandoning module Landscape (28)
[2020.07.29-20.37.57:487][191]LogModuleManager: Shutting down and abandoning module SlateRHIRenderer (26)
[2020.07.29-20.37.57:488][191]LogModuleManager: Shutting down and abandoning module OpenGLDrv (24)
[2020.07.29-20.37.57:488][191]LogModuleManager: Shutting down and abandoning module D3D11RHI (22)
[2020.07.29-20.37.57:488][191]LogModuleManager: Shutting down and abandoning module AnimGraphRuntime (20)
[2020.07.29-20.37.57:488][191]LogModuleManager: Shutting down and abandoning module Renderer (18)
[2020.07.29-20.37.57:488][191]LogModuleManager: Shutting down and abandoning module Engine (16)
[2020.07.29-20.37.57:488][191]LogModuleManager: Shutting down and abandoning module CoreUObject (14)
[2020.07.29-20.37.57:488][191]LogModuleManager: Shutting down and abandoning module NetworkFile (12)
[2020.07.29-20.37.57:488][191]LogModuleManager: Shutting down and abandoning module CookedIterativeFile (10)
[2020.07.29-20.37.57:488][191]LogModuleManager: Shutting down and abandoning module StreamingFile (8)
[2020.07.29-20.37.57:488][191]LogModuleManager: Shutting down and abandoning module SandboxFile (6)
[2020.07.29-20.37.57:488][191]LogModuleManager: Shutting down and abandoning module PakFile (4)
[2020.07.29-20.37.57:488][191]LogModuleManager: Shutting down and abandoning module RSA (3)
[2020.07.29-20.37.57:488][191]LogD3D11RHI: Shutdown
[2020.07.29-20.37.57:488][191]LogD3D11RHI: CleanupD3DDevice
[2020.07.29-20.37.57:489][191]LogRendererCore: FGlobalDynamicReadBuffer::Cleanup()
[2020.07.29-20.37.57:489][191]LogRendererCore: FGlobalDynamicReadBuffer::Cleanup()
[2020.07.29-20.37.57:489][191]LogRendererCore: FGlobalDynamicReadBuffer::Cleanup()
[2020.07.29-20.37.57:528][191]LogD3D11RHI: ~FD3D11DynamicRHI
[2020.07.29-20.37.57:534][191]LogExit: Exiting.
[2020.07.29-20.37.57:557][191]Log file closed, 07/29/20 22:37:57
