Log file open, 07/29/20 21:44:14
LogWindows: Failed to load 'aqProf.dll' (GetLastError=126)
LogWindows: File 'aqProf.dll' does not exist
LogWindows: Failed to load 'VtuneApi.dll' (GetLastError=126)
LogWindows: File 'VtuneApi.dll' does not exist
LogWindows: Failed to load 'VtuneApi32e.dll' (GetLastError=126)
LogWindows: File 'VtuneApi32e.dll' does not exist
LogConsoleResponse: Display: Failed to find resolution value strings in scalability ini. Falling back to default.
LogInit: Display: Running engine for game: StructureInventory
LogPlatformFile: Not using cached read wrapper
LogTaskGraph: Started task graph with 5 named threads and 23 total threads with 3 sets of task threads.
LogStats: Stats thread started at 0.076514
LogD3D11RHI: Loaded GFSDK_Aftermath_Lib.x64.dll
LogICUInternationalization: ICU TimeZone Detection - Raw Offset: +1:00, Platform Override: ''
LogPluginManager: Mounting plugin Paper2D
LogPluginManager: Mounting plugin AISupport
LogPluginManager: Mounting plugin LightPropagationVolume
LogPluginManager: Mounting plugin ActorLayerUtilities
LogPluginManager: Mounting plugin AnimationSharing
LogPluginManager: Mounting plugin CLionSourceCodeAccess
LogPluginManager: Mounting plugin CodeLiteSourceCodeAccess
LogPluginManager: Mounting plugin GitSourceControl
LogPluginManager: Mounting plugin KDevelopSourceCodeAccess
LogPluginManager: Mounting plugin NullSourceCodeAccess
LogPluginManager: Mounting plugin PerforceSourceControl
LogPluginManager: Mounting plugin SubversionSourceControl
LogPluginManager: Mounting plugin UObjectPlugin
LogPluginManager: Mounting plugin VisualStudioCodeSourceCodeAccess
LogPluginManager: Mounting plugin VisualStudioSourceCodeAccess
LogPluginManager: Mounting plugin XCodeSourceCodeAccess
LogPluginManager: Mounting plugin AssetManagerEditor
LogPluginManager: Mounting plugin CryptoKeys
LogPluginManager: Mounting plugin CurveEditorTools
LogPluginManager: Mounting plugin DataValidation
LogPluginManager: Mounting plugin EditorScriptingUtilities
LogPluginManager: Mounting plugin FacialAnimation
LogPluginManager: Mounting plugin GameplayTagsEditor
LogPluginManager: Mounting plugin GLTFImporter
LogPluginManager: Mounting plugin MacGraphicsSwitching
LogPluginManager: Mounting plugin MaterialAnalyzer
LogPluginManager: Mounting plugin MeshEditor
LogPluginManager: Mounting plugin MobileLauncherProfileWizard
LogPluginManager: Mounting plugin PluginBrowser
LogPluginManager: Mounting plugin SpeedTreeImporter
LogPluginManager: Mounting plugin DatasmithContent
LogPluginManager: Mounting plugin VariantManagerContent
LogPluginManager: Mounting plugin AlembicImporter
LogPluginManager: Mounting plugin AutomationUtils
LogPluginManager: Mounting plugin BackChannel
LogPluginManager: Mounting plugin BlastPlugin
LogPluginManager: Mounting plugin ChaosSolverPlugin
LogPluginManager: Mounting plugin CharacterAI
LogPluginManager: Mounting plugin DataPrepEditor
LogPluginManager: Mounting plugin GeometryCache
LogPluginManager: Mounting plugin GeometryCollectionPlugin
LogPluginManager: Mounting plugin HTML5Networking
LogPluginManager: Mounting plugin PlatformCrypto
LogPluginManager: Mounting plugin ProxyLODPlugin
LogPluginManager: Mounting plugin SkeletalReduction
LogPluginManager: Mounting plugin MagicLeap
LogPluginManager: Mounting plugin MagicLeapMedia
LogPluginManager: Mounting plugin AndroidMedia
LogPluginManager: Mounting plugin AvfMedia
LogPluginManager: Mounting plugin ImgMedia
LogPluginManager: Mounting plugin MediaCompositing
LogPluginManager: Mounting plugin MediaPlayerEditor
LogPluginManager: Mounting plugin WebMMedia
LogPluginManager: Mounting plugin WmfMedia
LogPluginManager: Mounting plugin TcpMessaging
LogPluginManager: Mounting plugin UdpMessaging
LogPluginManager: Mounting plugin ActorSequence
LogPluginManager: Mounting plugin LevelSequenceEditor
LogPluginManager: Mounting plugin MatineeToLevelSequence
LogPluginManager: Mounting plugin NetcodeUnitTest
LogPluginManager: Mounting plugin NUTUnrealEngine4
LogPluginManager: Mounting plugin OnlineSubsystemGooglePlay
LogPluginManager: Mounting plugin OnlineSubsystemIOS
LogPluginManager: Mounting plugin OnlineSubsystem
LogPluginManager: Mounting plugin OnlineSubsystemNull
LogPluginManager: Mounting plugin OnlineSubsystemSteam
LogPluginManager: Mounting plugin OnlineSubsystemUtils
LogPluginManager: Mounting plugin LauncherChunkInstaller
LogPluginManager: Mounting plugin AndroidDeviceProfileSelector
LogPluginManager: Mounting plugin AndroidMoviePlayer
LogPluginManager: Mounting plugin AndroidPermission
LogPluginManager: Mounting plugin AppleImageUtils
LogPluginManager: Mounting plugin AppleMoviePlayer
LogPluginManager: Mounting plugin ArchVisCharacter
LogPluginManager: Mounting plugin AudioCapture
LogPluginManager: Mounting plugin CableComponent
LogPluginManager: Mounting plugin CustomMeshComponent
LogPluginManager: Mounting plugin EditableMesh
LogPluginManager: Mounting plugin ExampleDeviceProfileSelector
LogPluginManager: Mounting plugin GoogleCloudMessaging
LogPluginManager: Mounting plugin IOSDeviceProfileSelector
LogPluginManager: Mounting plugin LinuxDeviceProfileSelector
LogPluginManager: Mounting plugin LocationServicesBPLibrary
LogPluginManager: Mounting plugin MobilePatchingUtils
LogPluginManager: Mounting plugin OculusVR
LogPluginManager: Mounting plugin PhysXVehicles
LogPluginManager: Mounting plugin ProceduralMeshComponent
LogPluginManager: Mounting plugin RuntimePhysXCooking
LogPluginManager: Mounting plugin SignificanceManager
LogPluginManager: Mounting plugin SteamVR
LogPluginManager: Mounting plugin WebMMoviePlayer
LogPluginManager: Mounting plugin WindowsMoviePlayer
LogPluginManager: Mounting plugin ScreenshotTools
LogPluginManager: Mounting plugin DatasmithC4DImporter
LogPluginManager: Mounting plugin DatasmithCADImporter
LogPluginManager: Mounting plugin DatasmithFBXImporter
LogPluginManager: Mounting plugin DatasmithGLTFImporter
LogPluginManager: Mounting plugin DatasmithIFCImporter
LogPluginManager: Mounting plugin DatasmithImporter
LogPluginManager: Mounting plugin MDLImporter
LogPluginManager: Mounting plugin StaticMeshEditorExtension
LogPluginManager: Mounting plugin VariantManager
LogInit: Using libcurl 7.55.1-DEV
LogInit:  - built for x86_64-pc-win32
LogInit:  - supports SSL with OpenSSL/1.1.1
LogInit:  - supports HTTP deflate (compression) using libz 1.2.8
LogInit:  - other features:
LogInit:      CURL_VERSION_SSL
LogInit:      CURL_VERSION_LIBZ
LogInit:      CURL_VERSION_IPV6
LogInit:      CURL_VERSION_ASYNCHDNS
LogInit:      CURL_VERSION_LARGEFILE
LogInit:      CURL_VERSION_IDN
LogInit:  CurlRequestOptions (configurable via config and command line):
LogInit:  - bVerifyPeer = true  - Libcurl will verify peer certificate
LogInit:  - bUseHttpProxy = false  - Libcurl will NOT use HTTP proxy
LogInit:  - bDontReuseConnections = false  - Libcurl will reuse connections
LogInit:  - MaxHostConnections = 16  - Libcurl will limit the number of connections to a host
LogInit:  - LocalHostAddr = Default
LogInit:  - BufferSize = 65536
LogOnline: Display: STEAM: Loading Steam SDK 1.42
LogOnline: OSS: Creating online subsystem instance for: Steam
LogOnline: Display: STEAM: OnlineSubsystemSteam::Shutdown()
LogOnline: OSS: Unable to create OnlineSubsystem module Steam
LogOnline: OSS: Creating online subsystem instance for: NULL
LogInit: WinSock: version 1.1 (2.2), MaxSocks=32767, MaxUdp=65467
LogInit: Build: ++UE4+Release-4.23-CL-9631420
LogInit: Engine Version: 4.23.1-9631420+++UE4+Release-4.23
LogInit: Compatible Engine Version: 4.23.0-8386587+++UE4+Release-4.23
LogInit: Net CL: 8386587
LogInit: OS: Windows 10 (Release 1909) (), CPU: Intel(R) Core(TM) i7-7700K CPU @ 4.20GHz, GPU: NVIDIA GeForce GTX 1080
LogInit: Compiled (64-bit): Oct 18 2019 02:07:44
LogInit: Compiled with Visual C++: 19.16.27030.01
LogInit: Build Configuration: Development
LogInit: Branch Name: ++UE4+Release-4.23
LogInit: Command Line: 
LogInit: Base Directory: D:/Program Files/Epic Games/UE_4.23/Engine/Binaries/Win64/
LogInit: Installed Engine Build: 1
LogDevObjectVersion: Number of dev versions registered: 23
LogDevObjectVersion:   Dev-Blueprints (B0D832E4-1F89-4F0D-ACCF-7EB736FD4AA2): 10
LogDevObjectVersion:   Dev-Build (E1C64328-A22C-4D53-A36C-8E866417BD8C): 0
LogDevObjectVersion:   Dev-Core (375EC13C-06E4-48FB-B500-84F0262A717E): 3
LogDevObjectVersion:   Dev-Editor (E4B068ED-F494-42E9-A231-DA0B2E46BB41): 34
LogDevObjectVersion:   Dev-Framework (CFFC743F-43B0-4480-9391-14DF171D2073): 35
LogDevObjectVersion:   Dev-Mobile (B02B49B5-BB20-44E9-A304-32B752E40360): 2
LogDevObjectVersion:   Dev-Networking (A4E4105C-59A1-49B5-A7C5-40C4547EDFEE): 0
LogDevObjectVersion:   Dev-Online (39C831C9-5AE6-47DC-9A44-9C173E1C8E7C): 0
LogDevObjectVersion:   Dev-Physics (78F01B33-EBEA-4F98-B9B4-84EACCB95AA2): 0
LogDevObjectVersion:   Dev-Platform (6631380F-2D4D-43E0-8009-CF276956A95A): 0
LogDevObjectVersion:   Dev-Rendering (12F88B9F-8875-4AFC-A67C-D90C383ABD29): 31
LogDevObjectVersion:   Dev-Sequencer (7B5AE74C-D270-4C10-A958-57980B212A5A): 11
LogDevObjectVersion:   Dev-VR (D7296918-1DD6-4BDD-9DE2-64A83CC13884): 2
LogDevObjectVersion:   Dev-LoadTimes (C2A15278-BFE7-4AFE-6C17-90FF531DF755): 1
LogDevObjectVersion:   Private-Geometry (6EACA3D4-40EC-4CC1-B786-8BED09428FC5): 3
LogDevObjectVersion:   Dev-AnimPhys (29E575DD-E0A3-4627-9D10-D276232CDCEA): 17
LogDevObjectVersion:   Dev-Anim (AF43A65D-7FD3-4947-9873-3E8ED9C1BB05): 2
LogDevObjectVersion:   Dev-ReflectionCapture (6B266CEC-1EC7-4B8F-A30B-E4D90942FC07): 1
LogDevObjectVersion:   Dev-Automation (0DF73D61-A23F-47EA-B727-89E90C41499A): 1
LogDevObjectVersion:   FortniteMain (601D1886-AC64-4F84-AA16-D3DE0DEAC7D6): 27
LogDevObjectVersion:   Dev-Enterprise (9DFFBCD6-494F-0158-E221-12823C92A888): 6
LogDevObjectVersion:   Dev-Niagara (F2AED0AC-9AFE-416F-8664-AA7FFA26D6FC): 1
LogDevObjectVersion:   Dev-Destruction (174F1F0B-B4C6-45A5-B13F-2EE8D0FB917D): 9
LogInit: Presizing for max 16777216 objects, including 0 objects not considered by GC, pre-allocating 0 bytes for permanent pool.
LogInit: Object subsystem initialized
LogConfig: Setting CVar [[con.DebugEarlyDefault:1]]
LogConfig: Setting CVar [[r.setres:1280x720]]
[2020.07.29-19.44.14:604][  0]LogConfig: Setting CVar [[r.VSync:0]]
[2020.07.29-19.44.14:604][  0]LogConfig: Setting CVar [[r.RHICmdBypass:0]]
[2020.07.29-19.44.14:605][  0]LogConfig: Applying CVar settings from Section [/Script/Engine.RendererSettings] File [D:/Down2DieInventory/StructureInventory/Saved/Config/Windows/Engine.ini]
[2020.07.29-19.44.14:605][  0]LogConfig: Setting CVar [[r.GPUCrashDebugging:0]]
[2020.07.29-19.44.14:605][  0]LogConfig: Setting CVar [[r.DefaultFeature.AutoExposure.ExtendDefaultLuminanceRange:1]]
[2020.07.29-19.44.14:605][  0]LogConfig: Applying CVar settings from Section [/Script/Engine.RendererOverrideSettings] File [D:/Down2DieInventory/StructureInventory/Saved/Config/Windows/Engine.ini]
[2020.07.29-19.44.14:605][  0]LogConfig: Applying CVar settings from Section [/Script/Engine.StreamingSettings] File [D:/Down2DieInventory/StructureInventory/Saved/Config/Windows/Engine.ini]
[2020.07.29-19.44.14:605][  0]LogConfig: Setting CVar [[s.MinBulkDataSizeForAsyncLoading:131072]]
[2020.07.29-19.44.14:605][  0]LogConfig: Setting CVar [[s.AsyncLoadingThreadEnabled:0]]
[2020.07.29-19.44.14:605][  0]LogConfig: Setting CVar [[s.EventDrivenLoaderEnabled:1]]
[2020.07.29-19.44.14:605][  0]LogConfig: Setting CVar [[s.WarnIfTimeLimitExceeded:0]]
[2020.07.29-19.44.14:605][  0]LogConfig: Setting CVar [[s.TimeLimitExceededMultiplier:1.5]]
[2020.07.29-19.44.14:605][  0]LogConfig: Setting CVar [[s.TimeLimitExceededMinTime:0.005]]
[2020.07.29-19.44.14:605][  0]LogConfig: Setting CVar [[s.UseBackgroundLevelStreaming:1]]
[2020.07.29-19.44.14:605][  0]LogConfig: Setting CVar [[s.PriorityAsyncLoadingExtraTime:15.0]]
[2020.07.29-19.44.14:605][  0]LogConfig: Setting CVar [[s.LevelStreamingActorsUpdateTimeLimit:5.0]]
[2020.07.29-19.44.14:605][  0]LogConfig: Setting CVar [[s.PriorityLevelStreamingActorsUpdateExtraTime:5.0]]
[2020.07.29-19.44.14:605][  0]LogConfig: Setting CVar [[s.LevelStreamingComponentsRegistrationGranularity:10]]
[2020.07.29-19.44.14:605][  0]LogConfig: Setting CVar [[s.UnregisterComponentsTimeLimit:1.0]]
[2020.07.29-19.44.14:605][  0]LogConfig: Setting CVar [[s.LevelStreamingComponentsUnregistrationGranularity:5]]
[2020.07.29-19.44.14:605][  0]LogConfig: Applying CVar settings from Section [/Script/Engine.GarbageCollectionSettings] File [D:/Down2DieInventory/StructureInventory/Saved/Config/Windows/Engine.ini]
[2020.07.29-19.44.14:605][  0]LogConfig: Setting CVar [[gc.MaxObjectsNotConsideredByGC:1]]
[2020.07.29-19.44.14:605][  0]LogConfig: Setting CVar [[gc.SizeOfPermanentObjectPool:0]]
[2020.07.29-19.44.14:605][  0]LogConfig: Setting CVar [[gc.FlushStreamingOnGC:0]]
[2020.07.29-19.44.14:605][  0]LogConfig: Setting CVar [[gc.NumRetriesBeforeForcingGC:10]]
[2020.07.29-19.44.14:605][  0]LogConfig: Setting CVar [[gc.AllowParallelGC:1]]
[2020.07.29-19.44.14:605][  0]LogConfig: Setting CVar [[gc.TimeBetweenPurgingPendingKillObjects:61.1]]
[2020.07.29-19.44.14:605][  0]LogConfig: Setting CVar [[gc.MaxObjectsInEditor:16777216]]
[2020.07.29-19.44.14:605][  0]LogConfig: Setting CVar [[gc.IncrementalBeginDestroyEnabled:1]]
[2020.07.29-19.44.14:605][  0]LogConfig: Setting CVar [[gc.CreateGCClusters:1]]
[2020.07.29-19.44.14:605][  0]LogConfig: Setting CVar [[gc.MinGCClusterSize:5]]
[2020.07.29-19.44.14:605][  0]LogConfig: Setting CVar [[gc.ActorClusteringEnabled:0]]
[2020.07.29-19.44.14:605][  0]LogConfig: Setting CVar [[gc.BlueprintClusteringEnabled:0]]
[2020.07.29-19.44.14:605][  0]LogConfig: Setting CVar [[gc.UseDisregardForGCOnDedicatedServers:0]]
[2020.07.29-19.44.14:605][  0]LogConfig: Applying CVar settings from Section [/Script/Engine.NetworkSettings] File [D:/Down2DieInventory/StructureInventory/Saved/Config/Windows/Engine.ini]
[2020.07.29-19.44.14:605][  0]LogConfig: Applying CVar settings from Section [/Script/UnrealEd.CookerSettings] File [D:/Down2DieInventory/StructureInventory/Saved/Config/Windows/Engine.ini]
[2020.07.29-19.44.14:609][  0]LogConfig: Applying CVar settings from Section [ViewDistanceQuality@3] File [D:/Down2DieInventory/StructureInventory/Saved/Config/Windows/Scalability.ini]
[2020.07.29-19.44.14:609][  0]LogConfig: Setting CVar [[r.SkeletalMeshLODBias:0]]
[2020.07.29-19.44.14:609][  0]LogConfig: Setting CVar [[r.ViewDistanceScale:1.0]]
[2020.07.29-19.44.14:609][  0]LogConfig: Applying CVar settings from Section [AntiAliasingQuality@3] File [D:/Down2DieInventory/StructureInventory/Saved/Config/Windows/Scalability.ini]
[2020.07.29-19.44.14:609][  0]LogConfig: Setting CVar [[r.PostProcessAAQuality:4]]
[2020.07.29-19.44.14:609][  0]LogConfig: Applying CVar settings from Section [ShadowQuality@3] File [D:/Down2DieInventory/StructureInventory/Saved/Config/Windows/Scalability.ini]
[2020.07.29-19.44.14:609][  0]LogConfig: Setting CVar [[r.LightFunctionQuality:1]]
[2020.07.29-19.44.14:609][  0]LogConfig: Setting CVar [[r.ShadowQuality:5]]
[2020.07.29-19.44.14:609][  0]LogConfig: Setting CVar [[r.Shadow.CSM.MaxCascades:10]]
[2020.07.29-19.44.14:609][  0]LogConfig: Setting CVar [[r.Shadow.MaxResolution:2048]]
[2020.07.29-19.44.14:609][  0]LogConfig: Setting CVar [[r.Shadow.MaxCSMResolution:2048]]
[2020.07.29-19.44.14:609][  0]LogConfig: Setting CVar [[r.Shadow.RadiusThreshold:0.01]]
[2020.07.29-19.44.14:609][  0]LogConfig: Setting CVar [[r.Shadow.DistanceScale:1.0]]
[2020.07.29-19.44.14:609][  0]LogConfig: Setting CVar [[r.Shadow.CSM.TransitionScale:1.0]]
[2020.07.29-19.44.14:609][  0]LogConfig: Setting CVar [[r.Shadow.PreShadowResolutionFactor:1.0]]
[2020.07.29-19.44.14:609][  0]LogConfig: Setting CVar [[r.DistanceFieldShadowing:1]]
[2020.07.29-19.44.14:609][  0]LogConfig: Setting CVar [[r.DistanceFieldAO:1]]
[2020.07.29-19.44.14:609][  0]LogConfig: Setting CVar [[r.AOQuality:2]]
[2020.07.29-19.44.14:609][  0]LogConfig: Setting CVar [[r.VolumetricFog:1]]
[2020.07.29-19.44.14:609][  0]LogConfig: Setting CVar [[r.VolumetricFog.GridPixelSize:8]]
[2020.07.29-19.44.14:609][  0]LogConfig: Setting CVar [[r.VolumetricFog.GridSizeZ:128]]
[2020.07.29-19.44.14:609][  0]LogConfig: Setting CVar [[r.VolumetricFog.HistoryMissSupersampleCount:4]]
[2020.07.29-19.44.14:609][  0]LogConfig: Setting CVar [[r.LightMaxDrawDistanceScale:1]]
[2020.07.29-19.44.14:609][  0]LogConfig: Setting CVar [[r.CapsuleShadows:1]]
[2020.07.29-19.44.14:609][  0]LogConfig: Applying CVar settings from Section [PostProcessQuality@3] File [D:/Down2DieInventory/StructureInventory/Saved/Config/Windows/Scalability.ini]
[2020.07.29-19.44.14:609][  0]LogConfig: Setting CVar [[r.MotionBlurQuality:4]]
[2020.07.29-19.44.14:609][  0]LogConfig: Setting CVar [[r.AmbientOcclusionMipLevelFactor:0.4]]
[2020.07.29-19.44.14:609][  0]LogConfig: Setting CVar [[r.AmbientOcclusionMaxQuality:100]]
[2020.07.29-19.44.14:609][  0]LogConfig: Setting CVar [[r.AmbientOcclusionLevels:-1]]
[2020.07.29-19.44.14:609][  0]LogConfig: Setting CVar [[r.AmbientOcclusionRadiusScale:1.0]]
[2020.07.29-19.44.14:609][  0]LogConfig: Setting CVar [[r.DepthOfFieldQuality:2]]
[2020.07.29-19.44.14:609][  0]LogConfig: Setting CVar [[r.RenderTargetPoolMin:400]]
[2020.07.29-19.44.14:609][  0]LogConfig: Setting CVar [[r.LensFlareQuality:2]]
[2020.07.29-19.44.14:609][  0]LogConfig: Setting CVar [[r.SceneColorFringeQuality:1]]
[2020.07.29-19.44.14:609][  0]LogConfig: Setting CVar [[r.EyeAdaptationQuality:2]]
[2020.07.29-19.44.14:609][  0]LogConfig: Setting CVar [[r.BloomQuality:5]]
[2020.07.29-19.44.14:610][  0]LogConfig: Setting CVar [[r.FastBlurThreshold:100]]
[2020.07.29-19.44.14:610][  0]LogConfig: Setting CVar [[r.Upscale.Quality:3]]
[2020.07.29-19.44.14:610][  0]LogConfig: Setting CVar [[r.Tonemapper.GrainQuantization:1]]
[2020.07.29-19.44.14:610][  0]LogConfig: Setting CVar [[r.LightShaftQuality:1]]
[2020.07.29-19.44.14:610][  0]LogConfig: Setting CVar [[r.Filter.SizeScale:1]]
[2020.07.29-19.44.14:610][  0]LogConfig: Setting CVar [[r.Tonemapper.Quality:5]]
[2020.07.29-19.44.14:610][  0]LogConfig: Setting CVar [[r.DOF.Gather.AccumulatorQuality:1        ; higher gathering accumulator quality]]
[2020.07.29-19.44.14:610][  0]LogConfig: Setting CVar [[r.DOF.Gather.PostfilterMethod:1          ; Median3x3 postfilering method]]
[2020.07.29-19.44.14:610][  0]LogConfig: Setting CVar [[r.DOF.Gather.EnableBokehSettings:0       ; no bokeh simulation when gathering]]
[2020.07.29-19.44.14:610][  0]LogConfig: Setting CVar [[r.DOF.Gather.RingCount:4                 ; medium number of samples when gathering]]
[2020.07.29-19.44.14:610][  0]LogConfig: Setting CVar [[r.DOF.Scatter.ForegroundCompositing:1    ; additive foreground scattering]]
[2020.07.29-19.44.14:610][  0]LogConfig: Setting CVar [[r.DOF.Scatter.BackgroundCompositing:2    ; additive background scattering]]
[2020.07.29-19.44.14:610][  0]LogConfig: Setting CVar [[r.DOF.Scatter.EnableBokehSettings:1      ; bokeh simulation when scattering]]
[2020.07.29-19.44.14:610][  0]LogConfig: Setting CVar [[r.DOF.Scatter.MaxSpriteRatio:0.1         ; only a maximum of 10% of scattered bokeh]]
[2020.07.29-19.44.14:610][  0]LogConfig: Setting CVar [[r.DOF.Recombine.Quality:1                ; cheap slight out of focus]]
[2020.07.29-19.44.14:610][  0]LogConfig: Setting CVar [[r.DOF.Recombine.EnableBokehSettings:0    ; no bokeh simulation on slight out of focus]]
[2020.07.29-19.44.14:610][  0]LogConfig: Setting CVar [[r.DOF.TemporalAAQuality:1                ; more stable temporal accumulation]]
[2020.07.29-19.44.14:610][  0]LogConfig: Setting CVar [[r.DOF.Kernel.MaxForegroundRadius:0.025]]
[2020.07.29-19.44.14:610][  0]LogConfig: Setting CVar [[r.DOF.Kernel.MaxBackgroundRadius:0.025]]
[2020.07.29-19.44.14:610][  0]LogConfig: Applying CVar settings from Section [TextureQuality@3] File [D:/Down2DieInventory/StructureInventory/Saved/Config/Windows/Scalability.ini]
[2020.07.29-19.44.14:610][  0]LogConfig: Setting CVar [[r.Streaming.MipBias:0]]
[2020.07.29-19.44.14:610][  0]LogConfig: Setting CVar [[r.Streaming.AmortizeCPUToGPUCopy:0]]
[2020.07.29-19.44.14:610][  0]LogConfig: Setting CVar [[r.Streaming.MaxNumTexturesToStreamPerFrame:0]]
[2020.07.29-19.44.14:610][  0]LogConfig: Setting CVar [[r.Streaming.Boost:1]]
[2020.07.29-19.44.14:610][  0]LogConfig: Setting CVar [[r.MaxAnisotropy:8]]
[2020.07.29-19.44.14:610][  0]LogConfig: Setting CVar [[r.Streaming.LimitPoolSizeToVRAM:0]]
[2020.07.29-19.44.14:610][  0]LogConfig: Setting CVar [[r.Streaming.PoolSize:1000]]
[2020.07.29-19.44.14:610][  0]LogConfig: Setting CVar [[r.Streaming.MaxEffectiveScreenSize:0]]
[2020.07.29-19.44.14:610][  0]LogConfig: Applying CVar settings from Section [EffectsQuality@3] File [D:/Down2DieInventory/StructureInventory/Saved/Config/Windows/Scalability.ini]
[2020.07.29-19.44.14:610][  0]LogConfig: Setting CVar [[r.TranslucencyLightingVolumeDim:64]]
[2020.07.29-19.44.14:610][  0]LogConfig: Setting CVar [[r.RefractionQuality:2]]
[2020.07.29-19.44.14:610][  0]LogConfig: Setting CVar [[r.SSR.Quality:3]]
[2020.07.29-19.44.14:610][  0]LogConfig: Setting CVar [[r.SceneColorFormat:4]]
[2020.07.29-19.44.14:610][  0]LogConfig: Setting CVar [[r.DetailMode:2]]
[2020.07.29-19.44.14:610][  0]LogConfig: Setting CVar [[r.TranslucencyVolumeBlur:1]]
[2020.07.29-19.44.14:610][  0]LogConfig: Setting CVar [[r.MaterialQualityLevel:1 ; High quality]]
[2020.07.29-19.44.14:610][  0]LogConfig: Setting CVar [[r.SSS.Scale:1]]
[2020.07.29-19.44.14:610][  0]LogConfig: Setting CVar [[r.SSS.SampleSet:2]]
[2020.07.29-19.44.14:610][  0]LogConfig: Setting CVar [[r.SSS.Quality:1]]
[2020.07.29-19.44.14:610][  0]LogConfig: Setting CVar [[r.SSS.HalfRes:1]]
[2020.07.29-19.44.14:610][  0]LogConfig: Setting CVar [[r.EmitterSpawnRateScale:1.0]]
[2020.07.29-19.44.14:610][  0]LogConfig: Setting CVar [[r.ParticleLightQuality:2]]
[2020.07.29-19.44.14:610][  0]LogConfig: Applying CVar settings from Section [FoliageQuality@3] File [D:/Down2DieInventory/StructureInventory/Saved/Config/Windows/Scalability.ini]
[2020.07.29-19.44.14:610][  0]LogConfig: Setting CVar [[foliage.DensityScale:1.0]]
[2020.07.29-19.44.14:610][  0]LogConfig: Setting CVar [[grass.DensityScale:1.0]]
[2020.07.29-19.44.14:610][  0]LogInit: Selected Device Profile: [Windows]
[2020.07.29-19.44.14:610][  0]LogInit: Applying CVar settings loaded from the selected device profile: [Windows]
[2020.07.29-19.44.14:613][  0]LogHAL: Display: Platform has ~ 16 GB [17106059264 / 17179869184 / 16], which maps to Larger [LargestMinGB=32, LargerMinGB=12, DefaultMinGB=8, SmallerMinGB=6, SmallestMinGB=0)
[2020.07.29-19.44.14:613][  0]LogInit: Going up to parent DeviceProfile []
[2020.07.29-19.44.14:613][  0]LogConfig: Applying CVar settings from Section [ViewDistanceQuality@Cine] File [D:/Down2DieInventory/StructureInventory/Saved/Config/Windows/Scalability.ini]
[2020.07.29-19.44.14:613][  0]LogConfig: Setting CVar [[r.SkeletalMeshLODBias:0]]
[2020.07.29-19.44.14:613][  0]LogConfig: Setting CVar [[r.ViewDistanceScale:10.0]]
[2020.07.29-19.44.14:613][  0]LogConfig: Applying CVar settings from Section [AntiAliasingQuality@Cine] File [D:/Down2DieInventory/StructureInventory/Saved/Config/Windows/Scalability.ini]
[2020.07.29-19.44.14:613][  0]LogConfig: Setting CVar [[r.PostProcessAAQuality:6]]
[2020.07.29-19.44.14:613][  0]LogConfig: Applying CVar settings from Section [ShadowQuality@Cine] File [D:/Down2DieInventory/StructureInventory/Saved/Config/Windows/Scalability.ini]
[2020.07.29-19.44.14:613][  0]LogConfig: Setting CVar [[r.LightFunctionQuality:1]]
[2020.07.29-19.44.14:613][  0]LogConfig: Setting CVar [[r.ShadowQuality:5]]
[2020.07.29-19.44.14:613][  0]LogConfig: Setting CVar [[r.Shadow.CSM.MaxCascades:10]]
[2020.07.29-19.44.14:613][  0]LogConfig: Setting CVar [[r.Shadow.MaxResolution:4096]]
[2020.07.29-19.44.14:613][  0]LogConfig: Setting CVar [[r.Shadow.MaxCSMResolution:4096]]
[2020.07.29-19.44.14:613][  0]LogConfig: Setting CVar [[r.Shadow.RadiusThreshold:0]]
[2020.07.29-19.44.14:613][  0]LogConfig: Setting CVar [[r.Shadow.DistanceScale:1.0]]
[2020.07.29-19.44.14:613][  0]LogConfig: Setting CVar [[r.Shadow.CSM.TransitionScale:1.0]]
[2020.07.29-19.44.14:613][  0]LogConfig: Setting CVar [[r.Shadow.PreShadowResolutionFactor:1.0]]
[2020.07.29-19.44.14:613][  0]LogConfig: Setting CVar [[r.DistanceFieldShadowing:1]]
[2020.07.29-19.44.14:613][  0]LogConfig: Setting CVar [[r.DistanceFieldAO:1]]
[2020.07.29-19.44.14:613][  0]LogConfig: Setting CVar [[r.AOQuality:2]]
[2020.07.29-19.44.14:613][  0]LogConfig: Setting CVar [[r.VolumetricFog:1]]
[2020.07.29-19.44.14:613][  0]LogConfig: Setting CVar [[r.VolumetricFog.GridPixelSize:4]]
[2020.07.29-19.44.14:613][  0]LogConfig: Setting CVar [[r.VolumetricFog.GridSizeZ:128]]
[2020.07.29-19.44.14:613][  0]LogConfig: Setting CVar [[r.VolumetricFog.HistoryMissSupersampleCount:16]]
[2020.07.29-19.44.14:613][  0]LogConfig: Setting CVar [[r.LightMaxDrawDistanceScale:1]]
[2020.07.29-19.44.14:613][  0]LogConfig: Setting CVar [[r.CapsuleShadows:1]]
[2020.07.29-19.44.14:613][  0]LogConfig: Applying CVar settings from Section [PostProcessQuality@Cine] File [D:/Down2DieInventory/StructureInventory/Saved/Config/Windows/Scalability.ini]
[2020.07.29-19.44.14:613][  0]LogConfig: Setting CVar [[r.MotionBlurQuality:4]]
[2020.07.29-19.44.14:613][  0]LogConfig: Setting CVar [[r.AmbientOcclusionMipLevelFactor:0.4]]
[2020.07.29-19.44.14:613][  0]LogConfig: Setting CVar [[r.AmbientOcclusionMaxQuality:100]]
[2020.07.29-19.44.14:613][  0]LogConfig: Setting CVar [[r.AmbientOcclusionLevels:-1]]
[2020.07.29-19.44.14:613][  0]LogConfig: Setting CVar [[r.AmbientOcclusionRadiusScale:1.0]]
[2020.07.29-19.44.14:613][  0]LogConfig: Setting CVar [[r.DepthOfFieldQuality:4]]
[2020.07.29-19.44.14:613][  0]LogConfig: Setting CVar [[r.RenderTargetPoolMin:1000]]
[2020.07.29-19.44.14:613][  0]LogConfig: Setting CVar [[r.LensFlareQuality:3]]
[2020.07.29-19.44.14:613][  0]LogConfig: Setting CVar [[r.SceneColorFringeQuality:1]]
[2020.07.29-19.44.14:613][  0]LogConfig: Setting CVar [[r.EyeAdaptationQuality:2]]
[2020.07.29-19.44.14:613][  0]LogConfig: Setting CVar [[r.BloomQuality:5]]
[2020.07.29-19.44.14:613][  0]LogConfig: Setting CVar [[r.FastBlurThreshold:100]]
[2020.07.29-19.44.14:613][  0]LogConfig: Setting CVar [[r.Upscale.Quality:3]]
[2020.07.29-19.44.14:613][  0]LogConfig: Setting CVar [[r.Tonemapper.GrainQuantization:1]]
[2020.07.29-19.44.14:613][  0]LogConfig: Setting CVar [[r.LightShaftQuality:1]]
[2020.07.29-19.44.14:613][  0]LogConfig: Setting CVar [[r.Filter.SizeScale:1]]
[2020.07.29-19.44.14:613][  0]LogConfig: Setting CVar [[r.Tonemapper.Quality:5]]
[2020.07.29-19.44.14:613][  0]LogConfig: Setting CVar [[r.DOF.Gather.AccumulatorQuality:1        ; higher gathering accumulator quality]]
[2020.07.29-19.44.14:613][  0]LogConfig: Setting CVar [[r.DOF.Gather.PostfilterMethod:1          ; Median3x3 postfilering method]]
[2020.07.29-19.44.14:614][  0]LogConfig: Setting CVar [[r.DOF.Gather.EnableBokehSettings:1       ; bokeh simulation when gathering]]
[2020.07.29-19.44.14:614][  0]LogConfig: Setting CVar [[r.DOF.Gather.RingCount:5                 ; high number of samples when gathering]]
[2020.07.29-19.44.14:614][  0]LogConfig: Setting CVar [[r.DOF.Scatter.ForegroundCompositing:1    ; additive foreground scattering]]
[2020.07.29-19.44.14:614][  0]LogConfig: Setting CVar [[r.DOF.Scatter.BackgroundCompositing:2    ; background scattering occlusion]]
[2020.07.29-19.44.14:614][  0]LogConfig: Setting CVar [[r.DOF.Scatter.EnableBokehSettings:1      ; no bokeh simulation when scattering]]
[2020.07.29-19.44.14:614][  0]LogConfig: Setting CVar [[r.DOF.Scatter.MaxSpriteRatio:0.25        ; only a maximum of 10% of scattered bokeh]]
[2020.07.29-19.44.14:614][  0]LogConfig: Setting CVar [[r.DOF.Recombine.Quality:2                ; highest slight out of focus]]
[2020.07.29-19.44.14:614][  0]LogConfig: Setting CVar [[r.DOF.Recombine.EnableBokehSettings:1    ; bokeh simulation on slight out of focus]]
[2020.07.29-19.44.14:614][  0]LogConfig: Setting CVar [[r.DOF.TemporalAAQuality:1                ; more stable temporal accumulation]]
[2020.07.29-19.44.14:614][  0]LogConfig: Setting CVar [[r.DOF.Kernel.MaxForegroundRadius:0.025]]
[2020.07.29-19.44.14:614][  0]LogConfig: Setting CVar [[r.DOF.Kernel.MaxBackgroundRadius:0.025]]
[2020.07.29-19.44.14:614][  0]LogConfig: Applying CVar settings from Section [TextureQuality@Cine] File [D:/Down2DieInventory/StructureInventory/Saved/Config/Windows/Scalability.ini]
[2020.07.29-19.44.14:614][  0]LogConfig: Setting CVar [[r.Streaming.MipBias:0]]
[2020.07.29-19.44.14:614][  0]LogConfig: Setting CVar [[r.Streaming.AmortizeCPUToGPUCopy:0]]
[2020.07.29-19.44.14:614][  0]LogConfig: Setting CVar [[r.Streaming.MaxNumTexturesToStreamPerFrame:0]]
[2020.07.29-19.44.14:614][  0]LogConfig: Setting CVar [[r.Streaming.Boost:1]]
[2020.07.29-19.44.14:614][  0]LogConfig: Setting CVar [[r.MaxAnisotropy:8]]
[2020.07.29-19.44.14:614][  0]LogConfig: Setting CVar [[r.Streaming.LimitPoolSizeToVRAM:0]]
[2020.07.29-19.44.14:614][  0]LogConfig: Setting CVar [[r.Streaming.PoolSize:3000]]
[2020.07.29-19.44.14:614][  0]LogConfig: Setting CVar [[r.Streaming.MaxEffectiveScreenSize:0]]
[2020.07.29-19.44.14:614][  0]LogConfig: Applying CVar settings from Section [EffectsQuality@Cine] File [D:/Down2DieInventory/StructureInventory/Saved/Config/Windows/Scalability.ini]
[2020.07.29-19.44.14:614][  0]LogConfig: Setting CVar [[r.TranslucencyLightingVolumeDim:64]]
[2020.07.29-19.44.14:614][  0]LogConfig: Setting CVar [[r.RefractionQuality:2]]
[2020.07.29-19.44.14:614][  0]LogConfig: Setting CVar [[r.SSR.Quality:4]]
[2020.07.29-19.44.14:614][  0]LogConfig: Setting CVar [[r.SceneColorFormat:4]]
[2020.07.29-19.44.14:614][  0]LogConfig: Setting CVar [[r.DetailMode:2]]
[2020.07.29-19.44.14:614][  0]LogConfig: Setting CVar [[r.TranslucencyVolumeBlur:1]]
[2020.07.29-19.44.14:614][  0]LogConfig: Setting CVar [[r.MaterialQualityLevel:1 ; High quality]]
[2020.07.29-19.44.14:614][  0]LogConfig: Setting CVar [[r.SSS.Scale:1]]
[2020.07.29-19.44.14:614][  0]LogConfig: Setting CVar [[r.SSS.SampleSet:2]]
[2020.07.29-19.44.14:614][  0]LogConfig: Setting CVar [[r.SSS.Quality:1]]
[2020.07.29-19.44.14:614][  0]LogConfig: Setting CVar [[r.SSS.HalfRes:0]]
[2020.07.29-19.44.14:614][  0]LogConfig: Setting CVar [[r.EmitterSpawnRateScale:1.0]]
[2020.07.29-19.44.14:614][  0]LogConfig: Setting CVar [[r.ParticleLightQuality:2]]
[2020.07.29-19.44.14:614][  0]LogConfig: Applying CVar settings from Section [FoliageQuality@Cine] File [D:/Down2DieInventory/StructureInventory/Saved/Config/Windows/Scalability.ini]
[2020.07.29-19.44.14:614][  0]LogConfig: Setting CVar [[foliage.DensityScale:1.0]]
[2020.07.29-19.44.14:614][  0]LogConfig: Setting CVar [[grass.DensityScale:1.0]]
[2020.07.29-19.44.14:614][  0]LogConfig: Applying CVar settings from Section [Startup] File [../../../Engine/Config/ConsoleVariables.ini]
[2020.07.29-19.44.14:614][  0]LogConfig: Setting CVar [[net.UseAdaptiveNetUpdateFrequency:0]]
[2020.07.29-19.44.14:614][  0]LogConfig: Setting CVar [[p.chaos.AllowCreatePhysxBodies:1]]
[2020.07.29-19.44.14:614][  0]LogConfig: Applying CVar settings from Section [ConsoleVariables] File [D:/Down2DieInventory/StructureInventory/Saved/Config/Windows/Engine.ini]
[2020.07.29-19.44.14:614][  0]LogInit: Computer: JOEYCOMPUTER
[2020.07.29-19.44.14:614][  0]LogInit: User: joeym
[2020.07.29-19.44.14:614][  0]LogInit: CPU Page size=4096, Cores=4
[2020.07.29-19.44.14:614][  0]LogInit: High frequency timer resolution =10.000000 MHz
[2020.07.29-19.44.14:614][  0]LogMemory: Memory total: Physical=15.9GB (16GB approx)
[2020.07.29-19.44.14:614][  0]LogMemory: Platform Memory Stats for Windows
[2020.07.29-19.44.14:614][  0]LogMemory: Process Physical Memory: 101.89 MB used, 101.89 MB peak
[2020.07.29-19.44.14:614][  0]LogMemory: Process Virtual Memory: 100.84 MB used, 100.84 MB peak
[2020.07.29-19.44.14:614][  0]LogMemory: Physical Memory: 7718.08 MB used,  8595.53 MB free, 16313.61 MB total
[2020.07.29-19.44.14:614][  0]LogMemory: Virtual Memory: 4669.78 MB used,  134213056.00 MB free, 134217728.00 MB total
[2020.07.29-19.44.14:618][  0]LogWindows: WindowsPlatformFeatures enabled
[2020.07.29-19.44.14:642][  0]LogInit: Using OS detected language (nl-NL).
[2020.07.29-19.44.14:642][  0]LogInit: Using OS detected locale (nl-NL).
[2020.07.29-19.44.14:643][  0]LogTextLocalizationManager: No localization for 'nl-NL' exists, so 'en' will be used for the language.
[2020.07.29-19.44.14:782][  0]LogInit: Setting process to per monitor DPI aware
[2020.07.29-19.44.14:819][  0]LogSlate: New Slate User Created.  User Index 0, Is Virtual User: 0
[2020.07.29-19.44.14:819][  0]LogSlate: Slate User Registered.  User Index 0, Is Virtual User: 0
[2020.07.29-19.44.15:011][  0]LogHMD: Failed to initialize OpenVR with code 110
[2020.07.29-19.44.15:011][  0]LogD3D11RHI: D3D11 adapters:
[2020.07.29-19.44.15:059][  0]LogD3D11RHI:    0. 'NVIDIA GeForce GTX 1080' (Feature Level 11_0)
[2020.07.29-19.44.15:059][  0]LogD3D11RHI:       8079/0/8156 MB DedicatedVideo/DedicatedSystem/SharedSystem, Outputs:2, VendorId:0x10de
[2020.07.29-19.44.15:062][  0]LogD3D11RHI:    1. 'Microsoft Basic Render Driver' (Feature Level 11_0)
[2020.07.29-19.44.15:062][  0]LogD3D11RHI:       0/0/8156 MB DedicatedVideo/DedicatedSystem/SharedSystem, Outputs:0, VendorId:0x1414
[2020.07.29-19.44.15:062][  0]LogD3D11RHI: Chosen D3D11 Adapter: 0
[2020.07.29-19.44.15:069][  0]LogD3D11RHI: Creating new Direct3DDevice
[2020.07.29-19.44.15:069][  0]LogD3D11RHI:     GPU DeviceId: 0x1b80 (for the marketing name, search the web for "GPU Device Id")
[2020.07.29-19.44.15:069][  0]LogWindows: EnumDisplayDevices:
[2020.07.29-19.44.15:069][  0]LogWindows:    0. 'NVIDIA GeForce GTX 1080' (P:1 D:1)
[2020.07.29-19.44.15:069][  0]LogWindows:    1. 'NVIDIA GeForce GTX 1080' (P:0 D:1)
[2020.07.29-19.44.15:070][  0]LogWindows:    2. 'NVIDIA GeForce GTX 1080' (P:0 D:0)
[2020.07.29-19.44.15:070][  0]LogWindows:    3. 'NVIDIA GeForce GTX 1080' (P:0 D:0)
[2020.07.29-19.44.15:070][  0]LogWindows: DebugString: FoundDriverCount:4 
[2020.07.29-19.44.15:070][  0]LogD3D11RHI:     Adapter Name: NVIDIA GeForce GTX 1080
[2020.07.29-19.44.15:070][  0]LogD3D11RHI:   Driver Version: 446.14 (internal:26.21.14.4614, unified:446.14)
[2020.07.29-19.44.15:070][  0]LogD3D11RHI:      Driver Date: 5-15-2020
[2020.07.29-19.44.15:070][  0]LogRHI: Texture pool is 5655 MB (70% of 8079 MB)
[2020.07.29-19.44.15:105][  0]LogD3D11RHI: Async texture creation enabled
[2020.07.29-19.44.15:116][  0]LogD3D11RHI: GPU Timing Frequency: 1000.000000 (Debug: 2 1)
[2020.07.29-19.44.15:405][  0]LogTemp: Display: Module 'AllDesktopTargetPlatform' loaded TargetPlatform 'AllDesktop'
[2020.07.29-19.44.15:412][  0]LogTemp: Display: Module 'MacClientTargetPlatform' loaded TargetPlatform 'MacClient'
[2020.07.29-19.44.15:420][  0]LogTemp: Display: Module 'MacNoEditorTargetPlatform' loaded TargetPlatform 'MacNoEditor'
[2020.07.29-19.44.15:427][  0]LogTemp: Display: Module 'MacServerTargetPlatform' loaded TargetPlatform 'MacServer'
[2020.07.29-19.44.15:436][  0]LogTemp: Display: Module 'MacTargetPlatform' loaded TargetPlatform 'Mac'
[2020.07.29-19.44.15:443][  0]LogTemp: Display: Module 'WindowsClientTargetPlatform' loaded TargetPlatform 'WindowsClient'
[2020.07.29-19.44.15:451][  0]LogTemp: Display: Module 'WindowsNoEditorTargetPlatform' loaded TargetPlatform 'WindowsNoEditor'
[2020.07.29-19.44.15:458][  0]LogTemp: Display: Module 'WindowsServerTargetPlatform' loaded TargetPlatform 'WindowsServer'
[2020.07.29-19.44.15:462][  0]LogTemp: Display: Module 'WindowsTargetPlatform' loaded TargetPlatform 'Windows'
[2020.07.29-19.44.15:490][  0]LogTemp: Display: Module 'AndroidTargetPlatform' loaded TargetPlatform 'Android'
[2020.07.29-19.44.15:490][  0]LogTemp: Display: Module 'AndroidTargetPlatform' loaded TargetPlatform 'Android_ASTC'
[2020.07.29-19.44.15:490][  0]LogTemp: Display: Module 'AndroidTargetPlatform' loaded TargetPlatform 'Android_ATC'
[2020.07.29-19.44.15:490][  0]LogTemp: Display: Module 'AndroidTargetPlatform' loaded TargetPlatform 'Android_DXT'
[2020.07.29-19.44.15:490][  0]LogTemp: Display: Module 'AndroidTargetPlatform' loaded TargetPlatform 'Android_ETC1'
[2020.07.29-19.44.15:490][  0]LogTemp: Display: Module 'AndroidTargetPlatform' loaded TargetPlatform 'Android_ETC1a'
[2020.07.29-19.44.15:490][  0]LogTemp: Display: Module 'AndroidTargetPlatform' loaded TargetPlatform 'Android_ETC2'
[2020.07.29-19.44.15:490][  0]LogTemp: Display: Module 'AndroidTargetPlatform' loaded TargetPlatform 'Android_PVRTC'
[2020.07.29-19.44.15:490][  0]LogTemp: Display: Module 'AndroidTargetPlatform' loaded TargetPlatform 'AndroidClient'
[2020.07.29-19.44.15:490][  0]LogTemp: Display: Module 'AndroidTargetPlatform' loaded TargetPlatform 'Android_ASTCClient'
[2020.07.29-19.44.15:490][  0]LogTemp: Display: Module 'AndroidTargetPlatform' loaded TargetPlatform 'Android_ATCClient'
[2020.07.29-19.44.15:490][  0]LogTemp: Display: Module 'AndroidTargetPlatform' loaded TargetPlatform 'Android_DXTClient'
[2020.07.29-19.44.15:490][  0]LogTemp: Display: Module 'AndroidTargetPlatform' loaded TargetPlatform 'Android_ETC1Client'
[2020.07.29-19.44.15:490][  0]LogTemp: Display: Module 'AndroidTargetPlatform' loaded TargetPlatform 'Android_ETC1aClient'
[2020.07.29-19.44.15:490][  0]LogTemp: Display: Module 'AndroidTargetPlatform' loaded TargetPlatform 'Android_ETC2Client'
[2020.07.29-19.44.15:490][  0]LogTemp: Display: Module 'AndroidTargetPlatform' loaded TargetPlatform 'Android_PVRTCClient'
[2020.07.29-19.44.15:490][  0]LogTemp: Display: Module 'AndroidTargetPlatform' loaded TargetPlatform 'Android_Multi'
[2020.07.29-19.44.15:490][  0]LogTemp: Display: Module 'AndroidTargetPlatform' loaded TargetPlatform 'Android_MultiClient'
[2020.07.29-19.44.15:492][  0]LogTemp: Display: Module 'HTML5TargetPlatform' loaded TargetPlatform 'HTML5'
[2020.07.29-19.44.15:508][  0]LogTemp: Display: Module 'IOSTargetPlatform' loaded TargetPlatform 'IOSClient'
[2020.07.29-19.44.15:509][  0]LogTemp: Display: Module 'IOSTargetPlatform' loaded TargetPlatform 'IOS'
[2020.07.29-19.44.15:522][  0]LogTemp: Display: Module 'TVOSTargetPlatform' loaded TargetPlatform 'TVOSClient'
[2020.07.29-19.44.15:522][  0]LogTemp: Display: Module 'TVOSTargetPlatform' loaded TargetPlatform 'TVOS'
[2020.07.29-19.44.15:528][  0]LogTemp: Display: Module 'LinuxClientTargetPlatform' loaded TargetPlatform 'LinuxClient'
[2020.07.29-19.44.15:535][  0]LogTemp: Display: Module 'LinuxNoEditorTargetPlatform' loaded TargetPlatform 'LinuxNoEditor'
[2020.07.29-19.44.15:542][  0]LogTemp: Display: Module 'LinuxServerTargetPlatform' loaded TargetPlatform 'LinuxServer'
[2020.07.29-19.44.15:550][  0]LogTemp: Display: Module 'LinuxTargetPlatform' loaded TargetPlatform 'Linux'
[2020.07.29-19.44.15:572][  0]LogTemp: Display: Module 'LuminTargetPlatform' loaded TargetPlatform 'Lumin'
[2020.07.29-19.44.15:572][  0]LogTemp: Display: Module 'LuminTargetPlatform' loaded TargetPlatform 'LuminClient'
[2020.07.29-19.44.15:572][  0]LogTargetPlatformManager: Display: Building Assets For Windows
[2020.07.29-19.44.15:580][  0]LogAudioDebug: Display: Lib vorbis DLL was dynamically loaded.
[2020.07.29-19.44.15:635][  0]LogShaderCompilers: Guid format shader working directory is -9 characters bigger than the processId version (../../../../../../Down2DieInventory/StructureInventory/Intermediate/Shaders/WorkingDirectory/10164/).
[2020.07.29-19.44.15:636][  0]LogShaderCompilers: Cleaned the shader compiler working directory 'C:/Users/joeym/AppData/Local/Temp/UnrealShaderWorkingDir/337E04A04117011CA322ACAABB9C0A8F/'.
[2020.07.29-19.44.15:637][  0]LogXGEController: Cleaning working directory: C:/Users/joeym/AppData/Local/Temp/UnrealXGEWorkingDir/
[2020.07.29-19.44.15:637][  0]LogXGEController: Cannot use XGE Controller as Incredibuild is not installed on this machine.
[2020.07.29-19.44.15:637][  0]LogShaderCompilers: Cannot use XGE Shader Compiler as Incredibuild is not installed on this machine.
[2020.07.29-19.44.15:637][  0]LogShaderCompilers: Display: Using Local Shader Compiler.
[2020.07.29-19.44.16:128][  0]LogDerivedDataCache: Display: Max Cache Size: 512 MB
[2020.07.29-19.44.16:170][  0]LogDerivedDataCache: Loaded boot cache 0.04s 74MB C:/Users/joeym/AppData/Local/UnrealEngine/4.23/DerivedDataCache/Boot.ddc.
[2020.07.29-19.44.16:170][  0]LogDerivedDataCache: Display: Loaded Boot cache: C:/Users/joeym/AppData/Local/UnrealEngine/4.23/DerivedDataCache/Boot.ddc
[2020.07.29-19.44.16:170][  0]LogDerivedDataCache: FDerivedDataBackendGraph:  Pak pak cache file ../../../../../../Down2DieInventory/StructureInventory/DerivedDataCache/DDC.ddp not found, will not use a pak cache.
[2020.07.29-19.44.16:170][  0]LogDerivedDataCache: Unable to find inner node Pak for hierarchical cache Hierarchy.
[2020.07.29-19.44.16:170][  0]LogDerivedDataCache: FDerivedDataBackendGraph:  CompressedPak pak cache file ../../../../../../Down2DieInventory/StructureInventory/DerivedDataCache/Compressed.ddp not found, will not use a pak cache.
[2020.07.29-19.44.16:170][  0]LogDerivedDataCache: Unable to find inner node CompressedPak for hierarchical cache Hierarchy.
[2020.07.29-19.44.16:179][  0]LogDerivedDataCache: Display: Pak cache opened for reading ../../../Engine/DerivedDataCache/Compressed.ddp.
[2020.07.29-19.44.16:181][  0]LogDerivedDataCache: Display: Pak cache opened for reading ../../../Enterprise/DerivedDataCache/Compressed.ddp.
[2020.07.29-19.44.16:182][  0]LogDerivedDataCache: Using Local data cache path C:/Users/joeym/AppData/Local/UnrealEngine/Common/DerivedDataCache: Writable
[2020.07.29-19.44.16:182][  0]LogDerivedDataCache: Shared data cache path not found in *engine.ini, will not use an Shared cache.
[2020.07.29-19.44.16:182][  0]LogDerivedDataCache: Unable to find inner node Shared for hierarchical cache Hierarchy.
[2020.07.29-19.44.16:198][  0]LogMaterial: Verifying Global Shaders for PCD3D_SM5
[2020.07.29-19.44.16:200][  0]LogSlate: Using FreeType 2.6.0
[2020.07.29-19.44.16:200][  0]LogSlate: SlateFontServices - WITH_FREETYPE: 1, WITH_HARFBUZZ: 1
[2020.07.29-19.44.16:252][  0]LogAssetRegistry: FAssetRegistry took 0.0022 seconds to start up
[2020.07.29-19.44.16:474][  0]LogInit: Selected Device Profile: [Windows]
[2020.07.29-19.44.16:598][  0]LogMeshReduction: Using QuadricMeshReduction for automatic static mesh reduction
[2020.07.29-19.44.16:598][  0]LogMeshReduction: Using SimplygonMeshReduction for automatic skeletal mesh reduction
[2020.07.29-19.44.16:598][  0]LogMeshReduction: Using ProxyLODMeshReduction for automatic mesh merging
[2020.07.29-19.44.16:598][  0]LogMeshReduction: No distributed automatic mesh merging module available
[2020.07.29-19.44.16:598][  0]LogMeshMerging: No distributed automatic mesh merging module available
[2020.07.29-19.44.16:606][  0]LogNetVersion: StructureInventory 1.0.0, NetCL: 8386587, EngineNetVer: 11, GameNetVer: 0 (Checksum: 2032503810)
[2020.07.29-19.44.16:970][  0]LogPackageLocalizationCache: Processed 18 localized package path(s) for 1 prioritized culture(s) in 0.055625 seconds
[2020.07.29-19.44.16:976][  0]LogUObjectArray: 43453 objects as part of root set at end of initial load.
[2020.07.29-19.44.16:976][  0]LogUObjectAllocator: 7559736 out of 0 bytes used by permanent object pool.
[2020.07.29-19.44.16:976][  0]LogUObjectArray: CloseDisregardForGC: 0/0 objects in disregard for GC pool
[2020.07.29-19.44.17:760][  0]LogTcpMessaging: Initializing TcpMessaging bridge
[2020.07.29-19.44.17:763][  0]LogUdpMessaging: Initializing bridge on interface 0.0.0.0:0 to multicast group 230.0.0.1:6666.
[2020.07.29-19.44.17:815][  0]SourceControl: Source control is disabled
[2020.07.29-19.44.17:815][  0]SourceControl: Source control is disabled
[2020.07.29-19.44.17:817][  0]SourceControl: Source control is disabled
[2020.07.29-19.44.17:818][  0]SourceControl: Source control is disabled
[2020.07.29-19.44.18:007][  0]LogAndroidPermission: UAndroidPermissionCallbackProxy::GetInstance
[2020.07.29-19.44.18:155][  0]LogOcInput: OculusInput pre-init called
[2020.07.29-19.44.18:166][  0]LogWindows: Failed to load 'OVRPlugin.dll' (GetLastError=126)
[2020.07.29-19.44.18:166][  0]LogWindows: File 'OVRPlugin.dll' does not exist
[2020.07.29-19.44.20:450][  0]LogEngine: Initializing Engine...
[2020.07.29-19.44.20:450][  0]LogHMD: Failed to initialize OpenVR with code 110
[2020.07.29-19.44.20:451][  0]LogStats: UGameplayTagsManager::InitializeManager -  0.000 s
[2020.07.29-19.44.20:625][  0]LogInit: Initializing FReadOnlyCVARCache
[2020.07.29-19.44.20:635][  0]LogAIModule: Creating AISystem for world Untitled
[2020.07.29-19.44.20:677][  0]LogInit: XAudio2 using 'Hoofdtelefoon (3- Arctis 7 Game)' : 2 channels at 48 kHz using 16 bits per sample (channel mask 0x3)
[2020.07.29-19.44.20:714][  0]LogInit: FAudioDevice initialized.
[2020.07.29-19.44.20:714][  0]LogNetVersion: Set ProjectVersion to 1.0.0.0. Version Checksum will be recalculated on next use.
[2020.07.29-19.44.20:754][  0]LogDerivedDataCache: Saved boot cache 0.04s 74MB C:/Users/joeym/AppData/Local/UnrealEngine/4.23/DerivedDataCache/Boot.ddc.
[2020.07.29-19.44.20:760][  0]LogInit: Texture streaming: Enabled
[2020.07.29-19.44.20:775][  0]LogEngineSessionManager: EngineSessionManager initialized
[2020.07.29-19.44.20:775][  0]LogEditorSessionSummary: Verbose: Initializing EditorSessionSummaryWriter for editor session tracking
[2020.07.29-19.44.20:776][  0]LogEditorSessionSummary: EditorSessionSummaryWriter initialized
[2020.07.29-19.44.20:826][  0]LogInit: Transaction tracking system initialized
[2020.07.29-19.44.20:850][  0]BlueprintLog: New page: Editor Load
[2020.07.29-19.44.20:909][  0]LocalizationService: Localization service is disabled
[2020.07.29-19.44.21:128][  0]LogFileCache: Scanning file cache for directory 'D:/Down2DieInventory/StructureInventory/Content/' took 0.00s
[2020.07.29-19.44.21:128][  0]LogCook: Display: Max memory allowance for cook 16384mb min free memory 0mb
[2020.07.29-19.44.21:128][  0]LogCook: Display: Mobile HDR setting 1
[2020.07.29-19.44.22:531][  0]SourceControl: Source control is disabled
[2020.07.29-19.44.22:531][  0]Cmd: MAP LOAD FILE="../../../../../../Down2DieInventory/StructureInventory/Content/GameRelated/MyLevel.umap" TEMPLATE=0 SHOWPROGRESS=1 FEATURELEVEL=3
[2020.07.29-19.44.22:532][  0]LightingResults: New page: Lighting Build
[2020.07.29-19.44.22:534][  0]LogWorld: UWorld::CleanupWorld for Untitled, bSessionEnded=true, bCleanupResources=true
[2020.07.29-19.44.22:534][  0]MapCheck: New page: Map Check
[2020.07.29-19.44.22:534][  0]LightingResults: New page: Lighting Build
[2020.07.29-19.44.22:552][  0]LogUObjectHash: Compacting FUObjectHashTables data took   1.33ms
[2020.07.29-19.44.23:051][  0]LogAIModule: Creating AISystem for world MyLevel
[2020.07.29-19.44.23:056][  0]LogEditorServer: Finished looking for orphan Actors (0.000 secs)
[2020.07.29-19.44.23:082][  0]LogUObjectHash: Compacting FUObjectHashTables data took   2.01ms
[2020.07.29-19.44.23:082][  0]Cmd: MAP CHECKDEP NOCLEARLOG
[2020.07.29-19.44.23:083][  0]MapCheck: Map check complete: 0 Error(s), 0 Warning(s), took 0,244ms to complete.
[2020.07.29-19.44.23:083][  0]LogFileHelpers: Loading map 'MyLevel' took 0.551
[2020.07.29-19.44.23:193][  0]LogSlate: Updating window title bar state: overlay mode, drag disabled, window buttons hidden, title bar hidden
[2020.07.29-19.44.23:200][  0]LogSlate: Updating window title bar state: overlay mode, drag disabled, window buttons hidden, title bar hidden
[2020.07.29-19.44.23:206][  0]LogSlate: Updating window title bar state: overlay mode, drag disabled, window buttons hidden, title bar hidden
[2020.07.29-19.44.23:212][  0]LogSlate: Updating window title bar state: overlay mode, drag disabled, window buttons hidden, title bar hidden
[2020.07.29-19.44.23:216][  0]LogCollectionManager: Loaded 0 collections in 0.001081 seconds
[2020.07.29-19.44.23:221][  0]LogFileCache: Scanning file cache for directory 'D:/Down2DieInventory/StructureInventory/Saved/Collections/' took 0.00s
[2020.07.29-19.44.23:221][  0]LogFileCache: Scanning file cache for directory 'D:/Down2DieInventory/StructureInventory/Content/Developers/joeym/Collections/' took 0.00s
[2020.07.29-19.44.23:221][  0]LogFileCache: Scanning file cache for directory 'D:/Down2DieInventory/StructureInventory/Content/Collections/' took 0.00s
[2020.07.29-19.44.23:221][  0]LogCollectionManager: Rebuilt the GUID cache for 0 collections in 0.000001 seconds
[2020.07.29-19.44.23:228][  0]LogContentBrowser: Native class hierarchy populated in 0.0067 seconds. Added 3048 classes and 769 folders.
[2020.07.29-19.44.23:233][  0]LogContentBrowser: Native class hierarchy updated for 'WidgetCarousel' in 0.0002 seconds. Added 0 classes and 0 folders.
[2020.07.29-19.44.23:289][  0]LogContentBrowser: Native class hierarchy updated for 'AddContentDialog' in 0.0002 seconds. Added 0 classes and 0 folders.
[2020.07.29-19.44.23:292][  0]LogContentBrowser: Native class hierarchy updated for 'SceneOutliner' in 0.0002 seconds. Added 1 classes and 0 folders.
[2020.07.29-19.44.23:344][  0]LogContentBrowser: Native class hierarchy updated for 'WorldBrowser' in 0.0003 seconds. Added 2 classes and 3 folders.
[2020.07.29-19.44.23:356][  0]LogSlate: Took 0.000154 seconds to synchronously load lazily loaded font '../../../Engine/Content/Slate/Fonts/Roboto-Bold.ttf' (160K)
[2020.07.29-19.44.23:357][  0]LogSlate: Took 0.000156 seconds to synchronously load lazily loaded font '../../../Engine/Content/Slate/Fonts/Roboto-Regular.ttf' (155K)
[2020.07.29-19.44.23:364][  0]LogContentBrowser: Native class hierarchy updated for 'HierarchicalLODOutliner' in 0.0002 seconds. Added 0 classes and 0 folders.
[2020.07.29-19.44.23:364][  0]LogLoad: (Engine Initialization) Total time: 10.24 seconds
[2020.07.29-19.44.23:364][  0]LogLoad: (Engine Initialization) Total Blueprint compile time: 0.00 seconds
[2020.07.29-19.44.23:413][  0]LogAssetRegistry: Asset discovery search completed in 7.1610 seconds
[2020.07.29-19.44.23:416][  0]LogCollectionManager: Rebuilt the object cache for 0 collections in 0.000005 seconds (found 0 objects)
[2020.07.29-19.44.23:416][  0]LogCollectionManager: Fixed up redirectors for 0 collections in 0.000080 seconds (updated 0 objects)
[2020.07.29-19.44.23:417][  0]LogContentStreaming: Texture pool size now 3000 MB
[2020.07.29-19.44.23:428][  0]LogSlate: Took 0.000170 seconds to synchronously load lazily loaded font '../../../Engine/Content/Editor/Slate/Fonts/FontAwesome.ttf' (139K)
[2020.07.29-19.44.23:479][  0]LogRenderer: Reallocating scene render targets to support 736x292 Format 10 NumSamples 1 (Frame:1).
[2020.07.29-19.44.23:479][  0]LogSlate: Took 0.000235 seconds to synchronously load lazily loaded font '../../../Engine/Content/Slate/Fonts/Roboto-Light.ttf' (167K)
[2020.07.29-19.45.01:347][535]LogSlate: FSceneViewport::OnFocusLost() reason 0
[2020.07.29-19.45.01:454][548]LogTemp: Repeating last play command: Standalone Game
[2020.07.29-19.45.01:484][548]LogUObjectHash: Compacting FUObjectHashTables data took   0.56ms
[2020.07.29-19.46.12:096][ 37]LogRenderer: Reallocating scene render targets to support 736x296 Format 10 NumSamples 1 (Frame:5814).
[2020.07.29-19.46.12:119][ 37]LogRenderer: Reallocating scene render targets to support 736x312 Format 10 NumSamples 1 (Frame:5815).
[2020.07.29-19.46.12:144][ 37]LogRenderer: Reallocating scene render targets to support 736x360 Format 10 NumSamples 1 (Frame:5816).
[2020.07.29-19.46.12:167][ 37]LogRenderer: Reallocating scene render targets to support 736x380 Format 10 NumSamples 1 (Frame:5817).
[2020.07.29-19.46.12:254][ 37]LogRenderer: Reallocating scene render targets to support 736x492 Format 10 NumSamples 1 (Frame:5818).
[2020.07.29-19.46.13:629][189]LogRenderer: Reallocating scene render targets to support 740x492 Format 10 NumSamples 1 (Frame:5974).
[2020.07.29-19.46.13:670][189]LogRenderer: Reallocating scene render targets to support 744x492 Format 10 NumSamples 1 (Frame:5976).
[2020.07.29-19.46.13:725][189]LogRenderer: Reallocating scene render targets to support 748x492 Format 10 NumSamples 1 (Frame:5979).
[2020.07.29-19.46.13:931][189]LogRenderer: Reallocating scene render targets to support 752x492 Format 10 NumSamples 1 (Frame:5983).
[2020.07.29-19.46.28:064][827]LogSlate: Took 0.000192 seconds to synchronously load lazily loaded font '../../../Engine/Content/Slate/Fonts/Roboto-Light.ttf' (167K)
[2020.07.29-19.46.28:072][827]LogAssetEditorManager: Opening Asset editor for Blueprint /Game/MyPlayer/MyPlayerState.MyPlayerState
[2020.07.29-19.46.28:269][827]LogContentBrowser: Native class hierarchy updated for 'BlueprintGraph' in 0.0004 seconds. Added 121 classes and 0 folders.
[2020.07.29-19.46.28:954][827]LogSlate: Took 0.000245 seconds to synchronously load lazily loaded font '../../../Engine/Content/Slate/Fonts/Roboto-BoldCondensed.ttf' (158K)
[2020.07.29-19.46.29:034][828]LogSlate: Took 0.000333 seconds to synchronously load lazily loaded font '../../../Engine/Content/Slate/Fonts/Roboto-Italic.ttf' (157K)
[2020.07.29-19.46.40:310][ 68]BlueprintLog: New page: Compile MyPlayerState
[2020.07.29-19.46.40:497][ 68]LogUObjectHash: Compacting FUObjectHashTables data took   3.23ms
[2020.07.29-19.46.41:030][116]Cmd: OBJ SAVEPACKAGE PACKAGE="/Game/MyPlayer/MyPlayerState" FILE="../../../../../../Down2DieInventory/StructureInventory/Content/MyPlayer/MyPlayerState.uasset" SILENT=true
[2020.07.29-19.46.41:128][116]LogSavePackage: Moving '../../../../../../Down2DieInventory/StructureInventory/Saved/MyPlayerState212C28A2421676E1CF188F8A64A5D1BD.tmp' to '../../../../../../Down2DieInventory/StructureInventory/Content/MyPlayer/MyPlayerState.uasset'
[2020.07.29-19.46.49:694][105]Cmd: OBJ SAVEPACKAGE PACKAGE="/Game/MyPlayer/MyPlayerState" FILE="../../../../../../Down2DieInventory/StructureInventory/Content/MyPlayer/MyPlayerState.uasset" SILENT=true
[2020.07.29-19.46.49:789][105]LogSavePackage: Moving '../../../../../../Down2DieInventory/StructureInventory/Saved/MyPlayerState2AC4EDA9495E1447DA5F07A8709ABBB7.tmp' to '../../../../../../Down2DieInventory/StructureInventory/Content/MyPlayer/MyPlayerState.uasset'
[2020.07.29-19.46.51:634][288]LogSlate: Window 'MyPlayerState' being destroyed
[2020.07.29-19.46.51:638][288]LogSlate: Window 'MyPlayerState' being destroyed
[2020.07.29-19.46.51:659][288]LogWorld: UWorld::CleanupWorld for World_3, bSessionEnded=true, bCleanupResources=true
[2020.07.29-19.46.52:997][442]LogAssetEditorManager: Opening Asset editor for Blueprint /Game/MyPlayer/MyPlayerController.MyPlayerController
[2020.07.29-19.47.05:613][816]BlueprintLog: New page: Compile MyPlayerController
[2020.07.29-19.47.05:781][816]LogUObjectHash: Compacting FUObjectHashTables data took   2.92ms
[2020.07.29-19.47.06:563][901]Cmd: OBJ SAVEPACKAGE PACKAGE="/Game/MyPlayer/MyPlayerController" FILE="../../../../../../Down2DieInventory/StructureInventory/Content/MyPlayer/MyPlayerController.uasset" SILENT=true
[2020.07.29-19.47.06:654][901]LogSavePackage: Moving '../../../../../../Down2DieInventory/StructureInventory/Saved/MyPlayerController8C5F413B44F39EED99C5ECBB920E2439.tmp' to '../../../../../../Down2DieInventory/StructureInventory/Content/MyPlayer/MyPlayerController.uasset'
[2020.07.29-19.47.07:900][ 38]LogUObjectHash: Compacting FUObjectHashTables data took   3.07ms
[2020.07.29-19.47.09:258][197]LogSlate: Window 'MyPlayerController' being destroyed
[2020.07.29-19.47.09:262][197]LogSlate: Window 'MyPlayerController' being destroyed
[2020.07.29-19.47.09:278][197]LogWorld: UWorld::CleanupWorld for World_4, bSessionEnded=true, bCleanupResources=true
[2020.07.29-19.48.23:277][526]LogTemp: Repeating last play command: Standalone Game
[2020.07.29-19.48.23:315][526]LogUObjectHash: Compacting FUObjectHashTables data took   2.66ms
[2020.07.29-19.48.57:106][879]LogRenderer: Reallocating scene render targets to support 1060x500 Format 10 NumSamples 1 (Frame:11099).
[2020.07.29-19.49.04:019][549]LogAssetEditorManager: Opening Asset editor for Blueprint /Game/MyPlayer/MyPlayer.MyPlayer
[2020.07.29-19.49.09:400][ 58]Cmd: OBJ SAVEPACKAGE PACKAGE="/Game/MyPlayer/MyPlayer" FILE="../../../../../../Down2DieInventory/StructureInventory/Content/MyPlayer/MyPlayer.uasset" SILENT=true
[2020.07.29-19.49.09:553][ 58]LogSavePackage: Moving '../../../../../../Down2DieInventory/StructureInventory/Saved/MyPlayerFE0297284C8E31B7512888A6F5504E1D.tmp' to '../../../../../../Down2DieInventory/StructureInventory/Content/MyPlayer/MyPlayer.uasset'
[2020.07.29-19.49.28:102][892]BlueprintLog: New page: Compile MyPlayer
[2020.07.29-19.49.28:351][892]LogActorComponent: RegisterComponentWithWorld: Owner belongs to a DEADCLASS
[2020.07.29-19.49.28:351][892]LogActorComponent: RegisterComponentWithWorld: Owner belongs to a DEADCLASS
[2020.07.29-19.49.28:351][892]LogActorComponent: RegisterComponentWithWorld: Owner belongs to a DEADCLASS
[2020.07.29-19.49.28:351][892]LogActorComponent: RegisterComponentWithWorld: Owner belongs to a DEADCLASS
[2020.07.29-19.49.28:526][892]LogUObjectHash: Compacting FUObjectHashTables data took   2.93ms
[2020.07.29-19.49.28:877][919]Cmd: OBJ SAVEPACKAGE PACKAGE="/Game/MyPlayer/MyPlayer" FILE="../../../../../../Down2DieInventory/StructureInventory/Content/MyPlayer/MyPlayer.uasset" SILENT=true
[2020.07.29-19.49.29:015][919]LogSavePackage: Moving '../../../../../../Down2DieInventory/StructureInventory/Saved/MyPlayer6B1A422C49A99C65BD38CB99FD124B6A.tmp' to '../../../../../../Down2DieInventory/StructureInventory/Content/MyPlayer/MyPlayer.uasset'
[2020.07.29-19.49.30:704][102]LogAssetEditorManager: Opening Asset editor for Blueprint /Game/Inventory/InventoryComponent.InventoryComponent
[2020.07.29-19.49.43:922][589]BlueprintLog: New page: Compile InventoryComponent
[2020.07.29-19.49.44:153][589]LogUObjectHash: Compacting FUObjectHashTables data took   3.13ms
[2020.07.29-19.49.44:591][632]Cmd: OBJ SAVEPACKAGE PACKAGE="/Game/Inventory/InventoryComponent" FILE="../../../../../../Down2DieInventory/StructureInventory/Content/Inventory/InventoryComponent.uasset" SILENT=true
[2020.07.29-19.49.44:865][632]LogSavePackage: Moving '../../../../../../Down2DieInventory/StructureInventory/Saved/InventoryComponentF31919234ED5794CA8C0A8BABFA3EEFF.tmp' to '../../../../../../Down2DieInventory/StructureInventory/Content/Inventory/InventoryComponent.uasset'
[2020.07.29-19.49.48:179][988]Cmd: OBJ SAVEPACKAGE PACKAGE="/Game/MyPlayer/MyPlayer" FILE="../../../../../../Down2DieInventory/StructureInventory/Content/MyPlayer/MyPlayer.uasset" SILENT=true
[2020.07.29-19.49.48:331][988]LogSavePackage: Moving '../../../../../../Down2DieInventory/StructureInventory/Saved/MyPlayerB72209DD4CF678A84BDB51911E7A3326.tmp' to '../../../../../../Down2DieInventory/StructureInventory/Content/MyPlayer/MyPlayer.uasset'
[2020.07.29-19.49.49:670][111]LogSlate: Window 'InventoryComponent' being destroyed
[2020.07.29-19.49.49:674][111]LogSlate: Window 'InventoryComponent' being destroyed
[2020.07.29-19.49.49:681][111]LogWorld: UWorld::CleanupWorld for World_5, bSessionEnded=true, bCleanupResources=true
[2020.07.29-19.49.49:726][111]LogWorld: UWorld::CleanupWorld for World_6, bSessionEnded=true, bCleanupResources=true
[2020.07.29-19.49.51:372][302]LogAssetEditorManager: Opening Asset editor for Blueprint /Game/MyPlayer/MyPlayerState.MyPlayerState
[2020.07.29-19.50.03:310][572]BlueprintLog: New page: Compile MyPlayerState
[2020.07.29-19.50.03:502][572]LogUObjectHash: Compacting FUObjectHashTables data took   3.23ms
[2020.07.29-19.50.05:511][800]Cmd: OBJ SAVEPACKAGE PACKAGE="/Game/MyPlayer/MyPlayerState" FILE="../../../../../../Down2DieInventory/StructureInventory/Content/MyPlayer/MyPlayerState.uasset" SILENT=true
[2020.07.29-19.50.05:611][800]LogSavePackage: Moving '../../../../../../Down2DieInventory/StructureInventory/Saved/MyPlayerState7CF49203484F0CB09D47EEA37582D1F4.tmp' to '../../../../../../Down2DieInventory/StructureInventory/Content/MyPlayer/MyPlayerState.uasset'
[2020.07.29-19.50.10:482][315]BlueprintLog: New page: Compile MyPlayerState
[2020.07.29-19.50.10:661][315]LogUObjectHash: Compacting FUObjectHashTables data took   3.12ms
[2020.07.29-19.50.11:072][353]Cmd: OBJ SAVEPACKAGE PACKAGE="/Game/MyPlayer/MyPlayerState" FILE="../../../../../../Down2DieInventory/StructureInventory/Content/MyPlayer/MyPlayerState.uasset" SILENT=true
[2020.07.29-19.50.11:170][353]LogSavePackage: Moving '../../../../../../Down2DieInventory/StructureInventory/Saved/MyPlayerState55ED6E1E49681787F136F49BA5C6A40C.tmp' to '../../../../../../Down2DieInventory/StructureInventory/Content/MyPlayer/MyPlayerState.uasset'
[2020.07.29-19.50.12:795][530]LogSlate: Window 'MyPlayerState' being destroyed
[2020.07.29-19.50.12:800][530]LogSlate: Window 'MyPlayerState' being destroyed
[2020.07.29-19.50.12:807][530]LogWorld: UWorld::CleanupWorld for World_7, bSessionEnded=true, bCleanupResources=true
[2020.07.29-19.51.49:168][579]LogAssetEditorManager: Opening Asset editor for Blueprint /Game/MyPlayer/MyPlayerState.MyPlayerState
[2020.07.29-19.51.51:209][757]Cmd: OBJ SAVEPACKAGE PACKAGE="/Game/MyPlayer/MyPlayerState" FILE="../../../../../../Down2DieInventory/StructureInventory/Content/MyPlayer/MyPlayerState.uasset" SILENT=true
[2020.07.29-19.51.51:317][757]LogSavePackage: Moving '../../../../../../Down2DieInventory/StructureInventory/Saved/MyPlayerState98550AA94A4D478D6852FA93CDC784D4.tmp' to '../../../../../../Down2DieInventory/StructureInventory/Content/MyPlayer/MyPlayerState.uasset'
[2020.07.29-19.51.52:302][859]LogUObjectHash: Compacting FUObjectHashTables data took   2.88ms
[2020.07.29-19.51.52:320][859]Cmd: OBJ SAVEPACKAGE PACKAGE="/Game/GameRelated/MyLevel" FILE="../../../../../../Down2DieInventory/StructureInventory/Content/GameRelated/MyLevel.umap" SILENT=true AUTOSAVING=false KEEPDIRTY=false
[2020.07.29-19.51.52:347][859]LogUObjectHash: Compacting FUObjectHashTables data took   1.88ms
[2020.07.29-19.51.52:553][859]LogSavePackage: Moving '../../../../../../Down2DieInventory/StructureInventory/Saved/MyLevel6C53BA2440278205B5F35EA9170C11B6.tmp' to '../../../../../../Down2DieInventory/StructureInventory/Content/GameRelated/MyLevel.umap'
[2020.07.29-19.51.52:583][859]LogFileHelpers: Saving map 'MyLevel' took 0.264
[2020.07.29-19.51.53:581][968]LogSlate: Window 'MyPlayerState' being destroyed
[2020.07.29-19.51.53:586][968]LogSlate: Window 'MyPlayerState' being destroyed
[2020.07.29-19.51.53:586][968]LogWorld: UWorld::CleanupWorld for World_8, bSessionEnded=true, bCleanupResources=true
[2020.07.29-19.51.54:396][ 57]Cmd: OBJ SAVEPACKAGE PACKAGE="/Game/GameRelated/MyLevel" FILE="../../../../../../Down2DieInventory/StructureInventory/Content/GameRelated/MyLevel.umap" SILENT=true AUTOSAVING=false KEEPDIRTY=false
[2020.07.29-19.51.54:421][ 57]LogUObjectHash: Compacting FUObjectHashTables data took   2.61ms
[2020.07.29-19.51.54:617][ 57]LogSavePackage: Moving '../../../../../../Down2DieInventory/StructureInventory/Saved/MyLevelC56E825E402DDDBA081AEFBB68A44C5D.tmp' to '../../../../../../Down2DieInventory/StructureInventory/Content/GameRelated/MyLevel.umap'
[2020.07.29-19.51.54:646][ 57]Cmd: OBJ SAVEPACKAGE PACKAGE="/Game/GameRelated/MyLevel_BuiltData" FILE="../../../../../../Down2DieInventory/StructureInventory/Content/GameRelated/MyLevel_BuiltData.uasset" SILENT=true
[2020.07.29-19.51.54:723][ 57]LogSavePackage: Moving '../../../../../../Down2DieInventory/StructureInventory/Saved/MyLevel_BuiltData95AC05EB43A922AB4485A1864B45372F.tmp' to '../../../../../../Down2DieInventory/StructureInventory/Content/GameRelated/MyLevel_BuiltData.uasset'
