Log file open, 08/13/20 00:46:00
LogWindows: Failed to load 'aqProf.dll' (GetLastError=126)
LogWindows: File 'aqProf.dll' does not exist
LogWindows: Failed to load 'VtuneApi.dll' (GetLastError=126)
LogWindows: File 'VtuneApi.dll' does not exist
LogWindows: Failed to load 'VtuneApi32e.dll' (GetLastError=126)
LogWindows: File 'VtuneApi32e.dll' does not exist
LogConsoleResponse: Display: Failed to find resolution value strings in scalability ini. Falling back to default.
LogInit: Display: Running engine for game: StructureInventory
LogPlatformFile: Not using cached read wrapper
LogTaskGraph: Started task graph with 5 named threads and 23 total threads with 3 sets of task threads.
LogStats: Stats thread started at 3.467496
LogD3D11RHI: Loaded GFSDK_Aftermath_Lib.x64.dll
LogICUInternationalization: ICU TimeZone Detection - Raw Offset: +1:00, Platform Override: ''
LogPluginManager: Mounting plugin Paper2D
LogPluginManager: Mounting plugin AISupport
LogPluginManager: Mounting plugin LightPropagationVolume
LogPluginManager: Mounting plugin ActorLayerUtilities
LogPluginManager: Mounting plugin AnimationSharing
LogPluginManager: Mounting plugin CLionSourceCodeAccess
LogPluginManager: Mounting plugin CodeLiteSourceCodeAccess
LogPluginManager: Mounting plugin GitSourceControl
LogPluginManager: Mounting plugin KDevelopSourceCodeAccess
LogPluginManager: Mounting plugin NullSourceCodeAccess
LogPluginManager: Mounting plugin PerforceSourceControl
LogPluginManager: Mounting plugin SubversionSourceControl
LogPluginManager: Mounting plugin UObjectPlugin
LogPluginManager: Mounting plugin VisualStudioCodeSourceCodeAccess
LogPluginManager: Mounting plugin VisualStudioSourceCodeAccess
LogPluginManager: Mounting plugin XCodeSourceCodeAccess
LogPluginManager: Mounting plugin AssetManagerEditor
LogPluginManager: Mounting plugin CryptoKeys
LogPluginManager: Mounting plugin CurveEditorTools
LogPluginManager: Mounting plugin DataValidation
LogPluginManager: Mounting plugin EditorScriptingUtilities
LogPluginManager: Mounting plugin FacialAnimation
LogPluginManager: Mounting plugin GameplayTagsEditor
LogPluginManager: Mounting plugin GLTFImporter
LogPluginManager: Mounting plugin MacGraphicsSwitching
LogPluginManager: Mounting plugin MaterialAnalyzer
LogPluginManager: Mounting plugin MeshEditor
LogPluginManager: Mounting plugin MobileLauncherProfileWizard
LogPluginManager: Mounting plugin PluginBrowser
LogPluginManager: Mounting plugin SpeedTreeImporter
LogPluginManager: Mounting plugin DatasmithContent
LogPluginManager: Mounting plugin VariantManagerContent
LogPluginManager: Mounting plugin AlembicImporter
LogPluginManager: Mounting plugin AutomationUtils
LogPluginManager: Mounting plugin BackChannel
LogPluginManager: Mounting plugin BlastPlugin
LogPluginManager: Mounting plugin ChaosSolverPlugin
LogPluginManager: Mounting plugin CharacterAI
LogPluginManager: Mounting plugin DataPrepEditor
LogPluginManager: Mounting plugin GeometryCache
LogPluginManager: Mounting plugin GeometryCollectionPlugin
LogPluginManager: Mounting plugin HTML5Networking
LogPluginManager: Mounting plugin PlatformCrypto
LogPluginManager: Mounting plugin ProxyLODPlugin
LogPluginManager: Mounting plugin SkeletalReduction
LogPluginManager: Mounting plugin MagicLeap
LogPluginManager: Mounting plugin MagicLeapMedia
LogPluginManager: Mounting plugin AndroidMedia
LogPluginManager: Mounting plugin AvfMedia
LogPluginManager: Mounting plugin ImgMedia
LogPluginManager: Mounting plugin MediaCompositing
LogPluginManager: Mounting plugin MediaPlayerEditor
LogPluginManager: Mounting plugin WebMMedia
LogPluginManager: Mounting plugin WmfMedia
LogPluginManager: Mounting plugin TcpMessaging
LogPluginManager: Mounting plugin UdpMessaging
LogPluginManager: Mounting plugin ActorSequence
LogPluginManager: Mounting plugin LevelSequenceEditor
LogPluginManager: Mounting plugin MatineeToLevelSequence
LogPluginManager: Mounting plugin NetcodeUnitTest
LogPluginManager: Mounting plugin NUTUnrealEngine4
LogPluginManager: Mounting plugin OnlineSubsystemGooglePlay
LogPluginManager: Mounting plugin OnlineSubsystemIOS
LogPluginManager: Mounting plugin OnlineSubsystem
LogPluginManager: Mounting plugin OnlineSubsystemNull
LogPluginManager: Mounting plugin OnlineSubsystemSteam
LogPluginManager: Mounting plugin OnlineSubsystemUtils
LogPluginManager: Mounting plugin LauncherChunkInstaller
LogPluginManager: Mounting plugin AndroidDeviceProfileSelector
LogPluginManager: Mounting plugin AndroidMoviePlayer
LogPluginManager: Mounting plugin AndroidPermission
LogPluginManager: Mounting plugin AppleImageUtils
LogPluginManager: Mounting plugin AppleMoviePlayer
LogPluginManager: Mounting plugin ArchVisCharacter
LogPluginManager: Mounting plugin AudioCapture
LogPluginManager: Mounting plugin CableComponent
LogPluginManager: Mounting plugin CustomMeshComponent
LogPluginManager: Mounting plugin EditableMesh
LogPluginManager: Mounting plugin ExampleDeviceProfileSelector
LogPluginManager: Mounting plugin GoogleCloudMessaging
LogPluginManager: Mounting plugin IOSDeviceProfileSelector
LogPluginManager: Mounting plugin LinuxDeviceProfileSelector
LogPluginManager: Mounting plugin LocationServicesBPLibrary
LogPluginManager: Mounting plugin MobilePatchingUtils
LogPluginManager: Mounting plugin OculusVR
LogPluginManager: Mounting plugin PhysXVehicles
LogPluginManager: Mounting plugin ProceduralMeshComponent
LogPluginManager: Mounting plugin RuntimePhysXCooking
LogPluginManager: Mounting plugin SignificanceManager
LogPluginManager: Mounting plugin SteamVR
LogPluginManager: Mounting plugin WebMMoviePlayer
LogPluginManager: Mounting plugin WindowsMoviePlayer
LogPluginManager: Mounting plugin ScreenshotTools
LogPluginManager: Mounting plugin DatasmithC4DImporter
LogPluginManager: Mounting plugin DatasmithCADImporter
LogPluginManager: Mounting plugin DatasmithFBXImporter
LogPluginManager: Mounting plugin DatasmithGLTFImporter
LogPluginManager: Mounting plugin DatasmithIFCImporter
LogPluginManager: Mounting plugin DatasmithImporter
LogPluginManager: Mounting plugin MDLImporter
LogPluginManager: Mounting plugin StaticMeshEditorExtension
LogPluginManager: Mounting plugin VariantManager
LogInit: Using libcurl 7.55.1-DEV
LogInit:  - built for x86_64-pc-win32
LogInit:  - supports SSL with OpenSSL/1.1.1
LogInit:  - supports HTTP deflate (compression) using libz 1.2.8
LogInit:  - other features:
LogInit:      CURL_VERSION_SSL
LogInit:      CURL_VERSION_LIBZ
LogInit:      CURL_VERSION_IPV6
LogInit:      CURL_VERSION_ASYNCHDNS
LogInit:      CURL_VERSION_LARGEFILE
LogInit:      CURL_VERSION_IDN
LogInit:  CurlRequestOptions (configurable via config and command line):
LogInit:  - bVerifyPeer = true  - Libcurl will verify peer certificate
LogInit:  - bUseHttpProxy = false  - Libcurl will NOT use HTTP proxy
LogInit:  - bDontReuseConnections = false  - Libcurl will reuse connections
LogInit:  - MaxHostConnections = 16  - Libcurl will limit the number of connections to a host
LogInit:  - LocalHostAddr = Default
LogInit:  - BufferSize = 65536
LogOnline: Display: STEAM: Loading Steam SDK 1.42
LogOnline: OSS: Creating online subsystem instance for: Steam
LogOnline: Warning: STEAM: Steamworks: SteamUtils() failed!
LogOnline: Warning: STEAM: Steamworks: SteamUser() failed!
LogOnline: Warning: STEAM: Steamworks: SteamFriends() failed!
LogOnline: Warning: STEAM: Steamworks: SteamRemoteStorage() failed!
LogOnline: Warning: STEAM: Steamworks: SteamUserStats() failed!
LogOnline: Warning: STEAM: Steamworks: SteamMatchmakingServers() failed!
LogOnline: Warning: STEAM: Steamworks: SteamApps() failed!
LogOnline: Warning: STEAM: Steamworks: SteamNetworking() failed!
LogOnline: Warning: STEAM: Steamworks: SteamMatchmaking() failed!
LogOnline: STEAM: [AppId: 0] Client API initialized 0
LogOnline: Display: STEAM: OnlineSubsystemSteam::Shutdown()
LogOnline: Warning: STEAM: Steam API failed to initialize!
LogOnline: Display: STEAM: OnlineSubsystemSteam::Shutdown()
LogOnline: OSS: Unable to create OnlineSubsystem module Steam
LogOnline: OSS: Creating online subsystem instance for: NULL
LogInit: WinSock: version 1.1 (2.2), MaxSocks=32767, MaxUdp=65467
LogInit: Build: ++UE4+Release-4.23-CL-9631420
LogInit: Engine Version: 4.23.1-9631420+++UE4+Release-4.23
LogInit: Compatible Engine Version: 4.23.0-8386587+++UE4+Release-4.23
LogInit: Net CL: 8386587
LogInit: OS: Windows 10 (Release 1909) (), CPU: Intel(R) Core(TM) i7-7700K CPU @ 4.20GHz, GPU: NVIDIA GeForce GTX 1080
LogInit: Compiled (64-bit): Oct 18 2019 02:07:44
LogInit: Compiled with Visual C++: 19.16.27030.01
LogInit: Build Configuration: Development
LogInit: Branch Name: ++UE4+Release-4.23
LogInit: Command Line:  -game
LogInit: Base Directory: D:/Program Files/Epic Games/UE_4.23/Engine/Binaries/Win64/
LogInit: Installed Engine Build: 1
LogDevObjectVersion: Number of dev versions registered: 23
LogDevObjectVersion:   Dev-Blueprints (B0D832E4-1F89-4F0D-ACCF-7EB736FD4AA2): 10
LogDevObjectVersion:   Dev-Build (E1C64328-A22C-4D53-A36C-8E866417BD8C): 0
LogDevObjectVersion:   Dev-Core (375EC13C-06E4-48FB-B500-84F0262A717E): 3
LogDevObjectVersion:   Dev-Editor (E4B068ED-F494-42E9-A231-DA0B2E46BB41): 34
LogDevObjectVersion:   Dev-Framework (CFFC743F-43B0-4480-9391-14DF171D2073): 35
LogDevObjectVersion:   Dev-Mobile (B02B49B5-BB20-44E9-A304-32B752E40360): 2
LogDevObjectVersion:   Dev-Networking (A4E4105C-59A1-49B5-A7C5-40C4547EDFEE): 0
LogDevObjectVersion:   Dev-Online (39C831C9-5AE6-47DC-9A44-9C173E1C8E7C): 0
LogDevObjectVersion:   Dev-Physics (78F01B33-EBEA-4F98-B9B4-84EACCB95AA2): 0
LogDevObjectVersion:   Dev-Platform (6631380F-2D4D-43E0-8009-CF276956A95A): 0
LogDevObjectVersion:   Dev-Rendering (12F88B9F-8875-4AFC-A67C-D90C383ABD29): 31
LogDevObjectVersion:   Dev-Sequencer (7B5AE74C-D270-4C10-A958-57980B212A5A): 11
LogDevObjectVersion:   Dev-VR (D7296918-1DD6-4BDD-9DE2-64A83CC13884): 2
LogDevObjectVersion:   Dev-LoadTimes (C2A15278-BFE7-4AFE-6C17-90FF531DF755): 1
LogDevObjectVersion:   Private-Geometry (6EACA3D4-40EC-4CC1-B786-8BED09428FC5): 3
LogDevObjectVersion:   Dev-AnimPhys (29E575DD-E0A3-4627-9D10-D276232CDCEA): 17
LogDevObjectVersion:   Dev-Anim (AF43A65D-7FD3-4947-9873-3E8ED9C1BB05): 2
LogDevObjectVersion:   Dev-ReflectionCapture (6B266CEC-1EC7-4B8F-A30B-E4D90942FC07): 1
LogDevObjectVersion:   Dev-Automation (0DF73D61-A23F-47EA-B727-89E90C41499A): 1
LogDevObjectVersion:   FortniteMain (601D1886-AC64-4F84-AA16-D3DE0DEAC7D6): 27
LogDevObjectVersion:   Dev-Enterprise (9DFFBCD6-494F-0158-E221-12823C92A888): 6
LogDevObjectVersion:   Dev-Niagara (F2AED0AC-9AFE-416F-8664-AA7FFA26D6FC): 1
LogDevObjectVersion:   Dev-Destruction (174F1F0B-B4C6-45A5-B13F-2EE8D0FB917D): 9
LogInit: Presizing for max 16777216 objects, including 0 objects not considered by GC, pre-allocating 0 bytes for permanent pool.
LogInit: Object subsystem initialized
LogConfig: Setting CVar [[con.DebugEarlyDefault:1]]
LogConfig: Setting CVar [[r.setres:1280x720]]
[2020.08.12-22.46.03:492][  0]LogConfig: Setting CVar [[con.DebugEarlyDefault:1]]
[2020.08.12-22.46.03:492][  0]LogConfig: Setting CVar [[r.setres:1280x720]]
[2020.08.12-22.46.03:494][  0]LogConfig: Applying CVar settings from Section [/Script/Engine.RendererSettings] File [D:/Down2DieInventory/StructureInventory/Saved/Config/Windows/Engine.ini]
[2020.08.12-22.46.03:494][  0]LogConfig: Setting CVar [[r.GPUCrashDebugging:0]]
[2020.08.12-22.46.03:494][  0]LogConfig: Setting CVar [[r.DefaultFeature.AutoExposure.ExtendDefaultLuminanceRange:1]]
[2020.08.12-22.46.03:494][  0]LogConfig: Applying CVar settings from Section [/Script/Engine.RendererOverrideSettings] File [D:/Down2DieInventory/StructureInventory/Saved/Config/Windows/Engine.ini]
[2020.08.12-22.46.03:494][  0]LogConfig: Applying CVar settings from Section [/Script/Engine.StreamingSettings] File [D:/Down2DieInventory/StructureInventory/Saved/Config/Windows/Engine.ini]
[2020.08.12-22.46.03:494][  0]LogConfig: Setting CVar [[s.MinBulkDataSizeForAsyncLoading:131072]]
[2020.08.12-22.46.03:494][  0]LogConfig: Setting CVar [[s.AsyncLoadingThreadEnabled:0]]
[2020.08.12-22.46.03:494][  0]LogConfig: Setting CVar [[s.EventDrivenLoaderEnabled:1]]
[2020.08.12-22.46.03:494][  0]LogConfig: Setting CVar [[s.WarnIfTimeLimitExceeded:0]]
[2020.08.12-22.46.03:494][  0]LogConfig: Setting CVar [[s.TimeLimitExceededMultiplier:1.5]]
[2020.08.12-22.46.03:494][  0]LogConfig: Setting CVar [[s.TimeLimitExceededMinTime:0.005]]
[2020.08.12-22.46.03:494][  0]LogConfig: Setting CVar [[s.UseBackgroundLevelStreaming:1]]
[2020.08.12-22.46.03:494][  0]LogConfig: Setting CVar [[s.PriorityAsyncLoadingExtraTime:15.0]]
[2020.08.12-22.46.03:494][  0]LogConfig: Setting CVar [[s.LevelStreamingActorsUpdateTimeLimit:5.0]]
[2020.08.12-22.46.03:494][  0]LogConfig: Setting CVar [[s.PriorityLevelStreamingActorsUpdateExtraTime:5.0]]
[2020.08.12-22.46.03:494][  0]LogConfig: Setting CVar [[s.LevelStreamingComponentsRegistrationGranularity:10]]
[2020.08.12-22.46.03:494][  0]LogConfig: Setting CVar [[s.UnregisterComponentsTimeLimit:1.0]]
[2020.08.12-22.46.03:494][  0]LogConfig: Setting CVar [[s.LevelStreamingComponentsUnregistrationGranularity:5]]
[2020.08.12-22.46.03:494][  0]LogConfig: Applying CVar settings from Section [/Script/Engine.GarbageCollectionSettings] File [D:/Down2DieInventory/StructureInventory/Saved/Config/Windows/Engine.ini]
[2020.08.12-22.46.03:494][  0]LogConfig: Setting CVar [[gc.MaxObjectsNotConsideredByGC:1]]
[2020.08.12-22.46.03:494][  0]LogConfig: Setting CVar [[gc.SizeOfPermanentObjectPool:0]]
[2020.08.12-22.46.03:494][  0]LogConfig: Setting CVar [[gc.FlushStreamingOnGC:0]]
[2020.08.12-22.46.03:494][  0]LogConfig: Setting CVar [[gc.NumRetriesBeforeForcingGC:10]]
[2020.08.12-22.46.03:494][  0]LogConfig: Setting CVar [[gc.AllowParallelGC:1]]
[2020.08.12-22.46.03:494][  0]LogConfig: Setting CVar [[gc.TimeBetweenPurgingPendingKillObjects:61.1]]
[2020.08.12-22.46.03:494][  0]LogConfig: Setting CVar [[gc.MaxObjectsInEditor:16777216]]
[2020.08.12-22.46.03:494][  0]LogConfig: Setting CVar [[gc.IncrementalBeginDestroyEnabled:1]]
[2020.08.12-22.46.03:494][  0]LogConfig: Setting CVar [[gc.CreateGCClusters:1]]
[2020.08.12-22.46.03:494][  0]LogConfig: Setting CVar [[gc.MinGCClusterSize:5]]
[2020.08.12-22.46.03:494][  0]LogConfig: Setting CVar [[gc.ActorClusteringEnabled:0]]
[2020.08.12-22.46.03:494][  0]LogConfig: Setting CVar [[gc.BlueprintClusteringEnabled:0]]
[2020.08.12-22.46.03:494][  0]LogConfig: Setting CVar [[gc.UseDisregardForGCOnDedicatedServers:0]]
[2020.08.12-22.46.03:494][  0]LogConfig: Applying CVar settings from Section [/Script/Engine.NetworkSettings] File [D:/Down2DieInventory/StructureInventory/Saved/Config/Windows/Engine.ini]
[2020.08.12-22.46.03:494][  0]LogConfig: Applying CVar settings from Section [/Script/UnrealEd.CookerSettings] File [D:/Down2DieInventory/StructureInventory/Saved/Config/Windows/Engine.ini]
[2020.08.12-22.46.03:565][  0]LogConfig: Applying CVar settings from Section [ViewDistanceQuality@3] File [D:/Down2DieInventory/StructureInventory/Saved/Config/Windows/Scalability.ini]
[2020.08.12-22.46.03:565][  0]LogConfig: Setting CVar [[r.SkeletalMeshLODBias:0]]
[2020.08.12-22.46.03:565][  0]LogConfig: Setting CVar [[r.ViewDistanceScale:1.0]]
[2020.08.12-22.46.03:565][  0]LogConfig: Applying CVar settings from Section [AntiAliasingQuality@3] File [D:/Down2DieInventory/StructureInventory/Saved/Config/Windows/Scalability.ini]
[2020.08.12-22.46.03:565][  0]LogConfig: Setting CVar [[r.PostProcessAAQuality:4]]
[2020.08.12-22.46.03:565][  0]LogConfig: Applying CVar settings from Section [ShadowQuality@3] File [D:/Down2DieInventory/StructureInventory/Saved/Config/Windows/Scalability.ini]
[2020.08.12-22.46.03:565][  0]LogConfig: Setting CVar [[r.LightFunctionQuality:1]]
[2020.08.12-22.46.03:565][  0]LogConfig: Setting CVar [[r.ShadowQuality:5]]
[2020.08.12-22.46.03:565][  0]LogConfig: Setting CVar [[r.Shadow.CSM.MaxCascades:10]]
[2020.08.12-22.46.03:565][  0]LogConfig: Setting CVar [[r.Shadow.MaxResolution:2048]]
[2020.08.12-22.46.03:565][  0]LogConfig: Setting CVar [[r.Shadow.MaxCSMResolution:2048]]
[2020.08.12-22.46.03:565][  0]LogConfig: Setting CVar [[r.Shadow.RadiusThreshold:0.01]]
[2020.08.12-22.46.03:565][  0]LogConfig: Setting CVar [[r.Shadow.DistanceScale:1.0]]
[2020.08.12-22.46.03:565][  0]LogConfig: Setting CVar [[r.Shadow.CSM.TransitionScale:1.0]]
[2020.08.12-22.46.03:565][  0]LogConfig: Setting CVar [[r.Shadow.PreShadowResolutionFactor:1.0]]
[2020.08.12-22.46.03:565][  0]LogConfig: Setting CVar [[r.DistanceFieldShadowing:1]]
[2020.08.12-22.46.03:565][  0]LogConfig: Setting CVar [[r.DistanceFieldAO:1]]
[2020.08.12-22.46.03:565][  0]LogConfig: Setting CVar [[r.AOQuality:2]]
[2020.08.12-22.46.03:565][  0]LogConfig: Setting CVar [[r.VolumetricFog:1]]
[2020.08.12-22.46.03:565][  0]LogConfig: Setting CVar [[r.VolumetricFog.GridPixelSize:8]]
[2020.08.12-22.46.03:565][  0]LogConfig: Setting CVar [[r.VolumetricFog.GridSizeZ:128]]
[2020.08.12-22.46.03:565][  0]LogConfig: Setting CVar [[r.VolumetricFog.HistoryMissSupersampleCount:4]]
[2020.08.12-22.46.03:565][  0]LogConfig: Setting CVar [[r.LightMaxDrawDistanceScale:1]]
[2020.08.12-22.46.03:565][  0]LogConfig: Setting CVar [[r.CapsuleShadows:1]]
[2020.08.12-22.46.03:565][  0]LogConfig: Applying CVar settings from Section [PostProcessQuality@3] File [D:/Down2DieInventory/StructureInventory/Saved/Config/Windows/Scalability.ini]
[2020.08.12-22.46.03:565][  0]LogConfig: Setting CVar [[r.MotionBlurQuality:4]]
[2020.08.12-22.46.03:565][  0]LogConfig: Setting CVar [[r.AmbientOcclusionMipLevelFactor:0.4]]
[2020.08.12-22.46.03:565][  0]LogConfig: Setting CVar [[r.AmbientOcclusionMaxQuality:100]]
[2020.08.12-22.46.03:565][  0]LogConfig: Setting CVar [[r.AmbientOcclusionLevels:-1]]
[2020.08.12-22.46.03:565][  0]LogConfig: Setting CVar [[r.AmbientOcclusionRadiusScale:1.0]]
[2020.08.12-22.46.03:565][  0]LogConfig: Setting CVar [[r.DepthOfFieldQuality:2]]
[2020.08.12-22.46.03:565][  0]LogConfig: Setting CVar [[r.RenderTargetPoolMin:400]]
[2020.08.12-22.46.03:565][  0]LogConfig: Setting CVar [[r.LensFlareQuality:2]]
[2020.08.12-22.46.03:565][  0]LogConfig: Setting CVar [[r.SceneColorFringeQuality:1]]
[2020.08.12-22.46.03:565][  0]LogConfig: Setting CVar [[r.EyeAdaptationQuality:2]]
[2020.08.12-22.46.03:565][  0]LogConfig: Setting CVar [[r.BloomQuality:5]]
[2020.08.12-22.46.03:565][  0]LogConfig: Setting CVar [[r.FastBlurThreshold:100]]
[2020.08.12-22.46.03:565][  0]LogConfig: Setting CVar [[r.Upscale.Quality:3]]
[2020.08.12-22.46.03:565][  0]LogConfig: Setting CVar [[r.Tonemapper.GrainQuantization:1]]
[2020.08.12-22.46.03:565][  0]LogConfig: Setting CVar [[r.LightShaftQuality:1]]
[2020.08.12-22.46.03:565][  0]LogConfig: Setting CVar [[r.Filter.SizeScale:1]]
[2020.08.12-22.46.03:565][  0]LogConfig: Setting CVar [[r.Tonemapper.Quality:5]]
[2020.08.12-22.46.03:565][  0]LogConfig: Setting CVar [[r.DOF.Gather.AccumulatorQuality:1        ; higher gathering accumulator quality]]
[2020.08.12-22.46.03:566][  0]LogConfig: Setting CVar [[r.DOF.Gather.PostfilterMethod:1          ; Median3x3 postfilering method]]
[2020.08.12-22.46.03:566][  0]LogConfig: Setting CVar [[r.DOF.Gather.EnableBokehSettings:0       ; no bokeh simulation when gathering]]
[2020.08.12-22.46.03:566][  0]LogConfig: Setting CVar [[r.DOF.Gather.RingCount:4                 ; medium number of samples when gathering]]
[2020.08.12-22.46.03:566][  0]LogConfig: Setting CVar [[r.DOF.Scatter.ForegroundCompositing:1    ; additive foreground scattering]]
[2020.08.12-22.46.03:566][  0]LogConfig: Setting CVar [[r.DOF.Scatter.BackgroundCompositing:2    ; additive background scattering]]
[2020.08.12-22.46.03:566][  0]LogConfig: Setting CVar [[r.DOF.Scatter.EnableBokehSettings:1      ; bokeh simulation when scattering]]
[2020.08.12-22.46.03:566][  0]LogConfig: Setting CVar [[r.DOF.Scatter.MaxSpriteRatio:0.1         ; only a maximum of 10% of scattered bokeh]]
[2020.08.12-22.46.03:566][  0]LogConfig: Setting CVar [[r.DOF.Recombine.Quality:1                ; cheap slight out of focus]]
[2020.08.12-22.46.03:566][  0]LogConfig: Setting CVar [[r.DOF.Recombine.EnableBokehSettings:0    ; no bokeh simulation on slight out of focus]]
[2020.08.12-22.46.03:566][  0]LogConfig: Setting CVar [[r.DOF.TemporalAAQuality:1                ; more stable temporal accumulation]]
[2020.08.12-22.46.03:566][  0]LogConfig: Setting CVar [[r.DOF.Kernel.MaxForegroundRadius:0.025]]
[2020.08.12-22.46.03:566][  0]LogConfig: Setting CVar [[r.DOF.Kernel.MaxBackgroundRadius:0.025]]
[2020.08.12-22.46.03:566][  0]LogConfig: Applying CVar settings from Section [TextureQuality@3] File [D:/Down2DieInventory/StructureInventory/Saved/Config/Windows/Scalability.ini]
[2020.08.12-22.46.03:566][  0]LogConfig: Setting CVar [[r.Streaming.MipBias:0]]
[2020.08.12-22.46.03:566][  0]LogConfig: Setting CVar [[r.Streaming.AmortizeCPUToGPUCopy:0]]
[2020.08.12-22.46.03:566][  0]LogConfig: Setting CVar [[r.Streaming.MaxNumTexturesToStreamPerFrame:0]]
[2020.08.12-22.46.03:566][  0]LogConfig: Setting CVar [[r.Streaming.Boost:1]]
[2020.08.12-22.46.03:566][  0]LogConfig: Setting CVar [[r.MaxAnisotropy:8]]
[2020.08.12-22.46.03:566][  0]LogConfig: Setting CVar [[r.Streaming.LimitPoolSizeToVRAM:0]]
[2020.08.12-22.46.03:566][  0]LogConfig: Setting CVar [[r.Streaming.PoolSize:1000]]
[2020.08.12-22.46.03:566][  0]LogConfig: Setting CVar [[r.Streaming.MaxEffectiveScreenSize:0]]
[2020.08.12-22.46.03:566][  0]LogConfig: Applying CVar settings from Section [EffectsQuality@3] File [D:/Down2DieInventory/StructureInventory/Saved/Config/Windows/Scalability.ini]
[2020.08.12-22.46.03:566][  0]LogConfig: Setting CVar [[r.TranslucencyLightingVolumeDim:64]]
[2020.08.12-22.46.03:566][  0]LogConfig: Setting CVar [[r.RefractionQuality:2]]
[2020.08.12-22.46.03:566][  0]LogConfig: Setting CVar [[r.SSR.Quality:3]]
[2020.08.12-22.46.03:566][  0]LogConfig: Setting CVar [[r.SceneColorFormat:4]]
[2020.08.12-22.46.03:566][  0]LogConfig: Setting CVar [[r.DetailMode:2]]
[2020.08.12-22.46.03:566][  0]LogConfig: Setting CVar [[r.TranslucencyVolumeBlur:1]]
[2020.08.12-22.46.03:566][  0]LogConfig: Setting CVar [[r.MaterialQualityLevel:1 ; High quality]]
[2020.08.12-22.46.03:566][  0]LogConfig: Setting CVar [[r.SSS.Scale:1]]
[2020.08.12-22.46.03:566][  0]LogConfig: Setting CVar [[r.SSS.SampleSet:2]]
[2020.08.12-22.46.03:566][  0]LogConfig: Setting CVar [[r.SSS.Quality:1]]
[2020.08.12-22.46.03:566][  0]LogConfig: Setting CVar [[r.SSS.HalfRes:1]]
[2020.08.12-22.46.03:566][  0]LogConfig: Setting CVar [[r.EmitterSpawnRateScale:1.0]]
[2020.08.12-22.46.03:566][  0]LogConfig: Setting CVar [[r.ParticleLightQuality:2]]
[2020.08.12-22.46.03:566][  0]LogConfig: Applying CVar settings from Section [FoliageQuality@3] File [D:/Down2DieInventory/StructureInventory/Saved/Config/Windows/Scalability.ini]
[2020.08.12-22.46.03:566][  0]LogConfig: Setting CVar [[foliage.DensityScale:1.0]]
[2020.08.12-22.46.03:566][  0]LogConfig: Setting CVar [[grass.DensityScale:1.0]]
[2020.08.12-22.46.03:572][  0]LogInit: Selected Device Profile: [Windows]
[2020.08.12-22.46.03:578][  0]LogInit: Applying CVar settings loaded from the selected device profile: [Windows]
[2020.08.12-22.46.03:642][  0]LogHAL: Display: Platform has ~ 16 GB [17106059264 / 17179869184 / 16], which maps to Larger [LargestMinGB=32, LargerMinGB=12, DefaultMinGB=8, SmallerMinGB=6, SmallestMinGB=0)
[2020.08.12-22.46.03:642][  0]LogInit: Going up to parent DeviceProfile []
[2020.08.12-22.46.03:681][  0]LogConfig: Applying CVar settings from Section [ViewDistanceQuality@3] File [D:/Down2DieInventory/StructureInventory/Saved/Config/Windows/Scalability.ini]
[2020.08.12-22.46.03:681][  0]LogConfig: Setting CVar [[r.SkeletalMeshLODBias:0]]
[2020.08.12-22.46.03:681][  0]LogConfig: Setting CVar [[r.ViewDistanceScale:1.0]]
[2020.08.12-22.46.03:681][  0]LogConfig: Applying CVar settings from Section [AntiAliasingQuality@3] File [D:/Down2DieInventory/StructureInventory/Saved/Config/Windows/Scalability.ini]
[2020.08.12-22.46.03:681][  0]LogConfig: Setting CVar [[r.PostProcessAAQuality:4]]
[2020.08.12-22.46.03:681][  0]LogConfig: Applying CVar settings from Section [ShadowQuality@3] File [D:/Down2DieInventory/StructureInventory/Saved/Config/Windows/Scalability.ini]
[2020.08.12-22.46.03:681][  0]LogConfig: Setting CVar [[r.LightFunctionQuality:1]]
[2020.08.12-22.46.03:681][  0]LogConfig: Setting CVar [[r.ShadowQuality:5]]
[2020.08.12-22.46.03:681][  0]LogConfig: Setting CVar [[r.Shadow.CSM.MaxCascades:10]]
[2020.08.12-22.46.03:681][  0]LogConfig: Setting CVar [[r.Shadow.MaxResolution:2048]]
[2020.08.12-22.46.03:681][  0]LogConfig: Setting CVar [[r.Shadow.MaxCSMResolution:2048]]
[2020.08.12-22.46.03:681][  0]LogConfig: Setting CVar [[r.Shadow.RadiusThreshold:0.01]]
[2020.08.12-22.46.03:681][  0]LogConfig: Setting CVar [[r.Shadow.DistanceScale:1.0]]
[2020.08.12-22.46.03:681][  0]LogConfig: Setting CVar [[r.Shadow.CSM.TransitionScale:1.0]]
[2020.08.12-22.46.03:682][  0]LogConfig: Setting CVar [[r.Shadow.PreShadowResolutionFactor:1.0]]
[2020.08.12-22.46.03:682][  0]LogConfig: Setting CVar [[r.DistanceFieldShadowing:1]]
[2020.08.12-22.46.03:682][  0]LogConfig: Setting CVar [[r.DistanceFieldAO:1]]
[2020.08.12-22.46.03:682][  0]LogConfig: Setting CVar [[r.AOQuality:2]]
[2020.08.12-22.46.03:682][  0]LogConfig: Setting CVar [[r.VolumetricFog:1]]
[2020.08.12-22.46.03:682][  0]LogConfig: Setting CVar [[r.VolumetricFog.GridPixelSize:8]]
[2020.08.12-22.46.03:682][  0]LogConfig: Setting CVar [[r.VolumetricFog.GridSizeZ:128]]
[2020.08.12-22.46.03:682][  0]LogConfig: Setting CVar [[r.VolumetricFog.HistoryMissSupersampleCount:4]]
[2020.08.12-22.46.03:682][  0]LogConfig: Setting CVar [[r.LightMaxDrawDistanceScale:1]]
[2020.08.12-22.46.03:682][  0]LogConfig: Setting CVar [[r.CapsuleShadows:1]]
[2020.08.12-22.46.03:682][  0]LogConfig: Applying CVar settings from Section [PostProcessQuality@3] File [D:/Down2DieInventory/StructureInventory/Saved/Config/Windows/Scalability.ini]
[2020.08.12-22.46.03:682][  0]LogConfig: Setting CVar [[r.MotionBlurQuality:4]]
[2020.08.12-22.46.03:682][  0]LogConfig: Setting CVar [[r.AmbientOcclusionMipLevelFactor:0.4]]
[2020.08.12-22.46.03:682][  0]LogConfig: Setting CVar [[r.AmbientOcclusionMaxQuality:100]]
[2020.08.12-22.46.03:682][  0]LogConfig: Setting CVar [[r.AmbientOcclusionLevels:-1]]
[2020.08.12-22.46.03:682][  0]LogConfig: Setting CVar [[r.AmbientOcclusionRadiusScale:1.0]]
[2020.08.12-22.46.03:682][  0]LogConfig: Setting CVar [[r.DepthOfFieldQuality:2]]
[2020.08.12-22.46.03:682][  0]LogConfig: Setting CVar [[r.RenderTargetPoolMin:400]]
[2020.08.12-22.46.03:682][  0]LogConfig: Setting CVar [[r.LensFlareQuality:2]]
[2020.08.12-22.46.03:682][  0]LogConfig: Setting CVar [[r.SceneColorFringeQuality:1]]
[2020.08.12-22.46.03:682][  0]LogConfig: Setting CVar [[r.EyeAdaptationQuality:2]]
[2020.08.12-22.46.03:682][  0]LogConfig: Setting CVar [[r.BloomQuality:5]]
[2020.08.12-22.46.03:682][  0]LogConfig: Setting CVar [[r.FastBlurThreshold:100]]
[2020.08.12-22.46.03:682][  0]LogConfig: Setting CVar [[r.Upscale.Quality:3]]
[2020.08.12-22.46.03:682][  0]LogConfig: Setting CVar [[r.Tonemapper.GrainQuantization:1]]
[2020.08.12-22.46.03:682][  0]LogConfig: Setting CVar [[r.LightShaftQuality:1]]
[2020.08.12-22.46.03:682][  0]LogConfig: Setting CVar [[r.Filter.SizeScale:1]]
[2020.08.12-22.46.03:682][  0]LogConfig: Setting CVar [[r.Tonemapper.Quality:5]]
[2020.08.12-22.46.03:682][  0]LogConfig: Setting CVar [[r.DOF.Gather.AccumulatorQuality:1        ; higher gathering accumulator quality]]
[2020.08.12-22.46.03:682][  0]LogConfig: Setting CVar [[r.DOF.Gather.PostfilterMethod:1          ; Median3x3 postfilering method]]
[2020.08.12-22.46.03:682][  0]LogConfig: Setting CVar [[r.DOF.Gather.EnableBokehSettings:0       ; no bokeh simulation when gathering]]
[2020.08.12-22.46.03:682][  0]LogConfig: Setting CVar [[r.DOF.Gather.RingCount:4                 ; medium number of samples when gathering]]
[2020.08.12-22.46.03:682][  0]LogConfig: Setting CVar [[r.DOF.Scatter.ForegroundCompositing:1    ; additive foreground scattering]]
[2020.08.12-22.46.03:682][  0]LogConfig: Setting CVar [[r.DOF.Scatter.BackgroundCompositing:2    ; additive background scattering]]
[2020.08.12-22.46.03:682][  0]LogConfig: Setting CVar [[r.DOF.Scatter.EnableBokehSettings:1      ; bokeh simulation when scattering]]
[2020.08.12-22.46.03:682][  0]LogConfig: Setting CVar [[r.DOF.Scatter.MaxSpriteRatio:0.1         ; only a maximum of 10% of scattered bokeh]]
[2020.08.12-22.46.03:682][  0]LogConfig: Setting CVar [[r.DOF.Recombine.Quality:1                ; cheap slight out of focus]]
[2020.08.12-22.46.03:682][  0]LogConfig: Setting CVar [[r.DOF.Recombine.EnableBokehSettings:0    ; no bokeh simulation on slight out of focus]]
[2020.08.12-22.46.03:682][  0]LogConfig: Setting CVar [[r.DOF.TemporalAAQuality:1                ; more stable temporal accumulation]]
[2020.08.12-22.46.03:682][  0]LogConfig: Setting CVar [[r.DOF.Kernel.MaxForegroundRadius:0.025]]
[2020.08.12-22.46.03:682][  0]LogConfig: Setting CVar [[r.DOF.Kernel.MaxBackgroundRadius:0.025]]
[2020.08.12-22.46.03:682][  0]LogConfig: Applying CVar settings from Section [TextureQuality@3] File [D:/Down2DieInventory/StructureInventory/Saved/Config/Windows/Scalability.ini]
[2020.08.12-22.46.03:682][  0]LogConfig: Setting CVar [[r.Streaming.MipBias:0]]
[2020.08.12-22.46.03:682][  0]LogConfig: Setting CVar [[r.Streaming.AmortizeCPUToGPUCopy:0]]
[2020.08.12-22.46.03:682][  0]LogConfig: Setting CVar [[r.Streaming.MaxNumTexturesToStreamPerFrame:0]]
[2020.08.12-22.46.03:682][  0]LogConfig: Setting CVar [[r.Streaming.Boost:1]]
[2020.08.12-22.46.03:682][  0]LogConfig: Setting CVar [[r.MaxAnisotropy:8]]
[2020.08.12-22.46.03:682][  0]LogConfig: Setting CVar [[r.Streaming.LimitPoolSizeToVRAM:0]]
[2020.08.12-22.46.03:682][  0]LogConfig: Setting CVar [[r.Streaming.PoolSize:1000]]
[2020.08.12-22.46.03:682][  0]LogConfig: Setting CVar [[r.Streaming.MaxEffectiveScreenSize:0]]
[2020.08.12-22.46.03:682][  0]LogConfig: Applying CVar settings from Section [EffectsQuality@3] File [D:/Down2DieInventory/StructureInventory/Saved/Config/Windows/Scalability.ini]
[2020.08.12-22.46.03:682][  0]LogConfig: Setting CVar [[r.TranslucencyLightingVolumeDim:64]]
[2020.08.12-22.46.03:682][  0]LogConfig: Setting CVar [[r.RefractionQuality:2]]
[2020.08.12-22.46.03:682][  0]LogConfig: Setting CVar [[r.SSR.Quality:3]]
[2020.08.12-22.46.03:682][  0]LogConfig: Setting CVar [[r.SceneColorFormat:4]]
[2020.08.12-22.46.03:682][  0]LogConfig: Setting CVar [[r.DetailMode:2]]
[2020.08.12-22.46.03:682][  0]LogConfig: Setting CVar [[r.TranslucencyVolumeBlur:1]]
[2020.08.12-22.46.03:682][  0]LogConfig: Setting CVar [[r.MaterialQualityLevel:1 ; High quality]]
[2020.08.12-22.46.03:682][  0]LogConfig: Setting CVar [[r.SSS.Scale:1]]
[2020.08.12-22.46.03:682][  0]LogConfig: Setting CVar [[r.SSS.SampleSet:2]]
[2020.08.12-22.46.03:682][  0]LogConfig: Setting CVar [[r.SSS.Quality:1]]
[2020.08.12-22.46.03:682][  0]LogConfig: Setting CVar [[r.SSS.HalfRes:1]]
[2020.08.12-22.46.03:682][  0]LogConfig: Setting CVar [[r.EmitterSpawnRateScale:1.0]]
[2020.08.12-22.46.03:682][  0]LogConfig: Setting CVar [[r.ParticleLightQuality:2]]
[2020.08.12-22.46.03:682][  0]LogConfig: Applying CVar settings from Section [FoliageQuality@3] File [D:/Down2DieInventory/StructureInventory/Saved/Config/Windows/Scalability.ini]
[2020.08.12-22.46.03:682][  0]LogConfig: Setting CVar [[foliage.DensityScale:1.0]]
[2020.08.12-22.46.03:682][  0]LogConfig: Setting CVar [[grass.DensityScale:1.0]]
[2020.08.12-22.46.03:682][  0]LogConfig: Applying CVar settings from Section [Startup] File [../../../Engine/Config/ConsoleVariables.ini]
[2020.08.12-22.46.03:701][  0]LogConfig: Setting CVar [[net.UseAdaptiveNetUpdateFrequency:0]]
[2020.08.12-22.46.03:701][  0]LogConfig: Setting CVar [[p.chaos.AllowCreatePhysxBodies:1]]
[2020.08.12-22.46.03:701][  0]LogConfig: Applying CVar settings from Section [ConsoleVariables] File [D:/Down2DieInventory/StructureInventory/Saved/Config/Windows/Engine.ini]
[2020.08.12-22.46.03:743][  0]LogInit: Computer: JOEYCOMPUTER
[2020.08.12-22.46.03:743][  0]LogInit: User: joeym
[2020.08.12-22.46.03:743][  0]LogInit: CPU Page size=4096, Cores=4
[2020.08.12-22.46.03:743][  0]LogInit: High frequency timer resolution =10.000000 MHz
[2020.08.12-22.46.03:755][  0]LogMemory: Memory total: Physical=15.9GB (16GB approx)
[2020.08.12-22.46.03:758][  0]LogMemory: Platform Memory Stats for Windows
[2020.08.12-22.46.03:758][  0]LogMemory: Process Physical Memory: 102.61 MB used, 102.62 MB peak
[2020.08.12-22.46.03:758][  0]LogMemory: Process Virtual Memory: 99.49 MB used, 99.49 MB peak
[2020.08.12-22.46.03:758][  0]LogMemory: Physical Memory: 6930.23 MB used,  9383.38 MB free, 16313.61 MB total
[2020.08.12-22.46.03:758][  0]LogMemory: Virtual Memory: 4668.21 MB used,  134213056.00 MB free, 134217728.00 MB total
[2020.08.12-22.46.03:766][  0]LogWindows: WindowsPlatformFeatures enabled
[2020.08.12-22.46.04:536][  0]LogInit: Using OS detected language (nl-NL).
[2020.08.12-22.46.04:536][  0]LogInit: Using OS detected locale (nl-NL).
[2020.08.12-22.46.04:537][  0]LogTextLocalizationManager: No localization for 'nl-NL' exists, so 'en' will be used for the language.
[2020.08.12-22.46.04:538][  0]LogTextLocalizationManager: No localization for 'nl-NL' exists, so 'en' will be used for the locale.
[2020.08.12-22.46.05:533][  0]LogSlate: New Slate User Created.  User Index 0, Is Virtual User: 0
[2020.08.12-22.46.05:533][  0]LogSlate: Slate User Registered.  User Index 0, Is Virtual User: 0
[2020.08.12-22.46.05:699][  0]LogHMD: Failed to initialize OpenVR with code 110
[2020.08.12-22.46.05:699][  0]LogD3D11RHI: D3D11 adapters:
[2020.08.12-22.46.05:753][  0]LogD3D11RHI:    0. 'NVIDIA GeForce GTX 1080' (Feature Level 11_0)
[2020.08.12-22.46.05:753][  0]LogD3D11RHI:       8079/0/8156 MB DedicatedVideo/DedicatedSystem/SharedSystem, Outputs:2, VendorId:0x10de
[2020.08.12-22.46.05:755][  0]LogD3D11RHI:    1. 'Microsoft Basic Render Driver' (Feature Level 11_0)
[2020.08.12-22.46.05:755][  0]LogD3D11RHI:       0/0/8156 MB DedicatedVideo/DedicatedSystem/SharedSystem, Outputs:0, VendorId:0x1414
[2020.08.12-22.46.05:755][  0]LogD3D11RHI: Chosen D3D11 Adapter: 0
[2020.08.12-22.46.05:775][  0]LogD3D11RHI: Creating new Direct3DDevice
[2020.08.12-22.46.05:775][  0]LogD3D11RHI:     GPU DeviceId: 0x1b80 (for the marketing name, search the web for "GPU Device Id")
[2020.08.12-22.46.05:775][  0]LogWindows: EnumDisplayDevices:
[2020.08.12-22.46.05:775][  0]LogWindows:    0. 'NVIDIA GeForce GTX 1080' (P:1 D:1)
[2020.08.12-22.46.05:775][  0]LogWindows:    1. 'NVIDIA GeForce GTX 1080' (P:0 D:1)
[2020.08.12-22.46.05:775][  0]LogWindows:    2. 'NVIDIA GeForce GTX 1080' (P:0 D:0)
[2020.08.12-22.46.05:775][  0]LogWindows:    3. 'NVIDIA GeForce GTX 1080' (P:0 D:0)
[2020.08.12-22.46.05:776][  0]LogWindows: DebugString: FoundDriverCount:4 
[2020.08.12-22.46.05:776][  0]LogD3D11RHI:     Adapter Name: NVIDIA GeForce GTX 1080
[2020.08.12-22.46.05:776][  0]LogD3D11RHI:   Driver Version: 451.67 (internal:27.21.14.5167, unified:451.67)
[2020.08.12-22.46.05:776][  0]LogD3D11RHI:      Driver Date: 7-5-2020
[2020.08.12-22.46.05:776][  0]LogRHI: Texture pool is 5655 MB (70% of 8079 MB)
[2020.08.12-22.46.05:815][  0]LogD3D11RHI: Async texture creation enabled
[2020.08.12-22.46.06:152][  0]LogD3D11RHI: GPU Timing Frequency: 1000.000000 (Debug: 2 1)
[2020.08.12-22.46.07:037][  0]LogTemp: Display: Module 'WindowsClientTargetPlatform' loaded TargetPlatform 'WindowsClient'
[2020.08.12-22.46.07:066][  0]LogTemp: Display: Module 'WindowsNoEditorTargetPlatform' loaded TargetPlatform 'WindowsNoEditor'
[2020.08.12-22.46.07:089][  0]LogTemp: Display: Module 'WindowsServerTargetPlatform' loaded TargetPlatform 'WindowsServer'
[2020.08.12-22.46.07:111][  0]LogTemp: Display: Module 'WindowsTargetPlatform' loaded TargetPlatform 'Windows'
[2020.08.12-22.46.07:111][  0]LogTargetPlatformManager: Display: Building Assets For Windows
[2020.08.12-22.46.07:275][  0]LogAudioDebug: Display: Lib vorbis DLL was dynamically loaded.
[2020.08.12-22.46.07:967][  0]LogShaderCompilers: Guid format shader working directory is -9 characters bigger than the processId version (../../../../../../Down2DieInventory/StructureInventory/Intermediate/Shaders/WorkingDirectory/10092/).
[2020.08.12-22.46.07:967][  0]LogShaderCompilers: Cleaned the shader compiler working directory 'C:/Users/joeym/AppData/Local/Temp/UnrealShaderWorkingDir/40A8FE694D62F3ADA4D683B762B629D8/'.
[2020.08.12-22.46.07:991][  0]LogXGEController: Cleaning working directory: C:/Users/joeym/AppData/Local/Temp/UnrealXGEWorkingDir/
[2020.08.12-22.46.07:992][  0]LogXGEController: Cannot use XGE Controller as Incredibuild is not installed on this machine.
[2020.08.12-22.46.07:992][  0]LogShaderCompilers: Cannot use XGE Shader Compiler as Incredibuild is not installed on this machine.
[2020.08.12-22.46.07:992][  0]LogShaderCompilers: Display: Using Local Shader Compiler.
[2020.08.12-22.46.12:628][  0]LogDerivedDataCache: Display: Max Cache Size: 512 MB
[2020.08.12-22.46.12:719][  0]LogDerivedDataCache: Loaded boot cache 0.09s 72MB C:/Users/joeym/AppData/Local/UnrealEngine/4.23/DerivedDataCache/Boot.ddc.
[2020.08.12-22.46.12:719][  0]LogDerivedDataCache: Display: Loaded Boot cache: C:/Users/joeym/AppData/Local/UnrealEngine/4.23/DerivedDataCache/Boot.ddc
[2020.08.12-22.46.12:719][  0]LogDerivedDataCache: FDerivedDataBackendGraph:  Pak pak cache file ../../../../../../Down2DieInventory/StructureInventory/DerivedDataCache/DDC.ddp not found, will not use a pak cache.
[2020.08.12-22.46.12:719][  0]LogDerivedDataCache: Unable to find inner node Pak for hierarchical cache Hierarchy.
[2020.08.12-22.46.12:719][  0]LogDerivedDataCache: FDerivedDataBackendGraph:  CompressedPak pak cache file ../../../../../../Down2DieInventory/StructureInventory/DerivedDataCache/Compressed.ddp not found, will not use a pak cache.
[2020.08.12-22.46.12:719][  0]LogDerivedDataCache: Unable to find inner node CompressedPak for hierarchical cache Hierarchy.
[2020.08.12-22.46.12:769][  0]LogDerivedDataCache: Display: Pak cache opened for reading ../../../Engine/DerivedDataCache/Compressed.ddp.
[2020.08.12-22.46.12:807][  0]LogDerivedDataCache: Display: Pak cache opened for reading ../../../Enterprise/DerivedDataCache/Compressed.ddp.
[2020.08.12-22.46.12:808][  0]LogDerivedDataCache: Using Local data cache path C:/Users/joeym/AppData/Local/UnrealEngine/Common/DerivedDataCache: Writable
[2020.08.12-22.46.12:808][  0]LogDerivedDataCache: Shared data cache path not found in *engine.ini, will not use an Shared cache.
[2020.08.12-22.46.12:808][  0]LogDerivedDataCache: Unable to find inner node Shared for hierarchical cache Hierarchy.
[2020.08.12-22.46.12:980][  0]LogMaterial: Verifying Global Shaders for PCD3D_SM5
[2020.08.12-22.46.13:060][  0]LogSlate: Using FreeType 2.6.0
[2020.08.12-22.46.13:148][  0]LogSlate: SlateFontServices - WITH_FREETYPE: 1, WITH_HARFBUZZ: 1
[2020.08.12-22.46.14:237][  0]LogInit: Using OS detected language (nl-NL).
[2020.08.12-22.46.14:237][  0]LogInit: Using OS detected locale (nl-NL).
[2020.08.12-22.46.14:237][  0]LogTextLocalizationManager: No localization for 'nl-NL' exists, so 'en' will be used for the language.
[2020.08.12-22.46.14:237][  0]LogTextLocalizationManager: No localization for 'nl-NL' exists, so 'en' will be used for the locale.
[2020.08.12-22.46.14:238][  0]LogTextLocalizationManager: Compacting localization data took   0.00ms
[2020.08.12-22.46.14:283][  0]LogAssetRegistry: FAssetRegistry took 0.0031 seconds to start up
[2020.08.12-22.46.17:445][  0]LogPackageLocalizationCache: Processed 18 localized package path(s) for 1 prioritized culture(s) in 0.049481 seconds
[2020.08.12-22.46.17:880][  0]LogInit: Selected Device Profile: [Windows]
[2020.08.12-22.46.19:204][  0]LogMeshReduction: Using QuadricMeshReduction for automatic static mesh reduction
[2020.08.12-22.46.19:204][  0]LogMeshReduction: Using SimplygonMeshReduction for automatic skeletal mesh reduction
[2020.08.12-22.46.19:204][  0]LogMeshReduction: Using ProxyLODMeshReduction for automatic mesh merging
[2020.08.12-22.46.19:204][  0]LogMeshReduction: No distributed automatic mesh merging module available
[2020.08.12-22.46.19:204][  0]LogMeshMerging: No distributed automatic mesh merging module available
[2020.08.12-22.46.19:621][  0]LogNetVersion: StructureInventory 1.0.0, NetCL: 8386587, EngineNetVer: 11, GameNetVer: 0 (Checksum: 2032503810)
[2020.08.12-22.46.25:995][  0]LogMoviePlayer: Initializing movie player
[2020.08.12-22.46.27:683][  0]SourceControl: Source control is disabled
[2020.08.12-22.46.27:697][  0]SourceControl: Source control is disabled
[2020.08.12-22.46.27:728][  0]SourceControl: Source control is disabled
[2020.08.12-22.46.29:029][  0]LogAndroidPermission: UAndroidPermissionCallbackProxy::GetInstance
[2020.08.12-22.46.29:428][  0]LogOcInput: OculusInput pre-init called
[2020.08.12-22.46.29:576][  0]LogUObjectArray: 48896 objects as part of root set at end of initial load.
[2020.08.12-22.46.29:576][  0]LogUObjectAllocator: 8625112 out of 0 bytes used by permanent object pool.
[2020.08.12-22.46.29:576][  0]LogUObjectArray: CloseDisregardForGC: 0/0 objects in disregard for GC pool
[2020.08.12-22.46.31:195][  0]LogEngine: Initializing Engine...
[2020.08.12-22.46.31:239][  0]LogHMD: Failed to initialize OpenVR with code 110
[2020.08.12-22.46.31:309][  0]LogStats: UGameplayTagsManager::InitializeManager -  0.015 s
[2020.08.12-22.46.31:827][  0]LogInit: Initializing FReadOnlyCVARCache
[2020.08.12-22.46.31:923][  0]LogInit: XAudio2 using 'Hoofdtelefoon (Arctis 7 Game)' : 2 channels at 48 kHz using 16 bits per sample (channel mask 0x3)
[2020.08.12-22.46.31:963][  0]LogInit: FAudioDevice initialized.
[2020.08.12-22.46.31:979][  0]LogNetVersion: Set ProjectVersion to 1.0.0.0. Version Checksum will be recalculated on next use.
[2020.08.12-22.46.32:016][  0]LogDerivedDataCache: Saved boot cache 0.04s 72MB C:/Users/joeym/AppData/Local/UnrealEngine/4.23/DerivedDataCache/Boot.ddc.
[2020.08.12-22.46.32:024][  0]LogInit: Texture streaming: Enabled
[2020.08.12-22.46.34:120][  0]LogSlate: Updating window title bar state: overlay mode, drag disabled, window buttons hidden, title bar hidden
[2020.08.12-22.46.34:173][  0]LogInit: Display: Game Engine Initialized.
[2020.08.12-22.46.35:018][  0]LogInit: Display: Starting Game.
[2020.08.12-22.46.35:038][  0]LogNet: Browse: /Game/GameRelated/MyLevel?Name=Player
[2020.08.12-22.46.35:047][  0]LogLoad: LoadMap: /Game/GameRelated/MyLevel?Name=Player
[2020.08.12-22.46.35:047][  0]LogWorld: BeginTearingDown for /Temp/Untitled_0
[2020.08.12-22.46.35:192][  0]LogWorld: UWorld::CleanupWorld for Untitled, bSessionEnded=true, bCleanupResources=true
[2020.08.12-22.46.35:804][  0]LogUObjectHash: Compacting FUObjectHashTables data took   1.19ms
[2020.08.12-22.46.39:120][  0]LogAIModule: Creating AISystem for world MyLevel
[2020.08.12-22.46.39:138][  0]LogLoad: Game class is 'MyGamemode_C'
[2020.08.12-22.46.39:701][  0]LogWorld: Bringing World /Game/GameRelated/MyLevel.MyLevel up for play (max tick rate 0) at 2020.08.13-00.46.39
[2020.08.12-22.46.39:747][  0]LogWorld: Bringing up level for play took: 0.600041
[2020.08.12-22.46.40:101][  0]LogLoad: Took 5.053448 seconds to LoadMap(/Game/GameRelated/MyLevel)
[2020.08.12-22.46.40:745][  0]LogRenderer: Reallocating scene render targets to support 1920x1080 Format 10 NumSamples 1 (Frame:1).
[2020.08.12-22.46.40:745][  0]LogLoad: (Engine Initialization) Total time: 49.48 seconds
[2020.08.12-22.46.40:745][  0]LogLoad: (Engine Initialization) Total Blueprint compile time: 0.00 seconds
[2020.08.12-22.46.41:306][  0]LogRenderer: Reallocating scene render targets to support 128x128 Format 10 NumSamples 1 (Frame:1).
[2020.08.12-22.46.41:306][  0]LogRenderer: Reallocating scene render targets to support 1920x1080 Format 10 NumSamples 1 (Frame:2).
[2020.08.12-22.46.41:306][  0]LogContentStreaming: Texture pool size now 1000 MB
[2020.08.12-22.46.41:843][  1]LogSlate: Window 'StructureInventory (64-bit Development PCD3D_SM5) ' being destroyed
[2020.08.12-22.46.41:859][  1]LogWindowsTextInputMethodSystem: Display: IME system now deactivated.
[2020.08.12-22.46.41:890][  2]LogSlate: Updating window title bar state: overlay mode, drag disabled, window buttons hidden, title bar hidden
[2020.08.12-22.46.41:890][  2]LogEngine: All Windows Closed
[2020.08.12-22.46.41:890][  2]LogWindows: FPlatformMisc::RequestExit(0)
[2020.08.12-22.46.42:027][  3]LogWorld: BeginTearingDown for /Game/GameRelated/MyLevel
[2020.08.12-22.46.42:048][  3]LogWorld: UWorld::CleanupWorld for MyLevel, bSessionEnded=true, bCleanupResources=true
[2020.08.12-22.46.42:370][  3]LogExit: Preparing to exit.
[2020.08.12-22.46.42:370][  3]LogMoviePlayer: Shutting down movie player
[2020.08.12-22.46.42:833][  3]LogSlate: Updating window title bar state: overlay mode, drag disabled, window buttons hidden, title bar hidden
[2020.08.12-22.46.42:905][  3]LogDemo: Cleaned up 0 splitscreen connections with owner deletion
[2020.08.12-22.46.43:010][  3]LogExit: Game engine shut down
[2020.08.12-22.46.44:546][  3]LogExit: Object subsystem successfully closed.
[2020.08.12-22.46.44:662][  3]LogShaderCompilers: Display: Shaders left to compile 0
[2020.08.12-22.46.45:546][  3]LogModuleManager: Shutting down and abandoning module SequenceRecorderSections (418)
[2020.08.12-22.46.45:546][  3]LogModuleManager: Shutting down and abandoning module SequenceRecorder (416)
[2020.08.12-22.46.45:546][  3]LogModuleManager: Shutting down and abandoning module AutomationController (414)
[2020.08.12-22.46.45:551][  3]LogModuleManager: Shutting down and abandoning module AutomationWorker (412)
[2020.08.12-22.46.45:551][  3]LogModuleManager: Shutting down and abandoning module Voice (410)
[2020.08.12-22.46.45:559][  3]LogModuleManager: Shutting down and abandoning module AIModule (408)
[2020.08.12-22.46.45:573][  3]LogModuleManager: Shutting down and abandoning module GameplayDebugger (407)
[2020.08.12-22.46.45:574][  3]LogModuleManager: Shutting down and abandoning module AITestSuite (405)
[2020.08.12-22.46.45:574][  3]LogModuleManager: Shutting down and abandoning module NavigationSystem (403)
[2020.08.12-22.46.45:574][  3]LogModuleManager: Shutting down and abandoning module OculusMR (400)
[2020.08.12-22.46.45:574][  3]LogModuleManager: Shutting down and abandoning module WmfMediaFactory (398)
[2020.08.12-22.46.45:574][  3]LogModuleManager: Shutting down and abandoning module WebMMediaFactory (396)
[2020.08.12-22.46.45:574][  3]LogModuleManager: Shutting down and abandoning module WebMMedia (394)
[2020.08.12-22.46.45:582][  3]LogModuleManager: Shutting down and abandoning module OpenExrWrapper (392)
[2020.08.12-22.46.45:582][  3]LogModuleManager: Shutting down and abandoning module ImgMediaFactory (390)
[2020.08.12-22.46.45:582][  3]LogModuleManager: Shutting down and abandoning module AvfMediaFactory (388)
[2020.08.12-22.46.45:582][  3]LogModuleManager: Shutting down and abandoning module MagicLeapCameraPreviewFactory (386)
[2020.08.12-22.46.45:582][  3]LogModuleManager: Shutting down and abandoning module MagicLeapMediaCodecFactory (384)
[2020.08.12-22.46.45:582][  3]LogModuleManager: Shutting down and abandoning module MagicLeapMediaFactory (382)
[2020.08.12-22.46.45:582][  3]LogModuleManager: Shutting down and abandoning module CharacterAI (380)
[2020.08.12-22.46.45:582][  3]LogModuleManager: Shutting down and abandoning module SessionServices (378)
[2020.08.12-22.46.45:582][  3]LogModuleManager: Shutting down and abandoning module MovieSceneCapture (376)
[2020.08.12-22.46.45:594][  3]LogModuleManager: Shutting down and abandoning module LiveCoding (374)
[2020.08.12-22.46.45:638][  3]LogModuleManager: Shutting down and abandoning module LevelSequence (372)
[2020.08.12-22.46.45:638][  3]LogModuleManager: Shutting down and abandoning module MovieSceneTracks (370)
[2020.08.12-22.46.45:638][  3]LogModuleManager: Shutting down and abandoning module MovieScene (368)
[2020.08.12-22.46.45:638][  3]LogModuleManager: Shutting down and abandoning module StreamingPauseRendering (366)
[2020.08.12-22.46.45:639][  3]LogModuleManager: Shutting down and abandoning module PortalServices (364)
[2020.08.12-22.46.45:639][  3]LogModuleManager: Shutting down and abandoning module PortalRpc (362)
[2020.08.12-22.46.45:639][  3]LogModuleManager: Shutting down and abandoning module MessagingRpc (360)
[2020.08.12-22.46.45:639][  3]LogModuleManager: Shutting down and abandoning module ImageWriteQueue (358)
[2020.08.12-22.46.45:640][  3]LogModuleManager: Shutting down and abandoning module ProfilerService (356)
[2020.08.12-22.46.45:770][  3]LogModuleManager: Shutting down and abandoning module TaskGraph (354)
[2020.08.12-22.46.45:805][  3]LogModuleManager: Shutting down and abandoning module SteamVRController (352)
[2020.08.12-22.46.45:805][  3]LogModuleManager: Shutting down and abandoning module ProceduralMeshComponent (350)
[2020.08.12-22.46.45:805][  3]LogModuleManager: Shutting down and abandoning module OculusInput (348)
[2020.08.12-22.46.45:805][  3]LogModuleManager: Shutting down and abandoning module MobilePatchingUtils (346)
[2020.08.12-22.46.45:805][  3]LogModuleManager: Shutting down and abandoning module EditableMesh (344)
[2020.08.12-22.46.45:805][  3]LogModuleManager: Shutting down and abandoning module CustomMeshComponent (342)
[2020.08.12-22.46.45:806][  3]LogModuleManager: Shutting down and abandoning module CableComponent (340)
[2020.08.12-22.46.45:806][  3]LogModuleManager: Shutting down and abandoning module AudioCapture (338)
[2020.08.12-22.46.45:806][  3]LogModuleManager: Shutting down and abandoning module ArchVisCharacter (336)
[2020.08.12-22.46.45:806][  3]LogModuleManager: Shutting down and abandoning module AppleImageUtilsBlueprintSupport (334)
[2020.08.12-22.46.45:806][  3]LogModuleManager: Shutting down and abandoning module AppleImageUtils (332)
[2020.08.12-22.46.45:806][  3]LogModuleManager: Shutting down and abandoning module AndroidPermission (330)
[2020.08.12-22.46.45:806][  3]LogModuleManager: Shutting down and abandoning module NUTUnrealEngine4 (328)
[2020.08.12-22.46.45:806][  3]LogModuleManager: Shutting down and abandoning module NetcodeUnitTest (326)
[2020.08.12-22.46.45:824][  3]LogModuleManager: Shutting down and abandoning module MediaCompositing (324)
[2020.08.12-22.46.45:824][  3]LogModuleManager: Shutting down and abandoning module ImgMedia (322)
[2020.08.12-22.46.45:863][  3]LogModuleManager: Shutting down and abandoning module MagicLeapHelperVulkan (320)
[2020.08.12-22.46.45:863][  3]LogModuleManager: Shutting down and abandoning module MagicLeapHelperOpenGL (318)
[2020.08.12-22.46.45:863][  3]LogModuleManager: Shutting down and abandoning module MagicLeapAudio (316)
[2020.08.12-22.46.45:863][  3]LogModuleManager: Shutting down and abandoning module HTML5Networking (314)
[2020.08.12-22.46.45:863][  3]LogModuleManager: Shutting down and abandoning module GeometryCollectionTracks (312)
[2020.08.12-22.46.45:863][  3]LogModuleManager: Shutting down and abandoning module GeometryCollectionSequencer (311)
[2020.08.12-22.46.45:875][  3]LogModuleManager: Shutting down and abandoning module GeometryCollectionExampleCore (308)
[2020.08.12-22.46.45:882][  3]LogModuleManager: Shutting down and abandoning module GeometryCacheTracks (306)
[2020.08.12-22.46.45:882][  3]LogModuleManager: Shutting down and abandoning module GeometryCacheSequencer (305)
[2020.08.12-22.46.45:882][  3]LogModuleManager: Shutting down and abandoning module GeometryCache (302)
[2020.08.12-22.46.45:882][  3]LogModuleManager: Shutting down and abandoning module GeometryCacheEd (301)
[2020.08.12-22.46.45:882][  3]LogModuleManager: Shutting down and abandoning module BlastCore (298)
[2020.08.12-22.46.45:882][  3]LogModuleManager: Shutting down and abandoning module BackChannel (296)
[2020.08.12-22.46.45:882][  3]LogModuleManager: Shutting down and abandoning module AutomationUtils (294)
[2020.08.12-22.46.45:882][  3]LogModuleManager: Shutting down and abandoning module VariantManagerContent (292)
[2020.08.12-22.46.45:882][  3]LogModuleManager: Shutting down and abandoning module CryptoKeysOpenSSL (290)
[2020.08.12-22.46.45:882][  3]LogModuleManager: Shutting down and abandoning module CryptoKeys (288)
[2020.08.12-22.46.45:882][  3]LogModuleManager: Shutting down and abandoning module VisualStudioSourceCodeAccess (286)
[2020.08.12-22.46.45:889][  3]LogModuleManager: Shutting down and abandoning module HotReload (285)
[2020.08.12-22.46.45:898][  3]LogModuleManager: Shutting down and abandoning module DirectoryWatcher (284)
[2020.08.12-22.46.45:906][  3]LogModuleManager: Shutting down and abandoning module VisualStudioCodeSourceCodeAccess (280)
[2020.08.12-22.46.45:906][  3]LogModuleManager: Shutting down and abandoning module UObjectPlugin (278)
[2020.08.12-22.46.45:906][  3]LogModuleManager: Shutting down and abandoning module SubversionSourceControl (276)
[2020.08.12-22.46.45:923][  3]LogModuleManager: Shutting down and abandoning module PerforceSourceControl (274)
[2020.08.12-22.46.45:929][  3]LogModuleManager: Shutting down and abandoning module SourceControl (273)
[2020.08.12-22.46.45:940][  3]LogModuleManager: Shutting down and abandoning module CLionSourceCodeAccess (270)
[2020.08.12-22.46.45:940][  3]LogModuleManager: Shutting down and abandoning module ActorLayerUtilities (268)
[2020.08.12-22.46.45:940][  3]LogModuleManager: Shutting down and abandoning module SignificanceManager (266)
[2020.08.12-22.46.45:940][  3]LogModuleManager: Shutting down and abandoning module RuntimePhysXCooking (264)
[2020.08.12-22.46.45:940][  3]LogModuleManager: Shutting down and abandoning module PhysXVehiclesEditor (262)
[2020.08.12-22.46.45:940][  3]LogModuleManager: Shutting down and abandoning module LocationServicesBPLibrary (258)
[2020.08.12-22.46.45:940][  3]LogModuleManager: Shutting down and abandoning module ActorSequence (256)
[2020.08.12-22.46.45:940][  3]LogModuleManager: Shutting down and abandoning module UdpMessaging (254)
[2020.08.12-22.46.45:949][  3]LogModuleManager: Shutting down and abandoning module TcpMessaging (252)
[2020.08.12-22.46.45:959][  3]LogModuleManager: Shutting down and abandoning module MagicLeapIdentity (250)
[2020.08.12-22.46.45:959][  3]LogModuleManager: Shutting down and abandoning module MagicLeapSecureStorage (248)
[2020.08.12-22.46.45:959][  3]LogModuleManager: Shutting down and abandoning module MagicLeapHandTracking (246)
[2020.08.12-22.46.45:968][  3]LogModuleManager: Shutting down and abandoning module MagicLeapEyeTracker (244)
[2020.08.12-22.46.45:968][  3]LogModuleManager: Shutting down and abandoning module MagicLeapController (242)
[2020.08.12-22.46.45:981][  3]LogSlate: Slate User Destroyed.  User Index 0, Is Virtual User: 0
[2020.08.12-22.46.45:981][  3]LogModuleManager: Shutting down and abandoning module MagicLeapAR (240)
[2020.08.12-22.46.45:981][  3]LogModuleManager: Shutting down and abandoning module AugmentedReality (239)
[2020.08.12-22.46.45:981][  3]LogModuleManager: Shutting down and abandoning module GameplayTagsEditor (236)
[2020.08.12-22.46.45:997][  3]LogModuleManager: Shutting down and abandoning module FacialAnimation (234)
[2020.08.12-22.46.45:997][  3]LogModuleManager: Shutting down and abandoning module AssetManagerEditor (232)
[2020.08.12-22.46.46:009][  3]LogModuleManager: Shutting down and abandoning module TreeMap (231)
[2020.08.12-22.46.46:014][  3]LogModuleManager: Shutting down and abandoning module AnimationSharing (228)
[2020.08.12-22.46.46:014][  3]LogModuleManager: Shutting down and abandoning module LightPropagationVolumeRuntime (226)
[2020.08.12-22.46.46:014][  3]LogModuleManager: Shutting down and abandoning module Paper2D (224)
[2020.08.12-22.46.46:025][  3]LogModuleManager: Shutting down and abandoning module WindowsMoviePlayer (222)
[2020.08.12-22.46.46:038][  3]LogModuleManager: Shutting down and abandoning module WebMMoviePlayer (220)
[2020.08.12-22.46.46:038][  3]LogModuleManager: Shutting down and abandoning module NetworkReplayStreaming (218)
[2020.08.12-22.46.46:038][  3]LogModuleManager: Shutting down and abandoning module PacketHandler (216)
[2020.08.12-22.46.46:038][  3]LogModuleManager: Shutting down and abandoning module ClothingSystemEditor (214)
[2020.08.12-22.46.46:038][  3]LogModuleManager: Shutting down and abandoning module ClothingSystemRuntime (212)
[2020.08.12-22.46.46:055][  3]LogModuleManager: Shutting down and abandoning module MediaAssets (210)
[2020.08.12-22.46.46:055][  3]LogModuleManager: Shutting down and abandoning module Overlay (208)
[2020.08.12-22.46.46:055][  3]LogModuleManager: Shutting down and abandoning module OverlayEditor (207)
[2020.08.12-22.46.46:055][  3]LogModuleManager: Shutting down and abandoning module VREditor (204)
[2020.08.12-22.46.46:111][  3]LogModuleManager: Shutting down and abandoning module StringTableEditor (202)
[2020.08.12-22.46.46:127][  3]LogModuleManager: Shutting down and abandoning module GameplayTasksEditor (200)
[2020.08.12-22.46.46:127][  3]LogModuleManager: Shutting down and abandoning module BehaviorTreeEditor (198)
[2020.08.12-22.46.46:148][  3]LogModuleManager: Shutting down and abandoning module FunctionalTesting (196)
[2020.08.12-22.46.46:158][  3]LogModuleManager: Shutting down and abandoning module CollisionAnalyzer (194)
[2020.08.12-22.46.46:172][  3]LogModuleManager: Shutting down and abandoning module WorkspaceMenuStructure (193)
[2020.08.12-22.46.46:174][  3]LogModuleManager: Shutting down and abandoning module UMG (190)
[2020.08.12-22.46.46:180][  3]LogModuleManager: Shutting down and abandoning module UMGEditor (189)
[2020.08.12-22.46.46:204][  3]LogModuleManager: Shutting down and abandoning module Sequencer (188)
[2020.08.12-22.46.46:221][  3]LogModuleManager: Shutting down and abandoning module MessageLog (185)
[2020.08.12-22.46.46:232][  3]LogModuleManager: Shutting down and abandoning module SlateReflector (180)
[2020.08.12-22.46.46:278][  3]LogModuleManager: Shutting down and abandoning module Slate (178)
[2020.08.12-22.46.46:296][  3]LogModuleManager: Shutting down and abandoning module LandscapeEditorUtilities (176)
[2020.08.12-22.46.46:296][  3]LogModuleManager: Shutting down and abandoning module EditorStyle (174)
[2020.08.12-22.46.46:297][  3]LogModuleManager: Shutting down and abandoning module UnrealEd (172)
[2020.08.12-22.46.46:311][  3]LogModuleManager: Shutting down and abandoning module MRMesh (170)
[2020.08.12-22.46.46:311][  3]LogModuleManager: Shutting down and abandoning module Messaging (168)
[2020.08.12-22.46.46:311][  3]LogModuleManager: Shutting down and abandoning module SourceCodeAccess (166)
[2020.08.12-22.46.46:311][  3]LogModuleManager: Shutting down and abandoning module HeadMountedDisplay (164)
[2020.08.12-22.46.46:311][  3]LogModuleManager: Shutting down and abandoning module XAudio2 (162)
[2020.08.12-22.46.46:311][  3]LogModuleManager: Shutting down and abandoning module Networking (160)
[2020.08.12-22.46.46:311][  3]LogModuleManager: Shutting down and abandoning module Core (158)
[2020.08.12-22.46.46:311][  3]LogModuleManager: Shutting down and abandoning module KismetCompiler (156)
[2020.08.12-22.46.46:311][  3]LogModuleManager: Shutting down and abandoning module MeshUtilities (154)
[2020.08.12-22.46.46:353][  3]LogModuleManager: Shutting down and abandoning module MeshMergeUtilities (153)
[2020.08.12-22.46.46:361][  3]LogModuleManager: Shutting down and abandoning module MeshReductionInterface (152)
[2020.08.12-22.46.46:361][  3]LogModuleManager: Shutting down and abandoning module SkeletalMeshReduction (151)
[2020.08.12-22.46.46:379][  3]LogModuleManager: Shutting down and abandoning module ProxyLODMeshReduction (149)
[2020.08.12-22.46.46:393][  3]LogModuleManager: Shutting down and abandoning module QuadricMeshReduction (147)
[2020.08.12-22.46.46:409][  3]LogModuleManager: Shutting down and abandoning module MaterialBaking (143)
[2020.08.12-22.46.46:428][  3]LogModuleManager: Shutting down and abandoning module NullInstallBundleManager (138)
[2020.08.12-22.46.46:428][  3]LogModuleManager: Shutting down and abandoning module PIEPreviewDeviceProfileSelector (136)
[2020.08.12-22.46.46:441][  3]LogModuleManager: Shutting down and abandoning module DerivedDataCache (134)
[2020.08.12-22.46.46:858][  3]LogDerivedDataCache: Shutdown
[2020.08.12-22.46.46:865][  3]LogModuleManager: Shutting down and abandoning module XGEController (132)
[2020.08.12-22.46.46:865][  3]LogXGEController: Cleaning working directory: C:/Users/joeym/AppData/Local/Temp/UnrealXGEWorkingDir/
[2020.08.12-22.46.46:873][  3]LogModuleManager: Shutting down and abandoning module TargetPlatform (130)
[2020.08.12-22.46.46:878][  3]LogModuleManager: Shutting down and abandoning module VulkanShaderFormat (129)
[2020.08.12-22.46.46:888][  3]LogModuleManager: Shutting down and abandoning module ShaderFormatVectorVM (127)
[2020.08.12-22.46.46:894][  3]LogModuleManager: Shutting down and abandoning module ShaderFormatOpenGL (125)
[2020.08.12-22.46.46:898][  3]LogModuleManager: Shutting down and abandoning module ShaderFormatD3D (123)
[2020.08.12-22.46.46:909][  3]LogModuleManager: Shutting down and abandoning module MetalShaderFormat (121)
[2020.08.12-22.46.46:929][  3]LogModuleManager: Shutting down and abandoning module TextureFormatUncompressed (119)
[2020.08.12-22.46.46:929][  3]LogModuleManager: Shutting down and abandoning module TextureFormatPVR (117)
[2020.08.12-22.46.46:929][  3]LogModuleManager: Shutting down and abandoning module TextureFormatDXT (115)
[2020.08.12-22.46.46:940][  3]LogModuleManager: Shutting down and abandoning module TextureFormatIntelISPCTexComp (113)
[2020.08.12-22.46.46:945][  3]LogModuleManager: Shutting down and abandoning module TextureFormatASTC (111)
[2020.08.12-22.46.46:945][  3]LogModuleManager: Shutting down and abandoning module ImageWrapper (110)
[2020.08.12-22.46.46:945][  3]LogModuleManager: Shutting down and abandoning module TextureFormatAndroid (107)
[2020.08.12-22.46.46:945][  3]LogModuleManager: Shutting down and abandoning module AudioFormatOpus (105)
[2020.08.12-22.46.46:955][  3]LogModuleManager: Shutting down and abandoning module AudioFormatOgg (103)
[2020.08.12-22.46.46:955][  3]LogModuleManager: Shutting down and abandoning module AudioFormatADPCM (101)
[2020.08.12-22.46.46:955][  3]LogModuleManager: Shutting down and abandoning module WindowsTargetPlatform (99)
[2020.08.12-22.46.46:955][  3]LogModuleManager: Shutting down and abandoning module WindowsServerTargetPlatform (97)
[2020.08.12-22.46.46:955][  3]LogModuleManager: Shutting down and abandoning module WindowsNoEditorTargetPlatform (95)
[2020.08.12-22.46.46:955][  3]LogModuleManager: Shutting down and abandoning module WindowsClientTargetPlatform (93)
[2020.08.12-22.46.46:955][  3]LogModuleManager: Shutting down and abandoning module InputCore (90)
[2020.08.12-22.46.46:955][  3]LogModuleManager: Shutting down and abandoning module Settings (88)
[2020.08.12-22.46.46:955][  3]LogModuleManager: Shutting down and abandoning module PhysXCooking (86)
[2020.08.12-22.46.46:955][  3]LogModuleManager: Shutting down and abandoning module WindowsPlatformFeatures (84)
[2020.08.12-22.46.46:955][  3]LogModuleManager: Shutting down and abandoning module GameplayMediaEncoder (83)
[2020.08.12-22.46.46:960][  3]LogModuleManager: Shutting down and abandoning module SteamVR (80)
[2020.08.12-22.46.46:966][  3]LogHMD: Freeing OpenVRDLLHandle.
[2020.08.12-22.46.46:966][  3]LogModuleManager: Shutting down and abandoning module OculusHMD (78)
[2020.08.12-22.46.46:980][  3]LogModuleManager: Shutting down and abandoning module ExampleDeviceProfileSelector (76)
[2020.08.12-22.46.46:980][  3]LogModuleManager: Shutting down and abandoning module LauncherChunkInstaller (74)
[2020.08.12-22.46.46:980][  3]LogModuleManager: Shutting down and abandoning module OnlineBlueprintSupport (72)
[2020.08.12-22.46.46:980][  3]LogModuleManager: Shutting down and abandoning module OnlineSubsystem (68)
[2020.08.12-22.46.47:069][  3]LogModuleManager: Shutting down and abandoning module XMPP (61)
[2020.08.12-22.46.47:076][  3]LogModuleManager: Shutting down and abandoning module WebSockets (60)
[2020.08.12-22.46.47:105][  3]LogModuleManager: Shutting down and abandoning module HTTP (57)
[2020.08.12-22.46.47:158][  3]LogModuleManager: Shutting down and abandoning module SSL (56)
[2020.08.12-22.46.47:159][  3]LogModuleManager: Shutting down and abandoning module WmfMedia (52)
[2020.08.12-22.46.47:174][  3]LogModuleManager: Shutting down and abandoning module Media (51)
[2020.08.12-22.46.47:175][  3]LogModuleManager: Shutting down and abandoning module MagicLeap (48)
[2020.08.12-22.46.47:184][  3]LogModuleManager: Shutting down and abandoning module DatasmithContent (46)
[2020.08.12-22.46.47:185][  3]LogModuleManager: Shutting down and abandoning module AISupportModule (44)
[2020.08.12-22.46.47:185][  3]LogModuleManager: Shutting down and abandoning module PlatformCryptoOpenSSL (42)
[2020.08.12-22.46.47:198][  3]LogModuleManager: Shutting down and abandoning module PlatformCrypto (40)
[2020.08.12-22.46.47:199][  3]LogModuleManager: Shutting down and abandoning module AnimationModifiers (38)
[2020.08.12-22.46.47:213][  3]LogModuleManager: Shutting down and abandoning module PropertyEditor (37)
[2020.08.12-22.46.47:288][  3]LogModuleManager: Shutting down and abandoning module AudioEditor (34)
[2020.08.12-22.46.47:327][  3]LogModuleManager: Shutting down and abandoning module TextureCompressor (32)
[2020.08.12-22.46.47:334][  3]LogModuleManager: Shutting down and abandoning module RenderCore (30)
[2020.08.12-22.46.47:334][  3]LogModuleManager: Shutting down and abandoning module Landscape (28)
[2020.08.12-22.46.47:334][  3]LogModuleManager: Shutting down and abandoning module SlateRHIRenderer (26)
[2020.08.12-22.46.47:366][  3]LogModuleManager: Shutting down and abandoning module OpenGLDrv (24)
[2020.08.12-22.46.47:382][  3]LogModuleManager: Shutting down and abandoning module D3D11RHI (22)
[2020.08.12-22.46.47:382][  3]LogModuleManager: Shutting down and abandoning module AnimGraphRuntime (20)
[2020.08.12-22.46.47:393][  3]LogModuleManager: Shutting down and abandoning module Renderer (18)
[2020.08.12-22.46.47:393][  3]LogModuleManager: Shutting down and abandoning module Engine (16)
[2020.08.12-22.46.47:393][  3]LogModuleManager: Shutting down and abandoning module CoreUObject (14)
[2020.08.12-22.46.47:393][  3]LogModuleManager: Shutting down and abandoning module NetworkFile (12)
[2020.08.12-22.46.47:404][  3]LogModuleManager: Shutting down and abandoning module CookedIterativeFile (10)
[2020.08.12-22.46.47:404][  3]LogModuleManager: Shutting down and abandoning module StreamingFile (8)
[2020.08.12-22.46.47:413][  3]LogModuleManager: Shutting down and abandoning module SandboxFile (6)
[2020.08.12-22.46.47:413][  3]LogModuleManager: Shutting down and abandoning module PakFile (4)
[2020.08.12-22.46.47:441][  3]LogModuleManager: Shutting down and abandoning module RSA (3)
[2020.08.12-22.46.47:453][  3]LogD3D11RHI: Shutdown
[2020.08.12-22.46.47:467][  3]LogD3D11RHI: CleanupD3DDevice
[2020.08.12-22.46.47:528][  3]LogRendererCore: FGlobalDynamicReadBuffer::Cleanup()
[2020.08.12-22.46.47:533][  3]LogRendererCore: FGlobalDynamicReadBuffer::Cleanup()
[2020.08.12-22.46.47:533][  3]LogRendererCore: FGlobalDynamicReadBuffer::Cleanup()
[2020.08.12-22.46.47:594][  3]LogD3D11RHI: ~FD3D11DynamicRHI
[2020.08.12-22.46.47:615][  3]LogExit: Exiting.
[2020.08.12-22.46.47:644][  3]Log file closed, 08/13/20 00:46:47
