Log file open, 08/01/20 01:14:43
LogWindows: Failed to load 'aqProf.dll' (GetLastError=126)
LogWindows: File 'aqProf.dll' does not exist
LogWindows: Failed to load 'VtuneApi.dll' (GetLastError=126)
LogWindows: File 'VtuneApi.dll' does not exist
LogWindows: Failed to load 'VtuneApi32e.dll' (GetLastError=126)
LogWindows: File 'VtuneApi32e.dll' does not exist
LogConsoleResponse: Display: Failed to find resolution value strings in scalability ini. Falling back to default.
LogInit: Display: Running engine for game: StructureInventory
LogPlatformFile: Not using cached read wrapper
LogTaskGraph: Started task graph with 5 named threads and 23 total threads with 3 sets of task threads.
LogStats: Stats thread started at 0.066472
LogD3D11RHI: Loaded GFSDK_Aftermath_Lib.x64.dll
LogICUInternationalization: ICU TimeZone Detection - Raw Offset: +1:00, Platform Override: ''
LogPluginManager: Mounting plugin Paper2D
LogPluginManager: Mounting plugin AISupport
LogPluginManager: Mounting plugin LightPropagationVolume
LogPluginManager: Mounting plugin ActorLayerUtilities
LogPluginManager: Mounting plugin AnimationSharing
LogPluginManager: Mounting plugin CLionSourceCodeAccess
LogPluginManager: Mounting plugin CodeLiteSourceCodeAccess
LogPluginManager: Mounting plugin GitSourceControl
LogPluginManager: Mounting plugin KDevelopSourceCodeAccess
LogPluginManager: Mounting plugin NullSourceCodeAccess
LogPluginManager: Mounting plugin PerforceSourceControl
LogPluginManager: Mounting plugin SubversionSourceControl
LogPluginManager: Mounting plugin UObjectPlugin
LogPluginManager: Mounting plugin VisualStudioCodeSourceCodeAccess
LogPluginManager: Mounting plugin VisualStudioSourceCodeAccess
LogPluginManager: Mounting plugin XCodeSourceCodeAccess
LogPluginManager: Mounting plugin AssetManagerEditor
LogPluginManager: Mounting plugin CryptoKeys
LogPluginManager: Mounting plugin CurveEditorTools
LogPluginManager: Mounting plugin DataValidation
LogPluginManager: Mounting plugin EditorScriptingUtilities
LogPluginManager: Mounting plugin FacialAnimation
LogPluginManager: Mounting plugin GameplayTagsEditor
LogPluginManager: Mounting plugin GLTFImporter
LogPluginManager: Mounting plugin MacGraphicsSwitching
LogPluginManager: Mounting plugin MaterialAnalyzer
LogPluginManager: Mounting plugin MeshEditor
LogPluginManager: Mounting plugin MobileLauncherProfileWizard
LogPluginManager: Mounting plugin PluginBrowser
LogPluginManager: Mounting plugin SpeedTreeImporter
LogPluginManager: Mounting plugin DatasmithContent
LogPluginManager: Mounting plugin VariantManagerContent
LogPluginManager: Mounting plugin AlembicImporter
LogPluginManager: Mounting plugin AutomationUtils
LogPluginManager: Mounting plugin BackChannel
LogPluginManager: Mounting plugin BlastPlugin
LogPluginManager: Mounting plugin ChaosSolverPlugin
LogPluginManager: Mounting plugin CharacterAI
LogPluginManager: Mounting plugin DataPrepEditor
LogPluginManager: Mounting plugin GeometryCache
LogPluginManager: Mounting plugin GeometryCollectionPlugin
LogPluginManager: Mounting plugin HTML5Networking
LogPluginManager: Mounting plugin PlatformCrypto
LogPluginManager: Mounting plugin ProxyLODPlugin
LogPluginManager: Mounting plugin SkeletalReduction
LogPluginManager: Mounting plugin MagicLeap
LogPluginManager: Mounting plugin MagicLeapMedia
LogPluginManager: Mounting plugin SubsystemConfigurator
LogPluginManager: Mounting plugin AndroidMedia
LogPluginManager: Mounting plugin AvfMedia
LogPluginManager: Mounting plugin ImgMedia
LogPluginManager: Mounting plugin MediaCompositing
LogPluginManager: Mounting plugin MediaPlayerEditor
LogPluginManager: Mounting plugin WebMMedia
LogPluginManager: Mounting plugin WmfMedia
LogPluginManager: Mounting plugin TcpMessaging
LogPluginManager: Mounting plugin UdpMessaging
LogPluginManager: Mounting plugin ActorSequence
LogPluginManager: Mounting plugin LevelSequenceEditor
LogPluginManager: Mounting plugin MatineeToLevelSequence
LogPluginManager: Mounting plugin NetcodeUnitTest
LogPluginManager: Mounting plugin NUTUnrealEngine4
LogPluginManager: Mounting plugin OnlineSubsystemGooglePlay
LogPluginManager: Mounting plugin OnlineSubsystemIOS
LogPluginManager: Mounting plugin OnlineSubsystem
LogPluginManager: Mounting plugin OnlineSubsystemNull
LogPluginManager: Mounting plugin OnlineSubsystemSteam
LogPluginManager: Mounting plugin OnlineSubsystemUtils
LogPluginManager: Mounting plugin LauncherChunkInstaller
LogPluginManager: Mounting plugin AndroidDeviceProfileSelector
LogPluginManager: Mounting plugin AndroidMoviePlayer
LogPluginManager: Mounting plugin AndroidPermission
LogPluginManager: Mounting plugin AppleImageUtils
LogPluginManager: Mounting plugin AppleMoviePlayer
LogPluginManager: Mounting plugin ArchVisCharacter
LogPluginManager: Mounting plugin AudioCapture
LogPluginManager: Mounting plugin CableComponent
LogPluginManager: Mounting plugin CustomMeshComponent
LogPluginManager: Mounting plugin EditableMesh
LogPluginManager: Mounting plugin ExampleDeviceProfileSelector
LogPluginManager: Mounting plugin GoogleCloudMessaging
LogPluginManager: Mounting plugin IOSDeviceProfileSelector
LogPluginManager: Mounting plugin LinuxDeviceProfileSelector
LogPluginManager: Mounting plugin LocationServicesBPLibrary
LogPluginManager: Mounting plugin MobilePatchingUtils
LogPluginManager: Mounting plugin OculusVR
LogPluginManager: Mounting plugin PhysXVehicles
LogPluginManager: Mounting plugin ProceduralMeshComponent
LogPluginManager: Mounting plugin RuntimePhysXCooking
LogPluginManager: Mounting plugin SignificanceManager
LogPluginManager: Mounting plugin SteamVR
LogPluginManager: Mounting plugin WebMMoviePlayer
LogPluginManager: Mounting plugin WindowsMoviePlayer
LogPluginManager: Mounting plugin ScreenshotTools
LogPluginManager: Mounting plugin DatasmithC4DImporter
LogPluginManager: Mounting plugin DatasmithCADImporter
LogPluginManager: Mounting plugin DatasmithFBXImporter
LogPluginManager: Mounting plugin DatasmithGLTFImporter
LogPluginManager: Mounting plugin DatasmithIFCImporter
LogPluginManager: Mounting plugin DatasmithImporter
LogPluginManager: Mounting plugin MDLImporter
LogPluginManager: Mounting plugin StaticMeshEditorExtension
LogPluginManager: Mounting plugin VariantManager
LogInit: Using libcurl 7.55.1-DEV
LogInit:  - built for x86_64-pc-win32
LogInit:  - supports SSL with OpenSSL/1.1.1
LogInit:  - supports HTTP deflate (compression) using libz 1.2.8
LogInit:  - other features:
LogInit:      CURL_VERSION_SSL
LogInit:      CURL_VERSION_LIBZ
LogInit:      CURL_VERSION_IPV6
LogInit:      CURL_VERSION_ASYNCHDNS
LogInit:      CURL_VERSION_LARGEFILE
LogInit:      CURL_VERSION_IDN
LogInit:  CurlRequestOptions (configurable via config and command line):
LogInit:  - bVerifyPeer = true  - Libcurl will verify peer certificate
LogInit:  - bUseHttpProxy = false  - Libcurl will NOT use HTTP proxy
LogInit:  - bDontReuseConnections = false  - Libcurl will reuse connections
LogInit:  - MaxHostConnections = 16  - Libcurl will limit the number of connections to a host
LogInit:  - LocalHostAddr = Default
LogInit:  - BufferSize = 65536
LogOnline: Display: STEAM: Loading Steam SDK 1.42
LogOnline: OSS: Creating online subsystem instance for: Steam
LogOnline: Display: STEAM: OnlineSubsystemSteam::Shutdown()
LogOnline: OSS: Unable to create OnlineSubsystem module Steam
LogOnline: OSS: Creating online subsystem instance for: NULL
LogInit: WinSock: version 1.1 (2.2), MaxSocks=32767, MaxUdp=65467
LogInit: Build: ++UE4+Release-4.23-CL-9631420
LogInit: Engine Version: 4.23.1-9631420+++UE4+Release-4.23
LogInit: Compatible Engine Version: 4.23.0-8386587+++UE4+Release-4.23
LogInit: Net CL: 8386587
LogInit: OS: Windows 10 (Release 1909) (), CPU: Intel(R) Core(TM) i7-7700K CPU @ 4.20GHz, GPU: NVIDIA GeForce GTX 1080
LogInit: Compiled (64-bit): Oct 18 2019 02:07:44
LogInit: Compiled with Visual C++: 19.16.27030.01
LogInit: Build Configuration: Development
LogInit: Branch Name: ++UE4+Release-4.23
LogInit: Command Line: 
LogInit: Base Directory: D:/Program Files/Epic Games/UE_4.23/Engine/Binaries/Win64/
LogInit: Installed Engine Build: 1
LogDevObjectVersion: Number of dev versions registered: 23
LogDevObjectVersion:   Dev-Blueprints (B0D832E4-1F89-4F0D-ACCF-7EB736FD4AA2): 10
LogDevObjectVersion:   Dev-Build (E1C64328-A22C-4D53-A36C-8E866417BD8C): 0
LogDevObjectVersion:   Dev-Core (375EC13C-06E4-48FB-B500-84F0262A717E): 3
LogDevObjectVersion:   Dev-Editor (E4B068ED-F494-42E9-A231-DA0B2E46BB41): 34
LogDevObjectVersion:   Dev-Framework (CFFC743F-43B0-4480-9391-14DF171D2073): 35
LogDevObjectVersion:   Dev-Mobile (B02B49B5-BB20-44E9-A304-32B752E40360): 2
LogDevObjectVersion:   Dev-Networking (A4E4105C-59A1-49B5-A7C5-40C4547EDFEE): 0
LogDevObjectVersion:   Dev-Online (39C831C9-5AE6-47DC-9A44-9C173E1C8E7C): 0
LogDevObjectVersion:   Dev-Physics (78F01B33-EBEA-4F98-B9B4-84EACCB95AA2): 0
LogDevObjectVersion:   Dev-Platform (6631380F-2D4D-43E0-8009-CF276956A95A): 0
LogDevObjectVersion:   Dev-Rendering (12F88B9F-8875-4AFC-A67C-D90C383ABD29): 31
LogDevObjectVersion:   Dev-Sequencer (7B5AE74C-D270-4C10-A958-57980B212A5A): 11
LogDevObjectVersion:   Dev-VR (D7296918-1DD6-4BDD-9DE2-64A83CC13884): 2
LogDevObjectVersion:   Dev-LoadTimes (C2A15278-BFE7-4AFE-6C17-90FF531DF755): 1
LogDevObjectVersion:   Private-Geometry (6EACA3D4-40EC-4CC1-B786-8BED09428FC5): 3
LogDevObjectVersion:   Dev-AnimPhys (29E575DD-E0A3-4627-9D10-D276232CDCEA): 17
LogDevObjectVersion:   Dev-Anim (AF43A65D-7FD3-4947-9873-3E8ED9C1BB05): 2
LogDevObjectVersion:   Dev-ReflectionCapture (6B266CEC-1EC7-4B8F-A30B-E4D90942FC07): 1
LogDevObjectVersion:   Dev-Automation (0DF73D61-A23F-47EA-B727-89E90C41499A): 1
LogDevObjectVersion:   FortniteMain (601D1886-AC64-4F84-AA16-D3DE0DEAC7D6): 27
LogDevObjectVersion:   Dev-Enterprise (9DFFBCD6-494F-0158-E221-12823C92A888): 6
LogDevObjectVersion:   Dev-Niagara (F2AED0AC-9AFE-416F-8664-AA7FFA26D6FC): 1
LogDevObjectVersion:   Dev-Destruction (174F1F0B-B4C6-45A5-B13F-2EE8D0FB917D): 9
LogInit: Presizing for max 16777216 objects, including 0 objects not considered by GC, pre-allocating 0 bytes for permanent pool.
LogInit: Object subsystem initialized
LogConfig: Setting CVar [[con.DebugEarlyDefault:1]]
LogConfig: Setting CVar [[r.setres:1280x720]]
[2020.07.31-23.14.43:636][  0]LogConfig: Setting CVar [[r.VSync:0]]
[2020.07.31-23.14.43:636][  0]LogConfig: Setting CVar [[r.RHICmdBypass:0]]
[2020.07.31-23.14.43:636][  0]LogConfig: Applying CVar settings from Section [/Script/Engine.RendererSettings] File [D:/Down2DieInventory/StructureInventory/Saved/Config/Windows/Engine.ini]
[2020.07.31-23.14.43:636][  0]LogConfig: Setting CVar [[r.GPUCrashDebugging:0]]
[2020.07.31-23.14.43:636][  0]LogConfig: Setting CVar [[r.DefaultFeature.AutoExposure.ExtendDefaultLuminanceRange:1]]
[2020.07.31-23.14.43:636][  0]LogConfig: Applying CVar settings from Section [/Script/Engine.RendererOverrideSettings] File [D:/Down2DieInventory/StructureInventory/Saved/Config/Windows/Engine.ini]
[2020.07.31-23.14.43:636][  0]LogConfig: Applying CVar settings from Section [/Script/Engine.StreamingSettings] File [D:/Down2DieInventory/StructureInventory/Saved/Config/Windows/Engine.ini]
[2020.07.31-23.14.43:636][  0]LogConfig: Setting CVar [[s.MinBulkDataSizeForAsyncLoading:131072]]
[2020.07.31-23.14.43:636][  0]LogConfig: Setting CVar [[s.AsyncLoadingThreadEnabled:0]]
[2020.07.31-23.14.43:636][  0]LogConfig: Setting CVar [[s.EventDrivenLoaderEnabled:1]]
[2020.07.31-23.14.43:636][  0]LogConfig: Setting CVar [[s.WarnIfTimeLimitExceeded:0]]
[2020.07.31-23.14.43:636][  0]LogConfig: Setting CVar [[s.TimeLimitExceededMultiplier:1.5]]
[2020.07.31-23.14.43:636][  0]LogConfig: Setting CVar [[s.TimeLimitExceededMinTime:0.005]]
[2020.07.31-23.14.43:636][  0]LogConfig: Setting CVar [[s.UseBackgroundLevelStreaming:1]]
[2020.07.31-23.14.43:636][  0]LogConfig: Setting CVar [[s.PriorityAsyncLoadingExtraTime:15.0]]
[2020.07.31-23.14.43:636][  0]LogConfig: Setting CVar [[s.LevelStreamingActorsUpdateTimeLimit:5.0]]
[2020.07.31-23.14.43:636][  0]LogConfig: Setting CVar [[s.PriorityLevelStreamingActorsUpdateExtraTime:5.0]]
[2020.07.31-23.14.43:636][  0]LogConfig: Setting CVar [[s.LevelStreamingComponentsRegistrationGranularity:10]]
[2020.07.31-23.14.43:636][  0]LogConfig: Setting CVar [[s.UnregisterComponentsTimeLimit:1.0]]
[2020.07.31-23.14.43:636][  0]LogConfig: Setting CVar [[s.LevelStreamingComponentsUnregistrationGranularity:5]]
[2020.07.31-23.14.43:636][  0]LogConfig: Applying CVar settings from Section [/Script/Engine.GarbageCollectionSettings] File [D:/Down2DieInventory/StructureInventory/Saved/Config/Windows/Engine.ini]
[2020.07.31-23.14.43:636][  0]LogConfig: Setting CVar [[gc.MaxObjectsNotConsideredByGC:1]]
[2020.07.31-23.14.43:636][  0]LogConfig: Setting CVar [[gc.SizeOfPermanentObjectPool:0]]
[2020.07.31-23.14.43:636][  0]LogConfig: Setting CVar [[gc.FlushStreamingOnGC:0]]
[2020.07.31-23.14.43:636][  0]LogConfig: Setting CVar [[gc.NumRetriesBeforeForcingGC:10]]
[2020.07.31-23.14.43:636][  0]LogConfig: Setting CVar [[gc.AllowParallelGC:1]]
[2020.07.31-23.14.43:636][  0]LogConfig: Setting CVar [[gc.TimeBetweenPurgingPendingKillObjects:61.1]]
[2020.07.31-23.14.43:636][  0]LogConfig: Setting CVar [[gc.MaxObjectsInEditor:16777216]]
[2020.07.31-23.14.43:636][  0]LogConfig: Setting CVar [[gc.IncrementalBeginDestroyEnabled:1]]
[2020.07.31-23.14.43:636][  0]LogConfig: Setting CVar [[gc.CreateGCClusters:1]]
[2020.07.31-23.14.43:636][  0]LogConfig: Setting CVar [[gc.MinGCClusterSize:5]]
[2020.07.31-23.14.43:636][  0]LogConfig: Setting CVar [[gc.ActorClusteringEnabled:0]]
[2020.07.31-23.14.43:636][  0]LogConfig: Setting CVar [[gc.BlueprintClusteringEnabled:0]]
[2020.07.31-23.14.43:636][  0]LogConfig: Setting CVar [[gc.UseDisregardForGCOnDedicatedServers:0]]
[2020.07.31-23.14.43:636][  0]LogConfig: Applying CVar settings from Section [/Script/Engine.NetworkSettings] File [D:/Down2DieInventory/StructureInventory/Saved/Config/Windows/Engine.ini]
[2020.07.31-23.14.43:636][  0]LogConfig: Applying CVar settings from Section [/Script/UnrealEd.CookerSettings] File [D:/Down2DieInventory/StructureInventory/Saved/Config/Windows/Engine.ini]
[2020.07.31-23.14.43:640][  0]LogConfig: Applying CVar settings from Section [ViewDistanceQuality@3] File [D:/Down2DieInventory/StructureInventory/Saved/Config/Windows/Scalability.ini]
[2020.07.31-23.14.43:640][  0]LogConfig: Setting CVar [[r.SkeletalMeshLODBias:0]]
[2020.07.31-23.14.43:640][  0]LogConfig: Setting CVar [[r.ViewDistanceScale:1.0]]
[2020.07.31-23.14.43:640][  0]LogConfig: Applying CVar settings from Section [AntiAliasingQuality@3] File [D:/Down2DieInventory/StructureInventory/Saved/Config/Windows/Scalability.ini]
[2020.07.31-23.14.43:640][  0]LogConfig: Setting CVar [[r.PostProcessAAQuality:4]]
[2020.07.31-23.14.43:640][  0]LogConfig: Applying CVar settings from Section [ShadowQuality@3] File [D:/Down2DieInventory/StructureInventory/Saved/Config/Windows/Scalability.ini]
[2020.07.31-23.14.43:640][  0]LogConfig: Setting CVar [[r.LightFunctionQuality:1]]
[2020.07.31-23.14.43:640][  0]LogConfig: Setting CVar [[r.ShadowQuality:5]]
[2020.07.31-23.14.43:640][  0]LogConfig: Setting CVar [[r.Shadow.CSM.MaxCascades:10]]
[2020.07.31-23.14.43:640][  0]LogConfig: Setting CVar [[r.Shadow.MaxResolution:2048]]
[2020.07.31-23.14.43:640][  0]LogConfig: Setting CVar [[r.Shadow.MaxCSMResolution:2048]]
[2020.07.31-23.14.43:640][  0]LogConfig: Setting CVar [[r.Shadow.RadiusThreshold:0.01]]
[2020.07.31-23.14.43:640][  0]LogConfig: Setting CVar [[r.Shadow.DistanceScale:1.0]]
[2020.07.31-23.14.43:640][  0]LogConfig: Setting CVar [[r.Shadow.CSM.TransitionScale:1.0]]
[2020.07.31-23.14.43:640][  0]LogConfig: Setting CVar [[r.Shadow.PreShadowResolutionFactor:1.0]]
[2020.07.31-23.14.43:640][  0]LogConfig: Setting CVar [[r.DistanceFieldShadowing:1]]
[2020.07.31-23.14.43:640][  0]LogConfig: Setting CVar [[r.DistanceFieldAO:1]]
[2020.07.31-23.14.43:640][  0]LogConfig: Setting CVar [[r.AOQuality:2]]
[2020.07.31-23.14.43:640][  0]LogConfig: Setting CVar [[r.VolumetricFog:1]]
[2020.07.31-23.14.43:640][  0]LogConfig: Setting CVar [[r.VolumetricFog.GridPixelSize:8]]
[2020.07.31-23.14.43:640][  0]LogConfig: Setting CVar [[r.VolumetricFog.GridSizeZ:128]]
[2020.07.31-23.14.43:640][  0]LogConfig: Setting CVar [[r.VolumetricFog.HistoryMissSupersampleCount:4]]
[2020.07.31-23.14.43:640][  0]LogConfig: Setting CVar [[r.LightMaxDrawDistanceScale:1]]
[2020.07.31-23.14.43:640][  0]LogConfig: Setting CVar [[r.CapsuleShadows:1]]
[2020.07.31-23.14.43:640][  0]LogConfig: Applying CVar settings from Section [PostProcessQuality@3] File [D:/Down2DieInventory/StructureInventory/Saved/Config/Windows/Scalability.ini]
[2020.07.31-23.14.43:641][  0]LogConfig: Setting CVar [[r.MotionBlurQuality:4]]
[2020.07.31-23.14.43:641][  0]LogConfig: Setting CVar [[r.AmbientOcclusionMipLevelFactor:0.4]]
[2020.07.31-23.14.43:641][  0]LogConfig: Setting CVar [[r.AmbientOcclusionMaxQuality:100]]
[2020.07.31-23.14.43:641][  0]LogConfig: Setting CVar [[r.AmbientOcclusionLevels:-1]]
[2020.07.31-23.14.43:641][  0]LogConfig: Setting CVar [[r.AmbientOcclusionRadiusScale:1.0]]
[2020.07.31-23.14.43:641][  0]LogConfig: Setting CVar [[r.DepthOfFieldQuality:2]]
[2020.07.31-23.14.43:641][  0]LogConfig: Setting CVar [[r.RenderTargetPoolMin:400]]
[2020.07.31-23.14.43:641][  0]LogConfig: Setting CVar [[r.LensFlareQuality:2]]
[2020.07.31-23.14.43:641][  0]LogConfig: Setting CVar [[r.SceneColorFringeQuality:1]]
[2020.07.31-23.14.43:641][  0]LogConfig: Setting CVar [[r.EyeAdaptationQuality:2]]
[2020.07.31-23.14.43:641][  0]LogConfig: Setting CVar [[r.BloomQuality:5]]
[2020.07.31-23.14.43:641][  0]LogConfig: Setting CVar [[r.FastBlurThreshold:100]]
[2020.07.31-23.14.43:641][  0]LogConfig: Setting CVar [[r.Upscale.Quality:3]]
[2020.07.31-23.14.43:641][  0]LogConfig: Setting CVar [[r.Tonemapper.GrainQuantization:1]]
[2020.07.31-23.14.43:641][  0]LogConfig: Setting CVar [[r.LightShaftQuality:1]]
[2020.07.31-23.14.43:641][  0]LogConfig: Setting CVar [[r.Filter.SizeScale:1]]
[2020.07.31-23.14.43:641][  0]LogConfig: Setting CVar [[r.Tonemapper.Quality:5]]
[2020.07.31-23.14.43:641][  0]LogConfig: Setting CVar [[r.DOF.Gather.AccumulatorQuality:1        ; higher gathering accumulator quality]]
[2020.07.31-23.14.43:641][  0]LogConfig: Setting CVar [[r.DOF.Gather.PostfilterMethod:1          ; Median3x3 postfilering method]]
[2020.07.31-23.14.43:641][  0]LogConfig: Setting CVar [[r.DOF.Gather.EnableBokehSettings:0       ; no bokeh simulation when gathering]]
[2020.07.31-23.14.43:641][  0]LogConfig: Setting CVar [[r.DOF.Gather.RingCount:4                 ; medium number of samples when gathering]]
[2020.07.31-23.14.43:641][  0]LogConfig: Setting CVar [[r.DOF.Scatter.ForegroundCompositing:1    ; additive foreground scattering]]
[2020.07.31-23.14.43:641][  0]LogConfig: Setting CVar [[r.DOF.Scatter.BackgroundCompositing:2    ; additive background scattering]]
[2020.07.31-23.14.43:641][  0]LogConfig: Setting CVar [[r.DOF.Scatter.EnableBokehSettings:1      ; bokeh simulation when scattering]]
[2020.07.31-23.14.43:641][  0]LogConfig: Setting CVar [[r.DOF.Scatter.MaxSpriteRatio:0.1         ; only a maximum of 10% of scattered bokeh]]
[2020.07.31-23.14.43:641][  0]LogConfig: Setting CVar [[r.DOF.Recombine.Quality:1                ; cheap slight out of focus]]
[2020.07.31-23.14.43:641][  0]LogConfig: Setting CVar [[r.DOF.Recombine.EnableBokehSettings:0    ; no bokeh simulation on slight out of focus]]
[2020.07.31-23.14.43:641][  0]LogConfig: Setting CVar [[r.DOF.TemporalAAQuality:1                ; more stable temporal accumulation]]
[2020.07.31-23.14.43:641][  0]LogConfig: Setting CVar [[r.DOF.Kernel.MaxForegroundRadius:0.025]]
[2020.07.31-23.14.43:641][  0]LogConfig: Setting CVar [[r.DOF.Kernel.MaxBackgroundRadius:0.025]]
[2020.07.31-23.14.43:641][  0]LogConfig: Applying CVar settings from Section [TextureQuality@3] File [D:/Down2DieInventory/StructureInventory/Saved/Config/Windows/Scalability.ini]
[2020.07.31-23.14.43:641][  0]LogConfig: Setting CVar [[r.Streaming.MipBias:0]]
[2020.07.31-23.14.43:641][  0]LogConfig: Setting CVar [[r.Streaming.AmortizeCPUToGPUCopy:0]]
[2020.07.31-23.14.43:641][  0]LogConfig: Setting CVar [[r.Streaming.MaxNumTexturesToStreamPerFrame:0]]
[2020.07.31-23.14.43:641][  0]LogConfig: Setting CVar [[r.Streaming.Boost:1]]
[2020.07.31-23.14.43:641][  0]LogConfig: Setting CVar [[r.MaxAnisotropy:8]]
[2020.07.31-23.14.43:641][  0]LogConfig: Setting CVar [[r.Streaming.LimitPoolSizeToVRAM:0]]
[2020.07.31-23.14.43:641][  0]LogConfig: Setting CVar [[r.Streaming.PoolSize:1000]]
[2020.07.31-23.14.43:641][  0]LogConfig: Setting CVar [[r.Streaming.MaxEffectiveScreenSize:0]]
[2020.07.31-23.14.43:641][  0]LogConfig: Applying CVar settings from Section [EffectsQuality@3] File [D:/Down2DieInventory/StructureInventory/Saved/Config/Windows/Scalability.ini]
[2020.07.31-23.14.43:641][  0]LogConfig: Setting CVar [[r.TranslucencyLightingVolumeDim:64]]
[2020.07.31-23.14.43:641][  0]LogConfig: Setting CVar [[r.RefractionQuality:2]]
[2020.07.31-23.14.43:641][  0]LogConfig: Setting CVar [[r.SSR.Quality:3]]
[2020.07.31-23.14.43:641][  0]LogConfig: Setting CVar [[r.SceneColorFormat:4]]
[2020.07.31-23.14.43:641][  0]LogConfig: Setting CVar [[r.DetailMode:2]]
[2020.07.31-23.14.43:641][  0]LogConfig: Setting CVar [[r.TranslucencyVolumeBlur:1]]
[2020.07.31-23.14.43:641][  0]LogConfig: Setting CVar [[r.MaterialQualityLevel:1 ; High quality]]
[2020.07.31-23.14.43:641][  0]LogConfig: Setting CVar [[r.SSS.Scale:1]]
[2020.07.31-23.14.43:641][  0]LogConfig: Setting CVar [[r.SSS.SampleSet:2]]
[2020.07.31-23.14.43:641][  0]LogConfig: Setting CVar [[r.SSS.Quality:1]]
[2020.07.31-23.14.43:641][  0]LogConfig: Setting CVar [[r.SSS.HalfRes:1]]
[2020.07.31-23.14.43:641][  0]LogConfig: Setting CVar [[r.EmitterSpawnRateScale:1.0]]
[2020.07.31-23.14.43:641][  0]LogConfig: Setting CVar [[r.ParticleLightQuality:2]]
[2020.07.31-23.14.43:641][  0]LogConfig: Applying CVar settings from Section [FoliageQuality@3] File [D:/Down2DieInventory/StructureInventory/Saved/Config/Windows/Scalability.ini]
[2020.07.31-23.14.43:641][  0]LogConfig: Setting CVar [[foliage.DensityScale:1.0]]
[2020.07.31-23.14.43:641][  0]LogConfig: Setting CVar [[grass.DensityScale:1.0]]
[2020.07.31-23.14.43:641][  0]LogInit: Selected Device Profile: [Windows]
[2020.07.31-23.14.43:641][  0]LogInit: Applying CVar settings loaded from the selected device profile: [Windows]
[2020.07.31-23.14.43:644][  0]LogHAL: Display: Platform has ~ 16 GB [17106059264 / 17179869184 / 16], which maps to Larger [LargestMinGB=32, LargerMinGB=12, DefaultMinGB=8, SmallerMinGB=6, SmallestMinGB=0)
[2020.07.31-23.14.43:644][  0]LogInit: Going up to parent DeviceProfile []
[2020.07.31-23.14.43:644][  0]LogConfig: Applying CVar settings from Section [ViewDistanceQuality@Cine] File [D:/Down2DieInventory/StructureInventory/Saved/Config/Windows/Scalability.ini]
[2020.07.31-23.14.43:644][  0]LogConfig: Setting CVar [[r.SkeletalMeshLODBias:0]]
[2020.07.31-23.14.43:644][  0]LogConfig: Setting CVar [[r.ViewDistanceScale:10.0]]
[2020.07.31-23.14.43:644][  0]LogConfig: Applying CVar settings from Section [AntiAliasingQuality@Cine] File [D:/Down2DieInventory/StructureInventory/Saved/Config/Windows/Scalability.ini]
[2020.07.31-23.14.43:644][  0]LogConfig: Setting CVar [[r.PostProcessAAQuality:6]]
[2020.07.31-23.14.43:644][  0]LogConfig: Applying CVar settings from Section [ShadowQuality@Cine] File [D:/Down2DieInventory/StructureInventory/Saved/Config/Windows/Scalability.ini]
[2020.07.31-23.14.43:644][  0]LogConfig: Setting CVar [[r.LightFunctionQuality:1]]
[2020.07.31-23.14.43:644][  0]LogConfig: Setting CVar [[r.ShadowQuality:5]]
[2020.07.31-23.14.43:644][  0]LogConfig: Setting CVar [[r.Shadow.CSM.MaxCascades:10]]
[2020.07.31-23.14.43:644][  0]LogConfig: Setting CVar [[r.Shadow.MaxResolution:4096]]
[2020.07.31-23.14.43:644][  0]LogConfig: Setting CVar [[r.Shadow.MaxCSMResolution:4096]]
[2020.07.31-23.14.43:644][  0]LogConfig: Setting CVar [[r.Shadow.RadiusThreshold:0]]
[2020.07.31-23.14.43:644][  0]LogConfig: Setting CVar [[r.Shadow.DistanceScale:1.0]]
[2020.07.31-23.14.43:644][  0]LogConfig: Setting CVar [[r.Shadow.CSM.TransitionScale:1.0]]
[2020.07.31-23.14.43:644][  0]LogConfig: Setting CVar [[r.Shadow.PreShadowResolutionFactor:1.0]]
[2020.07.31-23.14.43:644][  0]LogConfig: Setting CVar [[r.DistanceFieldShadowing:1]]
[2020.07.31-23.14.43:644][  0]LogConfig: Setting CVar [[r.DistanceFieldAO:1]]
[2020.07.31-23.14.43:644][  0]LogConfig: Setting CVar [[r.AOQuality:2]]
[2020.07.31-23.14.43:644][  0]LogConfig: Setting CVar [[r.VolumetricFog:1]]
[2020.07.31-23.14.43:644][  0]LogConfig: Setting CVar [[r.VolumetricFog.GridPixelSize:4]]
[2020.07.31-23.14.43:644][  0]LogConfig: Setting CVar [[r.VolumetricFog.GridSizeZ:128]]
[2020.07.31-23.14.43:644][  0]LogConfig: Setting CVar [[r.VolumetricFog.HistoryMissSupersampleCount:16]]
[2020.07.31-23.14.43:644][  0]LogConfig: Setting CVar [[r.LightMaxDrawDistanceScale:1]]
[2020.07.31-23.14.43:644][  0]LogConfig: Setting CVar [[r.CapsuleShadows:1]]
[2020.07.31-23.14.43:644][  0]LogConfig: Applying CVar settings from Section [PostProcessQuality@Cine] File [D:/Down2DieInventory/StructureInventory/Saved/Config/Windows/Scalability.ini]
[2020.07.31-23.14.43:644][  0]LogConfig: Setting CVar [[r.MotionBlurQuality:4]]
[2020.07.31-23.14.43:644][  0]LogConfig: Setting CVar [[r.AmbientOcclusionMipLevelFactor:0.4]]
[2020.07.31-23.14.43:644][  0]LogConfig: Setting CVar [[r.AmbientOcclusionMaxQuality:100]]
[2020.07.31-23.14.43:644][  0]LogConfig: Setting CVar [[r.AmbientOcclusionLevels:-1]]
[2020.07.31-23.14.43:644][  0]LogConfig: Setting CVar [[r.AmbientOcclusionRadiusScale:1.0]]
[2020.07.31-23.14.43:644][  0]LogConfig: Setting CVar [[r.DepthOfFieldQuality:4]]
[2020.07.31-23.14.43:644][  0]LogConfig: Setting CVar [[r.RenderTargetPoolMin:1000]]
[2020.07.31-23.14.43:644][  0]LogConfig: Setting CVar [[r.LensFlareQuality:3]]
[2020.07.31-23.14.43:644][  0]LogConfig: Setting CVar [[r.SceneColorFringeQuality:1]]
[2020.07.31-23.14.43:644][  0]LogConfig: Setting CVar [[r.EyeAdaptationQuality:2]]
[2020.07.31-23.14.43:644][  0]LogConfig: Setting CVar [[r.BloomQuality:5]]
[2020.07.31-23.14.43:644][  0]LogConfig: Setting CVar [[r.FastBlurThreshold:100]]
[2020.07.31-23.14.43:645][  0]LogConfig: Setting CVar [[r.Upscale.Quality:3]]
[2020.07.31-23.14.43:645][  0]LogConfig: Setting CVar [[r.Tonemapper.GrainQuantization:1]]
[2020.07.31-23.14.43:645][  0]LogConfig: Setting CVar [[r.LightShaftQuality:1]]
[2020.07.31-23.14.43:645][  0]LogConfig: Setting CVar [[r.Filter.SizeScale:1]]
[2020.07.31-23.14.43:645][  0]LogConfig: Setting CVar [[r.Tonemapper.Quality:5]]
[2020.07.31-23.14.43:645][  0]LogConfig: Setting CVar [[r.DOF.Gather.AccumulatorQuality:1        ; higher gathering accumulator quality]]
[2020.07.31-23.14.43:645][  0]LogConfig: Setting CVar [[r.DOF.Gather.PostfilterMethod:1          ; Median3x3 postfilering method]]
[2020.07.31-23.14.43:645][  0]LogConfig: Setting CVar [[r.DOF.Gather.EnableBokehSettings:1       ; bokeh simulation when gathering]]
[2020.07.31-23.14.43:645][  0]LogConfig: Setting CVar [[r.DOF.Gather.RingCount:5                 ; high number of samples when gathering]]
[2020.07.31-23.14.43:645][  0]LogConfig: Setting CVar [[r.DOF.Scatter.ForegroundCompositing:1    ; additive foreground scattering]]
[2020.07.31-23.14.43:645][  0]LogConfig: Setting CVar [[r.DOF.Scatter.BackgroundCompositing:2    ; background scattering occlusion]]
[2020.07.31-23.14.43:645][  0]LogConfig: Setting CVar [[r.DOF.Scatter.EnableBokehSettings:1      ; no bokeh simulation when scattering]]
[2020.07.31-23.14.43:645][  0]LogConfig: Setting CVar [[r.DOF.Scatter.MaxSpriteRatio:0.25        ; only a maximum of 10% of scattered bokeh]]
[2020.07.31-23.14.43:645][  0]LogConfig: Setting CVar [[r.DOF.Recombine.Quality:2                ; highest slight out of focus]]
[2020.07.31-23.14.43:645][  0]LogConfig: Setting CVar [[r.DOF.Recombine.EnableBokehSettings:1    ; bokeh simulation on slight out of focus]]
[2020.07.31-23.14.43:645][  0]LogConfig: Setting CVar [[r.DOF.TemporalAAQuality:1                ; more stable temporal accumulation]]
[2020.07.31-23.14.43:645][  0]LogConfig: Setting CVar [[r.DOF.Kernel.MaxForegroundRadius:0.025]]
[2020.07.31-23.14.43:645][  0]LogConfig: Setting CVar [[r.DOF.Kernel.MaxBackgroundRadius:0.025]]
[2020.07.31-23.14.43:645][  0]LogConfig: Applying CVar settings from Section [TextureQuality@Cine] File [D:/Down2DieInventory/StructureInventory/Saved/Config/Windows/Scalability.ini]
[2020.07.31-23.14.43:645][  0]LogConfig: Setting CVar [[r.Streaming.MipBias:0]]
[2020.07.31-23.14.43:645][  0]LogConfig: Setting CVar [[r.Streaming.AmortizeCPUToGPUCopy:0]]
[2020.07.31-23.14.43:645][  0]LogConfig: Setting CVar [[r.Streaming.MaxNumTexturesToStreamPerFrame:0]]
[2020.07.31-23.14.43:645][  0]LogConfig: Setting CVar [[r.Streaming.Boost:1]]
[2020.07.31-23.14.43:645][  0]LogConfig: Setting CVar [[r.MaxAnisotropy:8]]
[2020.07.31-23.14.43:645][  0]LogConfig: Setting CVar [[r.Streaming.LimitPoolSizeToVRAM:0]]
[2020.07.31-23.14.43:645][  0]LogConfig: Setting CVar [[r.Streaming.PoolSize:3000]]
[2020.07.31-23.14.43:645][  0]LogConfig: Setting CVar [[r.Streaming.MaxEffectiveScreenSize:0]]
[2020.07.31-23.14.43:645][  0]LogConfig: Applying CVar settings from Section [EffectsQuality@Cine] File [D:/Down2DieInventory/StructureInventory/Saved/Config/Windows/Scalability.ini]
[2020.07.31-23.14.43:645][  0]LogConfig: Setting CVar [[r.TranslucencyLightingVolumeDim:64]]
[2020.07.31-23.14.43:645][  0]LogConfig: Setting CVar [[r.RefractionQuality:2]]
[2020.07.31-23.14.43:645][  0]LogConfig: Setting CVar [[r.SSR.Quality:4]]
[2020.07.31-23.14.43:645][  0]LogConfig: Setting CVar [[r.SceneColorFormat:4]]
[2020.07.31-23.14.43:645][  0]LogConfig: Setting CVar [[r.DetailMode:2]]
[2020.07.31-23.14.43:645][  0]LogConfig: Setting CVar [[r.TranslucencyVolumeBlur:1]]
[2020.07.31-23.14.43:645][  0]LogConfig: Setting CVar [[r.MaterialQualityLevel:1 ; High quality]]
[2020.07.31-23.14.43:645][  0]LogConfig: Setting CVar [[r.SSS.Scale:1]]
[2020.07.31-23.14.43:645][  0]LogConfig: Setting CVar [[r.SSS.SampleSet:2]]
[2020.07.31-23.14.43:645][  0]LogConfig: Setting CVar [[r.SSS.Quality:1]]
[2020.07.31-23.14.43:645][  0]LogConfig: Setting CVar [[r.SSS.HalfRes:0]]
[2020.07.31-23.14.43:645][  0]LogConfig: Setting CVar [[r.EmitterSpawnRateScale:1.0]]
[2020.07.31-23.14.43:645][  0]LogConfig: Setting CVar [[r.ParticleLightQuality:2]]
[2020.07.31-23.14.43:645][  0]LogConfig: Applying CVar settings from Section [FoliageQuality@Cine] File [D:/Down2DieInventory/StructureInventory/Saved/Config/Windows/Scalability.ini]
[2020.07.31-23.14.43:645][  0]LogConfig: Setting CVar [[foliage.DensityScale:1.0]]
[2020.07.31-23.14.43:645][  0]LogConfig: Setting CVar [[grass.DensityScale:1.0]]
[2020.07.31-23.14.43:645][  0]LogConfig: Applying CVar settings from Section [Startup] File [../../../Engine/Config/ConsoleVariables.ini]
[2020.07.31-23.14.43:645][  0]LogConfig: Setting CVar [[net.UseAdaptiveNetUpdateFrequency:0]]
[2020.07.31-23.14.43:645][  0]LogConfig: Setting CVar [[p.chaos.AllowCreatePhysxBodies:1]]
[2020.07.31-23.14.43:645][  0]LogConfig: Applying CVar settings from Section [ConsoleVariables] File [D:/Down2DieInventory/StructureInventory/Saved/Config/Windows/Engine.ini]
[2020.07.31-23.14.43:645][  0]LogInit: Computer: JOEYCOMPUTER
[2020.07.31-23.14.43:645][  0]LogInit: User: joeym
[2020.07.31-23.14.43:645][  0]LogInit: CPU Page size=4096, Cores=4
[2020.07.31-23.14.43:645][  0]LogInit: High frequency timer resolution =10.000000 MHz
[2020.07.31-23.14.43:645][  0]LogMemory: Memory total: Physical=15.9GB (16GB approx)
[2020.07.31-23.14.43:646][  0]LogMemory: Platform Memory Stats for Windows
[2020.07.31-23.14.43:646][  0]LogMemory: Process Physical Memory: 102.17 MB used, 102.17 MB peak
[2020.07.31-23.14.43:646][  0]LogMemory: Process Virtual Memory: 99.21 MB used, 99.21 MB peak
[2020.07.31-23.14.43:646][  0]LogMemory: Physical Memory: 8121.88 MB used,  8191.73 MB free, 16313.61 MB total
[2020.07.31-23.14.43:646][  0]LogMemory: Virtual Memory: 4669.21 MB used,  134213056.00 MB free, 134217728.00 MB total
[2020.07.31-23.14.43:649][  0]LogWindows: WindowsPlatformFeatures enabled
[2020.07.31-23.14.43:674][  0]LogInit: Using OS detected language (nl-NL).
[2020.07.31-23.14.43:674][  0]LogInit: Using OS detected locale (nl-NL).
[2020.07.31-23.14.43:675][  0]LogTextLocalizationManager: No localization for 'nl-NL' exists, so 'en' will be used for the language.
[2020.07.31-23.14.43:823][  0]LogInit: Setting process to per monitor DPI aware
[2020.07.31-23.14.43:867][  0]LogSlate: New Slate User Created.  User Index 0, Is Virtual User: 0
[2020.07.31-23.14.43:867][  0]LogSlate: Slate User Registered.  User Index 0, Is Virtual User: 0
[2020.07.31-23.14.44:078][  0]LogHMD: Failed to initialize OpenVR with code 110
[2020.07.31-23.14.44:078][  0]LogD3D11RHI: D3D11 adapters:
[2020.07.31-23.14.44:133][  0]LogD3D11RHI:    0. 'NVIDIA GeForce GTX 1080' (Feature Level 11_0)
[2020.07.31-23.14.44:133][  0]LogD3D11RHI:       8079/0/8156 MB DedicatedVideo/DedicatedSystem/SharedSystem, Outputs:2, VendorId:0x10de
[2020.07.31-23.14.44:136][  0]LogD3D11RHI:    1. 'Microsoft Basic Render Driver' (Feature Level 11_0)
[2020.07.31-23.14.44:136][  0]LogD3D11RHI:       0/0/8156 MB DedicatedVideo/DedicatedSystem/SharedSystem, Outputs:0, VendorId:0x1414
[2020.07.31-23.14.44:136][  0]LogD3D11RHI: Chosen D3D11 Adapter: 0
[2020.07.31-23.14.44:145][  0]LogD3D11RHI: Creating new Direct3DDevice
[2020.07.31-23.14.44:145][  0]LogD3D11RHI:     GPU DeviceId: 0x1b80 (for the marketing name, search the web for "GPU Device Id")
[2020.07.31-23.14.44:145][  0]LogWindows: EnumDisplayDevices:
[2020.07.31-23.14.44:145][  0]LogWindows:    0. 'NVIDIA GeForce GTX 1080' (P:1 D:1)
[2020.07.31-23.14.44:145][  0]LogWindows:    1. 'NVIDIA GeForce GTX 1080' (P:0 D:1)
[2020.07.31-23.14.44:145][  0]LogWindows:    2. 'NVIDIA GeForce GTX 1080' (P:0 D:0)
[2020.07.31-23.14.44:145][  0]LogWindows:    3. 'NVIDIA GeForce GTX 1080' (P:0 D:0)
[2020.07.31-23.14.44:146][  0]LogWindows: DebugString: FoundDriverCount:4 
[2020.07.31-23.14.44:146][  0]LogD3D11RHI:     Adapter Name: NVIDIA GeForce GTX 1080
[2020.07.31-23.14.44:146][  0]LogD3D11RHI:   Driver Version: 451.67 (internal:27.21.14.5167, unified:451.67)
[2020.07.31-23.14.44:146][  0]LogD3D11RHI:      Driver Date: 7-5-2020
[2020.07.31-23.14.44:146][  0]LogRHI: Texture pool is 5655 MB (70% of 8079 MB)
[2020.07.31-23.14.44:187][  0]LogD3D11RHI: Async texture creation enabled
[2020.07.31-23.14.44:199][  0]LogD3D11RHI: GPU Timing Frequency: 1000.000000 (Debug: 2 1)
[2020.07.31-23.14.44:503][  0]LogTemp: Display: Module 'AllDesktopTargetPlatform' loaded TargetPlatform 'AllDesktop'
[2020.07.31-23.14.44:511][  0]LogTemp: Display: Module 'MacClientTargetPlatform' loaded TargetPlatform 'MacClient'
[2020.07.31-23.14.44:519][  0]LogTemp: Display: Module 'MacNoEditorTargetPlatform' loaded TargetPlatform 'MacNoEditor'
[2020.07.31-23.14.44:527][  0]LogTemp: Display: Module 'MacServerTargetPlatform' loaded TargetPlatform 'MacServer'
[2020.07.31-23.14.44:536][  0]LogTemp: Display: Module 'MacTargetPlatform' loaded TargetPlatform 'Mac'
[2020.07.31-23.14.44:544][  0]LogTemp: Display: Module 'WindowsClientTargetPlatform' loaded TargetPlatform 'WindowsClient'
[2020.07.31-23.14.44:554][  0]LogTemp: Display: Module 'WindowsNoEditorTargetPlatform' loaded TargetPlatform 'WindowsNoEditor'
[2020.07.31-23.14.44:561][  0]LogTemp: Display: Module 'WindowsServerTargetPlatform' loaded TargetPlatform 'WindowsServer'
[2020.07.31-23.14.44:565][  0]LogTemp: Display: Module 'WindowsTargetPlatform' loaded TargetPlatform 'Windows'
[2020.07.31-23.14.44:596][  0]LogTemp: Display: Module 'AndroidTargetPlatform' loaded TargetPlatform 'Android'
[2020.07.31-23.14.44:596][  0]LogTemp: Display: Module 'AndroidTargetPlatform' loaded TargetPlatform 'Android_ASTC'
[2020.07.31-23.14.44:596][  0]LogTemp: Display: Module 'AndroidTargetPlatform' loaded TargetPlatform 'Android_ATC'
[2020.07.31-23.14.44:596][  0]LogTemp: Display: Module 'AndroidTargetPlatform' loaded TargetPlatform 'Android_DXT'
[2020.07.31-23.14.44:596][  0]LogTemp: Display: Module 'AndroidTargetPlatform' loaded TargetPlatform 'Android_ETC1'
[2020.07.31-23.14.44:596][  0]LogTemp: Display: Module 'AndroidTargetPlatform' loaded TargetPlatform 'Android_ETC1a'
[2020.07.31-23.14.44:596][  0]LogTemp: Display: Module 'AndroidTargetPlatform' loaded TargetPlatform 'Android_ETC2'
[2020.07.31-23.14.44:596][  0]LogTemp: Display: Module 'AndroidTargetPlatform' loaded TargetPlatform 'Android_PVRTC'
[2020.07.31-23.14.44:596][  0]LogTemp: Display: Module 'AndroidTargetPlatform' loaded TargetPlatform 'AndroidClient'
[2020.07.31-23.14.44:596][  0]LogTemp: Display: Module 'AndroidTargetPlatform' loaded TargetPlatform 'Android_ASTCClient'
[2020.07.31-23.14.44:596][  0]LogTemp: Display: Module 'AndroidTargetPlatform' loaded TargetPlatform 'Android_ATCClient'
[2020.07.31-23.14.44:596][  0]LogTemp: Display: Module 'AndroidTargetPlatform' loaded TargetPlatform 'Android_DXTClient'
[2020.07.31-23.14.44:596][  0]LogTemp: Display: Module 'AndroidTargetPlatform' loaded TargetPlatform 'Android_ETC1Client'
[2020.07.31-23.14.44:596][  0]LogTemp: Display: Module 'AndroidTargetPlatform' loaded TargetPlatform 'Android_ETC1aClient'
[2020.07.31-23.14.44:596][  0]LogTemp: Display: Module 'AndroidTargetPlatform' loaded TargetPlatform 'Android_ETC2Client'
[2020.07.31-23.14.44:596][  0]LogTemp: Display: Module 'AndroidTargetPlatform' loaded TargetPlatform 'Android_PVRTCClient'
[2020.07.31-23.14.44:596][  0]LogTemp: Display: Module 'AndroidTargetPlatform' loaded TargetPlatform 'Android_Multi'
[2020.07.31-23.14.44:596][  0]LogTemp: Display: Module 'AndroidTargetPlatform' loaded TargetPlatform 'Android_MultiClient'
[2020.07.31-23.14.44:598][  0]LogTemp: Display: Module 'HTML5TargetPlatform' loaded TargetPlatform 'HTML5'
[2020.07.31-23.14.44:615][  0]LogTemp: Display: Module 'IOSTargetPlatform' loaded TargetPlatform 'IOSClient'
[2020.07.31-23.14.44:615][  0]LogTemp: Display: Module 'IOSTargetPlatform' loaded TargetPlatform 'IOS'
[2020.07.31-23.14.44:630][  0]LogTemp: Display: Module 'TVOSTargetPlatform' loaded TargetPlatform 'TVOSClient'
[2020.07.31-23.14.44:630][  0]LogTemp: Display: Module 'TVOSTargetPlatform' loaded TargetPlatform 'TVOS'
[2020.07.31-23.14.44:637][  0]LogTemp: Display: Module 'LinuxClientTargetPlatform' loaded TargetPlatform 'LinuxClient'
[2020.07.31-23.14.44:644][  0]LogTemp: Display: Module 'LinuxNoEditorTargetPlatform' loaded TargetPlatform 'LinuxNoEditor'
[2020.07.31-23.14.44:650][  0]LogTemp: Display: Module 'LinuxServerTargetPlatform' loaded TargetPlatform 'LinuxServer'
[2020.07.31-23.14.44:658][  0]LogTemp: Display: Module 'LinuxTargetPlatform' loaded TargetPlatform 'Linux'
[2020.07.31-23.14.44:682][  0]LogTemp: Display: Module 'LuminTargetPlatform' loaded TargetPlatform 'Lumin'
[2020.07.31-23.14.44:682][  0]LogTemp: Display: Module 'LuminTargetPlatform' loaded TargetPlatform 'LuminClient'
[2020.07.31-23.14.44:682][  0]LogTargetPlatformManager: Display: Building Assets For Windows
[2020.07.31-23.14.44:695][  0]LogAudioDebug: Display: Lib vorbis DLL was dynamically loaded.
[2020.07.31-23.14.44:758][  0]LogShaderCompilers: Guid format shader working directory is -9 characters bigger than the processId version (../../../../../../Down2DieInventory/StructureInventory/Intermediate/Shaders/WorkingDirectory/12676/).
[2020.07.31-23.14.44:758][  0]LogShaderCompilers: Cleaned the shader compiler working directory 'C:/Users/joeym/AppData/Local/Temp/UnrealShaderWorkingDir/E959B8AB4DEA89C53D6033988FEA9E11/'.
[2020.07.31-23.14.44:760][  0]LogXGEController: Cannot use XGE Controller as Incredibuild is not installed on this machine.
[2020.07.31-23.14.44:760][  0]LogShaderCompilers: Cannot use XGE Shader Compiler as Incredibuild is not installed on this machine.
[2020.07.31-23.14.44:760][  0]LogShaderCompilers: Display: Using Local Shader Compiler.
[2020.07.31-23.14.45:314][  0]LogDerivedDataCache: Display: Max Cache Size: 512 MB
[2020.07.31-23.14.45:365][  0]LogDerivedDataCache: Loaded boot cache 0.05s 74MB C:/Users/joeym/AppData/Local/UnrealEngine/4.23/DerivedDataCache/Boot.ddc.
[2020.07.31-23.14.45:365][  0]LogDerivedDataCache: Display: Loaded Boot cache: C:/Users/joeym/AppData/Local/UnrealEngine/4.23/DerivedDataCache/Boot.ddc
[2020.07.31-23.14.45:365][  0]LogDerivedDataCache: FDerivedDataBackendGraph:  Pak pak cache file ../../../../../../Down2DieInventory/StructureInventory/DerivedDataCache/DDC.ddp not found, will not use a pak cache.
[2020.07.31-23.14.45:365][  0]LogDerivedDataCache: Unable to find inner node Pak for hierarchical cache Hierarchy.
[2020.07.31-23.14.45:365][  0]LogDerivedDataCache: FDerivedDataBackendGraph:  CompressedPak pak cache file ../../../../../../Down2DieInventory/StructureInventory/DerivedDataCache/Compressed.ddp not found, will not use a pak cache.
[2020.07.31-23.14.45:365][  0]LogDerivedDataCache: Unable to find inner node CompressedPak for hierarchical cache Hierarchy.
[2020.07.31-23.14.45:374][  0]LogDerivedDataCache: Display: Pak cache opened for reading ../../../Engine/DerivedDataCache/Compressed.ddp.
[2020.07.31-23.14.45:376][  0]LogDerivedDataCache: Display: Pak cache opened for reading ../../../Enterprise/DerivedDataCache/Compressed.ddp.
[2020.07.31-23.14.45:377][  0]LogDerivedDataCache: Using Local data cache path C:/Users/joeym/AppData/Local/UnrealEngine/Common/DerivedDataCache: Writable
[2020.07.31-23.14.45:377][  0]LogDerivedDataCache: Shared data cache path not found in *engine.ini, will not use an Shared cache.
[2020.07.31-23.14.45:377][  0]LogDerivedDataCache: Unable to find inner node Shared for hierarchical cache Hierarchy.
[2020.07.31-23.14.45:397][  0]LogMaterial: Verifying Global Shaders for PCD3D_SM5
[2020.07.31-23.14.45:400][  0]LogSlate: Using FreeType 2.6.0
[2020.07.31-23.14.45:400][  0]LogSlate: SlateFontServices - WITH_FREETYPE: 1, WITH_HARFBUZZ: 1
[2020.07.31-23.14.45:457][  0]LogAssetRegistry: FAssetRegistry took 0.0028 seconds to start up
[2020.07.31-23.14.45:757][  0]LogInit: Selected Device Profile: [Windows]
[2020.07.31-23.14.45:979][  0]LogMeshReduction: Using QuadricMeshReduction for automatic static mesh reduction
[2020.07.31-23.14.45:979][  0]LogMeshReduction: Using SimplygonMeshReduction for automatic skeletal mesh reduction
[2020.07.31-23.14.45:979][  0]LogMeshReduction: Using ProxyLODMeshReduction for automatic mesh merging
[2020.07.31-23.14.45:979][  0]LogMeshReduction: No distributed automatic mesh merging module available
[2020.07.31-23.14.45:979][  0]LogMeshMerging: No distributed automatic mesh merging module available
[2020.07.31-23.14.45:994][  0]LogNetVersion: StructureInventory 1.0.0, NetCL: 8386587, EngineNetVer: 11, GameNetVer: 0 (Checksum: 2032503810)
[2020.07.31-23.14.46:439][  0]LogPackageLocalizationCache: Processed 19 localized package path(s) for 1 prioritized culture(s) in 0.079889 seconds
[2020.07.31-23.14.46:445][  0]LogUObjectArray: 43453 objects as part of root set at end of initial load.
[2020.07.31-23.14.46:445][  0]LogUObjectAllocator: 7559736 out of 0 bytes used by permanent object pool.
[2020.07.31-23.14.46:445][  0]LogUObjectArray: CloseDisregardForGC: 0/0 objects in disregard for GC pool
[2020.07.31-23.14.47:320][  0]LogTcpMessaging: Initializing TcpMessaging bridge
[2020.07.31-23.14.47:324][  0]LogUdpMessaging: Initializing bridge on interface 0.0.0.0:0 to multicast group 230.0.0.1:6666.
[2020.07.31-23.14.47:388][  0]SourceControl: Source control is disabled
[2020.07.31-23.14.47:388][  0]SourceControl: Source control is disabled
[2020.07.31-23.14.47:390][  0]SourceControl: Source control is disabled
[2020.07.31-23.14.47:391][  0]SourceControl: Source control is disabled
[2020.07.31-23.14.47:615][  0]LogAndroidPermission: UAndroidPermissionCallbackProxy::GetInstance
[2020.07.31-23.14.47:781][  0]LogOcInput: OculusInput pre-init called
[2020.07.31-23.14.47:792][  0]LogWindows: Failed to load 'OVRPlugin.dll' (GetLastError=126)
[2020.07.31-23.14.47:792][  0]LogWindows: File 'OVRPlugin.dll' does not exist
[2020.07.31-23.14.50:187][  0]LogEngine: Initializing Engine...
[2020.07.31-23.14.50:187][  0]LogHMD: Failed to initialize OpenVR with code 110
[2020.07.31-23.14.50:188][  0]LogStats: UGameplayTagsManager::InitializeManager -  0.000 s
[2020.07.31-23.14.50:378][  0]LogInit: Initializing FReadOnlyCVARCache
[2020.07.31-23.14.50:389][  0]LogAIModule: Creating AISystem for world Untitled
[2020.07.31-23.14.50:432][  0]LogInit: XAudio2 using 'Hoofdtelefoon (3- Arctis 7 Game)' : 2 channels at 48 kHz using 16 bits per sample (channel mask 0x3)
[2020.07.31-23.14.50:472][  0]LogInit: FAudioDevice initialized.
[2020.07.31-23.14.50:472][  0]LogNetVersion: Set ProjectVersion to 1.0.0.0. Version Checksum will be recalculated on next use.
[2020.07.31-23.14.50:522][  0]LogDerivedDataCache: Saved boot cache 0.05s 74MB C:/Users/joeym/AppData/Local/UnrealEngine/4.23/DerivedDataCache/Boot.ddc.
[2020.07.31-23.14.50:532][  0]LogInit: Texture streaming: Enabled
[2020.07.31-23.14.50:550][  0]LogEngineSessionManager: EngineSessionManager initialized
[2020.07.31-23.14.50:550][  0]LogEditorSessionSummary: Verbose: Initializing EditorSessionSummaryWriter for editor session tracking
[2020.07.31-23.14.50:551][  0]LogEditorSessionSummary: EditorSessionSummaryWriter initialized
[2020.07.31-23.14.50:608][  0]LogInit: Transaction tracking system initialized
[2020.07.31-23.14.50:636][  0]BlueprintLog: New page: Editor Load
[2020.07.31-23.14.50:705][  0]LocalizationService: Localization service is disabled
[2020.07.31-23.14.50:952][  0]LogFileCache: Scanning file cache for directory 'D:/Down2DieInventory/StructureInventory/Content/' took 0.00s
[2020.07.31-23.14.50:952][  0]LogCook: Display: Max memory allowance for cook 16384mb min free memory 0mb
[2020.07.31-23.14.50:952][  0]LogCook: Display: Mobile HDR setting 1
[2020.07.31-23.14.52:457][  0]SourceControl: Source control is disabled
[2020.07.31-23.14.52:457][  0]Cmd: MAP LOAD FILE="../../../../../../Down2DieInventory/StructureInventory/Content/GameRelated/MyLevel.umap" TEMPLATE=0 SHOWPROGRESS=1 FEATURELEVEL=3
[2020.07.31-23.14.52:457][  0]LightingResults: New page: Lighting Build
[2020.07.31-23.14.52:459][  0]LogWorld: UWorld::CleanupWorld for Untitled, bSessionEnded=true, bCleanupResources=true
[2020.07.31-23.14.52:459][  0]MapCheck: New page: Map Check
[2020.07.31-23.14.52:459][  0]LightingResults: New page: Lighting Build
[2020.07.31-23.14.52:479][  0]LogUObjectHash: Compacting FUObjectHashTables data took   1.33ms
[2020.07.31-23.14.52:718][  0]LogBlueprint: Error: [Compiler GameHUD] In use pin  My Player  no longer exists on node  Create Widget . Please refresh node or break links to remove pin.
[2020.07.31-23.14.52:718][  0]LogBlueprint: Error: [Compiler GameHUD] In use pin  My Player  no longer exists on node  Create Widget . Please refresh node or break links to remove pin.
[2020.07.31-23.14.52:719][  0]LogBlueprint: Error: [Compiler GameHUD] In use pin  My Player  no longer exists on node  Create Widget . Please refresh node or break links to remove pin.
[2020.07.31-23.14.53:022][  0]LogAIModule: Creating AISystem for world MyLevel
[2020.07.31-23.14.53:029][  0]LogEditorServer: Finished looking for orphan Actors (0.000 secs)
[2020.07.31-23.14.53:057][  0]LogUObjectHash: Compacting FUObjectHashTables data took   2.13ms
[2020.07.31-23.14.53:057][  0]Cmd: MAP CHECKDEP NOCLEARLOG
[2020.07.31-23.14.53:058][  0]MapCheck: Map check complete: 0 Error(s), 0 Warning(s), took 0,291ms to complete.
[2020.07.31-23.14.53:058][  0]LogFileHelpers: Loading map 'MyLevel' took 0.601
[2020.07.31-23.14.53:163][  0]LogSlate: Updating window title bar state: overlay mode, drag disabled, window buttons hidden, title bar hidden
[2020.07.31-23.14.53:169][  0]LogSlate: Updating window title bar state: overlay mode, drag disabled, window buttons hidden, title bar hidden
[2020.07.31-23.14.53:176][  0]LogSlate: Updating window title bar state: overlay mode, drag disabled, window buttons hidden, title bar hidden
[2020.07.31-23.14.53:182][  0]LogSlate: Updating window title bar state: overlay mode, drag disabled, window buttons hidden, title bar hidden
[2020.07.31-23.14.53:187][  0]LogCollectionManager: Loaded 0 collections in 0.001150 seconds
[2020.07.31-23.14.53:191][  0]LogFileCache: Scanning file cache for directory 'D:/Down2DieInventory/StructureInventory/Saved/Collections/' took 0.00s
[2020.07.31-23.14.53:191][  0]LogFileCache: Scanning file cache for directory 'D:/Down2DieInventory/StructureInventory/Content/Developers/joeym/Collections/' took 0.00s
[2020.07.31-23.14.53:191][  0]LogFileCache: Scanning file cache for directory 'D:/Down2DieInventory/StructureInventory/Content/Collections/' took 0.00s
[2020.07.31-23.14.53:191][  0]LogCollectionManager: Rebuilt the GUID cache for 0 collections in 0.000002 seconds
[2020.07.31-23.14.53:198][  0]LogContentBrowser: Native class hierarchy populated in 0.0072 seconds. Added 3050 classes and 772 folders.
[2020.07.31-23.14.53:203][  0]LogContentBrowser: Native class hierarchy updated for 'WidgetCarousel' in 0.0002 seconds. Added 0 classes and 0 folders.
[2020.07.31-23.14.53:260][  0]LogContentBrowser: Native class hierarchy updated for 'AddContentDialog' in 0.0002 seconds. Added 0 classes and 0 folders.
[2020.07.31-23.14.53:263][  0]LogContentBrowser: Native class hierarchy updated for 'SceneOutliner' in 0.0002 seconds. Added 1 classes and 0 folders.
[2020.07.31-23.14.53:321][  0]LogContentBrowser: Native class hierarchy updated for 'WorldBrowser' in 0.0003 seconds. Added 2 classes and 3 folders.
[2020.07.31-23.14.53:345][  0]LogSlate: Took 0.000216 seconds to synchronously load lazily loaded font '../../../Engine/Content/Slate/Fonts/Roboto-Regular.ttf' (155K)
[2020.07.31-23.14.53:349][  0]LogSlate: Took 0.000201 seconds to synchronously load lazily loaded font '../../../Engine/Content/Slate/Fonts/Roboto-Bold.ttf' (160K)
[2020.07.31-23.14.53:353][  0]LogSlate: Took 0.000170 seconds to synchronously load lazily loaded font '../../../Engine/Content/Editor/Slate/Fonts/FontAwesome.ttf' (139K)
[2020.07.31-23.14.53:407][  0]LogRenderer: Reallocating scene render targets to support 1108x468 Format 10 NumSamples 1 (Frame:1).
[2020.07.31-23.14.53:524][  0]LogContentBrowser: Native class hierarchy updated for 'HierarchicalLODOutliner' in 0.0003 seconds. Added 0 classes and 0 folders.
[2020.07.31-23.14.53:525][  0]LogLoad: (Engine Initialization) Total time: 11.44 seconds
[2020.07.31-23.14.53:525][  0]LogLoad: (Engine Initialization) Total Blueprint compile time: 0.00 seconds
[2020.07.31-23.14.53:570][  0]LogAssetRegistry: Asset discovery search completed in 8.1139 seconds
[2020.07.31-23.14.53:573][  0]LogCollectionManager: Rebuilt the object cache for 0 collections in 0.000004 seconds (found 0 objects)
[2020.07.31-23.14.53:573][  0]LogCollectionManager: Fixed up redirectors for 0 collections in 0.000069 seconds (updated 0 objects)
[2020.07.31-23.14.53:574][  0]LogContentStreaming: Texture pool size now 3000 MB
[2020.07.31-23.14.53:603][  0]LogRenderer: Reallocating scene render targets to support 1108x480 Format 10 NumSamples 1 (Frame:3).
[2020.07.31-23.14.53:603][  0]LogSlate: Took 0.000178 seconds to synchronously load lazily loaded font '../../../Engine/Content/Slate/Fonts/Roboto-Light.ttf' (167K)
[2020.07.31-23.14.54:797][137]LogSlate: FSceneViewport::OnFocusLost() reason 0
[2020.07.31-23.14.54:905][150]LogSlate: Window 'Plugins' being destroyed
[2020.07.31-23.14.54:910][150]LogSlate: Window 'Plugins' being destroyed
[2020.07.31-23.14.54:910][150]LogDirectoryWatcher: A directory notification for '../../../Engine/Plugins/' was aborted.
[2020.07.31-23.14.54:911][150]LogDirectoryWatcher: A directory notification for 'D:/Program Files/Epic Games/UE_4.23/Enterprise/Plugins/' was aborted.
[2020.07.31-23.14.56:186][299]LogSlate: FSceneViewport::OnFocusLost() reason 5
[2020.07.31-23.14.56:872][378]LogUObjectHash: Compacting FUObjectHashTables data took   0.71ms
[2020.07.31-23.14.58:019][513]LogSlate: FSceneViewport::OnFocusLost() reason 0
[2020.07.31-23.14.58:138][525]LogUObjectHash: Compacting FUObjectHashTables data took   0.58ms
[2020.07.31-23.14.58:210][525]LogSlate: Window 'StructureInventory - Unreal Editor' being destroyed
[2020.07.31-23.14.58:211][525]LogWindowsTextInputMethodSystem: Display: IME system now deactivated.
[2020.07.31-23.14.58:333][526]Cmd: QUIT_EDITOR
[2020.07.31-23.14.58:384][526]LogExit: Preparing to exit.
[2020.07.31-23.14.59:352][526]LogDemo: Cleaned up 0 splitscreen connections with owner deletion
[2020.07.31-23.14.59:359][526]LogWorld: UWorld::CleanupWorld for None, bSessionEnded=true, bCleanupResources=true
[2020.07.31-23.14.59:360][526]LogExit: Editor shut down
[2020.07.31-23.14.59:360][526]LogExit: Transaction tracking system shut down
[2020.07.31-23.14.59:559][526]LogExit: Object subsystem successfully closed.
[2020.07.31-23.14.59:576][526]LogShaderCompilers: Display: Shaders left to compile 0
[2020.07.31-23.14.59:627][526]LogModuleManager: Shutting down and abandoning module HierarchicalLODOutliner (734)
[2020.07.31-23.14.59:627][526]LogModuleManager: Shutting down and abandoning module WorldBrowser (732)
[2020.07.31-23.14.59:627][526]LogModuleManager: Shutting down and abandoning module SceneOutliner (730)
[2020.07.31-23.14.59:627][526]LogModuleManager: Shutting down and abandoning module AddContentDialog (728)
[2020.07.31-23.14.59:627][526]LogModuleManager: Shutting down and abandoning module WidgetCarousel (727)
[2020.07.31-23.14.59:627][526]LogModuleManager: Shutting down and abandoning module EditorWidgets (724)
[2020.07.31-23.14.59:627][526]LogModuleManager: Shutting down and abandoning module CollectionManager (722)
[2020.07.31-23.14.59:627][526]LogModuleManager: Shutting down and abandoning module StatsViewer (720)
[2020.07.31-23.14.59:627][526]LogModuleManager: Shutting down and abandoning module VirtualTexturingEditor (718)
[2020.07.31-23.14.59:627][526]LogModuleManager: Shutting down and abandoning module FoliageEdit (716)
[2020.07.31-23.14.59:627][526]LogModuleManager: Shutting down and abandoning module LandscapeEditor (714)
[2020.07.31-23.14.59:627][526]LogModuleManager: Shutting down and abandoning module MeshPaintMode (712)
[2020.07.31-23.14.59:627][526]LogModuleManager: Shutting down and abandoning module SceneDepthPickerMode (710)
[2020.07.31-23.14.59:627][526]LogModuleManager: Shutting down and abandoning module ActorPickerMode (708)
[2020.07.31-23.14.59:627][526]LogModuleManager: Shutting down and abandoning module GeometryMode (706)
[2020.07.31-23.14.59:627][526]LogModuleManager: Shutting down and abandoning module TextureAlignMode (704)
[2020.07.31-23.14.59:627][526]LogModuleManager: Shutting down and abandoning module BspMode (702)
[2020.07.31-23.14.59:627][526]LogModuleManager: Shutting down and abandoning module PIEPreviewDeviceProfileSelector (700)
[2020.07.31-23.14.59:627][526]LogModuleManager: Shutting down and abandoning module SequenceRecorderSections (698)
[2020.07.31-23.14.59:627][526]LogModuleManager: Shutting down and abandoning module AutomationWorker (696)
[2020.07.31-23.14.59:627][526]LogModuleManager: Shutting down and abandoning module DatasmithFBXImporter (694)
[2020.07.31-23.14.59:627][526]LogModuleManager: Shutting down and abandoning module DatasmithDeltaGenImporter (692)
[2020.07.31-23.14.59:627][526]LogModuleManager: Shutting down and abandoning module DatasmithVREDImporter (690)
[2020.07.31-23.14.59:627][526]LogModuleManager: Shutting down and abandoning module OculusMR (688)
[2020.07.31-23.14.59:627][526]LogModuleManager: Shutting down and abandoning module AudioCaptureEditor (686)
[2020.07.31-23.14.59:628][526]LogModuleManager: Shutting down and abandoning module MatineeToLevelSequence (684)
[2020.07.31-23.14.59:628][526]LogModuleManager: Shutting down and abandoning module LevelSequenceEditor (682)
[2020.07.31-23.14.59:628][526]LogModuleManager: Shutting down and abandoning module PlacementMode (681)
[2020.07.31-23.14.59:628][526]LogModuleManager: Shutting down and abandoning module MaterialEditor (680)
[2020.07.31-23.14.59:628][526]LogModuleManager: Shutting down and abandoning module ActorSequenceEditor (676)
[2020.07.31-23.14.59:628][526]LogModuleManager: Shutting down and abandoning module WmfMediaFactory (674)
[2020.07.31-23.14.59:628][526]LogModuleManager: Shutting down and abandoning module WmfMediaEditor (672)
[2020.07.31-23.14.59:628][526]LogModuleManager: Shutting down and abandoning module WebMMediaFactory (670)
[2020.07.31-23.14.59:628][526]LogModuleManager: Shutting down and abandoning module WebMMediaEditor (668)
[2020.07.31-23.14.59:628][526]LogModuleManager: Shutting down and abandoning module WebMMedia (666)
[2020.07.31-23.14.59:628][526]LogModuleManager: Shutting down and abandoning module MediaPlayerEditor (664)
[2020.07.31-23.14.59:628][526]LogModuleManager: Shutting down and abandoning module MediaCompositingEditor (662)
[2020.07.31-23.14.59:628][526]LogModuleManager: Shutting down and abandoning module SequenceRecorder (661)
[2020.07.31-23.14.59:628][526]LogModuleManager: Shutting down and abandoning module OpenExrWrapper (658)
[2020.07.31-23.14.59:628][526]LogModuleManager: Shutting down and abandoning module ImgMediaFactory (656)
[2020.07.31-23.14.59:628][526]LogModuleManager: Shutting down and abandoning module ImgMediaEditor (654)
[2020.07.31-23.14.59:628][526]LogModuleManager: Shutting down and abandoning module AvfMediaFactory (652)
[2020.07.31-23.14.59:628][526]LogModuleManager: Shutting down and abandoning module AvfMediaEditor (650)
[2020.07.31-23.14.59:628][526]LogModuleManager: Shutting down and abandoning module AndroidMediaFactory (648)
[2020.07.31-23.14.59:628][526]LogModuleManager: Shutting down and abandoning module AndroidMediaEditor (646)
[2020.07.31-23.14.59:628][526]LogModuleManager: Shutting down and abandoning module MagicLeapCameraPreviewFactory (644)
[2020.07.31-23.14.59:628][526]LogModuleManager: Shutting down and abandoning module MagicLeapMediaCodecFactory (642)
[2020.07.31-23.14.59:628][526]LogModuleManager: Shutting down and abandoning module MagicLeapMediaFactory (640)
[2020.07.31-23.14.59:628][526]LogModuleManager: Shutting down and abandoning module MagicLeapMediaEditor (638)
[2020.07.31-23.14.59:628][526]LogModuleManager: Shutting down and abandoning module CharacterAI (636)
[2020.07.31-23.14.59:628][526]LogModuleManager: Shutting down and abandoning module SmartSnapping (634)
[2020.07.31-23.14.59:628][526]LogModuleManager: Shutting down and abandoning module SessionServices (632)
[2020.07.31-23.14.59:628][526]LogModuleManager: Shutting down and abandoning module MeshPaint (630)
[2020.07.31-23.14.59:628][526]LogModuleManager: Shutting down and abandoning module ViewportSnapping (628)
[2020.07.31-23.14.59:628][526]LogModuleManager: Shutting down and abandoning module ViewportInteraction (626)
[2020.07.31-23.14.59:628][526]LogModuleManager: Shutting down and abandoning module ClothPainter (624)
[2020.07.31-23.14.59:628][526]LogModuleManager: Shutting down and abandoning module SkeletalMeshEditor (623)
[2020.07.31-23.14.59:628][526]LogModuleManager: Shutting down and abandoning module LogVisualizer (620)
[2020.07.31-23.14.59:628][526]LogModuleManager: Shutting down and abandoning module IntroTutorials (618)
[2020.07.31-23.14.59:629][526]LogModuleManager: Shutting down and abandoning module GameProjectGeneration (617)
[2020.07.31-23.14.59:629][526]LogModuleManager: Shutting down and abandoning module LuminPlatformEditor (614)
[2020.07.31-23.14.59:629][526]LogModuleManager: Shutting down and abandoning module IOSPlatformEditor (612)
[2020.07.31-23.14.59:629][526]LogModuleManager: Shutting down and abandoning module HTML5PlatformEditor (610)
[2020.07.31-23.14.59:629][526]LogModuleManager: Shutting down and abandoning module AndroidPlatformEditor (608)
[2020.07.31-23.14.59:629][526]LogModuleManager: Shutting down and abandoning module AndroidDeviceDetection (607)
[2020.07.31-23.14.59:748][526]LogModuleManager: Shutting down and abandoning module WindowsPlatformEditor (604)
[2020.07.31-23.14.59:748][526]LogModuleManager: Shutting down and abandoning module LuminRuntimeSettings (602)
[2020.07.31-23.14.59:748][526]LogModuleManager: Shutting down and abandoning module IOSRuntimeSettings (600)
[2020.07.31-23.14.59:748][526]LogModuleManager: Shutting down and abandoning module AndroidRuntimeSettings (598)
[2020.07.31-23.14.59:748][526]LogModuleManager: Shutting down and abandoning module TimeManagementEditor (596)
[2020.07.31-23.14.59:748][526]LogModuleManager: Shutting down and abandoning module InputBindingEditor (594)
[2020.07.31-23.14.59:748][526]LogModuleManager: Shutting down and abandoning module MergeActors (592)
[2020.07.31-23.14.59:748][526]LogModuleManager: Shutting down and abandoning module LocalizationDashboard (590)
[2020.07.31-23.14.59:748][526]LogModuleManager: Shutting down and abandoning module LocalizationService (589)
[2020.07.31-23.14.59:748][526]LogModuleManager: Shutting down and abandoning module HardwareTargeting (586)
[2020.07.31-23.14.59:748][526]LogModuleManager: Shutting down and abandoning module DeviceProfileEditor (584)
[2020.07.31-23.14.59:748][526]LogModuleManager: Shutting down and abandoning module UndoHistory (582)
[2020.07.31-23.14.59:748][526]LogModuleManager: Shutting down and abandoning module XmlParser (580)
[2020.07.31-23.14.59:748][526]LogModuleManager: Shutting down and abandoning module Blutility (578)
[2020.07.31-23.14.59:748][526]LogModuleManager: Shutting down and abandoning module ProjectSettingsViewer (576)
[2020.07.31-23.14.59:748][526]LogModuleManager: Shutting down and abandoning module ProjectTargetPlatformEditor (575)
[2020.07.31-23.14.59:748][526]LogModuleManager: Shutting down and abandoning module EditorSettingsViewer (572)
[2020.07.31-23.14.59:748][526]LogModuleManager: Shutting down and abandoning module SettingsEditor (570)
[2020.07.31-23.14.59:748][526]LogModuleManager: Shutting down and abandoning module ProjectLauncher (568)
[2020.07.31-23.14.59:748][526]LogModuleManager: Shutting down and abandoning module SessionFrontend (566)
[2020.07.31-23.14.59:748][526]LogModuleManager: Shutting down and abandoning module ProfilerClient (564)
[2020.07.31-23.14.59:748][526]LogModuleManager: Shutting down and abandoning module DeviceManager (562)
[2020.07.31-23.14.59:748][526]LogModuleManager: Shutting down and abandoning module TargetDeviceServices (561)
[2020.07.31-23.14.59:792][526]LogModuleManager: Shutting down and abandoning module AutomationController (558)
[2020.07.31-23.14.59:792][526]LogModuleManager: Shutting down and abandoning module AutomationWindow (556)
[2020.07.31-23.14.59:792][526]LogModuleManager: Shutting down and abandoning module Layers (554)
[2020.07.31-23.14.59:792][526]LogModuleManager: Shutting down and abandoning module ComponentVisualizers (552)
[2020.07.31-23.14.59:792][526]LogModuleManager: Shutting down and abandoning module DetailCustomizations (550)
[2020.07.31-23.14.59:792][526]LogModuleManager: Shutting down and abandoning module PackagesDialog (548)
[2020.07.31-23.14.59:792][526]LogModuleManager: Shutting down and abandoning module AnimationBlueprintEditor (546)
[2020.07.31-23.14.59:792][526]LogModuleManager: Shutting down and abandoning module Persona (544)
[2020.07.31-23.14.59:792][526]LogModuleManager: Shutting down and abandoning module AnimGraph (543)
[2020.07.31-23.14.59:792][526]LogModuleManager: Shutting down and abandoning module Kismet (540)
[2020.07.31-23.14.59:793][526]LogModuleManager: Shutting down and abandoning module KismetWidgets (539)
[2020.07.31-23.14.59:793][526]LogModuleManager: Shutting down and abandoning module GraphEditor (536)
[2020.07.31-23.14.59:793][526]LogModuleManager: Shutting down and abandoning module StructViewer (534)
[2020.07.31-23.14.59:793][526]LogModuleManager: Shutting down and abandoning module ClassViewer (532)
[2020.07.31-23.14.59:793][526]LogModuleManager: Shutting down and abandoning module Toolbox (530)
[2020.07.31-23.14.59:793][526]LogModuleManager: Shutting down and abandoning module ModuleUI (528)
[2020.07.31-23.14.59:793][526]LogModuleManager: Shutting down and abandoning module MovieSceneTools (526)
[2020.07.31-23.14.59:793][526]LogModuleManager: Shutting down and abandoning module OutputLog (524)
[2020.07.31-23.14.59:793][526]LogModuleManager: Shutting down and abandoning module GammaUI (522)
[2020.07.31-23.14.59:793][526]LogModuleManager: Shutting down and abandoning module Documentation (520)
[2020.07.31-23.14.59:793][526]LogModuleManager: Shutting down and abandoning module LiveCoding (518)
[2020.07.31-23.14.59:793][526]LogModuleManager: Shutting down and abandoning module LevelSequence (516)
[2020.07.31-23.14.59:793][526]LogModuleManager: Shutting down and abandoning module MovieSceneTracks (514)
[2020.07.31-23.14.59:793][526]LogModuleManager: Shutting down and abandoning module MovieScene (512)
[2020.07.31-23.14.59:793][526]LogModuleManager: Shutting down and abandoning module StreamingPauseRendering (510)
[2020.07.31-23.14.59:793][526]LogModuleManager: Shutting down and abandoning module LauncherPlatform (508)
[2020.07.31-23.14.59:793][526]LogModuleManager: Shutting down and abandoning module AnalyticsET (506)
[2020.07.31-23.14.59:793][526]LogModuleManager: Shutting down and abandoning module PortalServices (504)
[2020.07.31-23.14.59:793][526]LogModuleManager: Shutting down and abandoning module PortalRpc (502)
[2020.07.31-23.14.59:793][526]LogModuleManager: Shutting down and abandoning module MessagingRpc (500)
[2020.07.31-23.14.59:793][526]LogModuleManager: Shutting down and abandoning module AIModule (498)
[2020.07.31-23.14.59:793][526]LogModuleManager: Shutting down and abandoning module GameplayDebugger (497)
[2020.07.31-23.14.59:793][526]LogModuleManager: Shutting down and abandoning module AITestSuite (495)
[2020.07.31-23.14.59:793][526]LogModuleManager: Shutting down and abandoning module NavigationSystem (493)
[2020.07.31-23.14.59:793][526]LogModuleManager: Shutting down and abandoning module DesktopPlatform (490)
[2020.07.31-23.14.59:793][526]LogModuleManager: Shutting down and abandoning module ImageWriteQueue (488)
[2020.07.31-23.14.59:796][526]LogModuleManager: Shutting down and abandoning module ProfilerService (486)
[2020.07.31-23.14.59:907][526]LogModuleManager: Shutting down and abandoning module TaskGraph (484)
[2020.07.31-23.14.59:907][526]LogModuleManager: Shutting down and abandoning module DatasmithCADTranslator (482)
[2020.07.31-23.14.59:907][526]LogModuleManager: Shutting down and abandoning module DatasmithC4DImporter (480)
[2020.07.31-23.14.59:907][526]LogModuleManager: Shutting down and abandoning module VariantManager (478)
[2020.07.31-23.14.59:907][526]LogModuleManager: Shutting down and abandoning module StaticMeshEditorExtension (476)
[2020.07.31-23.14.59:907][526]LogModuleManager: Shutting down and abandoning module MeshProcessingLibrary (475)
[2020.07.31-23.14.59:907][526]LogModuleManager: Shutting down and abandoning module MDLImporter (472)
[2020.07.31-23.14.59:907][526]LogModuleManager: Shutting down and abandoning module DatasmithCoreTechExtension (470)
[2020.07.31-23.14.59:907][526]LogModuleManager: Shutting down and abandoning module StaticMeshEditor (469)
[2020.07.31-23.14.59:908][526]LogModuleManager: Shutting down and abandoning module AdvancedPreviewScene (468)
[2020.07.31-23.14.59:908][526]LogModuleManager: Shutting down and abandoning module DatasmithOpenNurbsTranslator (464)
[2020.07.31-23.14.59:908][526]LogModuleManager: Shutting down and abandoning module DatasmithNativeTranslator (462)
[2020.07.31-23.14.59:908][526]LogModuleManager: Shutting down and abandoning module DatasmithIFCImporter (460)
[2020.07.31-23.14.59:908][526]LogModuleManager: Shutting down and abandoning module DatasmithGLTFImporter (458)
[2020.07.31-23.14.59:908][526]LogModuleManager: Shutting down and abandoning module DatasmithImporter (457)
[2020.07.31-23.14.59:908][526]LogModuleManager: Shutting down and abandoning module ScreenshotTools (454)
[2020.07.31-23.14.59:908][526]LogModuleManager: Shutting down and abandoning module SteamVRController (452)
[2020.07.31-23.14.59:908][526]LogModuleManager: Shutting down and abandoning module ProceduralMeshComponentEditor (450)
[2020.07.31-23.14.59:908][526]LogModuleManager: Shutting down and abandoning module ProceduralMeshComponent (448)
[2020.07.31-23.14.59:908][526]LogModuleManager: Shutting down and abandoning module OculusEditor (446)
[2020.07.31-23.14.59:908][526]LogModuleManager: Shutting down and abandoning module OculusInput (444)
[2020.07.31-23.14.59:908][526]LogModuleManager: Shutting down and abandoning module MobilePatchingUtils (442)
[2020.07.31-23.14.59:908][526]LogModuleManager: Shutting down and abandoning module EditableMesh (440)
[2020.07.31-23.14.59:908][526]LogModuleManager: Shutting down and abandoning module CustomMeshComponent (438)
[2020.07.31-23.14.59:908][526]LogModuleManager: Shutting down and abandoning module CableComponent (436)
[2020.07.31-23.14.59:908][526]LogModuleManager: Shutting down and abandoning module AudioCapture (434)
[2020.07.31-23.14.59:908][526]LogModuleManager: Shutting down and abandoning module ArchVisCharacter (432)
[2020.07.31-23.14.59:908][526]LogModuleManager: Shutting down and abandoning module AppleImageUtilsBlueprintSupport (430)
[2020.07.31-23.14.59:908][526]LogModuleManager: Shutting down and abandoning module AppleImageUtils (428)
[2020.07.31-23.14.59:908][526]LogModuleManager: Shutting down and abandoning module AndroidPermission (426)
[2020.07.31-23.14.59:908][526]LogModuleManager: Shutting down and abandoning module NUTUnrealEngine4 (424)
[2020.07.31-23.14.59:908][526]LogModuleManager: Shutting down and abandoning module NetcodeUnitTest (422)
[2020.07.31-23.14.59:908][526]LogModuleManager: Shutting down and abandoning module MediaCompositing (420)
[2020.07.31-23.14.59:908][526]LogModuleManager: Shutting down and abandoning module ImgMedia (418)
[2020.07.31-23.14.59:908][526]LogModuleManager: Shutting down and abandoning module SubsystemConfigurator (416)
[2020.07.31-23.14.59:908][526]LogModuleManager: Shutting down and abandoning module MagicLeapHelperVulkan (414)
[2020.07.31-23.14.59:908][526]LogModuleManager: Shutting down and abandoning module MagicLeapHelperOpenGL (412)
[2020.07.31-23.14.59:908][526]LogModuleManager: Shutting down and abandoning module MagicLeapAudio (410)
[2020.07.31-23.14.59:908][526]LogModuleManager: Shutting down and abandoning module HTML5Networking (408)
[2020.07.31-23.14.59:908][526]LogModuleManager: Shutting down and abandoning module GeometryCollectionTracks (406)
[2020.07.31-23.14.59:908][526]LogModuleManager: Shutting down and abandoning module GeometryCollectionSequencer (405)
[2020.07.31-23.14.59:908][526]LogModuleManager: Shutting down and abandoning module GeometryCollectionEditor (402)
[2020.07.31-23.14.59:908][526]LogModuleManager: Shutting down and abandoning module GeometryCollectionExampleCore (400)
[2020.07.31-23.14.59:908][526]LogModuleManager: Shutting down and abandoning module GeometryCacheTracks (398)
[2020.07.31-23.14.59:908][526]LogModuleManager: Shutting down and abandoning module GeometryCacheSequencer (396)
[2020.07.31-23.14.59:908][526]LogModuleManager: Shutting down and abandoning module DataprepLibraries (394)
[2020.07.31-23.14.59:908][526]LogModuleManager: Shutting down and abandoning module DataprepCore (392)
[2020.07.31-23.14.59:908][526]LogModuleManager: Shutting down and abandoning module DataprepEditor (390)
[2020.07.31-23.14.59:908][526]LogModuleManager: Shutting down and abandoning module ChaosSolverEditor (388)
[2020.07.31-23.14.59:908][526]LogModuleManager: Shutting down and abandoning module BlastCore (386)
[2020.07.31-23.14.59:908][526]LogModuleManager: Shutting down and abandoning module BlastAuthoring (384)
[2020.07.31-23.14.59:908][526]LogModuleManager: Shutting down and abandoning module BackChannel (382)
[2020.07.31-23.14.59:908][526]LogModuleManager: Shutting down and abandoning module AutomationUtilsEditor (380)
[2020.07.31-23.14.59:908][526]LogModuleManager: Shutting down and abandoning module AutomationUtils (378)
[2020.07.31-23.14.59:908][526]LogModuleManager: Shutting down and abandoning module AlembicImporter (376)
[2020.07.31-23.14.59:908][526]LogModuleManager: Shutting down and abandoning module AlembicLibrary (375)
[2020.07.31-23.14.59:908][526]LogModuleManager: Shutting down and abandoning module GeometryCache (374)
[2020.07.31-23.14.59:908][526]LogModuleManager: Shutting down and abandoning module GeometryCacheEd (373)
[2020.07.31-23.14.59:908][526]LogModuleManager: Shutting down and abandoning module VariantManagerContent (368)
[2020.07.31-23.14.59:908][526]LogModuleManager: Shutting down and abandoning module DatasmithContentEditor (366)
[2020.07.31-23.14.59:908][526]LogModuleManager: Shutting down and abandoning module SpeedTreeImporter (364)
[2020.07.31-23.14.59:908][526]LogModuleManager: Shutting down and abandoning module PluginBrowser (362)
[2020.07.31-23.14.59:908][526]LogModuleManager: Shutting down and abandoning module MobileLauncherProfileWizard (360)
[2020.07.31-23.14.59:908][526]LogModuleManager: Shutting down and abandoning module PolygonModeling (358)
[2020.07.31-23.14.59:908][526]LogModuleManager: Shutting down and abandoning module MeshEditor (356)
[2020.07.31-23.14.59:908][526]LogModuleManager: Shutting down and abandoning module MaterialAnalyzer (354)
[2020.07.31-23.14.59:908][526]LogModuleManager: Shutting down and abandoning module GLTFImporter (352)
[2020.07.31-23.14.59:908][526]LogModuleManager: Shutting down and abandoning module EditorScriptingUtilities (350)
[2020.07.31-23.14.59:908][526]LogModuleManager: Shutting down and abandoning module CurveEditorTools (348)
[2020.07.31-23.14.59:909][526]LogModuleManager: Shutting down and abandoning module CurveEditor (347)
[2020.07.31-23.14.59:909][526]LogModuleManager: Shutting down and abandoning module CryptoKeysOpenSSL (344)
[2020.07.31-23.14.59:909][526]LogModuleManager: Shutting down and abandoning module CryptoKeys (342)
[2020.07.31-23.14.59:909][526]LogModuleManager: Shutting down and abandoning module VisualStudioSourceCodeAccess (340)
[2020.07.31-23.14.59:909][526]LogModuleManager: Shutting down and abandoning module VisualStudioCodeSourceCodeAccess (338)
[2020.07.31-23.14.59:909][526]LogModuleManager: Shutting down and abandoning module UObjectPlugin (336)
[2020.07.31-23.14.59:909][526]LogModuleManager: Shutting down and abandoning module SubversionSourceControl (334)
[2020.07.31-23.14.59:909][526]LogModuleManager: Shutting down and abandoning module PerforceSourceControl (332)
[2020.07.31-23.14.59:909][526]LogModuleManager: Shutting down and abandoning module GitSourceControl (330)
[2020.07.31-23.14.59:909][526]LogModuleManager: Shutting down and abandoning module SourceControl (329)
[2020.07.31-23.14.59:909][526]LogModuleManager: Shutting down and abandoning module CLionSourceCodeAccess (326)
[2020.07.31-23.14.59:909][526]LogModuleManager: Shutting down and abandoning module AnimationSharingEd (324)
[2020.07.31-23.14.59:909][526]LogModuleManager: Shutting down and abandoning module ActorLayerUtilitiesEditor (322)
[2020.07.31-23.14.59:909][526]LogModuleManager: Shutting down and abandoning module ActorLayerUtilities (320)
[2020.07.31-23.14.59:909][526]LogModuleManager: Shutting down and abandoning module LightPropagationVolumeEditor (318)
[2020.07.31-23.14.59:909][526]LogModuleManager: Shutting down and abandoning module PaperTiledImporter (316)
[2020.07.31-23.14.59:909][526]LogModuleManager: Shutting down and abandoning module PaperSpriteSheetImporter (314)
[2020.07.31-23.14.59:909][526]LogModuleManager: Shutting down and abandoning module Paper2DEditor (312)
[2020.07.31-23.14.59:909][526]LogModuleManager: Shutting down and abandoning module SignificanceManager (310)
[2020.07.31-23.14.59:909][526]LogModuleManager: Shutting down and abandoning module RuntimePhysXCooking (308)
[2020.07.31-23.14.59:909][526]LogModuleManager: Shutting down and abandoning module PhysXVehiclesEditor (306)
[2020.07.31-23.14.59:909][526]LogModuleManager: Shutting down and abandoning module LocationServicesBPLibrary (302)
[2020.07.31-23.14.59:909][526]LogModuleManager: Shutting down and abandoning module ActorSequence (300)
[2020.07.31-23.14.59:909][526]LogModuleManager: Shutting down and abandoning module UdpMessaging (298)
[2020.07.31-23.15.00:010][526]LogModuleManager: Shutting down and abandoning module TcpMessaging (296)
[2020.07.31-23.15.00:327][526]LogModuleManager: Shutting down and abandoning module MagicLeapIdentity (294)
[2020.07.31-23.15.00:327][526]LogModuleManager: Shutting down and abandoning module MagicLeapSecureStorage (292)
[2020.07.31-23.15.00:327][526]LogModuleManager: Shutting down and abandoning module MagicLeapHandTracking (290)
[2020.07.31-23.15.00:327][526]LogModuleManager: Shutting down and abandoning module MagicLeapEyeTracker (288)
[2020.07.31-23.15.00:327][526]LogModuleManager: Shutting down and abandoning module MagicLeapController (286)
[2020.07.31-23.15.00:328][526]LogSlate: Slate User Destroyed.  User Index 0, Is Virtual User: 0
[2020.07.31-23.15.00:328][526]LogModuleManager: Shutting down and abandoning module MagicLeapAR (284)
[2020.07.31-23.15.00:328][526]LogModuleManager: Shutting down and abandoning module AugmentedReality (283)
[2020.07.31-23.15.00:328][526]LogModuleManager: Shutting down and abandoning module GameplayTagsEditor (280)
[2020.07.31-23.15.00:328][526]LogModuleManager: Shutting down and abandoning module FacialAnimationEditor (278)
[2020.07.31-23.15.00:328][526]LogModuleManager: Shutting down and abandoning module FacialAnimation (276)
[2020.07.31-23.15.00:328][526]LogModuleManager: Shutting down and abandoning module DataValidation (274)
[2020.07.31-23.15.00:328][526]LogModuleManager: Shutting down and abandoning module AssetManagerEditor (272)
[2020.07.31-23.15.00:328][526]LogModuleManager: Shutting down and abandoning module LevelEditor (271)
[2020.07.31-23.15.00:328][526]LogModuleManager: Shutting down and abandoning module PixelInspectorModule (270)
[2020.07.31-23.15.00:328][526]LogModuleManager: Shutting down and abandoning module CommonMenuExtensions (268)
[2020.07.31-23.15.00:328][526]LogModuleManager: Shutting down and abandoning module MainFrame (266)
[2020.07.31-23.15.00:328][526]LogModuleManager: Shutting down and abandoning module HotReload (265)
[2020.07.31-23.15.00:329][526]LogModuleManager: Shutting down and abandoning module ContentBrowser (261)
[2020.07.31-23.15.00:329][526]LogModuleManager: Shutting down and abandoning module TreeMap (259)
[2020.07.31-23.15.00:329][526]LogModuleManager: Shutting down and abandoning module AnimationSharing (256)
[2020.07.31-23.15.00:329][526]LogModuleManager: Shutting down and abandoning module LightPropagationVolumeRuntime (254)
[2020.07.31-23.15.00:329][526]LogModuleManager: Shutting down and abandoning module Paper2D (252)
[2020.07.31-23.15.00:329][526]LogModuleManager: Shutting down and abandoning module WindowsMoviePlayer (250)
[2020.07.31-23.15.00:331][526]LogModuleManager: Shutting down and abandoning module WebMMoviePlayer (248)
[2020.07.31-23.15.00:331][526]LogModuleManager: Shutting down and abandoning module NetworkReplayStreaming (246)
[2020.07.31-23.15.00:331][526]LogModuleManager: Shutting down and abandoning module PacketHandler (244)
[2020.07.31-23.15.00:331][526]LogModuleManager: Shutting down and abandoning module ClothingSystemEditor (242)
[2020.07.31-23.15.00:331][526]LogModuleManager: Shutting down and abandoning module ClothingSystemRuntime (240)
[2020.07.31-23.15.00:331][526]LogModuleManager: Shutting down and abandoning module MediaAssets (238)
[2020.07.31-23.15.00:331][526]LogModuleManager: Shutting down and abandoning module Overlay (236)
[2020.07.31-23.15.00:331][526]LogModuleManager: Shutting down and abandoning module OverlayEditor (235)
[2020.07.31-23.15.00:331][526]LogModuleManager: Shutting down and abandoning module VREditor (232)
[2020.07.31-23.15.00:331][526]LogModuleManager: Shutting down and abandoning module StringTableEditor (230)
[2020.07.31-23.15.00:331][526]LogModuleManager: Shutting down and abandoning module GameplayTasksEditor (228)
[2020.07.31-23.15.00:331][526]LogModuleManager: Shutting down and abandoning module BehaviorTreeEditor (226)
[2020.07.31-23.15.00:331][526]LogModuleManager: Shutting down and abandoning module FunctionalTesting (224)
[2020.07.31-23.15.00:331][526]LogModuleManager: Shutting down and abandoning module CollisionAnalyzer (222)
[2020.07.31-23.15.00:331][526]LogModuleManager: Shutting down and abandoning module WorkspaceMenuStructure (221)
[2020.07.31-23.15.00:331][526]LogModuleManager: Shutting down and abandoning module UMG (218)
[2020.07.31-23.15.00:331][526]LogModuleManager: Shutting down and abandoning module UMGEditor (217)
[2020.07.31-23.15.00:331][526]LogModuleManager: Shutting down and abandoning module Sequencer (216)
[2020.07.31-23.15.00:331][526]LogModuleManager: Shutting down and abandoning module MessageLog (213)
[2020.07.31-23.15.00:331][526]LogModuleManager: Shutting down and abandoning module SlateReflector (208)
[2020.07.31-23.15.00:331][526]LogModuleManager: Shutting down and abandoning module Slate (206)
[2020.07.31-23.15.00:331][526]LogModuleManager: Shutting down and abandoning module LandscapeEditorUtilities (204)
[2020.07.31-23.15.00:331][526]LogModuleManager: Shutting down and abandoning module EditorStyle (202)
[2020.07.31-23.15.00:332][526]LogModuleManager: Shutting down and abandoning module UnrealEd (200)
[2020.07.31-23.15.00:332][526]LogModuleManager: Shutting down and abandoning module MRMesh (198)
[2020.07.31-23.15.00:332][526]LogModuleManager: Shutting down and abandoning module SourceCodeAccess (196)
[2020.07.31-23.15.00:332][526]LogModuleManager: Shutting down and abandoning module HeadMountedDisplay (194)
[2020.07.31-23.15.00:332][526]LogModuleManager: Shutting down and abandoning module XAudio2 (192)
[2020.07.31-23.15.00:332][526]LogModuleManager: Shutting down and abandoning module Networking (190)
[2020.07.31-23.15.00:332][526]LogModuleManager: Shutting down and abandoning module Core (188)
[2020.07.31-23.15.00:332][526]LogModuleManager: Shutting down and abandoning module KismetCompiler (186)
[2020.07.31-23.15.00:332][526]LogModuleManager: Shutting down and abandoning module MeshUtilities (184)
[2020.07.31-23.15.00:332][526]LogModuleManager: Shutting down and abandoning module MeshMergeUtilities (183)
[2020.07.31-23.15.00:332][526]LogModuleManager: Shutting down and abandoning module MeshReductionInterface (182)
[2020.07.31-23.15.00:332][526]LogModuleManager: Shutting down and abandoning module SkeletalMeshReduction (181)
[2020.07.31-23.15.00:332][526]LogModuleManager: Shutting down and abandoning module ProxyLODMeshReduction (179)
[2020.07.31-23.15.00:332][526]LogModuleManager: Shutting down and abandoning module QuadricMeshReduction (177)
[2020.07.31-23.15.00:332][526]LogModuleManager: Shutting down and abandoning module MaterialBaking (173)
[2020.07.31-23.15.00:332][526]LogModuleManager: Shutting down and abandoning module NullInstallBundleManager (168)
[2020.07.31-23.15.00:332][526]LogModuleManager: Shutting down and abandoning module DerivedDataCache (166)
[2020.07.31-23.15.00:399][526]LogDerivedDataCache: Shutdown
[2020.07.31-23.15.00:399][526]LogModuleManager: Shutting down and abandoning module XGEController (164)
[2020.07.31-23.15.00:399][526]LogModuleManager: Shutting down and abandoning module TargetPlatform (162)
[2020.07.31-23.15.00:399][526]LogModuleManager: Shutting down and abandoning module VulkanShaderFormat (161)
[2020.07.31-23.15.00:399][526]LogModuleManager: Shutting down and abandoning module ShaderFormatVectorVM (159)
[2020.07.31-23.15.00:399][526]LogModuleManager: Shutting down and abandoning module ShaderFormatOpenGL (157)
[2020.07.31-23.15.00:399][526]LogModuleManager: Shutting down and abandoning module ShaderFormatD3D (155)
[2020.07.31-23.15.00:399][526]LogModuleManager: Shutting down and abandoning module MetalShaderFormat (153)
[2020.07.31-23.15.00:399][526]LogModuleManager: Shutting down and abandoning module TextureFormatUncompressed (151)
[2020.07.31-23.15.00:399][526]LogModuleManager: Shutting down and abandoning module TextureFormatPVR (149)
[2020.07.31-23.15.00:399][526]LogModuleManager: Shutting down and abandoning module TextureFormatDXT (147)
[2020.07.31-23.15.00:399][526]LogModuleManager: Shutting down and abandoning module TextureFormatIntelISPCTexComp (145)
[2020.07.31-23.15.00:399][526]LogModuleManager: Shutting down and abandoning module TextureFormatASTC (143)
[2020.07.31-23.15.00:399][526]LogModuleManager: Shutting down and abandoning module ImageWrapper (142)
[2020.07.31-23.15.00:399][526]LogModuleManager: Shutting down and abandoning module TextureFormatAndroid (139)
[2020.07.31-23.15.00:399][526]LogModuleManager: Shutting down and abandoning module AudioFormatOpus (137)
[2020.07.31-23.15.00:399][526]LogModuleManager: Shutting down and abandoning module AudioFormatOgg (135)
[2020.07.31-23.15.00:399][526]LogModuleManager: Shutting down and abandoning module AudioFormatADPCM (133)
[2020.07.31-23.15.00:399][526]LogModuleManager: Shutting down and abandoning module LuminTargetPlatform (131)
[2020.07.31-23.15.00:400][526]LogModuleManager: Shutting down and abandoning module LinuxTargetPlatform (129)
[2020.07.31-23.15.00:400][526]LogModuleManager: Shutting down and abandoning module LinuxServerTargetPlatform (127)
[2020.07.31-23.15.00:400][526]LogModuleManager: Shutting down and abandoning module LinuxNoEditorTargetPlatform (125)
[2020.07.31-23.15.00:400][526]LogModuleManager: Shutting down and abandoning module LinuxClientTargetPlatform (123)
[2020.07.31-23.15.00:400][526]LogModuleManager: Shutting down and abandoning module TVOSTargetPlatform (121)
[2020.07.31-23.15.00:400][526]LogModuleManager: Shutting down and abandoning module Messaging (119)
[2020.07.31-23.15.00:401][526]LogModuleManager: Shutting down and abandoning module IOSTargetPlatform (117)
[2020.07.31-23.15.00:401][526]LogModuleManager: Shutting down and abandoning module HTML5TargetPlatform (115)
[2020.07.31-23.15.00:401][526]LogModuleManager: Shutting down and abandoning module AndroidTargetPlatform (113)
[2020.07.31-23.15.00:404][526]LogModuleManager: Shutting down and abandoning module WindowsTargetPlatform (111)
[2020.07.31-23.15.00:404][526]LogModuleManager: Shutting down and abandoning module WindowsServerTargetPlatform (109)
[2020.07.31-23.15.00:404][526]LogModuleManager: Shutting down and abandoning module WindowsNoEditorTargetPlatform (107)
[2020.07.31-23.15.00:404][526]LogModuleManager: Shutting down and abandoning module WindowsClientTargetPlatform (105)
[2020.07.31-23.15.00:404][526]LogModuleManager: Shutting down and abandoning module MacTargetPlatform (103)
[2020.07.31-23.15.00:404][526]LogModuleManager: Shutting down and abandoning module MacServerTargetPlatform (101)
[2020.07.31-23.15.00:404][526]LogModuleManager: Shutting down and abandoning module MacNoEditorTargetPlatform (99)
[2020.07.31-23.15.00:404][526]LogModuleManager: Shutting down and abandoning module MacClientTargetPlatform (97)
[2020.07.31-23.15.00:404][526]LogModuleManager: Shutting down and abandoning module AllDesktopTargetPlatform (95)
[2020.07.31-23.15.00:404][526]LogModuleManager: Shutting down and abandoning module InputCore (92)
[2020.07.31-23.15.00:404][526]LogModuleManager: Shutting down and abandoning module Settings (90)
[2020.07.31-23.15.00:404][526]LogModuleManager: Shutting down and abandoning module DirectoryWatcher (88)
[2020.07.31-23.15.00:405][526]LogModuleManager: Shutting down and abandoning module PhysXCooking (86)
[2020.07.31-23.15.00:405][526]LogModuleManager: Shutting down and abandoning module WindowsPlatformFeatures (84)
[2020.07.31-23.15.00:405][526]LogModuleManager: Shutting down and abandoning module GameplayMediaEncoder (83)
[2020.07.31-23.15.00:405][526]LogModuleManager: Shutting down and abandoning module SteamVR (80)
[2020.07.31-23.15.00:405][526]LogHMD: Freeing OpenVRDLLHandle.
[2020.07.31-23.15.00:405][526]LogModuleManager: Shutting down and abandoning module OculusHMD (78)
[2020.07.31-23.15.00:405][526]LogModuleManager: Shutting down and abandoning module ExampleDeviceProfileSelector (76)
[2020.07.31-23.15.00:405][526]LogModuleManager: Shutting down and abandoning module LauncherChunkInstaller (74)
[2020.07.31-23.15.00:405][526]LogModuleManager: Shutting down and abandoning module OnlineBlueprintSupport (72)
[2020.07.31-23.15.00:405][526]LogModuleManager: Shutting down and abandoning module OnlineSubsystem (68)
[2020.07.31-23.15.00:406][526]LogModuleManager: Shutting down and abandoning module XMPP (61)
[2020.07.31-23.15.00:406][526]LogModuleManager: Shutting down and abandoning module WebSockets (60)
[2020.07.31-23.15.00:415][526]LogModuleManager: Shutting down and abandoning module HTTP (57)
[2020.07.31-23.15.00:415][526]LogHttp: Display: Http module shutting down, but needs to wait on 1 outstanding Http requests:
[2020.07.31-23.15.00:415][526]LogHttp: Display: 	verb=[POST] url=[https://datarouter.ol.epicgames.com/datarouter/api/v1/public/data?SessionID=%7BE10B943B-4F87-2059-804A-8D8160D2CED1%7D&AppID=UEEditor.Rocket.Release&AppVersion=4.23.1-9631420%2B%2B%2BUE4%2BRelease-4.23&UserID=223845704c6516493bcdb69e8f4e2567%7C52cd936612ca433ba7244efdbd41ffd6%7C4eec7dc2-007f-4bed-8ab7-a8a892bc0b34&AppEnvironment=datacollector-binary&UploadType=eteventstream] status=Processing
[2020.07.31-23.15.00:431][526]LogModuleManager: Shutting down and abandoning module SSL (56)
[2020.07.31-23.15.00:431][526]LogModuleManager: Shutting down and abandoning module WmfMedia (52)
[2020.07.31-23.15.00:432][526]LogModuleManager: Shutting down and abandoning module Media (51)
[2020.07.31-23.15.00:433][526]LogModuleManager: Shutting down and abandoning module MagicLeap (48)
[2020.07.31-23.15.00:433][526]LogModuleManager: Shutting down and abandoning module DatasmithContent (46)
[2020.07.31-23.15.00:433][526]LogModuleManager: Shutting down and abandoning module AISupportModule (44)
[2020.07.31-23.15.00:433][526]LogModuleManager: Shutting down and abandoning module PlatformCryptoOpenSSL (42)
[2020.07.31-23.15.00:433][526]LogModuleManager: Shutting down and abandoning module PlatformCrypto (40)
[2020.07.31-23.15.00:433][526]LogModuleManager: Shutting down and abandoning module AnimationModifiers (38)
[2020.07.31-23.15.00:433][526]LogModuleManager: Shutting down and abandoning module PropertyEditor (37)
[2020.07.31-23.15.00:433][526]LogModuleManager: Shutting down and abandoning module AudioEditor (34)
[2020.07.31-23.15.00:434][526]LogModuleManager: Shutting down and abandoning module TextureCompressor (32)
[2020.07.31-23.15.00:434][526]LogModuleManager: Shutting down and abandoning module RenderCore (30)
[2020.07.31-23.15.00:434][526]LogModuleManager: Shutting down and abandoning module Landscape (28)
[2020.07.31-23.15.00:434][526]LogModuleManager: Shutting down and abandoning module SlateRHIRenderer (26)
[2020.07.31-23.15.00:436][526]LogModuleManager: Shutting down and abandoning module OpenGLDrv (24)
[2020.07.31-23.15.00:436][526]LogModuleManager: Shutting down and abandoning module D3D11RHI (22)
[2020.07.31-23.15.00:437][526]LogModuleManager: Shutting down and abandoning module AnimGraphRuntime (20)
[2020.07.31-23.15.00:437][526]LogModuleManager: Shutting down and abandoning module Renderer (18)
[2020.07.31-23.15.00:437][526]LogModuleManager: Shutting down and abandoning module Engine (16)
[2020.07.31-23.15.00:437][526]LogModuleManager: Shutting down and abandoning module CoreUObject (14)
[2020.07.31-23.15.00:437][526]LogModuleManager: Shutting down and abandoning module NetworkFile (12)
[2020.07.31-23.15.00:437][526]LogModuleManager: Shutting down and abandoning module CookedIterativeFile (10)
[2020.07.31-23.15.00:437][526]LogModuleManager: Shutting down and abandoning module StreamingFile (8)
[2020.07.31-23.15.00:437][526]LogModuleManager: Shutting down and abandoning module SandboxFile (6)
[2020.07.31-23.15.00:437][526]LogModuleManager: Shutting down and abandoning module PakFile (4)
[2020.07.31-23.15.00:437][526]LogModuleManager: Shutting down and abandoning module RSA (3)
[2020.07.31-23.15.00:439][526]LogD3D11RHI: Shutdown
[2020.07.31-23.15.00:439][526]LogD3D11RHI: CleanupD3DDevice
[2020.07.31-23.15.00:439][526]LogRendererCore: FGlobalDynamicReadBuffer::Cleanup()
[2020.07.31-23.15.00:439][526]LogRendererCore: FGlobalDynamicReadBuffer::Cleanup()
[2020.07.31-23.15.00:439][526]LogRendererCore: FGlobalDynamicReadBuffer::Cleanup()
[2020.07.31-23.15.00:492][526]LogD3D11RHI: ~FD3D11DynamicRHI
[2020.07.31-23.15.00:500][526]LogExit: Exiting.
[2020.07.31-23.15.00:528][526]Log file closed, 08/01/20 01:15:00
