Log file open, 07/29/20 02:10:54
LogWindows: Failed to load 'aqProf.dll' (GetLastError=126)
LogWindows: File 'aqProf.dll' does not exist
LogWindows: Failed to load 'VtuneApi.dll' (GetLastError=126)
LogWindows: File 'VtuneApi.dll' does not exist
LogWindows: Failed to load 'VtuneApi32e.dll' (GetLastError=126)
LogWindows: File 'VtuneApi32e.dll' does not exist
LogConsoleResponse: Display: Failed to find resolution value strings in scalability ini. Falling back to default.
LogInit: Display: Running engine for game: StructureInventory
LogPlatformFile: Not using cached read wrapper
LogTaskGraph: Started task graph with 5 named threads and 23 total threads with 3 sets of task threads.
LogStats: Stats thread started at 0.073385
LogD3D11RHI: Loaded GFSDK_Aftermath_Lib.x64.dll
LogICUInternationalization: ICU TimeZone Detection - Raw Offset: +1:00, Platform Override: ''
LogPluginManager: Mounting plugin Paper2D
LogPluginManager: Mounting plugin AISupport
LogPluginManager: Mounting plugin LightPropagationVolume
LogPluginManager: Mounting plugin ActorLayerUtilities
LogPluginManager: Mounting plugin AnimationSharing
LogPluginManager: Mounting plugin CLionSourceCodeAccess
LogPluginManager: Mounting plugin CodeLiteSourceCodeAccess
LogPluginManager: Mounting plugin GitSourceControl
LogPluginManager: Mounting plugin KDevelopSourceCodeAccess
LogPluginManager: Mounting plugin NullSourceCodeAccess
LogPluginManager: Mounting plugin PerforceSourceControl
LogPluginManager: Mounting plugin SubversionSourceControl
LogPluginManager: Mounting plugin UObjectPlugin
LogPluginManager: Mounting plugin VisualStudioCodeSourceCodeAccess
LogPluginManager: Mounting plugin VisualStudioSourceCodeAccess
LogPluginManager: Mounting plugin XCodeSourceCodeAccess
LogPluginManager: Mounting plugin AssetManagerEditor
LogPluginManager: Mounting plugin CryptoKeys
LogPluginManager: Mounting plugin CurveEditorTools
LogPluginManager: Mounting plugin DataValidation
LogPluginManager: Mounting plugin EditorScriptingUtilities
LogPluginManager: Mounting plugin FacialAnimation
LogPluginManager: Mounting plugin GameplayTagsEditor
LogPluginManager: Mounting plugin GLTFImporter
LogPluginManager: Mounting plugin MacGraphicsSwitching
LogPluginManager: Mounting plugin MaterialAnalyzer
LogPluginManager: Mounting plugin MeshEditor
LogPluginManager: Mounting plugin MobileLauncherProfileWizard
LogPluginManager: Mounting plugin PluginBrowser
LogPluginManager: Mounting plugin SpeedTreeImporter
LogPluginManager: Mounting plugin DatasmithContent
LogPluginManager: Mounting plugin VariantManagerContent
LogPluginManager: Mounting plugin AlembicImporter
LogPluginManager: Mounting plugin AutomationUtils
LogPluginManager: Mounting plugin BackChannel
LogPluginManager: Mounting plugin BlastPlugin
LogPluginManager: Mounting plugin ChaosSolverPlugin
LogPluginManager: Mounting plugin CharacterAI
LogPluginManager: Mounting plugin DataPrepEditor
LogPluginManager: Mounting plugin GeometryCache
LogPluginManager: Mounting plugin GeometryCollectionPlugin
LogPluginManager: Mounting plugin HTML5Networking
LogPluginManager: Mounting plugin PlatformCrypto
LogPluginManager: Mounting plugin ProxyLODPlugin
LogPluginManager: Mounting plugin SkeletalReduction
LogPluginManager: Mounting plugin MagicLeap
LogPluginManager: Mounting plugin MagicLeapMedia
LogPluginManager: Mounting plugin AndroidMedia
LogPluginManager: Mounting plugin AvfMedia
LogPluginManager: Mounting plugin ImgMedia
LogPluginManager: Mounting plugin MediaCompositing
LogPluginManager: Mounting plugin MediaPlayerEditor
LogPluginManager: Mounting plugin WebMMedia
LogPluginManager: Mounting plugin WmfMedia
LogPluginManager: Mounting plugin TcpMessaging
LogPluginManager: Mounting plugin UdpMessaging
LogPluginManager: Mounting plugin ActorSequence
LogPluginManager: Mounting plugin LevelSequenceEditor
LogPluginManager: Mounting plugin MatineeToLevelSequence
LogPluginManager: Mounting plugin NetcodeUnitTest
LogPluginManager: Mounting plugin NUTUnrealEngine4
LogPluginManager: Mounting plugin OnlineSubsystemGooglePlay
LogPluginManager: Mounting plugin OnlineSubsystemIOS
LogPluginManager: Mounting plugin OnlineSubsystem
LogPluginManager: Mounting plugin OnlineSubsystemNull
LogPluginManager: Mounting plugin OnlineSubsystemSteam
LogPluginManager: Mounting plugin OnlineSubsystemUtils
LogPluginManager: Mounting plugin LauncherChunkInstaller
LogPluginManager: Mounting plugin AndroidDeviceProfileSelector
LogPluginManager: Mounting plugin AndroidMoviePlayer
LogPluginManager: Mounting plugin AndroidPermission
LogPluginManager: Mounting plugin AppleImageUtils
LogPluginManager: Mounting plugin AppleMoviePlayer
LogPluginManager: Mounting plugin ArchVisCharacter
LogPluginManager: Mounting plugin AudioCapture
LogPluginManager: Mounting plugin CableComponent
LogPluginManager: Mounting plugin CustomMeshComponent
LogPluginManager: Mounting plugin EditableMesh
LogPluginManager: Mounting plugin ExampleDeviceProfileSelector
LogPluginManager: Mounting plugin GoogleCloudMessaging
LogPluginManager: Mounting plugin IOSDeviceProfileSelector
LogPluginManager: Mounting plugin LinuxDeviceProfileSelector
LogPluginManager: Mounting plugin LocationServicesBPLibrary
LogPluginManager: Mounting plugin MobilePatchingUtils
LogPluginManager: Mounting plugin OculusVR
LogPluginManager: Mounting plugin PhysXVehicles
LogPluginManager: Mounting plugin ProceduralMeshComponent
LogPluginManager: Mounting plugin RuntimePhysXCooking
LogPluginManager: Mounting plugin SignificanceManager
LogPluginManager: Mounting plugin SteamVR
LogPluginManager: Mounting plugin WebMMoviePlayer
LogPluginManager: Mounting plugin WindowsMoviePlayer
LogPluginManager: Mounting plugin ScreenshotTools
LogPluginManager: Mounting plugin AdvancedSessions
LogPluginManager: Mounting plugin AdvancedSteamSessions
LogPluginManager: Mounting plugin DatasmithC4DImporter
LogPluginManager: Mounting plugin DatasmithCADImporter
LogPluginManager: Mounting plugin DatasmithFBXImporter
LogPluginManager: Mounting plugin DatasmithGLTFImporter
LogPluginManager: Mounting plugin DatasmithIFCImporter
LogPluginManager: Mounting plugin DatasmithImporter
LogPluginManager: Mounting plugin MDLImporter
LogPluginManager: Mounting plugin StaticMeshEditorExtension
LogPluginManager: Mounting plugin VariantManager
LogInit: Using libcurl 7.55.1-DEV
LogInit:  - built for x86_64-pc-win32
LogInit:  - supports SSL with OpenSSL/1.1.1
LogInit:  - supports HTTP deflate (compression) using libz 1.2.8
LogInit:  - other features:
LogInit:      CURL_VERSION_SSL
LogInit:      CURL_VERSION_LIBZ
LogInit:      CURL_VERSION_IPV6
LogInit:      CURL_VERSION_ASYNCHDNS
LogInit:      CURL_VERSION_LARGEFILE
LogInit:      CURL_VERSION_IDN
LogInit:  CurlRequestOptions (configurable via config and command line):
LogInit:  - bVerifyPeer = true  - Libcurl will verify peer certificate
LogInit:  - bUseHttpProxy = false  - Libcurl will NOT use HTTP proxy
LogInit:  - bDontReuseConnections = false  - Libcurl will reuse connections
LogInit:  - MaxHostConnections = 16  - Libcurl will limit the number of connections to a host
LogInit:  - LocalHostAddr = Default
LogInit:  - BufferSize = 65536
LogOnline: Display: STEAM: Loading Steam SDK 1.42
LogOnline: OSS: Creating online subsystem instance for: Steam
LogOnline: STEAM: Steam User is subscribed 1
LogOnline: STEAM: [AppId: 480] Client API initialized 1
LogOnline: STEAM: [AppId: 480] Game Server API initialized 1
LogOnline: STEAM: Missing P2PCleanupTimeout key in OnlineSubsystemSteam of DefaultEngine.ini, using default
LogInit: WinSock: version 1.1 (2.2), MaxSocks=32767, MaxUdp=65467
LogInit: Build: ++UE4+Release-4.23-CL-9631420
LogInit: Engine Version: 4.23.1-9631420+++UE4+Release-4.23
LogInit: Compatible Engine Version: 4.23.0-8386587+++UE4+Release-4.23
LogInit: Net CL: 8386587
LogInit: OS: Windows 10 (Release 1909) (), CPU: Intel(R) Core(TM) i7-7700K CPU @ 4.20GHz, GPU: NVIDIA GeForce GTX 1080
LogInit: Compiled (64-bit): Oct 18 2019 02:07:44
LogInit: Compiled with Visual C++: 19.16.27030.01
LogInit: Build Configuration: Development
LogInit: Branch Name: ++UE4+Release-4.23
LogInit: Command Line:  /Game/GameRelated/MM_Level -game -PIEVIACONSOLE -ResX=1280 -ResY=720 -Multiprocess -messaging -SessionName="Play in Standalone Game" -windowed
LogInit: Base Directory: D:/Program Files/Epic Games/UE_4.23/Engine/Binaries/Win64/
LogInit: Installed Engine Build: 1
LogDevObjectVersion: Number of dev versions registered: 23
LogDevObjectVersion:   Dev-Blueprints (B0D832E4-1F89-4F0D-ACCF-7EB736FD4AA2): 10
LogDevObjectVersion:   Dev-Build (E1C64328-A22C-4D53-A36C-8E866417BD8C): 0
LogDevObjectVersion:   Dev-Core (375EC13C-06E4-48FB-B500-84F0262A717E): 3
LogDevObjectVersion:   Dev-Editor (E4B068ED-F494-42E9-A231-DA0B2E46BB41): 34
LogDevObjectVersion:   Dev-Framework (CFFC743F-43B0-4480-9391-14DF171D2073): 35
LogDevObjectVersion:   Dev-Mobile (B02B49B5-BB20-44E9-A304-32B752E40360): 2
LogDevObjectVersion:   Dev-Networking (A4E4105C-59A1-49B5-A7C5-40C4547EDFEE): 0
LogDevObjectVersion:   Dev-Online (39C831C9-5AE6-47DC-9A44-9C173E1C8E7C): 0
LogDevObjectVersion:   Dev-Physics (78F01B33-EBEA-4F98-B9B4-84EACCB95AA2): 0
LogDevObjectVersion:   Dev-Platform (6631380F-2D4D-43E0-8009-CF276956A95A): 0
LogDevObjectVersion:   Dev-Rendering (12F88B9F-8875-4AFC-A67C-D90C383ABD29): 31
LogDevObjectVersion:   Dev-Sequencer (7B5AE74C-D270-4C10-A958-57980B212A5A): 11
LogDevObjectVersion:   Dev-VR (D7296918-1DD6-4BDD-9DE2-64A83CC13884): 2
LogDevObjectVersion:   Dev-LoadTimes (C2A15278-BFE7-4AFE-6C17-90FF531DF755): 1
LogDevObjectVersion:   Private-Geometry (6EACA3D4-40EC-4CC1-B786-8BED09428FC5): 3
LogDevObjectVersion:   Dev-AnimPhys (29E575DD-E0A3-4627-9D10-D276232CDCEA): 17
LogDevObjectVersion:   Dev-Anim (AF43A65D-7FD3-4947-9873-3E8ED9C1BB05): 2
LogDevObjectVersion:   Dev-ReflectionCapture (6B266CEC-1EC7-4B8F-A30B-E4D90942FC07): 1
LogDevObjectVersion:   Dev-Automation (0DF73D61-A23F-47EA-B727-89E90C41499A): 1
LogDevObjectVersion:   FortniteMain (601D1886-AC64-4F84-AA16-D3DE0DEAC7D6): 27
LogDevObjectVersion:   Dev-Enterprise (9DFFBCD6-494F-0158-E221-12823C92A888): 6
LogDevObjectVersion:   Dev-Niagara (F2AED0AC-9AFE-416F-8664-AA7FFA26D6FC): 1
LogDevObjectVersion:   Dev-Destruction (174F1F0B-B4C6-45A5-B13F-2EE8D0FB917D): 9
LogInit: Presizing for max 16777216 objects, including 0 objects not considered by GC, pre-allocating 0 bytes for permanent pool.
LogInit: Object subsystem initialized
LogConfig: Setting CVar [[con.DebugEarlyDefault:1]]
LogConfig: Setting CVar [[r.setres:1280x720]]
[2020.07.29-00.10.54:942][  0]LogConfig: Setting CVar [[con.DebugEarlyDefault:1]]
[2020.07.29-00.10.54:942][  0]LogConfig: Setting CVar [[r.setres:1280x720]]
[2020.07.29-00.10.54:942][  0]LogConfig: Applying CVar settings from Section [/Script/Engine.RendererSettings] File [D:/Down2DieInventory/StructureInventory/Saved/Config/Windows/Engine.ini]
[2020.07.29-00.10.54:942][  0]LogConfig: Setting CVar [[r.GPUCrashDebugging:0]]
[2020.07.29-00.10.54:942][  0]LogConfig: Setting CVar [[r.DefaultFeature.AutoExposure.ExtendDefaultLuminanceRange:1]]
[2020.07.29-00.10.54:942][  0]LogConfig: Applying CVar settings from Section [/Script/Engine.RendererOverrideSettings] File [D:/Down2DieInventory/StructureInventory/Saved/Config/Windows/Engine.ini]
[2020.07.29-00.10.54:942][  0]LogConfig: Applying CVar settings from Section [/Script/Engine.StreamingSettings] File [D:/Down2DieInventory/StructureInventory/Saved/Config/Windows/Engine.ini]
[2020.07.29-00.10.54:942][  0]LogConfig: Setting CVar [[s.MinBulkDataSizeForAsyncLoading:131072]]
[2020.07.29-00.10.54:942][  0]LogConfig: Setting CVar [[s.AsyncLoadingThreadEnabled:0]]
[2020.07.29-00.10.54:942][  0]LogConfig: Setting CVar [[s.EventDrivenLoaderEnabled:1]]
[2020.07.29-00.10.54:942][  0]LogConfig: Setting CVar [[s.WarnIfTimeLimitExceeded:0]]
[2020.07.29-00.10.54:942][  0]LogConfig: Setting CVar [[s.TimeLimitExceededMultiplier:1.5]]
[2020.07.29-00.10.54:942][  0]LogConfig: Setting CVar [[s.TimeLimitExceededMinTime:0.005]]
[2020.07.29-00.10.54:942][  0]LogConfig: Setting CVar [[s.UseBackgroundLevelStreaming:1]]
[2020.07.29-00.10.54:942][  0]LogConfig: Setting CVar [[s.PriorityAsyncLoadingExtraTime:15.0]]
[2020.07.29-00.10.54:942][  0]LogConfig: Setting CVar [[s.LevelStreamingActorsUpdateTimeLimit:5.0]]
[2020.07.29-00.10.54:943][  0]LogConfig: Setting CVar [[s.PriorityLevelStreamingActorsUpdateExtraTime:5.0]]
[2020.07.29-00.10.54:943][  0]LogConfig: Setting CVar [[s.LevelStreamingComponentsRegistrationGranularity:10]]
[2020.07.29-00.10.54:943][  0]LogConfig: Setting CVar [[s.UnregisterComponentsTimeLimit:1.0]]
[2020.07.29-00.10.54:943][  0]LogConfig: Setting CVar [[s.LevelStreamingComponentsUnregistrationGranularity:5]]
[2020.07.29-00.10.54:943][  0]LogConfig: Applying CVar settings from Section [/Script/Engine.GarbageCollectionSettings] File [D:/Down2DieInventory/StructureInventory/Saved/Config/Windows/Engine.ini]
[2020.07.29-00.10.54:943][  0]LogConfig: Setting CVar [[gc.MaxObjectsNotConsideredByGC:1]]
[2020.07.29-00.10.54:943][  0]LogConfig: Setting CVar [[gc.SizeOfPermanentObjectPool:0]]
[2020.07.29-00.10.54:943][  0]LogConfig: Setting CVar [[gc.FlushStreamingOnGC:0]]
[2020.07.29-00.10.54:943][  0]LogConfig: Setting CVar [[gc.NumRetriesBeforeForcingGC:10]]
[2020.07.29-00.10.54:943][  0]LogConfig: Setting CVar [[gc.AllowParallelGC:1]]
[2020.07.29-00.10.54:943][  0]LogConfig: Setting CVar [[gc.TimeBetweenPurgingPendingKillObjects:61.1]]
[2020.07.29-00.10.54:943][  0]LogConfig: Setting CVar [[gc.MaxObjectsInEditor:16777216]]
[2020.07.29-00.10.54:943][  0]LogConfig: Setting CVar [[gc.IncrementalBeginDestroyEnabled:1]]
[2020.07.29-00.10.54:943][  0]LogConfig: Setting CVar [[gc.CreateGCClusters:1]]
[2020.07.29-00.10.54:943][  0]LogConfig: Setting CVar [[gc.MinGCClusterSize:5]]
[2020.07.29-00.10.54:943][  0]LogConfig: Setting CVar [[gc.ActorClusteringEnabled:0]]
[2020.07.29-00.10.54:943][  0]LogConfig: Setting CVar [[gc.BlueprintClusteringEnabled:0]]
[2020.07.29-00.10.54:943][  0]LogConfig: Setting CVar [[gc.UseDisregardForGCOnDedicatedServers:0]]
[2020.07.29-00.10.54:943][  0]LogConfig: Applying CVar settings from Section [/Script/Engine.NetworkSettings] File [D:/Down2DieInventory/StructureInventory/Saved/Config/Windows/Engine.ini]
[2020.07.29-00.10.54:943][  0]LogConfig: Applying CVar settings from Section [/Script/UnrealEd.CookerSettings] File [D:/Down2DieInventory/StructureInventory/Saved/Config/Windows/Engine.ini]
[2020.07.29-00.10.54:946][  0]LogConfig: Applying CVar settings from Section [ViewDistanceQuality@3] File [D:/Down2DieInventory/StructureInventory/Saved/Config/Windows/Scalability.ini]
[2020.07.29-00.10.54:946][  0]LogConfig: Setting CVar [[r.SkeletalMeshLODBias:0]]
[2020.07.29-00.10.54:946][  0]LogConfig: Setting CVar [[r.ViewDistanceScale:1.0]]
[2020.07.29-00.10.54:946][  0]LogConfig: Applying CVar settings from Section [AntiAliasingQuality@3] File [D:/Down2DieInventory/StructureInventory/Saved/Config/Windows/Scalability.ini]
[2020.07.29-00.10.54:946][  0]LogConfig: Setting CVar [[r.PostProcessAAQuality:4]]
[2020.07.29-00.10.54:946][  0]LogConfig: Applying CVar settings from Section [ShadowQuality@3] File [D:/Down2DieInventory/StructureInventory/Saved/Config/Windows/Scalability.ini]
[2020.07.29-00.10.54:946][  0]LogConfig: Setting CVar [[r.LightFunctionQuality:1]]
[2020.07.29-00.10.54:946][  0]LogConfig: Setting CVar [[r.ShadowQuality:5]]
[2020.07.29-00.10.54:946][  0]LogConfig: Setting CVar [[r.Shadow.CSM.MaxCascades:10]]
[2020.07.29-00.10.54:946][  0]LogConfig: Setting CVar [[r.Shadow.MaxResolution:2048]]
[2020.07.29-00.10.54:946][  0]LogConfig: Setting CVar [[r.Shadow.MaxCSMResolution:2048]]
[2020.07.29-00.10.54:946][  0]LogConfig: Setting CVar [[r.Shadow.RadiusThreshold:0.01]]
[2020.07.29-00.10.54:946][  0]LogConfig: Setting CVar [[r.Shadow.DistanceScale:1.0]]
[2020.07.29-00.10.54:946][  0]LogConfig: Setting CVar [[r.Shadow.CSM.TransitionScale:1.0]]
[2020.07.29-00.10.54:946][  0]LogConfig: Setting CVar [[r.Shadow.PreShadowResolutionFactor:1.0]]
[2020.07.29-00.10.54:946][  0]LogConfig: Setting CVar [[r.DistanceFieldShadowing:1]]
[2020.07.29-00.10.54:946][  0]LogConfig: Setting CVar [[r.DistanceFieldAO:1]]
[2020.07.29-00.10.54:946][  0]LogConfig: Setting CVar [[r.AOQuality:2]]
[2020.07.29-00.10.54:946][  0]LogConfig: Setting CVar [[r.VolumetricFog:1]]
[2020.07.29-00.10.54:946][  0]LogConfig: Setting CVar [[r.VolumetricFog.GridPixelSize:8]]
[2020.07.29-00.10.54:946][  0]LogConfig: Setting CVar [[r.VolumetricFog.GridSizeZ:128]]
[2020.07.29-00.10.54:946][  0]LogConfig: Setting CVar [[r.VolumetricFog.HistoryMissSupersampleCount:4]]
[2020.07.29-00.10.54:946][  0]LogConfig: Setting CVar [[r.LightMaxDrawDistanceScale:1]]
[2020.07.29-00.10.54:946][  0]LogConfig: Setting CVar [[r.CapsuleShadows:1]]
[2020.07.29-00.10.54:946][  0]LogConfig: Applying CVar settings from Section [PostProcessQuality@3] File [D:/Down2DieInventory/StructureInventory/Saved/Config/Windows/Scalability.ini]
[2020.07.29-00.10.54:946][  0]LogConfig: Setting CVar [[r.MotionBlurQuality:4]]
[2020.07.29-00.10.54:946][  0]LogConfig: Setting CVar [[r.AmbientOcclusionMipLevelFactor:0.4]]
[2020.07.29-00.10.54:946][  0]LogConfig: Setting CVar [[r.AmbientOcclusionMaxQuality:100]]
[2020.07.29-00.10.54:946][  0]LogConfig: Setting CVar [[r.AmbientOcclusionLevels:-1]]
[2020.07.29-00.10.54:946][  0]LogConfig: Setting CVar [[r.AmbientOcclusionRadiusScale:1.0]]
[2020.07.29-00.10.54:946][  0]LogConfig: Setting CVar [[r.DepthOfFieldQuality:2]]
[2020.07.29-00.10.54:946][  0]LogConfig: Setting CVar [[r.RenderTargetPoolMin:400]]
[2020.07.29-00.10.54:946][  0]LogConfig: Setting CVar [[r.LensFlareQuality:2]]
[2020.07.29-00.10.54:946][  0]LogConfig: Setting CVar [[r.SceneColorFringeQuality:1]]
[2020.07.29-00.10.54:946][  0]LogConfig: Setting CVar [[r.EyeAdaptationQuality:2]]
[2020.07.29-00.10.54:946][  0]LogConfig: Setting CVar [[r.BloomQuality:5]]
[2020.07.29-00.10.54:946][  0]LogConfig: Setting CVar [[r.FastBlurThreshold:100]]
[2020.07.29-00.10.54:946][  0]LogConfig: Setting CVar [[r.Upscale.Quality:3]]
[2020.07.29-00.10.54:946][  0]LogConfig: Setting CVar [[r.Tonemapper.GrainQuantization:1]]
[2020.07.29-00.10.54:946][  0]LogConfig: Setting CVar [[r.LightShaftQuality:1]]
[2020.07.29-00.10.54:946][  0]LogConfig: Setting CVar [[r.Filter.SizeScale:1]]
[2020.07.29-00.10.54:946][  0]LogConfig: Setting CVar [[r.Tonemapper.Quality:5]]
[2020.07.29-00.10.54:946][  0]LogConfig: Setting CVar [[r.DOF.Gather.AccumulatorQuality:1        ; higher gathering accumulator quality]]
[2020.07.29-00.10.54:946][  0]LogConfig: Setting CVar [[r.DOF.Gather.PostfilterMethod:1          ; Median3x3 postfilering method]]
[2020.07.29-00.10.54:946][  0]LogConfig: Setting CVar [[r.DOF.Gather.EnableBokehSettings:0       ; no bokeh simulation when gathering]]
[2020.07.29-00.10.54:946][  0]LogConfig: Setting CVar [[r.DOF.Gather.RingCount:4                 ; medium number of samples when gathering]]
[2020.07.29-00.10.54:946][  0]LogConfig: Setting CVar [[r.DOF.Scatter.ForegroundCompositing:1    ; additive foreground scattering]]
[2020.07.29-00.10.54:946][  0]LogConfig: Setting CVar [[r.DOF.Scatter.BackgroundCompositing:2    ; additive background scattering]]
[2020.07.29-00.10.54:946][  0]LogConfig: Setting CVar [[r.DOF.Scatter.EnableBokehSettings:1      ; bokeh simulation when scattering]]
[2020.07.29-00.10.54:946][  0]LogConfig: Setting CVar [[r.DOF.Scatter.MaxSpriteRatio:0.1         ; only a maximum of 10% of scattered bokeh]]
[2020.07.29-00.10.54:947][  0]LogConfig: Setting CVar [[r.DOF.Recombine.Quality:1                ; cheap slight out of focus]]
[2020.07.29-00.10.54:947][  0]LogConfig: Setting CVar [[r.DOF.Recombine.EnableBokehSettings:0    ; no bokeh simulation on slight out of focus]]
[2020.07.29-00.10.54:947][  0]LogConfig: Setting CVar [[r.DOF.TemporalAAQuality:1                ; more stable temporal accumulation]]
[2020.07.29-00.10.54:947][  0]LogConfig: Setting CVar [[r.DOF.Kernel.MaxForegroundRadius:0.025]]
[2020.07.29-00.10.54:947][  0]LogConfig: Setting CVar [[r.DOF.Kernel.MaxBackgroundRadius:0.025]]
[2020.07.29-00.10.54:947][  0]LogConfig: Applying CVar settings from Section [TextureQuality@3] File [D:/Down2DieInventory/StructureInventory/Saved/Config/Windows/Scalability.ini]
[2020.07.29-00.10.54:947][  0]LogConfig: Setting CVar [[r.Streaming.MipBias:0]]
[2020.07.29-00.10.54:947][  0]LogConfig: Setting CVar [[r.Streaming.AmortizeCPUToGPUCopy:0]]
[2020.07.29-00.10.54:947][  0]LogConfig: Setting CVar [[r.Streaming.MaxNumTexturesToStreamPerFrame:0]]
[2020.07.29-00.10.54:947][  0]LogConfig: Setting CVar [[r.Streaming.Boost:1]]
[2020.07.29-00.10.54:947][  0]LogConfig: Setting CVar [[r.MaxAnisotropy:8]]
[2020.07.29-00.10.54:947][  0]LogConfig: Setting CVar [[r.Streaming.LimitPoolSizeToVRAM:0]]
[2020.07.29-00.10.54:947][  0]LogConfig: Setting CVar [[r.Streaming.PoolSize:1000]]
[2020.07.29-00.10.54:947][  0]LogConfig: Setting CVar [[r.Streaming.MaxEffectiveScreenSize:0]]
[2020.07.29-00.10.54:947][  0]LogConfig: Applying CVar settings from Section [EffectsQuality@3] File [D:/Down2DieInventory/StructureInventory/Saved/Config/Windows/Scalability.ini]
[2020.07.29-00.10.54:947][  0]LogConfig: Setting CVar [[r.TranslucencyLightingVolumeDim:64]]
[2020.07.29-00.10.54:947][  0]LogConfig: Setting CVar [[r.RefractionQuality:2]]
[2020.07.29-00.10.54:947][  0]LogConfig: Setting CVar [[r.SSR.Quality:3]]
[2020.07.29-00.10.54:947][  0]LogConfig: Setting CVar [[r.SceneColorFormat:4]]
[2020.07.29-00.10.54:947][  0]LogConfig: Setting CVar [[r.DetailMode:2]]
[2020.07.29-00.10.54:947][  0]LogConfig: Setting CVar [[r.TranslucencyVolumeBlur:1]]
[2020.07.29-00.10.54:947][  0]LogConfig: Setting CVar [[r.MaterialQualityLevel:1 ; High quality]]
[2020.07.29-00.10.54:947][  0]LogConfig: Setting CVar [[r.SSS.Scale:1]]
[2020.07.29-00.10.54:947][  0]LogConfig: Setting CVar [[r.SSS.SampleSet:2]]
[2020.07.29-00.10.54:947][  0]LogConfig: Setting CVar [[r.SSS.Quality:1]]
[2020.07.29-00.10.54:947][  0]LogConfig: Setting CVar [[r.SSS.HalfRes:1]]
[2020.07.29-00.10.54:947][  0]LogConfig: Setting CVar [[r.EmitterSpawnRateScale:1.0]]
[2020.07.29-00.10.54:947][  0]LogConfig: Setting CVar [[r.ParticleLightQuality:2]]
[2020.07.29-00.10.54:947][  0]LogConfig: Applying CVar settings from Section [FoliageQuality@3] File [D:/Down2DieInventory/StructureInventory/Saved/Config/Windows/Scalability.ini]
[2020.07.29-00.10.54:947][  0]LogConfig: Setting CVar [[foliage.DensityScale:1.0]]
[2020.07.29-00.10.54:947][  0]LogConfig: Setting CVar [[grass.DensityScale:1.0]]
[2020.07.29-00.10.54:947][  0]LogInit: Selected Device Profile: [Windows]
[2020.07.29-00.10.54:947][  0]LogInit: Applying CVar settings loaded from the selected device profile: [Windows]
[2020.07.29-00.10.54:950][  0]LogHAL: Display: Platform has ~ 16 GB [17106059264 / 17179869184 / 16], which maps to Larger [LargestMinGB=32, LargerMinGB=12, DefaultMinGB=8, SmallerMinGB=6, SmallestMinGB=0)
[2020.07.29-00.10.54:950][  0]LogInit: Going up to parent DeviceProfile []
[2020.07.29-00.10.54:950][  0]LogConfig: Applying CVar settings from Section [ViewDistanceQuality@3] File [D:/Down2DieInventory/StructureInventory/Saved/Config/Windows/Scalability.ini]
[2020.07.29-00.10.54:950][  0]LogConfig: Setting CVar [[r.SkeletalMeshLODBias:0]]
[2020.07.29-00.10.54:950][  0]LogConfig: Setting CVar [[r.ViewDistanceScale:1.0]]
[2020.07.29-00.10.54:950][  0]LogConfig: Applying CVar settings from Section [AntiAliasingQuality@3] File [D:/Down2DieInventory/StructureInventory/Saved/Config/Windows/Scalability.ini]
[2020.07.29-00.10.54:950][  0]LogConfig: Setting CVar [[r.PostProcessAAQuality:4]]
[2020.07.29-00.10.54:950][  0]LogConfig: Applying CVar settings from Section [ShadowQuality@3] File [D:/Down2DieInventory/StructureInventory/Saved/Config/Windows/Scalability.ini]
[2020.07.29-00.10.54:950][  0]LogConfig: Setting CVar [[r.LightFunctionQuality:1]]
[2020.07.29-00.10.54:950][  0]LogConfig: Setting CVar [[r.ShadowQuality:5]]
[2020.07.29-00.10.54:950][  0]LogConfig: Setting CVar [[r.Shadow.CSM.MaxCascades:10]]
[2020.07.29-00.10.54:950][  0]LogConfig: Setting CVar [[r.Shadow.MaxResolution:2048]]
[2020.07.29-00.10.54:950][  0]LogConfig: Setting CVar [[r.Shadow.MaxCSMResolution:2048]]
[2020.07.29-00.10.54:950][  0]LogConfig: Setting CVar [[r.Shadow.RadiusThreshold:0.01]]
[2020.07.29-00.10.54:950][  0]LogConfig: Setting CVar [[r.Shadow.DistanceScale:1.0]]
[2020.07.29-00.10.54:950][  0]LogConfig: Setting CVar [[r.Shadow.CSM.TransitionScale:1.0]]
[2020.07.29-00.10.54:950][  0]LogConfig: Setting CVar [[r.Shadow.PreShadowResolutionFactor:1.0]]
[2020.07.29-00.10.54:950][  0]LogConfig: Setting CVar [[r.DistanceFieldShadowing:1]]
[2020.07.29-00.10.54:950][  0]LogConfig: Setting CVar [[r.DistanceFieldAO:1]]
[2020.07.29-00.10.54:950][  0]LogConfig: Setting CVar [[r.AOQuality:2]]
[2020.07.29-00.10.54:950][  0]LogConfig: Setting CVar [[r.VolumetricFog:1]]
[2020.07.29-00.10.54:950][  0]LogConfig: Setting CVar [[r.VolumetricFog.GridPixelSize:8]]
[2020.07.29-00.10.54:950][  0]LogConfig: Setting CVar [[r.VolumetricFog.GridSizeZ:128]]
[2020.07.29-00.10.54:951][  0]LogConfig: Setting CVar [[r.VolumetricFog.HistoryMissSupersampleCount:4]]
[2020.07.29-00.10.54:951][  0]LogConfig: Setting CVar [[r.LightMaxDrawDistanceScale:1]]
[2020.07.29-00.10.54:951][  0]LogConfig: Setting CVar [[r.CapsuleShadows:1]]
[2020.07.29-00.10.54:951][  0]LogConfig: Applying CVar settings from Section [PostProcessQuality@3] File [D:/Down2DieInventory/StructureInventory/Saved/Config/Windows/Scalability.ini]
[2020.07.29-00.10.54:951][  0]LogConfig: Setting CVar [[r.MotionBlurQuality:4]]
[2020.07.29-00.10.54:951][  0]LogConfig: Setting CVar [[r.AmbientOcclusionMipLevelFactor:0.4]]
[2020.07.29-00.10.54:951][  0]LogConfig: Setting CVar [[r.AmbientOcclusionMaxQuality:100]]
[2020.07.29-00.10.54:951][  0]LogConfig: Setting CVar [[r.AmbientOcclusionLevels:-1]]
[2020.07.29-00.10.54:951][  0]LogConfig: Setting CVar [[r.AmbientOcclusionRadiusScale:1.0]]
[2020.07.29-00.10.54:951][  0]LogConfig: Setting CVar [[r.DepthOfFieldQuality:2]]
[2020.07.29-00.10.54:951][  0]LogConfig: Setting CVar [[r.RenderTargetPoolMin:400]]
[2020.07.29-00.10.54:951][  0]LogConfig: Setting CVar [[r.LensFlareQuality:2]]
[2020.07.29-00.10.54:951][  0]LogConfig: Setting CVar [[r.SceneColorFringeQuality:1]]
[2020.07.29-00.10.54:951][  0]LogConfig: Setting CVar [[r.EyeAdaptationQuality:2]]
[2020.07.29-00.10.54:951][  0]LogConfig: Setting CVar [[r.BloomQuality:5]]
[2020.07.29-00.10.54:951][  0]LogConfig: Setting CVar [[r.FastBlurThreshold:100]]
[2020.07.29-00.10.54:951][  0]LogConfig: Setting CVar [[r.Upscale.Quality:3]]
[2020.07.29-00.10.54:951][  0]LogConfig: Setting CVar [[r.Tonemapper.GrainQuantization:1]]
[2020.07.29-00.10.54:951][  0]LogConfig: Setting CVar [[r.LightShaftQuality:1]]
[2020.07.29-00.10.54:951][  0]LogConfig: Setting CVar [[r.Filter.SizeScale:1]]
[2020.07.29-00.10.54:951][  0]LogConfig: Setting CVar [[r.Tonemapper.Quality:5]]
[2020.07.29-00.10.54:951][  0]LogConfig: Setting CVar [[r.DOF.Gather.AccumulatorQuality:1        ; higher gathering accumulator quality]]
[2020.07.29-00.10.54:951][  0]LogConfig: Setting CVar [[r.DOF.Gather.PostfilterMethod:1          ; Median3x3 postfilering method]]
[2020.07.29-00.10.54:951][  0]LogConfig: Setting CVar [[r.DOF.Gather.EnableBokehSettings:0       ; no bokeh simulation when gathering]]
[2020.07.29-00.10.54:951][  0]LogConfig: Setting CVar [[r.DOF.Gather.RingCount:4                 ; medium number of samples when gathering]]
[2020.07.29-00.10.54:951][  0]LogConfig: Setting CVar [[r.DOF.Scatter.ForegroundCompositing:1    ; additive foreground scattering]]
[2020.07.29-00.10.54:951][  0]LogConfig: Setting CVar [[r.DOF.Scatter.BackgroundCompositing:2    ; additive background scattering]]
[2020.07.29-00.10.54:951][  0]LogConfig: Setting CVar [[r.DOF.Scatter.EnableBokehSettings:1      ; bokeh simulation when scattering]]
[2020.07.29-00.10.54:951][  0]LogConfig: Setting CVar [[r.DOF.Scatter.MaxSpriteRatio:0.1         ; only a maximum of 10% of scattered bokeh]]
[2020.07.29-00.10.54:951][  0]LogConfig: Setting CVar [[r.DOF.Recombine.Quality:1                ; cheap slight out of focus]]
[2020.07.29-00.10.54:951][  0]LogConfig: Setting CVar [[r.DOF.Recombine.EnableBokehSettings:0    ; no bokeh simulation on slight out of focus]]
[2020.07.29-00.10.54:951][  0]LogConfig: Setting CVar [[r.DOF.TemporalAAQuality:1                ; more stable temporal accumulation]]
[2020.07.29-00.10.54:951][  0]LogConfig: Setting CVar [[r.DOF.Kernel.MaxForegroundRadius:0.025]]
[2020.07.29-00.10.54:951][  0]LogConfig: Setting CVar [[r.DOF.Kernel.MaxBackgroundRadius:0.025]]
[2020.07.29-00.10.54:951][  0]LogConfig: Applying CVar settings from Section [TextureQuality@3] File [D:/Down2DieInventory/StructureInventory/Saved/Config/Windows/Scalability.ini]
[2020.07.29-00.10.54:951][  0]LogConfig: Setting CVar [[r.Streaming.MipBias:0]]
[2020.07.29-00.10.54:951][  0]LogConfig: Setting CVar [[r.Streaming.AmortizeCPUToGPUCopy:0]]
[2020.07.29-00.10.54:951][  0]LogConfig: Setting CVar [[r.Streaming.MaxNumTexturesToStreamPerFrame:0]]
[2020.07.29-00.10.54:951][  0]LogConfig: Setting CVar [[r.Streaming.Boost:1]]
[2020.07.29-00.10.54:951][  0]LogConfig: Setting CVar [[r.MaxAnisotropy:8]]
[2020.07.29-00.10.54:951][  0]LogConfig: Setting CVar [[r.Streaming.LimitPoolSizeToVRAM:0]]
[2020.07.29-00.10.54:951][  0]LogConfig: Setting CVar [[r.Streaming.PoolSize:1000]]
[2020.07.29-00.10.54:951][  0]LogConfig: Setting CVar [[r.Streaming.MaxEffectiveScreenSize:0]]
[2020.07.29-00.10.54:951][  0]LogConfig: Applying CVar settings from Section [EffectsQuality@3] File [D:/Down2DieInventory/StructureInventory/Saved/Config/Windows/Scalability.ini]
[2020.07.29-00.10.54:951][  0]LogConfig: Setting CVar [[r.TranslucencyLightingVolumeDim:64]]
[2020.07.29-00.10.54:951][  0]LogConfig: Setting CVar [[r.RefractionQuality:2]]
[2020.07.29-00.10.54:951][  0]LogConfig: Setting CVar [[r.SSR.Quality:3]]
[2020.07.29-00.10.54:951][  0]LogConfig: Setting CVar [[r.SceneColorFormat:4]]
[2020.07.29-00.10.54:951][  0]LogConfig: Setting CVar [[r.DetailMode:2]]
[2020.07.29-00.10.54:951][  0]LogConfig: Setting CVar [[r.TranslucencyVolumeBlur:1]]
[2020.07.29-00.10.54:951][  0]LogConfig: Setting CVar [[r.MaterialQualityLevel:1 ; High quality]]
[2020.07.29-00.10.54:951][  0]LogConfig: Setting CVar [[r.SSS.Scale:1]]
[2020.07.29-00.10.54:951][  0]LogConfig: Setting CVar [[r.SSS.SampleSet:2]]
[2020.07.29-00.10.54:951][  0]LogConfig: Setting CVar [[r.SSS.Quality:1]]
[2020.07.29-00.10.54:951][  0]LogConfig: Setting CVar [[r.SSS.HalfRes:1]]
[2020.07.29-00.10.54:951][  0]LogConfig: Setting CVar [[r.EmitterSpawnRateScale:1.0]]
[2020.07.29-00.10.54:951][  0]LogConfig: Setting CVar [[r.ParticleLightQuality:2]]
[2020.07.29-00.10.54:951][  0]LogConfig: Applying CVar settings from Section [FoliageQuality@3] File [D:/Down2DieInventory/StructureInventory/Saved/Config/Windows/Scalability.ini]
[2020.07.29-00.10.54:951][  0]LogConfig: Setting CVar [[foliage.DensityScale:1.0]]
[2020.07.29-00.10.54:951][  0]LogConfig: Setting CVar [[grass.DensityScale:1.0]]
[2020.07.29-00.10.54:951][  0]LogConfig: Applying CVar settings from Section [Startup] File [../../../Engine/Config/ConsoleVariables.ini]
[2020.07.29-00.10.54:951][  0]LogConfig: Setting CVar [[net.UseAdaptiveNetUpdateFrequency:0]]
[2020.07.29-00.10.54:951][  0]LogConfig: Setting CVar [[p.chaos.AllowCreatePhysxBodies:1]]
[2020.07.29-00.10.54:951][  0]LogConfig: Applying CVar settings from Section [ConsoleVariables] File [D:/Down2DieInventory/StructureInventory/Saved/Config/Windows/Engine.ini]
[2020.07.29-00.10.54:952][  0]LogInit: Computer: JOEYCOMPUTER
[2020.07.29-00.10.54:952][  0]LogInit: User: joeym
[2020.07.29-00.10.54:952][  0]LogInit: CPU Page size=4096, Cores=4
[2020.07.29-00.10.54:952][  0]LogInit: High frequency timer resolution =10.000000 MHz
[2020.07.29-00.10.54:952][  0]LogMemory: Memory total: Physical=15.9GB (16GB approx)
[2020.07.29-00.10.54:952][  0]LogMemory: Platform Memory Stats for Windows
[2020.07.29-00.10.54:952][  0]LogMemory: Process Physical Memory: 137.52 MB used, 137.52 MB peak
[2020.07.29-00.10.54:952][  0]LogMemory: Process Virtual Memory: 117.26 MB used, 117.26 MB peak
[2020.07.29-00.10.54:952][  0]LogMemory: Physical Memory: 8199.05 MB used,  8114.56 MB free, 16313.61 MB total
[2020.07.29-00.10.54:952][  0]LogMemory: Virtual Memory: 4822.61 MB used,  134212904.00 MB free, 134217728.00 MB total
[2020.07.29-00.10.54:957][  0]LogWindows: WindowsPlatformFeatures enabled
[2020.07.29-00.10.55:003][  0]LogInit: Using OS detected language (nl-NL).
[2020.07.29-00.10.55:003][  0]LogInit: Using OS detected locale (nl-NL).
[2020.07.29-00.10.55:003][  0]LogTextLocalizationManager: No localization for 'nl-NL' exists, so 'en' will be used for the language.
[2020.07.29-00.10.55:004][  0]LogTextLocalizationManager: No localization for 'nl-NL' exists, so 'en' will be used for the locale.
[2020.07.29-00.10.55:206][  0]LogSlate: New Slate User Created.  User Index 0, Is Virtual User: 0
[2020.07.29-00.10.55:206][  0]LogSlate: Slate User Registered.  User Index 0, Is Virtual User: 0
[2020.07.29-00.10.55:218][  0]LogHMD: Failed to initialize OpenVR with code 110
[2020.07.29-00.10.55:218][  0]LogD3D11RHI: D3D11 adapters:
[2020.07.29-00.10.55:297][  0]LogD3D11RHI:    0. 'NVIDIA GeForce GTX 1080' (Feature Level 11_0)
[2020.07.29-00.10.55:297][  0]LogD3D11RHI:       8079/0/8156 MB DedicatedVideo/DedicatedSystem/SharedSystem, Outputs:2, VendorId:0x10de
[2020.07.29-00.10.55:301][  0]LogD3D11RHI:    1. 'Microsoft Basic Render Driver' (Feature Level 11_0)
[2020.07.29-00.10.55:301][  0]LogD3D11RHI:       0/0/8156 MB DedicatedVideo/DedicatedSystem/SharedSystem, Outputs:0, VendorId:0x1414
[2020.07.29-00.10.55:301][  0]LogD3D11RHI: Chosen D3D11 Adapter: 0
[2020.07.29-00.10.55:310][  0]LogD3D11RHI: Creating new Direct3DDevice
[2020.07.29-00.10.55:310][  0]LogD3D11RHI:     GPU DeviceId: 0x1b80 (for the marketing name, search the web for "GPU Device Id")
[2020.07.29-00.10.55:310][  0]LogWindows: EnumDisplayDevices:
[2020.07.29-00.10.55:310][  0]LogWindows:    0. 'NVIDIA GeForce GTX 1080' (P:1 D:1)
[2020.07.29-00.10.55:310][  0]LogWindows:    1. 'NVIDIA GeForce GTX 1080' (P:0 D:1)
[2020.07.29-00.10.55:311][  0]LogWindows:    2. 'NVIDIA GeForce GTX 1080' (P:0 D:0)
[2020.07.29-00.10.55:311][  0]LogWindows:    3. 'NVIDIA GeForce GTX 1080' (P:0 D:0)
[2020.07.29-00.10.55:311][  0]LogWindows: DebugString: FoundDriverCount:4 
[2020.07.29-00.10.55:311][  0]LogD3D11RHI:     Adapter Name: NVIDIA GeForce GTX 1080
[2020.07.29-00.10.55:311][  0]LogD3D11RHI:   Driver Version: 446.14 (internal:26.21.14.4614, unified:446.14)
[2020.07.29-00.10.55:311][  0]LogD3D11RHI:      Driver Date: 5-15-2020
[2020.07.29-00.10.55:311][  0]LogRHI: Texture pool is 5655 MB (70% of 8079 MB)
[2020.07.29-00.10.55:364][  0]LogD3D11RHI: Async texture creation enabled
[2020.07.29-00.10.55:374][  0]LogD3D11RHI: GPU Timing Frequency: 1000.000000 (Debug: 2 1)
[2020.07.29-00.10.55:711][  0]LogTemp: Display: Module 'WindowsClientTargetPlatform' loaded TargetPlatform 'WindowsClient'
[2020.07.29-00.10.55:719][  0]LogTemp: Display: Module 'WindowsNoEditorTargetPlatform' loaded TargetPlatform 'WindowsNoEditor'
[2020.07.29-00.10.55:727][  0]LogTemp: Display: Module 'WindowsServerTargetPlatform' loaded TargetPlatform 'WindowsServer'
[2020.07.29-00.10.55:731][  0]LogTemp: Display: Module 'WindowsTargetPlatform' loaded TargetPlatform 'Windows'
[2020.07.29-00.10.55:731][  0]LogTargetPlatformManager: Display: Building Assets For Windows
[2020.07.29-00.10.55:742][  0]LogAudioDebug: Display: Lib vorbis DLL was dynamically loaded.
[2020.07.29-00.10.55:807][  0]LogShaderCompilers: Guid format shader working directory is -9 characters bigger than the processId version (../../../../../../Down2DieInventory/StructureInventory/Intermediate/Shaders/WorkingDirectory/14032/).
[2020.07.29-00.10.55:807][  0]LogShaderCompilers: Cleaned the shader compiler working directory 'C:/Users/joeym/AppData/Local/Temp/UnrealShaderWorkingDir/23F87B7F4E87904FD07DA884E74278AE/'.
[2020.07.29-00.10.55:809][  0]LogXGEController: Cannot use XGE Controller as Incredibuild is not installed on this machine.
[2020.07.29-00.10.55:809][  0]LogShaderCompilers: Cannot use XGE Shader Compiler as Incredibuild is not installed on this machine.
[2020.07.29-00.10.55:809][  0]LogShaderCompilers: Display: Using Local Shader Compiler.
[2020.07.29-00.10.56:301][  0]LogDerivedDataCache: Display: Max Cache Size: 512 MB
[2020.07.29-00.10.56:344][  0]LogDerivedDataCache: Loaded boot cache 0.04s 74MB C:/Users/joeym/AppData/Local/UnrealEngine/4.23/DerivedDataCache/Boot.ddc.
[2020.07.29-00.10.56:344][  0]LogDerivedDataCache: Display: Loaded Boot cache: C:/Users/joeym/AppData/Local/UnrealEngine/4.23/DerivedDataCache/Boot.ddc
[2020.07.29-00.10.56:344][  0]LogDerivedDataCache: FDerivedDataBackendGraph:  Pak pak cache file ../../../../../../Down2DieInventory/StructureInventory/DerivedDataCache/DDC.ddp not found, will not use a pak cache.
[2020.07.29-00.10.56:344][  0]LogDerivedDataCache: Unable to find inner node Pak for hierarchical cache Hierarchy.
[2020.07.29-00.10.56:344][  0]LogDerivedDataCache: FDerivedDataBackendGraph:  CompressedPak pak cache file ../../../../../../Down2DieInventory/StructureInventory/DerivedDataCache/Compressed.ddp not found, will not use a pak cache.
[2020.07.29-00.10.56:344][  0]LogDerivedDataCache: Unable to find inner node CompressedPak for hierarchical cache Hierarchy.
[2020.07.29-00.10.56:354][  0]LogDerivedDataCache: Display: Pak cache opened for reading ../../../Engine/DerivedDataCache/Compressed.ddp.
[2020.07.29-00.10.56:355][  0]LogDerivedDataCache: Display: Pak cache opened for reading ../../../Enterprise/DerivedDataCache/Compressed.ddp.
[2020.07.29-00.10.56:356][  0]LogDerivedDataCache: Using Local data cache path C:/Users/joeym/AppData/Local/UnrealEngine/Common/DerivedDataCache: Writable
[2020.07.29-00.10.56:356][  0]LogDerivedDataCache: Shared data cache path not found in *engine.ini, will not use an Shared cache.
[2020.07.29-00.10.56:356][  0]LogDerivedDataCache: Unable to find inner node Shared for hierarchical cache Hierarchy.
[2020.07.29-00.10.56:372][  0]LogMaterial: Verifying Global Shaders for PCD3D_SM5
[2020.07.29-00.10.56:374][  0]LogSlate: Using FreeType 2.6.0
[2020.07.29-00.10.56:375][  0]LogSlate: SlateFontServices - WITH_FREETYPE: 1, WITH_HARFBUZZ: 1
[2020.07.29-00.10.56:500][  0]LogInit: Using OS detected language (nl-NL).
[2020.07.29-00.10.56:500][  0]LogInit: Using OS detected locale (nl-NL).
[2020.07.29-00.10.56:501][  0]LogTextLocalizationManager: No localization for 'nl-NL' exists, so 'en' will be used for the language.
[2020.07.29-00.10.56:501][  0]LogTextLocalizationManager: No localization for 'nl-NL' exists, so 'en' will be used for the locale.
[2020.07.29-00.10.56:502][  0]LogTextLocalizationManager: Compacting localization data took   0.00ms
[2020.07.29-00.10.56:505][  0]LogAssetRegistry: FAssetRegistry took 0.0014 seconds to start up
[2020.07.29-00.10.56:685][  0]LogPackageLocalizationCache: Processed 18 localized package path(s) for 1 prioritized culture(s) in 0.000755 seconds
[2020.07.29-00.10.56:746][  0]LogInit: Selected Device Profile: [Windows]
[2020.07.29-00.10.56:797][  0]LogMeshReduction: Using QuadricMeshReduction for automatic static mesh reduction
[2020.07.29-00.10.56:797][  0]LogMeshReduction: Using SimplygonMeshReduction for automatic skeletal mesh reduction
[2020.07.29-00.10.56:797][  0]LogMeshReduction: Using ProxyLODMeshReduction for automatic mesh merging
[2020.07.29-00.10.56:797][  0]LogMeshReduction: No distributed automatic mesh merging module available
[2020.07.29-00.10.56:797][  0]LogMeshMerging: No distributed automatic mesh merging module available
[2020.07.29-00.10.56:889][  0]LogNetVersion: StructureInventory 1.0.0, NetCL: 8386587, EngineNetVer: 11, GameNetVer: 0 (Checksum: 2032503810)
[2020.07.29-00.10.57:410][  0]LogMoviePlayer: Initializing movie player
[2020.07.29-00.10.57:513][  0]LogTcpMessaging: Initializing TcpMessaging bridge
[2020.07.29-00.10.57:516][  0]LogUdpMessaging: Initializing bridge on interface 0.0.0.0:0 to multicast group 230.0.0.1:6666.
[2020.07.29-00.10.57:558][  0]SourceControl: Source control is disabled
[2020.07.29-00.10.57:558][  0]SourceControl: Source control is disabled
[2020.07.29-00.10.57:559][  0]SourceControl: Source control is disabled
[2020.07.29-00.10.57:662][  0]LogAndroidPermission: UAndroidPermissionCallbackProxy::GetInstance
[2020.07.29-00.10.57:855][  0]LogOcInput: OculusInput pre-init called
[2020.07.29-00.10.57:866][  0]LogUObjectArray: 49554 objects as part of root set at end of initial load.
[2020.07.29-00.10.57:866][  0]LogUObjectAllocator: 8737800 out of 0 bytes used by permanent object pool.
[2020.07.29-00.10.57:866][  0]LogUObjectArray: CloseDisregardForGC: 0/0 objects in disregard for GC pool
[2020.07.29-00.10.57:914][  0]LogEngine: Initializing Engine...
[2020.07.29-00.10.57:915][  0]LogHMD: Failed to initialize OpenVR with code 110
[2020.07.29-00.10.57:916][  0]LogStats: UGameplayTagsManager::InitializeManager -  0.000 s
[2020.07.29-00.10.58:047][  0]LogInit: Initializing FReadOnlyCVARCache
[2020.07.29-00.10.58:082][  0]LogInit: XAudio2 using 'Hoofdtelefoon (3- Arctis 7 Game)' : 2 channels at 48 kHz using 16 bits per sample (channel mask 0x3)
[2020.07.29-00.10.58:114][  0]LogInit: FAudioDevice initialized.
[2020.07.29-00.10.58:115][  0]LogNetVersion: Set ProjectVersion to 1.0.0.0. Version Checksum will be recalculated on next use.
[2020.07.29-00.10.58:122][  0]LogInit: Texture streaming: Enabled
[2020.07.29-00.10.58:266][  0]AdvancedFriendsInterfaceLog: Warning: UAdvancedFriendsInstance Failed to get voice interface!
[2020.07.29-00.10.58:268][  0]LogSlate: Updating window title bar state: overlay mode, drag disabled, window buttons hidden, title bar hidden
[2020.07.29-00.10.58:268][  0]LogInit: Display: Game Engine Initialized.
[2020.07.29-00.10.58:323][  0]LogInit: Display: Starting Game.
[2020.07.29-00.10.58:323][  0]LogNet: Browse: /Game/GameRelated/MM_Level?Name=Player
[2020.07.29-00.10.58:323][  0]LogLoad: LoadMap: /Game/GameRelated/MM_Level?Name=Player
[2020.07.29-00.10.58:323][  0]LogWorld: BeginTearingDown for /Temp/Untitled_0
[2020.07.29-00.10.58:324][  0]LogWorld: UWorld::CleanupWorld for Untitled, bSessionEnded=true, bCleanupResources=true
[2020.07.29-00.10.58:345][  0]LogUObjectHash: Compacting FUObjectHashTables data took   1.34ms
[2020.07.29-00.10.58:400][  0]LogAIModule: Creating AISystem for world MM_Level
[2020.07.29-00.10.58:400][  0]LogLoad: Game class is 'Mm_Gamemode_C'
[2020.07.29-00.10.58:401][  0]LogWorld: Bringing World /Game/GameRelated/MM_Level.MM_Level up for play (max tick rate 0) at 2020.07.29-02.10.58
[2020.07.29-00.10.58:402][  0]LogWorld: Bringing up level for play took: 0.000441
[2020.07.29-00.10.58:402][  0]LogGameMode: FindPlayerStart: PATHS NOT DEFINED or NO PLAYERSTART with positive rating
[2020.07.29-00.10.58:403][  0]LogOnlineSession: Warning: STEAM: Can't destroy a null online session (GameSession)
[2020.07.29-00.10.58:403][  0]LogLoad: Took 0.079657 seconds to LoadMap(/Game/GameRelated/MM_Level)
[2020.07.29-00.10.58:430][  0]LogRenderer: Reallocating scene render targets to support 1280x720 Format 10 NumSamples 1 (Frame:1).
[2020.07.29-00.10.58:430][  0]LogLoad: (Engine Initialization) Total time: 5.36 seconds
[2020.07.29-00.10.58:430][  0]LogLoad: (Engine Initialization) Total Blueprint compile time: 0.00 seconds
[2020.07.29-00.10.58:451][  0]LogContentStreaming: Texture pool size now 1000 MB
[2020.07.29-00.11.00:095][102]LogBlueprintUserMessages: [MM_Pawn_C_0] START
[2020.07.29-00.11.00:096][102]LogSlate: Took 0.000200 seconds to synchronously load lazily loaded font '../../../Engine/Content/Slate/Fonts/Roboto-Regular.ttf' (155K)
[2020.07.29-00.11.00:563][132]LogOnlineSession: STEAM: Found 1 lobbies, finalizing the search
[2020.07.29-00.11.00:563][132]LogOnlineSession: STEAM: Search result 0: LobbyId=Lobby[0x18600000B258733], LobbyId.IsValid()=true, CSteamID(LobbyId).IsLobby()=true
[2020.07.29-00.11.00:563][132]LogScript: Script Msg: Found a session. Ping is 9999
[2020.07.29-00.11.00:822][148]LogOnlineSession: Verbose: OSS: dumping NamedSession: 
[2020.07.29-00.11.00:822][148]LogOnlineSession: Verbose: OSS: 	SessionName: GameSession
[2020.07.29-00.11.00:822][148]LogOnlineSession: Verbose: OSS: 	HostingPlayerNum: 0
[2020.07.29-00.11.00:822][148]LogOnlineSession: Verbose: OSS: 	SessionState: Pending
[2020.07.29-00.11.00:822][148]LogOnlineSession: Verbose: OSS: 	RegisteredPlayers: 
[2020.07.29-00.11.00:822][148]LogOnlineSession: Verbose: OSS: 	    0 registered players
[2020.07.29-00.11.00:822][148]LogOnlineSession: Verbose: OSS: dumping Session: 
[2020.07.29-00.11.00:822][148]LogOnlineSession: Verbose: OSS: 	OwningPlayerName: Joey
[2020.07.29-00.11.00:822][148]LogOnlineSession: Verbose: OSS: 	OwningPlayerId: Joey [0x2D007F050C0]
[2020.07.29-00.11.00:822][148]LogOnlineSession: Verbose: OSS: 	NumOpenPrivateConnections: 1
[2020.07.29-00.11.00:822][148]LogOnlineSession: Verbose: OSS: 	NumOpenPublicConnections: 99
[2020.07.29-00.11.00:822][148]LogOnlineSession: Verbose: OSS: 	SessionInfo: HostIP: INVALID SteamP2P: 76561198109054226:7777 Type: Lobby session SessionId: Lobby[0x18600000B258741]
[2020.07.29-00.11.00:822][148]LogOnlineSession: Verbose: OSS: dumping SessionSettings: 
[2020.07.29-00.11.00:822][148]LogOnlineSession: Verbose: OSS: 	NumPublicConnections: 100
[2020.07.29-00.11.00:822][148]LogOnlineSession: Verbose: OSS: 	NumPrivateConnections: 1
[2020.07.29-00.11.00:822][148]LogOnlineSession: Verbose: OSS: 	bIsLanMatch: false
[2020.07.29-00.11.00:822][148]LogOnlineSession: Verbose: OSS: 	bIsDedicated: false
[2020.07.29-00.11.00:822][148]LogOnlineSession: Verbose: OSS: 	bUsesStats: false
[2020.07.29-00.11.00:822][148]LogOnlineSession: Verbose: OSS: 	bShouldAdvertise: true
[2020.07.29-00.11.00:822][148]LogOnlineSession: Verbose: OSS: 	bAllowJoinInProgress: true
[2020.07.29-00.11.00:822][148]LogOnlineSession: Verbose: OSS: 	bAllowInvites: true
[2020.07.29-00.11.00:822][148]LogOnlineSession: Verbose: OSS: 	bUsesPresence: true
[2020.07.29-00.11.00:822][148]LogOnlineSession: Verbose: OSS: 	bAllowJoinViaPresence: true
[2020.07.29-00.11.00:822][148]LogOnlineSession: Verbose: OSS: 	bAllowJoinViaPresenceFriendsOnly: false
[2020.07.29-00.11.00:822][148]LogOnlineSession: Verbose: OSS: 	BuildUniqueId: 0x007ff81b
[2020.07.29-00.11.00:822][148]LogOnlineSession: Verbose: OSS: 	Settings:
[2020.07.29-00.11.00:822][148]LogOnlineSession: Verbose: OSS: 		inventory=inventorykey : OnlineService
[2020.07.29-00.11.00:916][148]LogPackageName: SearchForPackageOnDisk took   0.093s to resolve MyLevel.umap.
[2020.07.29-00.11.01:007][148]LogPackageName: SearchForPackageOnDisk took   0.090s to resolve MyLevel.umap.
[2020.07.29-00.11.01:007][148]LogNet: Browse: /Game/GameRelated/MyLevel?listen
[2020.07.29-00.11.01:008][148]LogLoad: LoadMap: /Game/GameRelated/MyLevel?listen
[2020.07.29-00.11.01:008][148]LogWorld: BeginTearingDown for /Game/GameRelated/MM_Level
[2020.07.29-00.11.01:008][148]LogWorld: UWorld::CleanupWorld for MM_Level, bSessionEnded=true, bCleanupResources=true
[2020.07.29-00.11.01:026][148]LogUObjectHash: Compacting FUObjectHashTables data took   1.53ms
[2020.07.29-00.11.01:492][148]LogAIModule: Creating AISystem for world MyLevel
[2020.07.29-00.11.01:493][148]LogLoad: Game class is 'MyGamemode_C'
[2020.07.29-00.11.01:493][148]LogTemp: Display: ParseSettings for GameNetDriver
[2020.07.29-00.11.01:493][148]LogTemp: Display: ParseSettings for SteamNetDriver_0
[2020.07.29-00.11.01:493][148]LogTemp: Display: ParseSettings for GameNetDriver
[2020.07.29-00.11.01:493][148]LogNet: ReplicationDriverClass is null! Not using ReplicationDriver.
[2020.07.29-00.11.01:493][148]PacketHandlerLog: DDoS detection status: detection enabled: 0 analytics enabled: 0
[2020.07.29-00.11.01:493][148]LogNet: Display: SteamNetDriver_0 bound to port 7777
[2020.07.29-00.11.01:493][148]PacketHandlerLog: Loaded PacketHandler component: Engine.EngineHandlerComponentFactory (StatelessConnectHandlerComponent)
[2020.07.29-00.11.01:493][148]LogNet: GameNetDriver SteamNetDriver_0 IpNetDriver listening on port 7777
[2020.07.29-00.11.01:495][148]LogWorld: Bringing World /Game/GameRelated/MyLevel.MyLevel up for play (max tick rate 0) at 2020.07.29-02.11.01
[2020.07.29-00.11.01:495][148]LogWorld: Bringing up level for play took: 0.000910
[2020.07.29-00.11.01:497][148]LogLoad: Took 0.490554 seconds to LoadMap(/Game/GameRelated/MyLevel)
[2020.07.29-00.11.03:459][271]LogOnlineSession: Warning: STEAM: Failed to respond IP:195.24.142.186
[2020.07.29-00.11.04:462][325]LogSlate: Window 'StructureInventory (64-bit Development PCD3D_SM5) ' being destroyed
[2020.07.29-00.11.04:463][325]LogWindowsTextInputMethodSystem: Display: IME system now deactivated.
[2020.07.29-00.11.04:467][325]LogSlate: Updating window title bar state: overlay mode, drag disabled, window buttons hidden, title bar hidden
[2020.07.29-00.11.04:467][325]LogEngine: All Windows Closed
[2020.07.29-00.11.04:467][325]LogWindows: FPlatformMisc::RequestExit(0)
[2020.07.29-00.11.04:475][326]LogWorld: BeginTearingDown for /Game/GameRelated/MyLevel
[2020.07.29-00.11.04:475][326]LogNet: World NetDriver shutdown SteamNetDriver_0 [GameNetDriver]
[2020.07.29-00.11.04:475][326]LogNet: DestroyNamedNetDriver SteamNetDriver_0 [GameNetDriver]
[2020.07.29-00.11.04:475][326]LogExit: GameNetDriver SteamNetDriver_0 shut down
[2020.07.29-00.11.04:475][326]AdvancedFriendsInterfaceLog: Warning: UAdvancedFriendsInstance Failed to get voice interface!
[2020.07.29-00.11.04:475][326]LogWorld: UWorld::CleanupWorld for MyLevel, bSessionEnded=true, bCleanupResources=true
[2020.07.29-00.11.04:921][326]LogExit: Preparing to exit.
[2020.07.29-00.11.04:921][326]LogMoviePlayer: Shutting down movie player
