Log file open, 07/27/20 15:32:53
LogWindows: Failed to load 'aqProf.dll' (GetLastError=126)
LogWindows: File 'aqProf.dll' does not exist
LogWindows: Failed to load 'VtuneApi.dll' (GetLastError=126)
LogWindows: File 'VtuneApi.dll' does not exist
LogWindows: Failed to load 'VtuneApi32e.dll' (GetLastError=126)
LogWindows: File 'VtuneApi32e.dll' does not exist
LogConsoleResponse: Display: Failed to find resolution value strings in scalability ini. Falling back to default.
LogInit: Display: Running engine for game: StructureInventory
LogPlatformFile: Not using cached read wrapper
LogTaskGraph: Started task graph with 5 named threads and 23 total threads with 3 sets of task threads.
LogStats: Stats thread started at 0.068740
LogD3D11RHI: Loaded GFSDK_Aftermath_Lib.x64.dll
LogICUInternationalization: ICU TimeZone Detection - Raw Offset: +1:00, Platform Override: ''
LogPluginManager: Mounting plugin Paper2D
LogPluginManager: Mounting plugin AISupport
LogPluginManager: Mounting plugin LightPropagationVolume
LogPluginManager: Mounting plugin ActorLayerUtilities
LogPluginManager: Mounting plugin AnimationSharing
LogPluginManager: Mounting plugin CLionSourceCodeAccess
LogPluginManager: Mounting plugin CodeLiteSourceCodeAccess
LogPluginManager: Mounting plugin GitSourceControl
LogPluginManager: Mounting plugin KDevelopSourceCodeAccess
LogPluginManager: Mounting plugin NullSourceCodeAccess
LogPluginManager: Mounting plugin PerforceSourceControl
LogPluginManager: Mounting plugin SubversionSourceControl
LogPluginManager: Mounting plugin UObjectPlugin
LogPluginManager: Mounting plugin VisualStudioCodeSourceCodeAccess
LogPluginManager: Mounting plugin VisualStudioSourceCodeAccess
LogPluginManager: Mounting plugin XCodeSourceCodeAccess
LogPluginManager: Mounting plugin AssetManagerEditor
LogPluginManager: Mounting plugin CryptoKeys
LogPluginManager: Mounting plugin CurveEditorTools
LogPluginManager: Mounting plugin DataValidation
LogPluginManager: Mounting plugin EditorScriptingUtilities
LogPluginManager: Mounting plugin FacialAnimation
LogPluginManager: Mounting plugin GameplayTagsEditor
LogPluginManager: Mounting plugin GLTFImporter
LogPluginManager: Mounting plugin MacGraphicsSwitching
LogPluginManager: Mounting plugin MaterialAnalyzer
LogPluginManager: Mounting plugin MeshEditor
LogPluginManager: Mounting plugin MobileLauncherProfileWizard
LogPluginManager: Mounting plugin PluginBrowser
LogPluginManager: Mounting plugin SpeedTreeImporter
LogPluginManager: Mounting plugin DatasmithContent
LogPluginManager: Mounting plugin VariantManagerContent
LogPluginManager: Mounting plugin AlembicImporter
LogPluginManager: Mounting plugin AutomationUtils
LogPluginManager: Mounting plugin BackChannel
LogPluginManager: Mounting plugin BlastPlugin
LogPluginManager: Mounting plugin ChaosSolverPlugin
LogPluginManager: Mounting plugin CharacterAI
LogPluginManager: Mounting plugin DataPrepEditor
LogPluginManager: Mounting plugin GeometryCache
LogPluginManager: Mounting plugin GeometryCollectionPlugin
LogPluginManager: Mounting plugin HTML5Networking
LogPluginManager: Mounting plugin PlatformCrypto
LogPluginManager: Mounting plugin ProxyLODPlugin
LogPluginManager: Mounting plugin SkeletalReduction
LogPluginManager: Mounting plugin MagicLeap
LogPluginManager: Mounting plugin MagicLeapMedia
LogPluginManager: Mounting plugin AndroidMedia
LogPluginManager: Mounting plugin AvfMedia
LogPluginManager: Mounting plugin ImgMedia
LogPluginManager: Mounting plugin MediaCompositing
LogPluginManager: Mounting plugin MediaPlayerEditor
LogPluginManager: Mounting plugin WebMMedia
LogPluginManager: Mounting plugin WmfMedia
LogPluginManager: Mounting plugin TcpMessaging
LogPluginManager: Mounting plugin UdpMessaging
LogPluginManager: Mounting plugin ActorSequence
LogPluginManager: Mounting plugin LevelSequenceEditor
LogPluginManager: Mounting plugin MatineeToLevelSequence
LogPluginManager: Mounting plugin NetcodeUnitTest
LogPluginManager: Mounting plugin NUTUnrealEngine4
LogPluginManager: Mounting plugin OnlineSubsystemGooglePlay
LogPluginManager: Mounting plugin OnlineSubsystemIOS
LogPluginManager: Mounting plugin OnlineSubsystem
LogPluginManager: Mounting plugin OnlineSubsystemNull
LogPluginManager: Mounting plugin OnlineSubsystemSteam
LogPluginManager: Mounting plugin OnlineSubsystemUtils
LogPluginManager: Mounting plugin LauncherChunkInstaller
LogPluginManager: Mounting plugin AndroidDeviceProfileSelector
LogPluginManager: Mounting plugin AndroidMoviePlayer
LogPluginManager: Mounting plugin AndroidPermission
LogPluginManager: Mounting plugin AppleImageUtils
LogPluginManager: Mounting plugin AppleMoviePlayer
LogPluginManager: Mounting plugin ArchVisCharacter
LogPluginManager: Mounting plugin AudioCapture
LogPluginManager: Mounting plugin CableComponent
LogPluginManager: Mounting plugin CustomMeshComponent
LogPluginManager: Mounting plugin EditableMesh
LogPluginManager: Mounting plugin ExampleDeviceProfileSelector
LogPluginManager: Mounting plugin GoogleCloudMessaging
LogPluginManager: Mounting plugin IOSDeviceProfileSelector
LogPluginManager: Mounting plugin LinuxDeviceProfileSelector
LogPluginManager: Mounting plugin LocationServicesBPLibrary
LogPluginManager: Mounting plugin MobilePatchingUtils
LogPluginManager: Mounting plugin OculusVR
LogPluginManager: Mounting plugin PhysXVehicles
LogPluginManager: Mounting plugin ProceduralMeshComponent
LogPluginManager: Mounting plugin RuntimePhysXCooking
LogPluginManager: Mounting plugin SignificanceManager
LogPluginManager: Mounting plugin SteamVR
LogPluginManager: Mounting plugin WebMMoviePlayer
LogPluginManager: Mounting plugin WindowsMoviePlayer
LogPluginManager: Mounting plugin ScreenshotTools
LogPluginManager: Mounting plugin AdvancedSessions
LogPluginManager: Mounting plugin AdvancedSteamSessions
LogPluginManager: Mounting plugin DatasmithC4DImporter
LogPluginManager: Mounting plugin DatasmithCADImporter
LogPluginManager: Mounting plugin DatasmithFBXImporter
LogPluginManager: Mounting plugin DatasmithGLTFImporter
LogPluginManager: Mounting plugin DatasmithIFCImporter
LogPluginManager: Mounting plugin DatasmithImporter
LogPluginManager: Mounting plugin MDLImporter
LogPluginManager: Mounting plugin StaticMeshEditorExtension
LogPluginManager: Mounting plugin VariantManager
LogInit: Using libcurl 7.55.1-DEV
LogInit:  - built for x86_64-pc-win32
LogInit:  - supports SSL with OpenSSL/1.1.1
LogInit:  - supports HTTP deflate (compression) using libz 1.2.8
LogInit:  - other features:
LogInit:      CURL_VERSION_SSL
LogInit:      CURL_VERSION_LIBZ
LogInit:      CURL_VERSION_IPV6
LogInit:      CURL_VERSION_ASYNCHDNS
LogInit:      CURL_VERSION_LARGEFILE
LogInit:      CURL_VERSION_IDN
LogInit:  CurlRequestOptions (configurable via config and command line):
LogInit:  - bVerifyPeer = true  - Libcurl will verify peer certificate
LogInit:  - bUseHttpProxy = false  - Libcurl will NOT use HTTP proxy
LogInit:  - bDontReuseConnections = false  - Libcurl will reuse connections
LogInit:  - MaxHostConnections = 16  - Libcurl will limit the number of connections to a host
LogInit:  - LocalHostAddr = Default
LogInit:  - BufferSize = 65536
LogOnline: OSS: Creating online subsystem instance for: NULL
LogInit: WinSock: version 1.1 (2.2), MaxSocks=32767, MaxUdp=65467
LogInit: Build: ++UE4+Release-4.23-CL-9631420
LogInit: Engine Version: 4.23.1-9631420+++UE4+Release-4.23
LogInit: Compatible Engine Version: 4.23.0-8386587+++UE4+Release-4.23
LogInit: Net CL: 8386587
LogInit: OS: Windows 10 (Release 1909) (), CPU: Intel(R) Core(TM) i7-7700K CPU @ 4.20GHz, GPU: NVIDIA GeForce GTX 1080
LogInit: Compiled (64-bit): Oct 18 2019 02:07:44
LogInit: Compiled with Visual C++: 19.16.27030.01
LogInit: Build Configuration: Development
LogInit: Branch Name: ++UE4+Release-4.23
LogInit: Command Line: 
LogInit: Base Directory: D:/Program Files/Epic Games/UE_4.23/Engine/Binaries/Win64/
LogInit: Installed Engine Build: 1
LogDevObjectVersion: Number of dev versions registered: 23
LogDevObjectVersion:   Dev-Blueprints (B0D832E4-1F89-4F0D-ACCF-7EB736FD4AA2): 10
LogDevObjectVersion:   Dev-Build (E1C64328-A22C-4D53-A36C-8E866417BD8C): 0
LogDevObjectVersion:   Dev-Core (375EC13C-06E4-48FB-B500-84F0262A717E): 3
LogDevObjectVersion:   Dev-Editor (E4B068ED-F494-42E9-A231-DA0B2E46BB41): 34
LogDevObjectVersion:   Dev-Framework (CFFC743F-43B0-4480-9391-14DF171D2073): 35
LogDevObjectVersion:   Dev-Mobile (B02B49B5-BB20-44E9-A304-32B752E40360): 2
LogDevObjectVersion:   Dev-Networking (A4E4105C-59A1-49B5-A7C5-40C4547EDFEE): 0
LogDevObjectVersion:   Dev-Online (39C831C9-5AE6-47DC-9A44-9C173E1C8E7C): 0
LogDevObjectVersion:   Dev-Physics (78F01B33-EBEA-4F98-B9B4-84EACCB95AA2): 0
LogDevObjectVersion:   Dev-Platform (6631380F-2D4D-43E0-8009-CF276956A95A): 0
LogDevObjectVersion:   Dev-Rendering (12F88B9F-8875-4AFC-A67C-D90C383ABD29): 31
LogDevObjectVersion:   Dev-Sequencer (7B5AE74C-D270-4C10-A958-57980B212A5A): 11
LogDevObjectVersion:   Dev-VR (D7296918-1DD6-4BDD-9DE2-64A83CC13884): 2
LogDevObjectVersion:   Dev-LoadTimes (C2A15278-BFE7-4AFE-6C17-90FF531DF755): 1
LogDevObjectVersion:   Private-Geometry (6EACA3D4-40EC-4CC1-B786-8BED09428FC5): 3
LogDevObjectVersion:   Dev-AnimPhys (29E575DD-E0A3-4627-9D10-D276232CDCEA): 17
LogDevObjectVersion:   Dev-Anim (AF43A65D-7FD3-4947-9873-3E8ED9C1BB05): 2
LogDevObjectVersion:   Dev-ReflectionCapture (6B266CEC-1EC7-4B8F-A30B-E4D90942FC07): 1
LogDevObjectVersion:   Dev-Automation (0DF73D61-A23F-47EA-B727-89E90C41499A): 1
LogDevObjectVersion:   FortniteMain (601D1886-AC64-4F84-AA16-D3DE0DEAC7D6): 27
LogDevObjectVersion:   Dev-Enterprise (9DFFBCD6-494F-0158-E221-12823C92A888): 6
LogDevObjectVersion:   Dev-Niagara (F2AED0AC-9AFE-416F-8664-AA7FFA26D6FC): 1
LogDevObjectVersion:   Dev-Destruction (174F1F0B-B4C6-45A5-B13F-2EE8D0FB917D): 9
LogInit: Presizing for max 16777216 objects, including 0 objects not considered by GC, pre-allocating 0 bytes for permanent pool.
LogInit: Object subsystem initialized
LogConfig: Setting CVar [[con.DebugEarlyDefault:1]]
LogConfig: Setting CVar [[r.setres:1280x720]]
[2020.07.27-13.32.53:973][  0]LogConfig: Setting CVar [[r.VSync:0]]
[2020.07.27-13.32.53:973][  0]LogConfig: Setting CVar [[r.RHICmdBypass:0]]
[2020.07.27-13.32.53:973][  0]LogConfig: Applying CVar settings from Section [/Script/Engine.RendererSettings] File [D:/Down2DieInventory/StructureInventory/Saved/Config/Windows/Engine.ini]
[2020.07.27-13.32.53:973][  0]LogConfig: Setting CVar [[r.GPUCrashDebugging:0]]
[2020.07.27-13.32.53:973][  0]LogConfig: Setting CVar [[r.DefaultFeature.AutoExposure.ExtendDefaultLuminanceRange:1]]
[2020.07.27-13.32.53:973][  0]LogConfig: Applying CVar settings from Section [/Script/Engine.RendererOverrideSettings] File [D:/Down2DieInventory/StructureInventory/Saved/Config/Windows/Engine.ini]
[2020.07.27-13.32.53:973][  0]LogConfig: Applying CVar settings from Section [/Script/Engine.StreamingSettings] File [D:/Down2DieInventory/StructureInventory/Saved/Config/Windows/Engine.ini]
[2020.07.27-13.32.53:973][  0]LogConfig: Setting CVar [[s.MinBulkDataSizeForAsyncLoading:131072]]
[2020.07.27-13.32.53:973][  0]LogConfig: Setting CVar [[s.AsyncLoadingThreadEnabled:0]]
[2020.07.27-13.32.53:974][  0]LogConfig: Setting CVar [[s.EventDrivenLoaderEnabled:1]]
[2020.07.27-13.32.53:974][  0]LogConfig: Setting CVar [[s.WarnIfTimeLimitExceeded:0]]
[2020.07.27-13.32.53:974][  0]LogConfig: Setting CVar [[s.TimeLimitExceededMultiplier:1.5]]
[2020.07.27-13.32.53:974][  0]LogConfig: Setting CVar [[s.TimeLimitExceededMinTime:0.005]]
[2020.07.27-13.32.53:974][  0]LogConfig: Setting CVar [[s.UseBackgroundLevelStreaming:1]]
[2020.07.27-13.32.53:974][  0]LogConfig: Setting CVar [[s.PriorityAsyncLoadingExtraTime:15.0]]
[2020.07.27-13.32.53:974][  0]LogConfig: Setting CVar [[s.LevelStreamingActorsUpdateTimeLimit:5.0]]
[2020.07.27-13.32.53:974][  0]LogConfig: Setting CVar [[s.PriorityLevelStreamingActorsUpdateExtraTime:5.0]]
[2020.07.27-13.32.53:974][  0]LogConfig: Setting CVar [[s.LevelStreamingComponentsRegistrationGranularity:10]]
[2020.07.27-13.32.53:974][  0]LogConfig: Setting CVar [[s.UnregisterComponentsTimeLimit:1.0]]
[2020.07.27-13.32.53:974][  0]LogConfig: Setting CVar [[s.LevelStreamingComponentsUnregistrationGranularity:5]]
[2020.07.27-13.32.53:974][  0]LogConfig: Applying CVar settings from Section [/Script/Engine.GarbageCollectionSettings] File [D:/Down2DieInventory/StructureInventory/Saved/Config/Windows/Engine.ini]
[2020.07.27-13.32.53:974][  0]LogConfig: Setting CVar [[gc.MaxObjectsNotConsideredByGC:1]]
[2020.07.27-13.32.53:974][  0]LogConfig: Setting CVar [[gc.SizeOfPermanentObjectPool:0]]
[2020.07.27-13.32.53:974][  0]LogConfig: Setting CVar [[gc.FlushStreamingOnGC:0]]
[2020.07.27-13.32.53:974][  0]LogConfig: Setting CVar [[gc.NumRetriesBeforeForcingGC:10]]
[2020.07.27-13.32.53:974][  0]LogConfig: Setting CVar [[gc.AllowParallelGC:1]]
[2020.07.27-13.32.53:974][  0]LogConfig: Setting CVar [[gc.TimeBetweenPurgingPendingKillObjects:61.1]]
[2020.07.27-13.32.53:974][  0]LogConfig: Setting CVar [[gc.MaxObjectsInEditor:16777216]]
[2020.07.27-13.32.53:974][  0]LogConfig: Setting CVar [[gc.IncrementalBeginDestroyEnabled:1]]
[2020.07.27-13.32.53:974][  0]LogConfig: Setting CVar [[gc.CreateGCClusters:1]]
[2020.07.27-13.32.53:974][  0]LogConfig: Setting CVar [[gc.MinGCClusterSize:5]]
[2020.07.27-13.32.53:974][  0]LogConfig: Setting CVar [[gc.ActorClusteringEnabled:0]]
[2020.07.27-13.32.53:974][  0]LogConfig: Setting CVar [[gc.BlueprintClusteringEnabled:0]]
[2020.07.27-13.32.53:974][  0]LogConfig: Setting CVar [[gc.UseDisregardForGCOnDedicatedServers:0]]
[2020.07.27-13.32.53:974][  0]LogConfig: Applying CVar settings from Section [/Script/Engine.NetworkSettings] File [D:/Down2DieInventory/StructureInventory/Saved/Config/Windows/Engine.ini]
[2020.07.27-13.32.53:974][  0]LogConfig: Applying CVar settings from Section [/Script/UnrealEd.CookerSettings] File [D:/Down2DieInventory/StructureInventory/Saved/Config/Windows/Engine.ini]
[2020.07.27-13.32.53:980][  0]LogConfig: Applying CVar settings from Section [ViewDistanceQuality@3] File [D:/Down2DieInventory/StructureInventory/Saved/Config/Windows/Scalability.ini]
[2020.07.27-13.32.53:980][  0]LogConfig: Setting CVar [[r.SkeletalMeshLODBias:0]]
[2020.07.27-13.32.53:980][  0]LogConfig: Setting CVar [[r.ViewDistanceScale:1.0]]
[2020.07.27-13.32.53:980][  0]LogConfig: Applying CVar settings from Section [AntiAliasingQuality@3] File [D:/Down2DieInventory/StructureInventory/Saved/Config/Windows/Scalability.ini]
[2020.07.27-13.32.53:980][  0]LogConfig: Setting CVar [[r.PostProcessAAQuality:4]]
[2020.07.27-13.32.53:980][  0]LogConfig: Applying CVar settings from Section [ShadowQuality@3] File [D:/Down2DieInventory/StructureInventory/Saved/Config/Windows/Scalability.ini]
[2020.07.27-13.32.53:980][  0]LogConfig: Setting CVar [[r.LightFunctionQuality:1]]
[2020.07.27-13.32.53:980][  0]LogConfig: Setting CVar [[r.ShadowQuality:5]]
[2020.07.27-13.32.53:980][  0]LogConfig: Setting CVar [[r.Shadow.CSM.MaxCascades:10]]
[2020.07.27-13.32.53:980][  0]LogConfig: Setting CVar [[r.Shadow.MaxResolution:2048]]
[2020.07.27-13.32.53:980][  0]LogConfig: Setting CVar [[r.Shadow.MaxCSMResolution:2048]]
[2020.07.27-13.32.53:980][  0]LogConfig: Setting CVar [[r.Shadow.RadiusThreshold:0.01]]
[2020.07.27-13.32.53:980][  0]LogConfig: Setting CVar [[r.Shadow.DistanceScale:1.0]]
[2020.07.27-13.32.53:980][  0]LogConfig: Setting CVar [[r.Shadow.CSM.TransitionScale:1.0]]
[2020.07.27-13.32.53:980][  0]LogConfig: Setting CVar [[r.Shadow.PreShadowResolutionFactor:1.0]]
[2020.07.27-13.32.53:980][  0]LogConfig: Setting CVar [[r.DistanceFieldShadowing:1]]
[2020.07.27-13.32.53:980][  0]LogConfig: Setting CVar [[r.DistanceFieldAO:1]]
[2020.07.27-13.32.53:980][  0]LogConfig: Setting CVar [[r.AOQuality:2]]
[2020.07.27-13.32.53:980][  0]LogConfig: Setting CVar [[r.VolumetricFog:1]]
[2020.07.27-13.32.53:980][  0]LogConfig: Setting CVar [[r.VolumetricFog.GridPixelSize:8]]
[2020.07.27-13.32.53:980][  0]LogConfig: Setting CVar [[r.VolumetricFog.GridSizeZ:128]]
[2020.07.27-13.32.53:980][  0]LogConfig: Setting CVar [[r.VolumetricFog.HistoryMissSupersampleCount:4]]
[2020.07.27-13.32.53:980][  0]LogConfig: Setting CVar [[r.LightMaxDrawDistanceScale:1]]
[2020.07.27-13.32.53:980][  0]LogConfig: Setting CVar [[r.CapsuleShadows:1]]
[2020.07.27-13.32.53:980][  0]LogConfig: Applying CVar settings from Section [PostProcessQuality@3] File [D:/Down2DieInventory/StructureInventory/Saved/Config/Windows/Scalability.ini]
[2020.07.27-13.32.53:980][  0]LogConfig: Setting CVar [[r.MotionBlurQuality:4]]
[2020.07.27-13.32.53:980][  0]LogConfig: Setting CVar [[r.AmbientOcclusionMipLevelFactor:0.4]]
[2020.07.27-13.32.53:980][  0]LogConfig: Setting CVar [[r.AmbientOcclusionMaxQuality:100]]
[2020.07.27-13.32.53:980][  0]LogConfig: Setting CVar [[r.AmbientOcclusionLevels:-1]]
[2020.07.27-13.32.53:980][  0]LogConfig: Setting CVar [[r.AmbientOcclusionRadiusScale:1.0]]
[2020.07.27-13.32.53:980][  0]LogConfig: Setting CVar [[r.DepthOfFieldQuality:2]]
[2020.07.27-13.32.53:980][  0]LogConfig: Setting CVar [[r.RenderTargetPoolMin:400]]
[2020.07.27-13.32.53:980][  0]LogConfig: Setting CVar [[r.LensFlareQuality:2]]
[2020.07.27-13.32.53:980][  0]LogConfig: Setting CVar [[r.SceneColorFringeQuality:1]]
[2020.07.27-13.32.53:980][  0]LogConfig: Setting CVar [[r.EyeAdaptationQuality:2]]
[2020.07.27-13.32.53:980][  0]LogConfig: Setting CVar [[r.BloomQuality:5]]
[2020.07.27-13.32.53:980][  0]LogConfig: Setting CVar [[r.FastBlurThreshold:100]]
[2020.07.27-13.32.53:980][  0]LogConfig: Setting CVar [[r.Upscale.Quality:3]]
[2020.07.27-13.32.53:980][  0]LogConfig: Setting CVar [[r.Tonemapper.GrainQuantization:1]]
[2020.07.27-13.32.53:980][  0]LogConfig: Setting CVar [[r.LightShaftQuality:1]]
[2020.07.27-13.32.53:980][  0]LogConfig: Setting CVar [[r.Filter.SizeScale:1]]
[2020.07.27-13.32.53:980][  0]LogConfig: Setting CVar [[r.Tonemapper.Quality:5]]
[2020.07.27-13.32.53:980][  0]LogConfig: Setting CVar [[r.DOF.Gather.AccumulatorQuality:1        ; higher gathering accumulator quality]]
[2020.07.27-13.32.53:980][  0]LogConfig: Setting CVar [[r.DOF.Gather.PostfilterMethod:1          ; Median3x3 postfilering method]]
[2020.07.27-13.32.53:980][  0]LogConfig: Setting CVar [[r.DOF.Gather.EnableBokehSettings:0       ; no bokeh simulation when gathering]]
[2020.07.27-13.32.53:980][  0]LogConfig: Setting CVar [[r.DOF.Gather.RingCount:4                 ; medium number of samples when gathering]]
[2020.07.27-13.32.53:980][  0]LogConfig: Setting CVar [[r.DOF.Scatter.ForegroundCompositing:1    ; additive foreground scattering]]
[2020.07.27-13.32.53:980][  0]LogConfig: Setting CVar [[r.DOF.Scatter.BackgroundCompositing:2    ; additive background scattering]]
[2020.07.27-13.32.53:980][  0]LogConfig: Setting CVar [[r.DOF.Scatter.EnableBokehSettings:1      ; bokeh simulation when scattering]]
[2020.07.27-13.32.53:980][  0]LogConfig: Setting CVar [[r.DOF.Scatter.MaxSpriteRatio:0.1         ; only a maximum of 10% of scattered bokeh]]
[2020.07.27-13.32.53:980][  0]LogConfig: Setting CVar [[r.DOF.Recombine.Quality:1                ; cheap slight out of focus]]
[2020.07.27-13.32.53:980][  0]LogConfig: Setting CVar [[r.DOF.Recombine.EnableBokehSettings:0    ; no bokeh simulation on slight out of focus]]
[2020.07.27-13.32.53:980][  0]LogConfig: Setting CVar [[r.DOF.TemporalAAQuality:1                ; more stable temporal accumulation]]
[2020.07.27-13.32.53:980][  0]LogConfig: Setting CVar [[r.DOF.Kernel.MaxForegroundRadius:0.025]]
[2020.07.27-13.32.53:980][  0]LogConfig: Setting CVar [[r.DOF.Kernel.MaxBackgroundRadius:0.025]]
[2020.07.27-13.32.53:980][  0]LogConfig: Applying CVar settings from Section [TextureQuality@3] File [D:/Down2DieInventory/StructureInventory/Saved/Config/Windows/Scalability.ini]
[2020.07.27-13.32.53:980][  0]LogConfig: Setting CVar [[r.Streaming.MipBias:0]]
[2020.07.27-13.32.53:981][  0]LogConfig: Setting CVar [[r.Streaming.AmortizeCPUToGPUCopy:0]]
[2020.07.27-13.32.53:981][  0]LogConfig: Setting CVar [[r.Streaming.MaxNumTexturesToStreamPerFrame:0]]
[2020.07.27-13.32.53:981][  0]LogConfig: Setting CVar [[r.Streaming.Boost:1]]
[2020.07.27-13.32.53:981][  0]LogConfig: Setting CVar [[r.MaxAnisotropy:8]]
[2020.07.27-13.32.53:981][  0]LogConfig: Setting CVar [[r.Streaming.LimitPoolSizeToVRAM:0]]
[2020.07.27-13.32.53:981][  0]LogConfig: Setting CVar [[r.Streaming.PoolSize:1000]]
[2020.07.27-13.32.53:981][  0]LogConfig: Setting CVar [[r.Streaming.MaxEffectiveScreenSize:0]]
[2020.07.27-13.32.53:981][  0]LogConfig: Applying CVar settings from Section [EffectsQuality@3] File [D:/Down2DieInventory/StructureInventory/Saved/Config/Windows/Scalability.ini]
[2020.07.27-13.32.53:981][  0]LogConfig: Setting CVar [[r.TranslucencyLightingVolumeDim:64]]
[2020.07.27-13.32.53:981][  0]LogConfig: Setting CVar [[r.RefractionQuality:2]]
[2020.07.27-13.32.53:981][  0]LogConfig: Setting CVar [[r.SSR.Quality:3]]
[2020.07.27-13.32.53:981][  0]LogConfig: Setting CVar [[r.SceneColorFormat:4]]
[2020.07.27-13.32.53:981][  0]LogConfig: Setting CVar [[r.DetailMode:2]]
[2020.07.27-13.32.53:981][  0]LogConfig: Setting CVar [[r.TranslucencyVolumeBlur:1]]
[2020.07.27-13.32.53:981][  0]LogConfig: Setting CVar [[r.MaterialQualityLevel:1 ; High quality]]
[2020.07.27-13.32.53:981][  0]LogConfig: Setting CVar [[r.SSS.Scale:1]]
[2020.07.27-13.32.53:981][  0]LogConfig: Setting CVar [[r.SSS.SampleSet:2]]
[2020.07.27-13.32.53:981][  0]LogConfig: Setting CVar [[r.SSS.Quality:1]]
[2020.07.27-13.32.53:981][  0]LogConfig: Setting CVar [[r.SSS.HalfRes:1]]
[2020.07.27-13.32.53:981][  0]LogConfig: Setting CVar [[r.EmitterSpawnRateScale:1.0]]
[2020.07.27-13.32.53:981][  0]LogConfig: Setting CVar [[r.ParticleLightQuality:2]]
[2020.07.27-13.32.53:981][  0]LogConfig: Applying CVar settings from Section [FoliageQuality@3] File [D:/Down2DieInventory/StructureInventory/Saved/Config/Windows/Scalability.ini]
[2020.07.27-13.32.53:981][  0]LogConfig: Setting CVar [[foliage.DensityScale:1.0]]
[2020.07.27-13.32.53:981][  0]LogConfig: Setting CVar [[grass.DensityScale:1.0]]
[2020.07.27-13.32.53:981][  0]LogInit: Selected Device Profile: [Windows]
[2020.07.27-13.32.53:981][  0]LogInit: Applying CVar settings loaded from the selected device profile: [Windows]
[2020.07.27-13.32.53:985][  0]LogHAL: Display: Platform has ~ 16 GB [17106059264 / 17179869184 / 16], which maps to Larger [LargestMinGB=32, LargerMinGB=12, DefaultMinGB=8, SmallerMinGB=6, SmallestMinGB=0)
[2020.07.27-13.32.53:985][  0]LogInit: Going up to parent DeviceProfile []
[2020.07.27-13.32.53:985][  0]LogConfig: Applying CVar settings from Section [ViewDistanceQuality@Cine] File [D:/Down2DieInventory/StructureInventory/Saved/Config/Windows/Scalability.ini]
[2020.07.27-13.32.53:985][  0]LogConfig: Setting CVar [[r.SkeletalMeshLODBias:0]]
[2020.07.27-13.32.53:985][  0]LogConfig: Setting CVar [[r.ViewDistanceScale:10.0]]
[2020.07.27-13.32.53:985][  0]LogConfig: Applying CVar settings from Section [AntiAliasingQuality@Cine] File [D:/Down2DieInventory/StructureInventory/Saved/Config/Windows/Scalability.ini]
[2020.07.27-13.32.53:985][  0]LogConfig: Setting CVar [[r.PostProcessAAQuality:6]]
[2020.07.27-13.32.53:985][  0]LogConfig: Applying CVar settings from Section [ShadowQuality@Cine] File [D:/Down2DieInventory/StructureInventory/Saved/Config/Windows/Scalability.ini]
[2020.07.27-13.32.53:985][  0]LogConfig: Setting CVar [[r.LightFunctionQuality:1]]
[2020.07.27-13.32.53:985][  0]LogConfig: Setting CVar [[r.ShadowQuality:5]]
[2020.07.27-13.32.53:985][  0]LogConfig: Setting CVar [[r.Shadow.CSM.MaxCascades:10]]
[2020.07.27-13.32.53:985][  0]LogConfig: Setting CVar [[r.Shadow.MaxResolution:4096]]
[2020.07.27-13.32.53:985][  0]LogConfig: Setting CVar [[r.Shadow.MaxCSMResolution:4096]]
[2020.07.27-13.32.53:985][  0]LogConfig: Setting CVar [[r.Shadow.RadiusThreshold:0]]
[2020.07.27-13.32.53:985][  0]LogConfig: Setting CVar [[r.Shadow.DistanceScale:1.0]]
[2020.07.27-13.32.53:985][  0]LogConfig: Setting CVar [[r.Shadow.CSM.TransitionScale:1.0]]
[2020.07.27-13.32.53:985][  0]LogConfig: Setting CVar [[r.Shadow.PreShadowResolutionFactor:1.0]]
[2020.07.27-13.32.53:985][  0]LogConfig: Setting CVar [[r.DistanceFieldShadowing:1]]
[2020.07.27-13.32.53:985][  0]LogConfig: Setting CVar [[r.DistanceFieldAO:1]]
[2020.07.27-13.32.53:985][  0]LogConfig: Setting CVar [[r.AOQuality:2]]
[2020.07.27-13.32.53:985][  0]LogConfig: Setting CVar [[r.VolumetricFog:1]]
[2020.07.27-13.32.53:985][  0]LogConfig: Setting CVar [[r.VolumetricFog.GridPixelSize:4]]
[2020.07.27-13.32.53:985][  0]LogConfig: Setting CVar [[r.VolumetricFog.GridSizeZ:128]]
[2020.07.27-13.32.53:985][  0]LogConfig: Setting CVar [[r.VolumetricFog.HistoryMissSupersampleCount:16]]
[2020.07.27-13.32.53:985][  0]LogConfig: Setting CVar [[r.LightMaxDrawDistanceScale:1]]
[2020.07.27-13.32.53:985][  0]LogConfig: Setting CVar [[r.CapsuleShadows:1]]
[2020.07.27-13.32.53:985][  0]LogConfig: Applying CVar settings from Section [PostProcessQuality@Cine] File [D:/Down2DieInventory/StructureInventory/Saved/Config/Windows/Scalability.ini]
[2020.07.27-13.32.53:985][  0]LogConfig: Setting CVar [[r.MotionBlurQuality:4]]
[2020.07.27-13.32.53:985][  0]LogConfig: Setting CVar [[r.AmbientOcclusionMipLevelFactor:0.4]]
[2020.07.27-13.32.53:985][  0]LogConfig: Setting CVar [[r.AmbientOcclusionMaxQuality:100]]
[2020.07.27-13.32.53:985][  0]LogConfig: Setting CVar [[r.AmbientOcclusionLevels:-1]]
[2020.07.27-13.32.53:985][  0]LogConfig: Setting CVar [[r.AmbientOcclusionRadiusScale:1.0]]
[2020.07.27-13.32.53:985][  0]LogConfig: Setting CVar [[r.DepthOfFieldQuality:4]]
[2020.07.27-13.32.53:985][  0]LogConfig: Setting CVar [[r.RenderTargetPoolMin:1000]]
[2020.07.27-13.32.53:985][  0]LogConfig: Setting CVar [[r.LensFlareQuality:3]]
[2020.07.27-13.32.53:985][  0]LogConfig: Setting CVar [[r.SceneColorFringeQuality:1]]
[2020.07.27-13.32.53:985][  0]LogConfig: Setting CVar [[r.EyeAdaptationQuality:2]]
[2020.07.27-13.32.53:985][  0]LogConfig: Setting CVar [[r.BloomQuality:5]]
[2020.07.27-13.32.53:985][  0]LogConfig: Setting CVar [[r.FastBlurThreshold:100]]
[2020.07.27-13.32.53:985][  0]LogConfig: Setting CVar [[r.Upscale.Quality:3]]
[2020.07.27-13.32.53:985][  0]LogConfig: Setting CVar [[r.Tonemapper.GrainQuantization:1]]
[2020.07.27-13.32.53:985][  0]LogConfig: Setting CVar [[r.LightShaftQuality:1]]
[2020.07.27-13.32.53:985][  0]LogConfig: Setting CVar [[r.Filter.SizeScale:1]]
[2020.07.27-13.32.53:985][  0]LogConfig: Setting CVar [[r.Tonemapper.Quality:5]]
[2020.07.27-13.32.53:985][  0]LogConfig: Setting CVar [[r.DOF.Gather.AccumulatorQuality:1        ; higher gathering accumulator quality]]
[2020.07.27-13.32.53:985][  0]LogConfig: Setting CVar [[r.DOF.Gather.PostfilterMethod:1          ; Median3x3 postfilering method]]
[2020.07.27-13.32.53:985][  0]LogConfig: Setting CVar [[r.DOF.Gather.EnableBokehSettings:1       ; bokeh simulation when gathering]]
[2020.07.27-13.32.53:985][  0]LogConfig: Setting CVar [[r.DOF.Gather.RingCount:5                 ; high number of samples when gathering]]
[2020.07.27-13.32.53:985][  0]LogConfig: Setting CVar [[r.DOF.Scatter.ForegroundCompositing:1    ; additive foreground scattering]]
[2020.07.27-13.32.53:985][  0]LogConfig: Setting CVar [[r.DOF.Scatter.BackgroundCompositing:2    ; background scattering occlusion]]
[2020.07.27-13.32.53:985][  0]LogConfig: Setting CVar [[r.DOF.Scatter.EnableBokehSettings:1      ; no bokeh simulation when scattering]]
[2020.07.27-13.32.53:985][  0]LogConfig: Setting CVar [[r.DOF.Scatter.MaxSpriteRatio:0.25        ; only a maximum of 10% of scattered bokeh]]
[2020.07.27-13.32.53:985][  0]LogConfig: Setting CVar [[r.DOF.Recombine.Quality:2                ; highest slight out of focus]]
[2020.07.27-13.32.53:985][  0]LogConfig: Setting CVar [[r.DOF.Recombine.EnableBokehSettings:1    ; bokeh simulation on slight out of focus]]
[2020.07.27-13.32.53:985][  0]LogConfig: Setting CVar [[r.DOF.TemporalAAQuality:1                ; more stable temporal accumulation]]
[2020.07.27-13.32.53:985][  0]LogConfig: Setting CVar [[r.DOF.Kernel.MaxForegroundRadius:0.025]]
[2020.07.27-13.32.53:985][  0]LogConfig: Setting CVar [[r.DOF.Kernel.MaxBackgroundRadius:0.025]]
[2020.07.27-13.32.53:985][  0]LogConfig: Applying CVar settings from Section [TextureQuality@Cine] File [D:/Down2DieInventory/StructureInventory/Saved/Config/Windows/Scalability.ini]
[2020.07.27-13.32.53:985][  0]LogConfig: Setting CVar [[r.Streaming.MipBias:0]]
[2020.07.27-13.32.53:986][  0]LogConfig: Setting CVar [[r.Streaming.AmortizeCPUToGPUCopy:0]]
[2020.07.27-13.32.53:986][  0]LogConfig: Setting CVar [[r.Streaming.MaxNumTexturesToStreamPerFrame:0]]
[2020.07.27-13.32.53:986][  0]LogConfig: Setting CVar [[r.Streaming.Boost:1]]
[2020.07.27-13.32.53:986][  0]LogConfig: Setting CVar [[r.MaxAnisotropy:8]]
[2020.07.27-13.32.53:986][  0]LogConfig: Setting CVar [[r.Streaming.LimitPoolSizeToVRAM:0]]
[2020.07.27-13.32.53:986][  0]LogConfig: Setting CVar [[r.Streaming.PoolSize:3000]]
[2020.07.27-13.32.53:986][  0]LogConfig: Setting CVar [[r.Streaming.MaxEffectiveScreenSize:0]]
[2020.07.27-13.32.53:986][  0]LogConfig: Applying CVar settings from Section [EffectsQuality@Cine] File [D:/Down2DieInventory/StructureInventory/Saved/Config/Windows/Scalability.ini]
[2020.07.27-13.32.53:986][  0]LogConfig: Setting CVar [[r.TranslucencyLightingVolumeDim:64]]
[2020.07.27-13.32.53:986][  0]LogConfig: Setting CVar [[r.RefractionQuality:2]]
[2020.07.27-13.32.53:986][  0]LogConfig: Setting CVar [[r.SSR.Quality:4]]
[2020.07.27-13.32.53:986][  0]LogConfig: Setting CVar [[r.SceneColorFormat:4]]
[2020.07.27-13.32.53:986][  0]LogConfig: Setting CVar [[r.DetailMode:2]]
[2020.07.27-13.32.53:986][  0]LogConfig: Setting CVar [[r.TranslucencyVolumeBlur:1]]
[2020.07.27-13.32.53:986][  0]LogConfig: Setting CVar [[r.MaterialQualityLevel:1 ; High quality]]
[2020.07.27-13.32.53:986][  0]LogConfig: Setting CVar [[r.SSS.Scale:1]]
[2020.07.27-13.32.53:986][  0]LogConfig: Setting CVar [[r.SSS.SampleSet:2]]
[2020.07.27-13.32.53:986][  0]LogConfig: Setting CVar [[r.SSS.Quality:1]]
[2020.07.27-13.32.53:986][  0]LogConfig: Setting CVar [[r.SSS.HalfRes:0]]
[2020.07.27-13.32.53:986][  0]LogConfig: Setting CVar [[r.EmitterSpawnRateScale:1.0]]
[2020.07.27-13.32.53:986][  0]LogConfig: Setting CVar [[r.ParticleLightQuality:2]]
[2020.07.27-13.32.53:986][  0]LogConfig: Applying CVar settings from Section [FoliageQuality@Cine] File [D:/Down2DieInventory/StructureInventory/Saved/Config/Windows/Scalability.ini]
[2020.07.27-13.32.53:986][  0]LogConfig: Setting CVar [[foliage.DensityScale:1.0]]
[2020.07.27-13.32.53:986][  0]LogConfig: Setting CVar [[grass.DensityScale:1.0]]
[2020.07.27-13.32.53:986][  0]LogConfig: Applying CVar settings from Section [Startup] File [../../../Engine/Config/ConsoleVariables.ini]
[2020.07.27-13.32.53:986][  0]LogConfig: Setting CVar [[net.UseAdaptiveNetUpdateFrequency:0]]
[2020.07.27-13.32.53:986][  0]LogConfig: Setting CVar [[p.chaos.AllowCreatePhysxBodies:1]]
[2020.07.27-13.32.53:986][  0]LogConfig: Applying CVar settings from Section [ConsoleVariables] File [D:/Down2DieInventory/StructureInventory/Saved/Config/Windows/Engine.ini]
[2020.07.27-13.32.53:986][  0]LogInit: Computer: JOEYCOMPUTER
[2020.07.27-13.32.53:986][  0]LogInit: User: joeym
[2020.07.27-13.32.53:986][  0]LogInit: CPU Page size=4096, Cores=4
[2020.07.27-13.32.53:986][  0]LogInit: High frequency timer resolution =10.000000 MHz
[2020.07.27-13.32.53:986][  0]LogMemory: Memory total: Physical=15.9GB (16GB approx)
[2020.07.27-13.32.53:986][  0]LogMemory: Platform Memory Stats for Windows
[2020.07.27-13.32.53:986][  0]LogMemory: Process Physical Memory: 101.93 MB used, 101.94 MB peak
[2020.07.27-13.32.53:986][  0]LogMemory: Process Virtual Memory: 99.08 MB used, 99.08 MB peak
[2020.07.27-13.32.53:986][  0]LogMemory: Physical Memory: 7500.93 MB used,  8812.68 MB free, 16313.61 MB total
[2020.07.27-13.32.53:986][  0]LogMemory: Virtual Memory: 4666.94 MB used,  134213064.00 MB free, 134217728.00 MB total
[2020.07.27-13.32.53:992][  0]LogWindows: WindowsPlatformFeatures enabled
[2020.07.27-13.32.54:022][  0]LogInit: Using OS detected language (nl-NL).
[2020.07.27-13.32.54:022][  0]LogInit: Using OS detected locale (nl-NL).
[2020.07.27-13.32.54:023][  0]LogTextLocalizationManager: No localization for 'nl-NL' exists, so 'en' will be used for the language.
[2020.07.27-13.32.54:282][  0]LogInit: Setting process to per monitor DPI aware
[2020.07.27-13.32.54:314][  0]LogSlate: New Slate User Created.  User Index 0, Is Virtual User: 0
[2020.07.27-13.32.54:314][  0]LogSlate: Slate User Registered.  User Index 0, Is Virtual User: 0
[2020.07.27-13.32.54:528][  0]LogHMD: Failed to initialize OpenVR with code 110
[2020.07.27-13.32.54:529][  0]LogD3D11RHI: D3D11 adapters:
[2020.07.27-13.32.54:587][  0]LogD3D11RHI:    0. 'NVIDIA GeForce GTX 1080' (Feature Level 11_0)
[2020.07.27-13.32.54:587][  0]LogD3D11RHI:       8079/0/8156 MB DedicatedVideo/DedicatedSystem/SharedSystem, Outputs:2, VendorId:0x10de
[2020.07.27-13.32.54:590][  0]LogD3D11RHI:    1. 'Microsoft Basic Render Driver' (Feature Level 11_0)
[2020.07.27-13.32.54:590][  0]LogD3D11RHI:       0/0/8156 MB DedicatedVideo/DedicatedSystem/SharedSystem, Outputs:0, VendorId:0x1414
[2020.07.27-13.32.54:590][  0]LogD3D11RHI: Chosen D3D11 Adapter: 0
[2020.07.27-13.32.54:597][  0]LogD3D11RHI: Creating new Direct3DDevice
[2020.07.27-13.32.54:597][  0]LogD3D11RHI:     GPU DeviceId: 0x1b80 (for the marketing name, search the web for "GPU Device Id")
[2020.07.27-13.32.54:597][  0]LogWindows: EnumDisplayDevices:
[2020.07.27-13.32.54:597][  0]LogWindows:    0. 'NVIDIA GeForce GTX 1080' (P:1 D:1)
[2020.07.27-13.32.54:597][  0]LogWindows:    1. 'NVIDIA GeForce GTX 1080' (P:0 D:1)
[2020.07.27-13.32.54:597][  0]LogWindows:    2. 'NVIDIA GeForce GTX 1080' (P:0 D:0)
[2020.07.27-13.32.54:598][  0]LogWindows:    3. 'NVIDIA GeForce GTX 1080' (P:0 D:0)
[2020.07.27-13.32.54:598][  0]LogWindows: DebugString: FoundDriverCount:4 
[2020.07.27-13.32.54:598][  0]LogD3D11RHI:     Adapter Name: NVIDIA GeForce GTX 1080
[2020.07.27-13.32.54:598][  0]LogD3D11RHI:   Driver Version: 446.14 (internal:26.21.14.4614, unified:446.14)
[2020.07.27-13.32.54:598][  0]LogD3D11RHI:      Driver Date: 5-15-2020
[2020.07.27-13.32.54:598][  0]LogRHI: Texture pool is 5655 MB (70% of 8079 MB)
[2020.07.27-13.32.54:636][  0]LogD3D11RHI: Async texture creation enabled
[2020.07.27-13.32.54:646][  0]LogD3D11RHI: GPU Timing Frequency: 1000.000000 (Debug: 2 1)
[2020.07.27-13.32.54:945][  0]LogTemp: Display: Module 'AllDesktopTargetPlatform' loaded TargetPlatform 'AllDesktop'
[2020.07.27-13.32.54:953][  0]LogTemp: Display: Module 'MacClientTargetPlatform' loaded TargetPlatform 'MacClient'
[2020.07.27-13.32.54:961][  0]LogTemp: Display: Module 'MacNoEditorTargetPlatform' loaded TargetPlatform 'MacNoEditor'
[2020.07.27-13.32.54:969][  0]LogTemp: Display: Module 'MacServerTargetPlatform' loaded TargetPlatform 'MacServer'
[2020.07.27-13.32.54:977][  0]LogTemp: Display: Module 'MacTargetPlatform' loaded TargetPlatform 'Mac'
[2020.07.27-13.32.54:986][  0]LogTemp: Display: Module 'WindowsClientTargetPlatform' loaded TargetPlatform 'WindowsClient'
[2020.07.27-13.32.54:994][  0]LogTemp: Display: Module 'WindowsNoEditorTargetPlatform' loaded TargetPlatform 'WindowsNoEditor'
[2020.07.27-13.32.55:002][  0]LogTemp: Display: Module 'WindowsServerTargetPlatform' loaded TargetPlatform 'WindowsServer'
[2020.07.27-13.32.55:007][  0]LogTemp: Display: Module 'WindowsTargetPlatform' loaded TargetPlatform 'Windows'
[2020.07.27-13.32.55:038][  0]LogTemp: Display: Module 'AndroidTargetPlatform' loaded TargetPlatform 'Android'
[2020.07.27-13.32.55:038][  0]LogTemp: Display: Module 'AndroidTargetPlatform' loaded TargetPlatform 'Android_ASTC'
[2020.07.27-13.32.55:038][  0]LogTemp: Display: Module 'AndroidTargetPlatform' loaded TargetPlatform 'Android_ATC'
[2020.07.27-13.32.55:038][  0]LogTemp: Display: Module 'AndroidTargetPlatform' loaded TargetPlatform 'Android_DXT'
[2020.07.27-13.32.55:038][  0]LogTemp: Display: Module 'AndroidTargetPlatform' loaded TargetPlatform 'Android_ETC1'
[2020.07.27-13.32.55:038][  0]LogTemp: Display: Module 'AndroidTargetPlatform' loaded TargetPlatform 'Android_ETC1a'
[2020.07.27-13.32.55:038][  0]LogTemp: Display: Module 'AndroidTargetPlatform' loaded TargetPlatform 'Android_ETC2'
[2020.07.27-13.32.55:038][  0]LogTemp: Display: Module 'AndroidTargetPlatform' loaded TargetPlatform 'Android_PVRTC'
[2020.07.27-13.32.55:038][  0]LogTemp: Display: Module 'AndroidTargetPlatform' loaded TargetPlatform 'AndroidClient'
[2020.07.27-13.32.55:038][  0]LogTemp: Display: Module 'AndroidTargetPlatform' loaded TargetPlatform 'Android_ASTCClient'
[2020.07.27-13.32.55:038][  0]LogTemp: Display: Module 'AndroidTargetPlatform' loaded TargetPlatform 'Android_ATCClient'
[2020.07.27-13.32.55:038][  0]LogTemp: Display: Module 'AndroidTargetPlatform' loaded TargetPlatform 'Android_DXTClient'
[2020.07.27-13.32.55:038][  0]LogTemp: Display: Module 'AndroidTargetPlatform' loaded TargetPlatform 'Android_ETC1Client'
[2020.07.27-13.32.55:038][  0]LogTemp: Display: Module 'AndroidTargetPlatform' loaded TargetPlatform 'Android_ETC1aClient'
[2020.07.27-13.32.55:038][  0]LogTemp: Display: Module 'AndroidTargetPlatform' loaded TargetPlatform 'Android_ETC2Client'
[2020.07.27-13.32.55:038][  0]LogTemp: Display: Module 'AndroidTargetPlatform' loaded TargetPlatform 'Android_PVRTCClient'
[2020.07.27-13.32.55:038][  0]LogTemp: Display: Module 'AndroidTargetPlatform' loaded TargetPlatform 'Android_Multi'
[2020.07.27-13.32.55:038][  0]LogTemp: Display: Module 'AndroidTargetPlatform' loaded TargetPlatform 'Android_MultiClient'
[2020.07.27-13.32.55:040][  0]LogTemp: Display: Module 'HTML5TargetPlatform' loaded TargetPlatform 'HTML5'
[2020.07.27-13.32.55:057][  0]LogTemp: Display: Module 'IOSTargetPlatform' loaded TargetPlatform 'IOSClient'
[2020.07.27-13.32.55:057][  0]LogTemp: Display: Module 'IOSTargetPlatform' loaded TargetPlatform 'IOS'
[2020.07.27-13.32.55:074][  0]LogTemp: Display: Module 'TVOSTargetPlatform' loaded TargetPlatform 'TVOSClient'
[2020.07.27-13.32.55:074][  0]LogTemp: Display: Module 'TVOSTargetPlatform' loaded TargetPlatform 'TVOS'
[2020.07.27-13.32.55:081][  0]LogTemp: Display: Module 'LinuxClientTargetPlatform' loaded TargetPlatform 'LinuxClient'
[2020.07.27-13.32.55:088][  0]LogTemp: Display: Module 'LinuxNoEditorTargetPlatform' loaded TargetPlatform 'LinuxNoEditor'
[2020.07.27-13.32.55:096][  0]LogTemp: Display: Module 'LinuxServerTargetPlatform' loaded TargetPlatform 'LinuxServer'
[2020.07.27-13.32.55:104][  0]LogTemp: Display: Module 'LinuxTargetPlatform' loaded TargetPlatform 'Linux'
[2020.07.27-13.32.55:128][  0]LogTemp: Display: Module 'LuminTargetPlatform' loaded TargetPlatform 'Lumin'
[2020.07.27-13.32.55:128][  0]LogTemp: Display: Module 'LuminTargetPlatform' loaded TargetPlatform 'LuminClient'
[2020.07.27-13.32.55:128][  0]LogTargetPlatformManager: Display: Building Assets For Windows
[2020.07.27-13.32.55:137][  0]LogAudioDebug: Display: Lib vorbis DLL was dynamically loaded.
[2020.07.27-13.32.55:197][  0]LogShaderCompilers: Guid format shader working directory is -9 characters bigger than the processId version (../../../../../../Down2DieInventory/StructureInventory/Intermediate/Shaders/WorkingDirectory/23216/).
[2020.07.27-13.32.55:197][  0]LogShaderCompilers: Cleaned the shader compiler working directory 'C:/Users/joeym/AppData/Local/Temp/UnrealShaderWorkingDir/9F5C590A43C680909997C4B6D39CBEBF/'.
[2020.07.27-13.32.55:198][  0]LogXGEController: Cleaning working directory: C:/Users/joeym/AppData/Local/Temp/UnrealXGEWorkingDir/
[2020.07.27-13.32.55:198][  0]LogXGEController: Cannot use XGE Controller as Incredibuild is not installed on this machine.
[2020.07.27-13.32.55:199][  0]LogShaderCompilers: Cannot use XGE Shader Compiler as Incredibuild is not installed on this machine.
[2020.07.27-13.32.55:199][  0]LogShaderCompilers: Display: Using Local Shader Compiler.
[2020.07.27-13.32.55:731][  0]LogDerivedDataCache: Display: Max Cache Size: 512 MB
[2020.07.27-13.32.55:777][  0]LogDerivedDataCache: Loaded boot cache 0.05s 74MB C:/Users/joeym/AppData/Local/UnrealEngine/4.23/DerivedDataCache/Boot.ddc.
[2020.07.27-13.32.55:778][  0]LogDerivedDataCache: Display: Loaded Boot cache: C:/Users/joeym/AppData/Local/UnrealEngine/4.23/DerivedDataCache/Boot.ddc
[2020.07.27-13.32.55:778][  0]LogDerivedDataCache: FDerivedDataBackendGraph:  Pak pak cache file ../../../../../../Down2DieInventory/StructureInventory/DerivedDataCache/DDC.ddp not found, will not use a pak cache.
[2020.07.27-13.32.55:778][  0]LogDerivedDataCache: Unable to find inner node Pak for hierarchical cache Hierarchy.
[2020.07.27-13.32.55:778][  0]LogDerivedDataCache: FDerivedDataBackendGraph:  CompressedPak pak cache file ../../../../../../Down2DieInventory/StructureInventory/DerivedDataCache/Compressed.ddp not found, will not use a pak cache.
[2020.07.27-13.32.55:778][  0]LogDerivedDataCache: Unable to find inner node CompressedPak for hierarchical cache Hierarchy.
[2020.07.27-13.32.55:787][  0]LogDerivedDataCache: Display: Pak cache opened for reading ../../../Engine/DerivedDataCache/Compressed.ddp.
[2020.07.27-13.32.55:788][  0]LogDerivedDataCache: Display: Pak cache opened for reading ../../../Enterprise/DerivedDataCache/Compressed.ddp.
[2020.07.27-13.32.55:789][  0]LogDerivedDataCache: Using Local data cache path C:/Users/joeym/AppData/Local/UnrealEngine/Common/DerivedDataCache: Writable
[2020.07.27-13.32.55:789][  0]LogDerivedDataCache: Shared data cache path not found in *engine.ini, will not use an Shared cache.
[2020.07.27-13.32.55:789][  0]LogDerivedDataCache: Unable to find inner node Shared for hierarchical cache Hierarchy.
[2020.07.27-13.32.55:809][  0]LogMaterial: Verifying Global Shaders for PCD3D_SM5
[2020.07.27-13.32.55:811][  0]LogSlate: Using FreeType 2.6.0
[2020.07.27-13.32.55:811][  0]LogSlate: SlateFontServices - WITH_FREETYPE: 1, WITH_HARFBUZZ: 1
[2020.07.27-13.32.55:866][  0]LogAssetRegistry: FAssetRegistry took 0.0021 seconds to start up
[2020.07.27-13.32.56:095][  0]LogInit: Selected Device Profile: [Windows]
[2020.07.27-13.32.56:225][  0]LogMeshReduction: Using QuadricMeshReduction for automatic static mesh reduction
[2020.07.27-13.32.56:225][  0]LogMeshReduction: Using SimplygonMeshReduction for automatic skeletal mesh reduction
[2020.07.27-13.32.56:225][  0]LogMeshReduction: Using ProxyLODMeshReduction for automatic mesh merging
[2020.07.27-13.32.56:225][  0]LogMeshReduction: No distributed automatic mesh merging module available
[2020.07.27-13.32.56:225][  0]LogMeshMerging: No distributed automatic mesh merging module available
[2020.07.27-13.32.56:234][  0]LogNetVersion: StructureInventory 1.0.0, NetCL: 8386587, EngineNetVer: 11, GameNetVer: 0 (Checksum: 2032503810)
[2020.07.27-13.32.56:624][  0]LogPackageLocalizationCache: Processed 18 localized package path(s) for 1 prioritized culture(s) in 0.061606 seconds
[2020.07.27-13.32.56:630][  0]LogUObjectArray: 43444 objects as part of root set at end of initial load.
[2020.07.27-13.32.56:630][  0]LogUObjectAllocator: 7548648 out of 0 bytes used by permanent object pool.
[2020.07.27-13.32.56:630][  0]LogUObjectArray: CloseDisregardForGC: 0/0 objects in disregard for GC pool
[2020.07.27-13.32.57:452][  0]LogTcpMessaging: Initializing TcpMessaging bridge
[2020.07.27-13.32.57:455][  0]LogUdpMessaging: Initializing bridge on interface 0.0.0.0:0 to multicast group 230.0.0.1:6666.
[2020.07.27-13.32.57:544][  0]SourceControl: Source control is disabled
[2020.07.27-13.32.57:544][  0]SourceControl: Source control is disabled
[2020.07.27-13.32.57:547][  0]SourceControl: Source control is disabled
[2020.07.27-13.32.57:548][  0]SourceControl: Source control is disabled
[2020.07.27-13.32.57:844][  0]LogOnline: Display: STEAM: Loading Steam SDK 1.42
[2020.07.27-13.32.57:879][  0]LogAndroidPermission: UAndroidPermissionCallbackProxy::GetInstance
[2020.07.27-13.32.58:030][  0]LogOcInput: OculusInput pre-init called
[2020.07.27-13.32.58:040][  0]LogWindows: Failed to load 'OVRPlugin.dll' (GetLastError=126)
[2020.07.27-13.32.58:040][  0]LogWindows: File 'OVRPlugin.dll' does not exist
[2020.07.27-13.33.00:414][  0]LogEngine: Initializing Engine...
[2020.07.27-13.33.00:415][  0]LogHMD: Failed to initialize OpenVR with code 110
[2020.07.27-13.33.00:416][  0]LogStats: UGameplayTagsManager::InitializeManager -  0.000 s
[2020.07.27-13.33.00:613][  0]LogInit: Initializing FReadOnlyCVARCache
[2020.07.27-13.33.00:630][  0]LogAIModule: Creating AISystem for world Untitled
[2020.07.27-13.33.00:678][  0]LogInit: XAudio2 using 'Hoofdtelefoon (3- Arctis 7 Game)' : 2 channels at 48 kHz using 16 bits per sample (channel mask 0x3)
[2020.07.27-13.33.00:777][  0]LogInit: FAudioDevice initialized.
[2020.07.27-13.33.00:777][  0]LogNetVersion: Set ProjectVersion to 1.0.0.0. Version Checksum will be recalculated on next use.
[2020.07.27-13.33.00:826][  0]LogDerivedDataCache: Saved boot cache 0.05s 74MB C:/Users/joeym/AppData/Local/UnrealEngine/4.23/DerivedDataCache/Boot.ddc.
[2020.07.27-13.33.00:832][  0]LogInit: Texture streaming: Enabled
[2020.07.27-13.33.00:854][  0]LogEngineSessionManager: EngineSessionManager initialized
[2020.07.27-13.33.00:854][  0]LogEditorSessionSummary: Verbose: Initializing EditorSessionSummaryWriter for editor session tracking
[2020.07.27-13.33.00:855][  0]LogEditorSessionSummary: EditorSessionSummaryWriter initialized
[2020.07.27-13.33.00:947][  0]LogInit: Transaction tracking system initialized
[2020.07.27-13.33.00:981][  0]BlueprintLog: New page: Editor Load
[2020.07.27-13.33.01:070][  0]LocalizationService: Localization service is disabled
[2020.07.27-13.33.01:342][  0]LogFileCache: Scanning file cache for directory 'D:/Down2DieInventory/StructureInventory/Content/' took 0.00s
[2020.07.27-13.33.01:342][  0]LogCook: Display: Max memory allowance for cook 16384mb min free memory 0mb
[2020.07.27-13.33.01:342][  0]LogCook: Display: Mobile HDR setting 1
[2020.07.27-13.33.02:833][  0]SourceControl: Source control is disabled
[2020.07.27-13.33.02:833][  0]Cmd: MAP LOAD FILE="../../../../../../Down2DieInventory/StructureInventory/Content/GameRelated/MyLevel.umap" TEMPLATE=0 SHOWPROGRESS=1 FEATURELEVEL=3
[2020.07.27-13.33.02:833][  0]LightingResults: New page: Lighting Build
[2020.07.27-13.33.02:835][  0]LogWorld: UWorld::CleanupWorld for Untitled, bSessionEnded=true, bCleanupResources=true
[2020.07.27-13.33.02:835][  0]MapCheck: New page: Map Check
[2020.07.27-13.33.02:836][  0]LightingResults: New page: Lighting Build
[2020.07.27-13.33.02:857][  0]LogUObjectHash: Compacting FUObjectHashTables data took   1.97ms
[2020.07.27-13.33.03:453][  0]LogAIModule: Creating AISystem for world MyLevel
[2020.07.27-13.33.03:459][  0]LogEditorServer: Finished looking for orphan Actors (0.000 secs)
[2020.07.27-13.33.03:487][  0]LogUObjectHash: Compacting FUObjectHashTables data took   2.34ms
[2020.07.27-13.33.03:487][  0]Cmd: MAP CHECKDEP NOCLEARLOG
[2020.07.27-13.33.03:487][  0]MapCheck: Map check complete: 0 Error(s), 0 Warning(s), took 0,221ms to complete.
[2020.07.27-13.33.03:487][  0]LogFileHelpers: Loading map 'MyLevel' took 0.655
[2020.07.27-13.33.03:593][  0]LogSlate: Updating window title bar state: overlay mode, drag disabled, window buttons hidden, title bar hidden
[2020.07.27-13.33.03:598][  0]LogSlate: Updating window title bar state: overlay mode, drag disabled, window buttons hidden, title bar hidden
[2020.07.27-13.33.03:604][  0]LogSlate: Updating window title bar state: overlay mode, drag disabled, window buttons hidden, title bar hidden
[2020.07.27-13.33.03:609][  0]LogSlate: Updating window title bar state: overlay mode, drag disabled, window buttons hidden, title bar hidden
[2020.07.27-13.33.03:614][  0]LogCollectionManager: Loaded 0 collections in 0.001101 seconds
[2020.07.27-13.33.03:620][  0]LogFileCache: Scanning file cache for directory 'D:/Down2DieInventory/StructureInventory/Saved/Collections/' took 0.00s
[2020.07.27-13.33.03:620][  0]LogFileCache: Scanning file cache for directory 'D:/Down2DieInventory/StructureInventory/Content/Developers/joeym/Collections/' took 0.00s
[2020.07.27-13.33.03:620][  0]LogFileCache: Scanning file cache for directory 'D:/Down2DieInventory/StructureInventory/Content/Collections/' took 0.00s
[2020.07.27-13.33.03:620][  0]LogCollectionManager: Rebuilt the GUID cache for 0 collections in 0.000001 seconds
[2020.07.27-13.33.03:627][  0]LogContentBrowser: Native class hierarchy populated in 0.0068 seconds. Added 3071 classes and 775 folders.
[2020.07.27-13.33.03:632][  0]LogContentBrowser: Native class hierarchy updated for 'WidgetCarousel' in 0.0002 seconds. Added 0 classes and 0 folders.
[2020.07.27-13.33.03:689][  0]LogContentBrowser: Native class hierarchy updated for 'AddContentDialog' in 0.0002 seconds. Added 0 classes and 0 folders.
[2020.07.27-13.33.03:692][  0]LogContentBrowser: Native class hierarchy updated for 'SceneOutliner' in 0.0002 seconds. Added 1 classes and 0 folders.
[2020.07.27-13.33.03:748][  0]LogContentBrowser: Native class hierarchy updated for 'WorldBrowser' in 0.0003 seconds. Added 2 classes and 3 folders.
[2020.07.27-13.33.03:760][  0]LogSlate: Took 0.000174 seconds to synchronously load lazily loaded font '../../../Engine/Content/Slate/Fonts/Roboto-Bold.ttf' (160K)
[2020.07.27-13.33.03:761][  0]LogSlate: Took 0.000135 seconds to synchronously load lazily loaded font '../../../Engine/Content/Slate/Fonts/Roboto-Regular.ttf' (155K)
[2020.07.27-13.33.03:794][  0]LogContentBrowser: Native class hierarchy updated for 'HierarchicalLODOutliner' in 0.0002 seconds. Added 0 classes and 0 folders.
[2020.07.27-13.33.03:794][  0]LogLoad: (Engine Initialization) Total time: 11.34 seconds
[2020.07.27-13.33.03:794][  0]LogLoad: (Engine Initialization) Total Blueprint compile time: 0.00 seconds
[2020.07.27-13.33.03:841][  0]LogAssetRegistry: Asset discovery search completed in 7.9754 seconds
[2020.07.27-13.33.03:844][  0]LogCollectionManager: Rebuilt the object cache for 0 collections in 0.000004 seconds (found 0 objects)
[2020.07.27-13.33.03:844][  0]LogCollectionManager: Fixed up redirectors for 0 collections in 0.000074 seconds (updated 0 objects)
[2020.07.27-13.33.03:844][  0]LogContentStreaming: Texture pool size now 3000 MB
[2020.07.27-13.33.03:856][  0]LogSlate: Took 0.000191 seconds to synchronously load lazily loaded font '../../../Engine/Content/Editor/Slate/Fonts/FontAwesome.ttf' (139K)
[2020.07.27-13.33.03:859][  0]LogSlate: Took 0.000222 seconds to synchronously load lazily loaded font '../../../Engine/Content/Slate/Fonts/Roboto-Light.ttf' (167K)
[2020.07.27-13.33.03:905][  0]LogSlate: Took 0.000197 seconds to synchronously load lazily loaded font '../../../Engine/Content/Slate/Fonts/Roboto-Light.ttf' (167K)
[2020.07.27-13.33.03:931][  0]LogRenderer: Reallocating scene render targets to support 764x256 Format 10 NumSamples 1 (Frame:1).
[2020.07.27-13.33.05:481][  5]LogSlate: FSceneViewport::OnFocusLost() reason 0
[2020.07.27-13.33.06:319][ 84]LogRenderer: Reallocating scene render targets to support 1152x420 Format 10 NumSamples 1 (Frame:46).
[2020.07.27-13.33.11:619][671]LogAssetEditorManager: Opening Asset editor for Blueprint /Game/MyPlayer/MyPlayer.MyPlayer
[2020.07.27-13.33.12:233][671]LogContentBrowser: Native class hierarchy updated for 'BlueprintGraph' in 0.0004 seconds. Added 121 classes and 0 folders.
[2020.07.27-13.33.13:481][671]LogSlate: Took 0.014518 seconds to synchronously load lazily loaded font '../../../Engine/Content/Slate/Fonts/Roboto-BoldCondensed.ttf' (158K)
[2020.07.27-13.33.14:573][722]LogSlate: Took 0.123345 seconds to synchronously load lazily loaded font '../../../Engine/Content/Slate/Fonts/Roboto-Italic.ttf' (157K)
[2020.07.27-13.33.20:574][296]LogAssetEditorManager: Opening Asset editor for Blueprint /Game/ExampleBlueprints/ExampleAdvancedSessionsFunctionsChar.ExampleAdvancedSessionsFunctionsChar
[2020.07.27-13.33.58:284][179]BlueprintLog: New page: Compile MyPlayer
[2020.07.27-13.33.58:665][179]LogUObjectHash: Compacting FUObjectHashTables data took   3.32ms
[2020.07.27-13.34.03:803][731]LogEditorSessionSummary: EditorSessionSummary sent report. Type=Shutdown, SessionId={1FE42059-4295-4867-DF08-32BFE86FAA21}
[2020.07.27-13.35.19:793][279]BlueprintLog: New page: Compile MyPlayer
[2020.07.27-13.35.20:077][279]LogActorComponent: RegisterComponentWithWorld: Owner belongs to a DEADCLASS
[2020.07.27-13.35.20:077][279]LogActorComponent: RegisterComponentWithWorld: Owner belongs to a DEADCLASS
[2020.07.27-13.35.20:077][279]LogActorComponent: RegisterComponentWithWorld: Owner belongs to a DEADCLASS
[2020.07.27-13.35.20:077][279]LogActorComponent: RegisterComponentWithWorld: Owner belongs to a DEADCLASS
[2020.07.27-13.35.20:259][279]LogUObjectHash: Compacting FUObjectHashTables data took   3.50ms
[2020.07.27-13.35.29:684][260]BlueprintLog: New page: Compile MyPlayer
[2020.07.27-13.35.29:956][260]LogActorComponent: RegisterComponentWithWorld: Owner belongs to a DEADCLASS
[2020.07.27-13.35.29:956][260]LogActorComponent: RegisterComponentWithWorld: Owner belongs to a DEADCLASS
[2020.07.27-13.35.29:956][260]LogActorComponent: RegisterComponentWithWorld: Owner belongs to a DEADCLASS
[2020.07.27-13.35.29:956][260]LogActorComponent: RegisterComponentWithWorld: Owner belongs to a DEADCLASS
[2020.07.27-13.35.30:139][260]LogUObjectHash: Compacting FUObjectHashTables data took   3.41ms
[2020.07.27-13.35.30:389][273]Cmd: OBJ SAVEPACKAGE PACKAGE="/Game/MyPlayer/MyPlayer" FILE="../../../../../../Down2DieInventory/StructureInventory/Content/MyPlayer/MyPlayer.uasset" SILENT=true
[2020.07.27-13.35.30:640][273]LogSavePackage: Moving '../../../../../../Down2DieInventory/StructureInventory/Saved/MyPlayerDAADE84C4E73C26223E059A73186F5E3.tmp' to '../../../../../../Down2DieInventory/StructureInventory/Content/MyPlayer/MyPlayer.uasset'
[2020.07.27-13.35.33:476][588]Cmd: OBJ SAVEPACKAGE PACKAGE="/Game/MyPlayer/MyPlayer" FILE="../../../../../../Down2DieInventory/StructureInventory/Content/MyPlayer/MyPlayer.uasset" SILENT=true
[2020.07.27-13.35.33:613][588]LogSavePackage: Moving '../../../../../../Down2DieInventory/StructureInventory/Saved/MyPlayer66DB53B6411D4CA8BABF07A147DA1F4A.tmp' to '../../../../../../Down2DieInventory/StructureInventory/Content/MyPlayer/MyPlayer.uasset'
[2020.07.27-13.35.34:742][710]LogUObjectHash: Compacting FUObjectHashTables data took   3.14ms
[2020.07.27-13.35.34:775][710]Cmd: OBJ SAVEPACKAGE PACKAGE="/Game/GameRelated/MyLevel" FILE="../../../../../../Down2DieInventory/StructureInventory/Content/GameRelated/MyLevel.umap" SILENT=true AUTOSAVING=false KEEPDIRTY=false
[2020.07.27-13.35.34:804][710]LogUObjectHash: Compacting FUObjectHashTables data took   0.73ms
[2020.07.27-13.35.35:016][710]LogSavePackage: Moving '../../../../../../Down2DieInventory/StructureInventory/Saved/MyLevel3E85C03145FEBF3B4945A2A30A6593B1.tmp' to '../../../../../../Down2DieInventory/StructureInventory/Content/GameRelated/MyLevel.umap'
[2020.07.27-13.35.35:045][710]LogFileHelpers: Saving map 'MyLevel' took 0.269
[2020.07.27-13.35.35:162][710]LogSavePackage: Moving '../../../../../../Down2DieInventory/StructureInventory/Saved/ExampleAdvancedSessionsFunctions9169CCF34FD0968016AD718FAF44B808.tmp' to '../../../../../../Down2DieInventory/StructureInventory/Content/ExampleBlueprints/ExampleAdvancedSessionsFunctionsChar.uasset'
[2020.07.27-13.35.39:791][235]Cmd: OBJ SAVEPACKAGE PACKAGE="/Game/MyPlayer/MyPlayer" FILE="../../../../../../Down2DieInventory/StructureInventory/Content/MyPlayer/MyPlayer.uasset" SILENT=true
[2020.07.27-13.35.39:931][235]LogSavePackage: Moving '../../../../../../Down2DieInventory/StructureInventory/Saved/MyPlayer5B38EEA4443F5376D88C0BB346D8265C.tmp' to '../../../../../../Down2DieInventory/StructureInventory/Content/MyPlayer/MyPlayer.uasset'
[2020.07.27-13.35.42:857][560]LogUObjectHash: Compacting FUObjectHashTables data took   2.36ms
[2020.07.27-13.36.08:852][ 47]LogTemp: Repeating last play command: Standalone Game
[2020.07.27-13.36.08:891][ 47]LogUObjectHash: Compacting FUObjectHashTables data took   0.71ms
[2020.07.27-13.36.23:252][519]LogSlate: Window 'ExampleAdvancedSessionsFunctionsChar' being destroyed
[2020.07.27-13.36.23:256][519]LogSlate: Window 'ExampleAdvancedSessionsFunctionsChar' being destroyed
[2020.07.27-13.36.23:278][519]LogWorld: UWorld::CleanupWorld for World_3, bSessionEnded=true, bCleanupResources=true
[2020.07.27-13.36.23:334][519]LogActorComponent: UnregisterComponent: (/Engine/Transient.EditorFloorComp) Not registered. Aborting.
[2020.07.27-13.36.23:334][519]LogWorld: UWorld::CleanupWorld for World_4, bSessionEnded=true, bCleanupResources=true
[2020.07.27-13.36.24:720][660]LogUObjectHash: Compacting FUObjectHashTables data took   2.88ms
[2020.07.27-13.36.24:790][660]LogSlate: Window 'StructureInventory - Unreal Editor' being destroyed
[2020.07.27-13.36.24:791][660]LogWindowsTextInputMethodSystem: Display: IME system now deactivated.
[2020.07.27-13.36.24:884][661]Cmd: QUIT_EDITOR
[2020.07.27-13.36.24:927][661]LogExit: Preparing to exit.
[2020.07.27-13.36.25:564][661]LogWorld: UWorld::CleanupWorld for World_0, bSessionEnded=true, bCleanupResources=true
[2020.07.27-13.36.25:567][661]LogWorld: UWorld::CleanupWorld for World_1, bSessionEnded=true, bCleanupResources=true
[2020.07.27-13.36.25:568][661]LogWorld: UWorld::CleanupWorld for World_2, bSessionEnded=true, bCleanupResources=true
[2020.07.27-13.36.25:596][661]LogDemo: Cleaned up 0 splitscreen connections with owner deletion
[2020.07.27-13.36.25:606][661]LogWorld: UWorld::CleanupWorld for None, bSessionEnded=true, bCleanupResources=true
[2020.07.27-13.36.25:606][661]LogExit: Editor shut down
[2020.07.27-13.36.25:606][661]LogExit: Transaction tracking system shut down
[2020.07.27-13.36.25:833][661]LogExit: Object subsystem successfully closed.
[2020.07.27-13.36.25:853][661]LogShaderCompilers: Display: Shaders left to compile 0
[2020.07.27-13.36.25:904][661]LogModuleManager: Shutting down and abandoning module BlueprintGraph (738)
[2020.07.27-13.36.25:904][661]LogModuleManager: Shutting down and abandoning module HierarchicalLODOutliner (736)
[2020.07.27-13.36.25:904][661]LogModuleManager: Shutting down and abandoning module WorldBrowser (734)
[2020.07.27-13.36.25:904][661]LogModuleManager: Shutting down and abandoning module SceneOutliner (732)
[2020.07.27-13.36.25:904][661]LogModuleManager: Shutting down and abandoning module AddContentDialog (730)
[2020.07.27-13.36.25:904][661]LogModuleManager: Shutting down and abandoning module WidgetCarousel (729)
[2020.07.27-13.36.25:904][661]LogModuleManager: Shutting down and abandoning module EditorWidgets (726)
[2020.07.27-13.36.25:904][661]LogModuleManager: Shutting down and abandoning module CollectionManager (724)
[2020.07.27-13.36.25:904][661]LogModuleManager: Shutting down and abandoning module StatsViewer (722)
[2020.07.27-13.36.25:904][661]LogModuleManager: Shutting down and abandoning module VirtualTexturingEditor (720)
[2020.07.27-13.36.25:905][661]LogModuleManager: Shutting down and abandoning module FoliageEdit (718)
[2020.07.27-13.36.25:905][661]LogModuleManager: Shutting down and abandoning module LandscapeEditor (716)
[2020.07.27-13.36.25:905][661]LogModuleManager: Shutting down and abandoning module MeshPaintMode (714)
[2020.07.27-13.36.25:905][661]LogModuleManager: Shutting down and abandoning module SceneDepthPickerMode (712)
[2020.07.27-13.36.25:905][661]LogModuleManager: Shutting down and abandoning module ActorPickerMode (710)
[2020.07.27-13.36.25:905][661]LogModuleManager: Shutting down and abandoning module GeometryMode (708)
[2020.07.27-13.36.25:905][661]LogModuleManager: Shutting down and abandoning module TextureAlignMode (706)
[2020.07.27-13.36.25:905][661]LogModuleManager: Shutting down and abandoning module BspMode (704)
[2020.07.27-13.36.25:905][661]LogModuleManager: Shutting down and abandoning module PIEPreviewDeviceProfileSelector (702)
[2020.07.27-13.36.25:905][661]LogModuleManager: Shutting down and abandoning module SequenceRecorderSections (700)
[2020.07.27-13.36.25:905][661]LogModuleManager: Shutting down and abandoning module AutomationWorker (698)
[2020.07.27-13.36.25:905][661]LogModuleManager: Shutting down and abandoning module DatasmithFBXImporter (696)
[2020.07.27-13.36.25:905][661]LogModuleManager: Shutting down and abandoning module DatasmithDeltaGenImporter (694)
[2020.07.27-13.36.25:905][661]LogModuleManager: Shutting down and abandoning module DatasmithVREDImporter (692)
[2020.07.27-13.36.25:905][661]LogModuleManager: Shutting down and abandoning module OculusMR (690)
[2020.07.27-13.36.25:905][661]LogModuleManager: Shutting down and abandoning module AudioCaptureEditor (688)
[2020.07.27-13.36.25:905][661]LogModuleManager: Shutting down and abandoning module MatineeToLevelSequence (686)
[2020.07.27-13.36.25:905][661]LogModuleManager: Shutting down and abandoning module LevelSequenceEditor (684)
[2020.07.27-13.36.25:905][661]LogModuleManager: Shutting down and abandoning module PlacementMode (683)
[2020.07.27-13.36.25:905][661]LogModuleManager: Shutting down and abandoning module MaterialEditor (682)
[2020.07.27-13.36.25:905][661]LogModuleManager: Shutting down and abandoning module ActorSequenceEditor (678)
[2020.07.27-13.36.25:905][661]LogModuleManager: Shutting down and abandoning module WmfMediaFactory (676)
[2020.07.27-13.36.25:905][661]LogModuleManager: Shutting down and abandoning module WmfMediaEditor (674)
[2020.07.27-13.36.25:905][661]LogModuleManager: Shutting down and abandoning module WebMMediaFactory (672)
[2020.07.27-13.36.25:905][661]LogModuleManager: Shutting down and abandoning module WebMMediaEditor (670)
[2020.07.27-13.36.25:905][661]LogModuleManager: Shutting down and abandoning module WebMMedia (668)
[2020.07.27-13.36.25:905][661]LogModuleManager: Shutting down and abandoning module MediaPlayerEditor (666)
[2020.07.27-13.36.25:905][661]LogModuleManager: Shutting down and abandoning module MediaCompositingEditor (664)
[2020.07.27-13.36.25:905][661]LogModuleManager: Shutting down and abandoning module SequenceRecorder (663)
[2020.07.27-13.36.25:905][661]LogModuleManager: Shutting down and abandoning module OpenExrWrapper (660)
[2020.07.27-13.36.25:905][661]LogModuleManager: Shutting down and abandoning module ImgMediaFactory (658)
[2020.07.27-13.36.25:905][661]LogModuleManager: Shutting down and abandoning module ImgMediaEditor (656)
[2020.07.27-13.36.25:905][661]LogModuleManager: Shutting down and abandoning module AvfMediaFactory (654)
[2020.07.27-13.36.25:905][661]LogModuleManager: Shutting down and abandoning module AvfMediaEditor (652)
[2020.07.27-13.36.25:905][661]LogModuleManager: Shutting down and abandoning module AndroidMediaFactory (650)
[2020.07.27-13.36.25:905][661]LogModuleManager: Shutting down and abandoning module AndroidMediaEditor (648)
[2020.07.27-13.36.25:905][661]LogModuleManager: Shutting down and abandoning module MagicLeapCameraPreviewFactory (646)
[2020.07.27-13.36.25:905][661]LogModuleManager: Shutting down and abandoning module MagicLeapMediaCodecFactory (644)
[2020.07.27-13.36.25:905][661]LogModuleManager: Shutting down and abandoning module MagicLeapMediaFactory (642)
[2020.07.27-13.36.25:905][661]LogModuleManager: Shutting down and abandoning module MagicLeapMediaEditor (640)
[2020.07.27-13.36.25:905][661]LogModuleManager: Shutting down and abandoning module CharacterAI (638)
[2020.07.27-13.36.25:905][661]LogModuleManager: Shutting down and abandoning module SmartSnapping (636)
[2020.07.27-13.36.25:905][661]LogModuleManager: Shutting down and abandoning module SessionServices (634)
[2020.07.27-13.36.25:905][661]LogModuleManager: Shutting down and abandoning module MeshPaint (632)
[2020.07.27-13.36.25:905][661]LogModuleManager: Shutting down and abandoning module ViewportSnapping (630)
[2020.07.27-13.36.25:905][661]LogModuleManager: Shutting down and abandoning module ViewportInteraction (628)
[2020.07.27-13.36.25:905][661]LogModuleManager: Shutting down and abandoning module ClothPainter (626)
[2020.07.27-13.36.25:905][661]LogModuleManager: Shutting down and abandoning module SkeletalMeshEditor (625)
[2020.07.27-13.36.25:905][661]LogModuleManager: Shutting down and abandoning module LogVisualizer (622)
[2020.07.27-13.36.25:905][661]LogModuleManager: Shutting down and abandoning module IntroTutorials (620)
[2020.07.27-13.36.25:906][661]LogModuleManager: Shutting down and abandoning module GameProjectGeneration (619)
[2020.07.27-13.36.25:906][661]LogModuleManager: Shutting down and abandoning module LuminPlatformEditor (616)
[2020.07.27-13.36.25:906][661]LogModuleManager: Shutting down and abandoning module IOSPlatformEditor (614)
[2020.07.27-13.36.25:906][661]LogModuleManager: Shutting down and abandoning module HTML5PlatformEditor (612)
[2020.07.27-13.36.25:906][661]LogModuleManager: Shutting down and abandoning module AndroidPlatformEditor (610)
[2020.07.27-13.36.25:906][661]LogModuleManager: Shutting down and abandoning module AndroidDeviceDetection (609)
[2020.07.27-13.36.26:235][661]LogModuleManager: Shutting down and abandoning module WindowsPlatformEditor (606)
[2020.07.27-13.36.26:235][661]LogModuleManager: Shutting down and abandoning module LuminRuntimeSettings (604)
[2020.07.27-13.36.26:235][661]LogModuleManager: Shutting down and abandoning module IOSRuntimeSettings (602)
[2020.07.27-13.36.26:235][661]LogModuleManager: Shutting down and abandoning module AndroidRuntimeSettings (600)
[2020.07.27-13.36.26:235][661]LogModuleManager: Shutting down and abandoning module TimeManagementEditor (598)
[2020.07.27-13.36.26:235][661]LogModuleManager: Shutting down and abandoning module InputBindingEditor (596)
[2020.07.27-13.36.26:235][661]LogModuleManager: Shutting down and abandoning module MergeActors (594)
[2020.07.27-13.36.26:235][661]LogModuleManager: Shutting down and abandoning module LocalizationDashboard (592)
[2020.07.27-13.36.26:235][661]LogModuleManager: Shutting down and abandoning module LocalizationService (591)
[2020.07.27-13.36.26:235][661]LogModuleManager: Shutting down and abandoning module HardwareTargeting (588)
[2020.07.27-13.36.26:235][661]LogModuleManager: Shutting down and abandoning module DeviceProfileEditor (586)
[2020.07.27-13.36.26:235][661]LogModuleManager: Shutting down and abandoning module UndoHistory (584)
[2020.07.27-13.36.26:235][661]LogModuleManager: Shutting down and abandoning module XmlParser (582)
[2020.07.27-13.36.26:235][661]LogModuleManager: Shutting down and abandoning module Blutility (580)
[2020.07.27-13.36.26:236][661]LogModuleManager: Shutting down and abandoning module ProjectSettingsViewer (578)
[2020.07.27-13.36.26:236][661]LogModuleManager: Shutting down and abandoning module ProjectTargetPlatformEditor (577)
[2020.07.27-13.36.26:236][661]LogModuleManager: Shutting down and abandoning module EditorSettingsViewer (574)
[2020.07.27-13.36.26:236][661]LogModuleManager: Shutting down and abandoning module SettingsEditor (572)
[2020.07.27-13.36.26:236][661]LogModuleManager: Shutting down and abandoning module ProjectLauncher (570)
[2020.07.27-13.36.26:236][661]LogModuleManager: Shutting down and abandoning module SessionFrontend (568)
[2020.07.27-13.36.26:236][661]LogModuleManager: Shutting down and abandoning module ProfilerClient (566)
[2020.07.27-13.36.26:236][661]LogModuleManager: Shutting down and abandoning module DeviceManager (564)
[2020.07.27-13.36.26:236][661]LogModuleManager: Shutting down and abandoning module TargetDeviceServices (563)
[2020.07.27-13.36.26:280][661]LogModuleManager: Shutting down and abandoning module AutomationController (560)
[2020.07.27-13.36.26:280][661]LogModuleManager: Shutting down and abandoning module AutomationWindow (558)
[2020.07.27-13.36.26:280][661]LogModuleManager: Shutting down and abandoning module Layers (556)
[2020.07.27-13.36.26:280][661]LogModuleManager: Shutting down and abandoning module ComponentVisualizers (554)
[2020.07.27-13.36.26:280][661]LogModuleManager: Shutting down and abandoning module DetailCustomizations (552)
[2020.07.27-13.36.26:280][661]LogModuleManager: Shutting down and abandoning module PackagesDialog (550)
[2020.07.27-13.36.26:280][661]LogModuleManager: Shutting down and abandoning module AnimationBlueprintEditor (548)
[2020.07.27-13.36.26:280][661]LogModuleManager: Shutting down and abandoning module Persona (546)
[2020.07.27-13.36.26:280][661]LogModuleManager: Shutting down and abandoning module AnimGraph (545)
[2020.07.27-13.36.26:280][661]LogModuleManager: Shutting down and abandoning module Kismet (542)
[2020.07.27-13.36.26:284][661]LogModuleManager: Shutting down and abandoning module KismetWidgets (541)
[2020.07.27-13.36.26:284][661]LogModuleManager: Shutting down and abandoning module GraphEditor (538)
[2020.07.27-13.36.26:285][661]LogModuleManager: Shutting down and abandoning module StructViewer (536)
[2020.07.27-13.36.26:285][661]LogModuleManager: Shutting down and abandoning module ClassViewer (534)
[2020.07.27-13.36.26:285][661]LogModuleManager: Shutting down and abandoning module Toolbox (532)
[2020.07.27-13.36.26:285][661]LogModuleManager: Shutting down and abandoning module ModuleUI (530)
[2020.07.27-13.36.26:285][661]LogModuleManager: Shutting down and abandoning module MovieSceneTools (528)
[2020.07.27-13.36.26:285][661]LogModuleManager: Shutting down and abandoning module OutputLog (526)
[2020.07.27-13.36.26:285][661]LogModuleManager: Shutting down and abandoning module GammaUI (524)
[2020.07.27-13.36.26:285][661]LogModuleManager: Shutting down and abandoning module Documentation (522)
[2020.07.27-13.36.26:285][661]LogModuleManager: Shutting down and abandoning module LiveCoding (520)
[2020.07.27-13.36.26:285][661]LogModuleManager: Shutting down and abandoning module LevelSequence (518)
[2020.07.27-13.36.26:285][661]LogModuleManager: Shutting down and abandoning module MovieSceneTracks (516)
[2020.07.27-13.36.26:285][661]LogModuleManager: Shutting down and abandoning module MovieScene (514)
[2020.07.27-13.36.26:285][661]LogModuleManager: Shutting down and abandoning module StreamingPauseRendering (512)
[2020.07.27-13.36.26:285][661]LogModuleManager: Shutting down and abandoning module LauncherPlatform (510)
[2020.07.27-13.36.26:285][661]LogModuleManager: Shutting down and abandoning module AnalyticsET (508)
[2020.07.27-13.36.26:285][661]LogModuleManager: Shutting down and abandoning module PortalServices (506)
[2020.07.27-13.36.26:285][661]LogModuleManager: Shutting down and abandoning module PortalRpc (504)
[2020.07.27-13.36.26:285][661]LogModuleManager: Shutting down and abandoning module MessagingRpc (502)
[2020.07.27-13.36.26:285][661]LogModuleManager: Shutting down and abandoning module AIModule (500)
[2020.07.27-13.36.26:285][661]LogModuleManager: Shutting down and abandoning module GameplayDebugger (499)
[2020.07.27-13.36.26:285][661]LogModuleManager: Shutting down and abandoning module AITestSuite (497)
[2020.07.27-13.36.26:285][661]LogModuleManager: Shutting down and abandoning module NavigationSystem (495)
[2020.07.27-13.36.26:285][661]LogModuleManager: Shutting down and abandoning module DesktopPlatform (492)
[2020.07.27-13.36.26:285][661]LogModuleManager: Shutting down and abandoning module ImageWriteQueue (490)
[2020.07.27-13.36.26:288][661]LogModuleManager: Shutting down and abandoning module ProfilerService (488)
[2020.07.27-13.36.26:506][661]LogModuleManager: Shutting down and abandoning module TaskGraph (486)
[2020.07.27-13.36.26:506][661]LogModuleManager: Shutting down and abandoning module DatasmithCADTranslator (484)
[2020.07.27-13.36.26:506][661]LogModuleManager: Shutting down and abandoning module DatasmithC4DImporter (482)
[2020.07.27-13.36.26:506][661]LogModuleManager: Shutting down and abandoning module VariantManager (480)
[2020.07.27-13.36.26:506][661]LogModuleManager: Shutting down and abandoning module StaticMeshEditorExtension (478)
[2020.07.27-13.36.26:506][661]LogModuleManager: Shutting down and abandoning module MeshProcessingLibrary (477)
[2020.07.27-13.36.26:506][661]LogModuleManager: Shutting down and abandoning module MDLImporter (474)
[2020.07.27-13.36.26:506][661]LogModuleManager: Shutting down and abandoning module DatasmithCoreTechExtension (472)
[2020.07.27-13.36.26:506][661]LogModuleManager: Shutting down and abandoning module StaticMeshEditor (471)
[2020.07.27-13.36.26:507][661]LogModuleManager: Shutting down and abandoning module AdvancedPreviewScene (470)
[2020.07.27-13.36.26:507][661]LogModuleManager: Shutting down and abandoning module DatasmithOpenNurbsTranslator (466)
[2020.07.27-13.36.26:507][661]LogModuleManager: Shutting down and abandoning module DatasmithNativeTranslator (464)
[2020.07.27-13.36.26:507][661]LogModuleManager: Shutting down and abandoning module DatasmithIFCImporter (462)
[2020.07.27-13.36.26:507][661]LogModuleManager: Shutting down and abandoning module DatasmithGLTFImporter (460)
[2020.07.27-13.36.26:507][661]LogModuleManager: Shutting down and abandoning module DatasmithImporter (459)
[2020.07.27-13.36.26:507][661]LogModuleManager: Shutting down and abandoning module ScreenshotTools (456)
[2020.07.27-13.36.26:507][661]LogModuleManager: Shutting down and abandoning module SteamVRController (454)
[2020.07.27-13.36.26:507][661]LogModuleManager: Shutting down and abandoning module ProceduralMeshComponentEditor (452)
[2020.07.27-13.36.26:507][661]LogModuleManager: Shutting down and abandoning module ProceduralMeshComponent (450)
[2020.07.27-13.36.26:507][661]LogModuleManager: Shutting down and abandoning module OculusEditor (448)
[2020.07.27-13.36.26:507][661]LogModuleManager: Shutting down and abandoning module OculusInput (446)
[2020.07.27-13.36.26:507][661]LogModuleManager: Shutting down and abandoning module MobilePatchingUtils (444)
[2020.07.27-13.36.26:507][661]LogModuleManager: Shutting down and abandoning module EditableMesh (442)
[2020.07.27-13.36.26:508][661]LogModuleManager: Shutting down and abandoning module CustomMeshComponent (440)
[2020.07.27-13.36.26:508][661]LogModuleManager: Shutting down and abandoning module CableComponent (438)
[2020.07.27-13.36.26:508][661]LogModuleManager: Shutting down and abandoning module AudioCapture (436)
[2020.07.27-13.36.26:508][661]LogModuleManager: Shutting down and abandoning module ArchVisCharacter (434)
[2020.07.27-13.36.26:508][661]LogModuleManager: Shutting down and abandoning module AppleImageUtilsBlueprintSupport (432)
[2020.07.27-13.36.26:508][661]LogModuleManager: Shutting down and abandoning module AppleImageUtils (430)
[2020.07.27-13.36.26:508][661]LogModuleManager: Shutting down and abandoning module AndroidPermission (428)
[2020.07.27-13.36.26:508][661]LogModuleManager: Shutting down and abandoning module NUTUnrealEngine4 (424)
[2020.07.27-13.36.26:508][661]LogModuleManager: Shutting down and abandoning module NetcodeUnitTest (422)
[2020.07.27-13.36.26:508][661]LogModuleManager: Shutting down and abandoning module MediaCompositing (420)
[2020.07.27-13.36.26:508][661]LogModuleManager: Shutting down and abandoning module ImgMedia (418)
[2020.07.27-13.36.26:508][661]LogModuleManager: Shutting down and abandoning module MagicLeapHelperVulkan (416)
[2020.07.27-13.36.26:508][661]LogModuleManager: Shutting down and abandoning module MagicLeapHelperOpenGL (414)
[2020.07.27-13.36.26:508][661]LogModuleManager: Shutting down and abandoning module MagicLeapAudio (412)
[2020.07.27-13.36.26:508][661]LogModuleManager: Shutting down and abandoning module HTML5Networking (410)
[2020.07.27-13.36.26:508][661]LogModuleManager: Shutting down and abandoning module GeometryCollectionTracks (408)
[2020.07.27-13.36.26:508][661]LogModuleManager: Shutting down and abandoning module GeometryCollectionSequencer (407)
[2020.07.27-13.36.26:508][661]LogModuleManager: Shutting down and abandoning module GeometryCollectionEditor (404)
[2020.07.27-13.36.26:508][661]LogModuleManager: Shutting down and abandoning module GeometryCollectionExampleCore (402)
[2020.07.27-13.36.26:508][661]LogModuleManager: Shutting down and abandoning module GeometryCacheTracks (400)
[2020.07.27-13.36.26:508][661]LogModuleManager: Shutting down and abandoning module GeometryCacheSequencer (398)
[2020.07.27-13.36.26:508][661]LogModuleManager: Shutting down and abandoning module DataprepLibraries (396)
[2020.07.27-13.36.26:508][661]LogModuleManager: Shutting down and abandoning module DataprepCore (394)
[2020.07.27-13.36.26:508][661]LogModuleManager: Shutting down and abandoning module DataprepEditor (392)
[2020.07.27-13.36.26:508][661]LogModuleManager: Shutting down and abandoning module ChaosSolverEditor (390)
[2020.07.27-13.36.26:508][661]LogModuleManager: Shutting down and abandoning module BlastCore (388)
[2020.07.27-13.36.26:508][661]LogModuleManager: Shutting down and abandoning module BlastAuthoring (386)
[2020.07.27-13.36.26:508][661]LogModuleManager: Shutting down and abandoning module BackChannel (384)
[2020.07.27-13.36.26:508][661]LogModuleManager: Shutting down and abandoning module AutomationUtilsEditor (382)
[2020.07.27-13.36.26:508][661]LogModuleManager: Shutting down and abandoning module AutomationUtils (380)
[2020.07.27-13.36.26:509][661]LogModuleManager: Shutting down and abandoning module AlembicImporter (378)
[2020.07.27-13.36.26:509][661]LogModuleManager: Shutting down and abandoning module AlembicLibrary (377)
[2020.07.27-13.36.26:509][661]LogModuleManager: Shutting down and abandoning module GeometryCache (376)
[2020.07.27-13.36.26:509][661]LogModuleManager: Shutting down and abandoning module GeometryCacheEd (375)
[2020.07.27-13.36.26:509][661]LogModuleManager: Shutting down and abandoning module VariantManagerContent (370)
[2020.07.27-13.36.26:509][661]LogModuleManager: Shutting down and abandoning module DatasmithContentEditor (368)
[2020.07.27-13.36.26:509][661]LogModuleManager: Shutting down and abandoning module SpeedTreeImporter (366)
[2020.07.27-13.36.26:509][661]LogModuleManager: Shutting down and abandoning module PluginBrowser (364)
[2020.07.27-13.36.26:510][661]LogModuleManager: Shutting down and abandoning module MobileLauncherProfileWizard (362)
[2020.07.27-13.36.26:510][661]LogModuleManager: Shutting down and abandoning module PolygonModeling (360)
[2020.07.27-13.36.26:510][661]LogModuleManager: Shutting down and abandoning module MeshEditor (358)
[2020.07.27-13.36.26:510][661]LogModuleManager: Shutting down and abandoning module MaterialAnalyzer (356)
[2020.07.27-13.36.26:510][661]LogModuleManager: Shutting down and abandoning module GLTFImporter (354)
[2020.07.27-13.36.26:510][661]LogModuleManager: Shutting down and abandoning module EditorScriptingUtilities (352)
[2020.07.27-13.36.26:510][661]LogModuleManager: Shutting down and abandoning module CurveEditorTools (350)
[2020.07.27-13.36.26:510][661]LogModuleManager: Shutting down and abandoning module CurveEditor (349)
[2020.07.27-13.36.26:511][661]LogModuleManager: Shutting down and abandoning module CryptoKeysOpenSSL (346)
[2020.07.27-13.36.26:511][661]LogModuleManager: Shutting down and abandoning module CryptoKeys (344)
[2020.07.27-13.36.26:511][661]LogModuleManager: Shutting down and abandoning module VisualStudioSourceCodeAccess (342)
[2020.07.27-13.36.26:511][661]LogModuleManager: Shutting down and abandoning module VisualStudioCodeSourceCodeAccess (340)
[2020.07.27-13.36.26:511][661]LogModuleManager: Shutting down and abandoning module UObjectPlugin (338)
[2020.07.27-13.36.26:511][661]LogModuleManager: Shutting down and abandoning module SubversionSourceControl (336)
[2020.07.27-13.36.26:511][661]LogModuleManager: Shutting down and abandoning module PerforceSourceControl (334)
[2020.07.27-13.36.26:511][661]LogModuleManager: Shutting down and abandoning module GitSourceControl (332)
[2020.07.27-13.36.26:511][661]LogModuleManager: Shutting down and abandoning module SourceControl (331)
[2020.07.27-13.36.26:511][661]LogModuleManager: Shutting down and abandoning module CLionSourceCodeAccess (328)
[2020.07.27-13.36.26:511][661]LogModuleManager: Shutting down and abandoning module AnimationSharingEd (326)
[2020.07.27-13.36.26:511][661]LogModuleManager: Shutting down and abandoning module ActorLayerUtilitiesEditor (324)
[2020.07.27-13.36.26:511][661]LogModuleManager: Shutting down and abandoning module ActorLayerUtilities (322)
[2020.07.27-13.36.26:511][661]LogModuleManager: Shutting down and abandoning module LightPropagationVolumeEditor (320)
[2020.07.27-13.36.26:511][661]LogModuleManager: Shutting down and abandoning module PaperTiledImporter (318)
[2020.07.27-13.36.26:511][661]LogModuleManager: Shutting down and abandoning module PaperSpriteSheetImporter (316)
[2020.07.27-13.36.26:511][661]LogModuleManager: Shutting down and abandoning module Paper2DEditor (314)
[2020.07.27-13.36.26:511][661]LogModuleManager: Shutting down and abandoning module AdvancedSteamSessions (312)
[2020.07.27-13.36.26:511][661]LogModuleManager: Shutting down and abandoning module AdvancedSessions (310)
[2020.07.27-13.36.26:511][661]LogModuleManager: Shutting down and abandoning module SignificanceManager (308)
[2020.07.27-13.36.26:511][661]LogModuleManager: Shutting down and abandoning module RuntimePhysXCooking (306)
[2020.07.27-13.36.26:511][661]LogModuleManager: Shutting down and abandoning module PhysXVehiclesEditor (304)
[2020.07.27-13.36.26:511][661]LogModuleManager: Shutting down and abandoning module LocationServicesBPLibrary (300)
[2020.07.27-13.36.26:511][661]LogModuleManager: Shutting down and abandoning module ActorSequence (298)
[2020.07.27-13.36.26:511][661]LogModuleManager: Shutting down and abandoning module UdpMessaging (296)
[2020.07.27-13.36.26:615][661]LogModuleManager: Shutting down and abandoning module TcpMessaging (294)
[2020.07.27-13.36.26:716][661]LogModuleManager: Shutting down and abandoning module MagicLeapIdentity (292)
[2020.07.27-13.36.26:716][661]LogModuleManager: Shutting down and abandoning module MagicLeapSecureStorage (290)
[2020.07.27-13.36.26:716][661]LogModuleManager: Shutting down and abandoning module MagicLeapHandTracking (288)
[2020.07.27-13.36.26:716][661]LogModuleManager: Shutting down and abandoning module MagicLeapEyeTracker (286)
[2020.07.27-13.36.26:716][661]LogModuleManager: Shutting down and abandoning module MagicLeapController (284)
[2020.07.27-13.36.26:716][661]LogSlate: Slate User Destroyed.  User Index 0, Is Virtual User: 0
[2020.07.27-13.36.26:716][661]LogModuleManager: Shutting down and abandoning module MagicLeapAR (282)
[2020.07.27-13.36.26:716][661]LogModuleManager: Shutting down and abandoning module AugmentedReality (281)
[2020.07.27-13.36.26:716][661]LogModuleManager: Shutting down and abandoning module GameplayTagsEditor (278)
[2020.07.27-13.36.26:716][661]LogModuleManager: Shutting down and abandoning module FacialAnimationEditor (276)
[2020.07.27-13.36.26:716][661]LogModuleManager: Shutting down and abandoning module FacialAnimation (274)
[2020.07.27-13.36.26:716][661]LogModuleManager: Shutting down and abandoning module DataValidation (272)
[2020.07.27-13.36.26:716][661]LogModuleManager: Shutting down and abandoning module AssetManagerEditor (270)
[2020.07.27-13.36.26:716][661]LogModuleManager: Shutting down and abandoning module LevelEditor (269)
[2020.07.27-13.36.26:717][661]LogModuleManager: Shutting down and abandoning module PixelInspectorModule (268)
[2020.07.27-13.36.26:717][661]LogModuleManager: Shutting down and abandoning module CommonMenuExtensions (266)
[2020.07.27-13.36.26:717][661]LogModuleManager: Shutting down and abandoning module MainFrame (264)
[2020.07.27-13.36.26:717][661]LogModuleManager: Shutting down and abandoning module HotReload (263)
[2020.07.27-13.36.26:718][661]LogModuleManager: Shutting down and abandoning module ContentBrowser (259)
[2020.07.27-13.36.26:719][661]LogModuleManager: Shutting down and abandoning module TreeMap (257)
[2020.07.27-13.36.26:719][661]LogModuleManager: Shutting down and abandoning module AnimationSharing (254)
[2020.07.27-13.36.26:719][661]LogModuleManager: Shutting down and abandoning module LightPropagationVolumeRuntime (252)
[2020.07.27-13.36.26:719][661]LogModuleManager: Shutting down and abandoning module Paper2D (250)
[2020.07.27-13.36.26:719][661]LogModuleManager: Shutting down and abandoning module WindowsMoviePlayer (248)
[2020.07.27-13.36.26:722][661]LogModuleManager: Shutting down and abandoning module WebMMoviePlayer (246)
[2020.07.27-13.36.26:722][661]LogModuleManager: Shutting down and abandoning module NetworkReplayStreaming (244)
[2020.07.27-13.36.26:722][661]LogModuleManager: Shutting down and abandoning module PacketHandler (242)
[2020.07.27-13.36.26:722][661]LogModuleManager: Shutting down and abandoning module ClothingSystemEditor (240)
[2020.07.27-13.36.26:722][661]LogModuleManager: Shutting down and abandoning module ClothingSystemRuntime (238)
[2020.07.27-13.36.26:722][661]LogModuleManager: Shutting down and abandoning module MediaAssets (236)
[2020.07.27-13.36.26:722][661]LogModuleManager: Shutting down and abandoning module Overlay (234)
[2020.07.27-13.36.26:722][661]LogModuleManager: Shutting down and abandoning module OverlayEditor (233)
[2020.07.27-13.36.26:722][661]LogModuleManager: Shutting down and abandoning module VREditor (230)
[2020.07.27-13.36.26:722][661]LogModuleManager: Shutting down and abandoning module StringTableEditor (228)
[2020.07.27-13.36.26:722][661]LogModuleManager: Shutting down and abandoning module GameplayTasksEditor (226)
[2020.07.27-13.36.26:722][661]LogModuleManager: Shutting down and abandoning module BehaviorTreeEditor (224)
[2020.07.27-13.36.26:722][661]LogModuleManager: Shutting down and abandoning module FunctionalTesting (222)
[2020.07.27-13.36.26:722][661]LogModuleManager: Shutting down and abandoning module CollisionAnalyzer (220)
[2020.07.27-13.36.26:722][661]LogModuleManager: Shutting down and abandoning module WorkspaceMenuStructure (219)
[2020.07.27-13.36.26:722][661]LogModuleManager: Shutting down and abandoning module UMG (216)
[2020.07.27-13.36.26:722][661]LogModuleManager: Shutting down and abandoning module UMGEditor (215)
[2020.07.27-13.36.26:722][661]LogModuleManager: Shutting down and abandoning module Sequencer (214)
[2020.07.27-13.36.26:722][661]LogModuleManager: Shutting down and abandoning module MessageLog (211)
[2020.07.27-13.36.26:722][661]LogModuleManager: Shutting down and abandoning module SlateReflector (206)
[2020.07.27-13.36.26:722][661]LogModuleManager: Shutting down and abandoning module Slate (204)
[2020.07.27-13.36.26:722][661]LogModuleManager: Shutting down and abandoning module LandscapeEditorUtilities (202)
[2020.07.27-13.36.26:722][661]LogModuleManager: Shutting down and abandoning module EditorStyle (200)
[2020.07.27-13.36.26:723][661]LogModuleManager: Shutting down and abandoning module UnrealEd (198)
[2020.07.27-13.36.26:723][661]LogModuleManager: Shutting down and abandoning module MRMesh (196)
[2020.07.27-13.36.26:723][661]LogModuleManager: Shutting down and abandoning module SourceCodeAccess (194)
[2020.07.27-13.36.26:723][661]LogModuleManager: Shutting down and abandoning module HeadMountedDisplay (192)
[2020.07.27-13.36.26:723][661]LogModuleManager: Shutting down and abandoning module XAudio2 (190)
[2020.07.27-13.36.26:723][661]LogModuleManager: Shutting down and abandoning module Networking (188)
[2020.07.27-13.36.26:723][661]LogModuleManager: Shutting down and abandoning module Core (186)
[2020.07.27-13.36.26:723][661]LogModuleManager: Shutting down and abandoning module KismetCompiler (184)
[2020.07.27-13.36.26:723][661]LogModuleManager: Shutting down and abandoning module MeshUtilities (182)
[2020.07.27-13.36.26:724][661]LogModuleManager: Shutting down and abandoning module MeshMergeUtilities (181)
[2020.07.27-13.36.26:724][661]LogModuleManager: Shutting down and abandoning module MeshReductionInterface (180)
[2020.07.27-13.36.26:724][661]LogModuleManager: Shutting down and abandoning module SkeletalMeshReduction (179)
[2020.07.27-13.36.26:724][661]LogModuleManager: Shutting down and abandoning module ProxyLODMeshReduction (177)
[2020.07.27-13.36.26:724][661]LogModuleManager: Shutting down and abandoning module QuadricMeshReduction (175)
[2020.07.27-13.36.26:724][661]LogModuleManager: Shutting down and abandoning module MaterialBaking (171)
[2020.07.27-13.36.26:724][661]LogModuleManager: Shutting down and abandoning module NullInstallBundleManager (166)
[2020.07.27-13.36.26:724][661]LogModuleManager: Shutting down and abandoning module DerivedDataCache (164)
[2020.07.27-13.36.26:779][661]LogDerivedDataCache: Shutdown
[2020.07.27-13.36.26:779][661]LogModuleManager: Shutting down and abandoning module XGEController (162)
[2020.07.27-13.36.26:779][661]LogXGEController: Cleaning working directory: C:/Users/joeym/AppData/Local/Temp/UnrealXGEWorkingDir/
[2020.07.27-13.36.26:779][661]LogModuleManager: Shutting down and abandoning module TargetPlatform (160)
[2020.07.27-13.36.26:779][661]LogModuleManager: Shutting down and abandoning module VulkanShaderFormat (159)
[2020.07.27-13.36.26:779][661]LogModuleManager: Shutting down and abandoning module ShaderFormatVectorVM (157)
[2020.07.27-13.36.26:780][661]LogModuleManager: Shutting down and abandoning module ShaderFormatOpenGL (155)
[2020.07.27-13.36.26:780][661]LogModuleManager: Shutting down and abandoning module ShaderFormatD3D (153)
[2020.07.27-13.36.26:780][661]LogModuleManager: Shutting down and abandoning module MetalShaderFormat (151)
[2020.07.27-13.36.26:780][661]LogModuleManager: Shutting down and abandoning module TextureFormatUncompressed (149)
[2020.07.27-13.36.26:780][661]LogModuleManager: Shutting down and abandoning module TextureFormatPVR (147)
[2020.07.27-13.36.26:780][661]LogModuleManager: Shutting down and abandoning module TextureFormatDXT (145)
[2020.07.27-13.36.26:780][661]LogModuleManager: Shutting down and abandoning module TextureFormatIntelISPCTexComp (143)
[2020.07.27-13.36.26:780][661]LogModuleManager: Shutting down and abandoning module TextureFormatASTC (141)
[2020.07.27-13.36.26:780][661]LogModuleManager: Shutting down and abandoning module ImageWrapper (140)
[2020.07.27-13.36.26:780][661]LogModuleManager: Shutting down and abandoning module TextureFormatAndroid (137)
[2020.07.27-13.36.26:780][661]LogModuleManager: Shutting down and abandoning module AudioFormatOpus (135)
[2020.07.27-13.36.26:780][661]LogModuleManager: Shutting down and abandoning module AudioFormatOgg (133)
[2020.07.27-13.36.26:780][661]LogModuleManager: Shutting down and abandoning module AudioFormatADPCM (131)
[2020.07.27-13.36.26:780][661]LogModuleManager: Shutting down and abandoning module LuminTargetPlatform (129)
[2020.07.27-13.36.26:782][661]LogModuleManager: Shutting down and abandoning module LinuxTargetPlatform (127)
[2020.07.27-13.36.26:782][661]LogModuleManager: Shutting down and abandoning module LinuxServerTargetPlatform (125)
[2020.07.27-13.36.26:782][661]LogModuleManager: Shutting down and abandoning module LinuxNoEditorTargetPlatform (123)
[2020.07.27-13.36.26:782][661]LogModuleManager: Shutting down and abandoning module LinuxClientTargetPlatform (121)
[2020.07.27-13.36.26:782][661]LogModuleManager: Shutting down and abandoning module TVOSTargetPlatform (119)
[2020.07.27-13.36.26:783][661]LogModuleManager: Shutting down and abandoning module Messaging (117)
[2020.07.27-13.36.26:783][661]LogModuleManager: Shutting down and abandoning module IOSTargetPlatform (115)
[2020.07.27-13.36.26:783][661]LogModuleManager: Shutting down and abandoning module HTML5TargetPlatform (113)
[2020.07.27-13.36.26:783][661]LogModuleManager: Shutting down and abandoning module AndroidTargetPlatform (111)
[2020.07.27-13.36.26:792][661]LogModuleManager: Shutting down and abandoning module WindowsTargetPlatform (109)
[2020.07.27-13.36.26:792][661]LogModuleManager: Shutting down and abandoning module WindowsServerTargetPlatform (107)
[2020.07.27-13.36.26:792][661]LogModuleManager: Shutting down and abandoning module WindowsNoEditorTargetPlatform (105)
[2020.07.27-13.36.26:792][661]LogModuleManager: Shutting down and abandoning module WindowsClientTargetPlatform (103)
[2020.07.27-13.36.26:792][661]LogModuleManager: Shutting down and abandoning module MacTargetPlatform (101)
[2020.07.27-13.36.26:792][661]LogModuleManager: Shutting down and abandoning module MacServerTargetPlatform (99)
[2020.07.27-13.36.26:792][661]LogModuleManager: Shutting down and abandoning module MacNoEditorTargetPlatform (97)
[2020.07.27-13.36.26:792][661]LogModuleManager: Shutting down and abandoning module MacClientTargetPlatform (95)
[2020.07.27-13.36.26:792][661]LogModuleManager: Shutting down and abandoning module AllDesktopTargetPlatform (93)
[2020.07.27-13.36.26:792][661]LogModuleManager: Shutting down and abandoning module InputCore (90)
[2020.07.27-13.36.26:792][661]LogModuleManager: Shutting down and abandoning module Settings (88)
[2020.07.27-13.36.26:793][661]LogModuleManager: Shutting down and abandoning module DirectoryWatcher (86)
[2020.07.27-13.36.26:793][661]LogModuleManager: Shutting down and abandoning module PhysXCooking (84)
[2020.07.27-13.36.26:793][661]LogModuleManager: Shutting down and abandoning module WindowsPlatformFeatures (82)
[2020.07.27-13.36.26:793][661]LogModuleManager: Shutting down and abandoning module GameplayMediaEncoder (81)
[2020.07.27-13.36.26:793][661]LogModuleManager: Shutting down and abandoning module SteamVR (78)
[2020.07.27-13.36.26:793][661]LogHMD: Freeing OpenVRDLLHandle.
[2020.07.27-13.36.26:793][661]LogModuleManager: Shutting down and abandoning module OculusHMD (76)
[2020.07.27-13.36.26:793][661]LogModuleManager: Shutting down and abandoning module ExampleDeviceProfileSelector (74)
[2020.07.27-13.36.26:793][661]LogModuleManager: Shutting down and abandoning module LauncherChunkInstaller (72)
[2020.07.27-13.36.26:793][661]LogModuleManager: Shutting down and abandoning module OnlineBlueprintSupport (70)
[2020.07.27-13.36.26:793][661]LogModuleManager: Shutting down and abandoning module OnlineSubsystem (66)
[2020.07.27-13.36.26:794][661]LogModuleManager: Shutting down and abandoning module XMPP (61)
[2020.07.27-13.36.26:795][661]LogModuleManager: Shutting down and abandoning module WebSockets (60)
[2020.07.27-13.36.26:828][661]LogModuleManager: Shutting down and abandoning module HTTP (57)
[2020.07.27-13.36.26:828][661]LogHttp: Display: Http module shutting down, but needs to wait on 1 outstanding Http requests:
[2020.07.27-13.36.26:828][661]LogHttp: Display: 	verb=[POST] url=[https://datarouter.ol.epicgames.com/datarouter/api/v1/public/data?SessionID=%7B15DE6273-480F-BB32-FD24-D3A1A0E46966%7D&AppID=UEEditor.Rocket.Release&AppVersion=4.23.1-9631420%2B%2B%2BUE4%2BRelease-4.23&UserID=223845704c6516493bcdb69e8f4e2567%7C52cd936612ca433ba7244efdbd41ffd6%7C4eec7dc2-007f-4bed-8ab7-a8a892bc0b34&AppEnvironment=datacollector-binary&UploadType=eteventstream] status=Processing
[2020.07.27-13.36.26:843][661]LogModuleManager: Shutting down and abandoning module SSL (56)
[2020.07.27-13.36.26:843][661]LogModuleManager: Shutting down and abandoning module WmfMedia (52)
[2020.07.27-13.36.26:845][661]LogModuleManager: Shutting down and abandoning module Media (51)
[2020.07.27-13.36.26:845][661]LogModuleManager: Shutting down and abandoning module MagicLeap (48)
[2020.07.27-13.36.26:845][661]LogModuleManager: Shutting down and abandoning module DatasmithContent (46)
[2020.07.27-13.36.26:845][661]LogModuleManager: Shutting down and abandoning module AISupportModule (44)
[2020.07.27-13.36.26:845][661]LogModuleManager: Shutting down and abandoning module PlatformCryptoOpenSSL (42)
[2020.07.27-13.36.26:845][661]LogModuleManager: Shutting down and abandoning module PlatformCrypto (40)
[2020.07.27-13.36.26:845][661]LogModuleManager: Shutting down and abandoning module AnimationModifiers (38)
[2020.07.27-13.36.26:845][661]LogModuleManager: Shutting down and abandoning module PropertyEditor (37)
[2020.07.27-13.36.26:845][661]LogModuleManager: Shutting down and abandoning module AudioEditor (34)
[2020.07.27-13.36.26:846][661]LogModuleManager: Shutting down and abandoning module TextureCompressor (32)
[2020.07.27-13.36.26:846][661]LogModuleManager: Shutting down and abandoning module RenderCore (30)
[2020.07.27-13.36.26:846][661]LogModuleManager: Shutting down and abandoning module Landscape (28)
[2020.07.27-13.36.26:846][661]LogModuleManager: Shutting down and abandoning module SlateRHIRenderer (26)
[2020.07.27-13.36.26:847][661]LogModuleManager: Shutting down and abandoning module OpenGLDrv (24)
[2020.07.27-13.36.26:847][661]LogModuleManager: Shutting down and abandoning module D3D11RHI (22)
[2020.07.27-13.36.26:847][661]LogModuleManager: Shutting down and abandoning module AnimGraphRuntime (20)
[2020.07.27-13.36.26:847][661]LogModuleManager: Shutting down and abandoning module Renderer (18)
[2020.07.27-13.36.26:847][661]LogModuleManager: Shutting down and abandoning module Engine (16)
[2020.07.27-13.36.26:847][661]LogModuleManager: Shutting down and abandoning module CoreUObject (14)
[2020.07.27-13.36.26:847][661]LogModuleManager: Shutting down and abandoning module NetworkFile (12)
[2020.07.27-13.36.26:847][661]LogModuleManager: Shutting down and abandoning module CookedIterativeFile (10)
[2020.07.27-13.36.26:847][661]LogModuleManager: Shutting down and abandoning module StreamingFile (8)
[2020.07.27-13.36.26:847][661]LogModuleManager: Shutting down and abandoning module SandboxFile (6)
[2020.07.27-13.36.26:847][661]LogModuleManager: Shutting down and abandoning module PakFile (4)
[2020.07.27-13.36.26:847][661]LogModuleManager: Shutting down and abandoning module RSA (3)
[2020.07.27-13.36.26:847][661]LogD3D11RHI: Shutdown
[2020.07.27-13.36.26:847][661]LogD3D11RHI: CleanupD3DDevice
[2020.07.27-13.36.26:848][661]LogRendererCore: FGlobalDynamicReadBuffer::Cleanup()
[2020.07.27-13.36.26:848][661]LogRendererCore: FGlobalDynamicReadBuffer::Cleanup()
[2020.07.27-13.36.26:848][661]LogRendererCore: FGlobalDynamicReadBuffer::Cleanup()
[2020.07.27-13.36.26:919][661]LogD3D11RHI: ~FD3D11DynamicRHI
[2020.07.27-13.36.26:927][661]LogExit: Exiting.
[2020.07.27-13.36.26:941][661]Log file closed, 07/27/20 15:36:26
