Log file open, 08/01/20 03:04:39
LogWindows: Failed to load 'aqProf.dll' (GetLastError=126)
LogWindows: File 'aqProf.dll' does not exist
LogWindows: Failed to load 'VtuneApi.dll' (GetLastError=126)
LogWindows: File 'VtuneApi.dll' does not exist
LogWindows: Failed to load 'VtuneApi32e.dll' (GetLastError=126)
LogWindows: File 'VtuneApi32e.dll' does not exist
LogConsoleResponse: Display: Failed to find resolution value strings in scalability ini. Falling back to default.
LogInit: Display: Running engine for game: StructureInventory
LogPlatformFile: Not using cached read wrapper
LogTaskGraph: Started task graph with 5 named threads and 23 total threads with 3 sets of task threads.
LogStats: Stats thread started at 0.068489
LogD3D11RHI: Loaded GFSDK_Aftermath_Lib.x64.dll
LogICUInternationalization: ICU TimeZone Detection - Raw Offset: +1:00, Platform Override: ''
LogPluginManager: Mounting plugin Paper2D
LogPluginManager: Mounting plugin AISupport
LogPluginManager: Mounting plugin LightPropagationVolume
LogPluginManager: Mounting plugin ActorLayerUtilities
LogPluginManager: Mounting plugin AnimationSharing
LogPluginManager: Mounting plugin CLionSourceCodeAccess
LogPluginManager: Mounting plugin CodeLiteSourceCodeAccess
LogPluginManager: Mounting plugin GitSourceControl
LogPluginManager: Mounting plugin KDevelopSourceCodeAccess
LogPluginManager: Mounting plugin NullSourceCodeAccess
LogPluginManager: Mounting plugin PerforceSourceControl
LogPluginManager: Mounting plugin SubversionSourceControl
LogPluginManager: Mounting plugin UObjectPlugin
LogPluginManager: Mounting plugin VisualStudioCodeSourceCodeAccess
LogPluginManager: Mounting plugin VisualStudioSourceCodeAccess
LogPluginManager: Mounting plugin XCodeSourceCodeAccess
LogPluginManager: Mounting plugin AssetManagerEditor
LogPluginManager: Mounting plugin CryptoKeys
LogPluginManager: Mounting plugin CurveEditorTools
LogPluginManager: Mounting plugin DataValidation
LogPluginManager: Mounting plugin EditorScriptingUtilities
LogPluginManager: Mounting plugin FacialAnimation
LogPluginManager: Mounting plugin GameplayTagsEditor
LogPluginManager: Mounting plugin GLTFImporter
LogPluginManager: Mounting plugin MacGraphicsSwitching
LogPluginManager: Mounting plugin MaterialAnalyzer
LogPluginManager: Mounting plugin MeshEditor
LogPluginManager: Mounting plugin MobileLauncherProfileWizard
LogPluginManager: Mounting plugin PluginBrowser
LogPluginManager: Mounting plugin SpeedTreeImporter
LogPluginManager: Mounting plugin DatasmithContent
LogPluginManager: Mounting plugin VariantManagerContent
LogPluginManager: Mounting plugin AlembicImporter
LogPluginManager: Mounting plugin AutomationUtils
LogPluginManager: Mounting plugin BackChannel
LogPluginManager: Mounting plugin BlastPlugin
LogPluginManager: Mounting plugin ChaosSolverPlugin
LogPluginManager: Mounting plugin CharacterAI
LogPluginManager: Mounting plugin DataPrepEditor
LogPluginManager: Mounting plugin GeometryCache
LogPluginManager: Mounting plugin GeometryCollectionPlugin
LogPluginManager: Mounting plugin HTML5Networking
LogPluginManager: Mounting plugin PlatformCrypto
LogPluginManager: Mounting plugin ProxyLODPlugin
LogPluginManager: Mounting plugin SkeletalReduction
LogPluginManager: Mounting plugin MagicLeap
LogPluginManager: Mounting plugin MagicLeapMedia
LogPluginManager: Mounting plugin AndroidMedia
LogPluginManager: Mounting plugin AvfMedia
LogPluginManager: Mounting plugin ImgMedia
LogPluginManager: Mounting plugin MediaCompositing
LogPluginManager: Mounting plugin MediaPlayerEditor
LogPluginManager: Mounting plugin WebMMedia
LogPluginManager: Mounting plugin WmfMedia
LogPluginManager: Mounting plugin TcpMessaging
LogPluginManager: Mounting plugin UdpMessaging
LogPluginManager: Mounting plugin ActorSequence
LogPluginManager: Mounting plugin LevelSequenceEditor
LogPluginManager: Mounting plugin MatineeToLevelSequence
LogPluginManager: Mounting plugin NetcodeUnitTest
LogPluginManager: Mounting plugin NUTUnrealEngine4
LogPluginManager: Mounting plugin OnlineSubsystemGooglePlay
LogPluginManager: Mounting plugin OnlineSubsystemIOS
LogPluginManager: Mounting plugin OnlineSubsystem
LogPluginManager: Mounting plugin OnlineSubsystemNull
LogPluginManager: Mounting plugin OnlineSubsystemUtils
LogPluginManager: Mounting plugin LauncherChunkInstaller
LogPluginManager: Mounting plugin AndroidDeviceProfileSelector
LogPluginManager: Mounting plugin AndroidMoviePlayer
LogPluginManager: Mounting plugin AndroidPermission
LogPluginManager: Mounting plugin AppleImageUtils
LogPluginManager: Mounting plugin AppleMoviePlayer
LogPluginManager: Mounting plugin ArchVisCharacter
LogPluginManager: Mounting plugin AudioCapture
LogPluginManager: Mounting plugin CableComponent
LogPluginManager: Mounting plugin CustomMeshComponent
LogPluginManager: Mounting plugin EditableMesh
LogPluginManager: Mounting plugin ExampleDeviceProfileSelector
LogPluginManager: Mounting plugin GoogleCloudMessaging
LogPluginManager: Mounting plugin IOSDeviceProfileSelector
LogPluginManager: Mounting plugin LinuxDeviceProfileSelector
LogPluginManager: Mounting plugin LocationServicesBPLibrary
LogPluginManager: Mounting plugin MobilePatchingUtils
LogPluginManager: Mounting plugin OculusVR
LogPluginManager: Mounting plugin PhysXVehicles
LogPluginManager: Mounting plugin ProceduralMeshComponent
LogPluginManager: Mounting plugin RuntimePhysXCooking
LogPluginManager: Mounting plugin SignificanceManager
LogPluginManager: Mounting plugin SteamVR
LogPluginManager: Mounting plugin WebMMoviePlayer
LogPluginManager: Mounting plugin WindowsMoviePlayer
LogPluginManager: Mounting plugin ScreenshotTools
LogPluginManager: Mounting plugin DatasmithC4DImporter
LogPluginManager: Mounting plugin DatasmithCADImporter
LogPluginManager: Mounting plugin DatasmithFBXImporter
LogPluginManager: Mounting plugin DatasmithGLTFImporter
LogPluginManager: Mounting plugin DatasmithIFCImporter
LogPluginManager: Mounting plugin DatasmithImporter
LogPluginManager: Mounting plugin MDLImporter
LogPluginManager: Mounting plugin StaticMeshEditorExtension
LogPluginManager: Mounting plugin VariantManager
LogInit: Using libcurl 7.55.1-DEV
LogInit:  - built for x86_64-pc-win32
LogInit:  - supports SSL with OpenSSL/1.1.1
LogInit:  - supports HTTP deflate (compression) using libz 1.2.8
LogInit:  - other features:
LogInit:      CURL_VERSION_SSL
LogInit:      CURL_VERSION_LIBZ
LogInit:      CURL_VERSION_IPV6
LogInit:      CURL_VERSION_ASYNCHDNS
LogInit:      CURL_VERSION_LARGEFILE
LogInit:      CURL_VERSION_IDN
LogInit:  CurlRequestOptions (configurable via config and command line):
LogInit:  - bVerifyPeer = true  - Libcurl will verify peer certificate
LogInit:  - bUseHttpProxy = false  - Libcurl will NOT use HTTP proxy
LogInit:  - bDontReuseConnections = false  - Libcurl will reuse connections
LogInit:  - MaxHostConnections = 16  - Libcurl will limit the number of connections to a host
LogInit:  - LocalHostAddr = Default
LogInit:  - BufferSize = 65536
LogModuleManager: Warning: ModuleManager: Unable to load module 'OnlineSubsystemSteam'  - 0 instances of that module name found.
LogOnline: OSS: Creating online subsystem instance for: NULL
LogInit: WinSock: version 1.1 (2.2), MaxSocks=32767, MaxUdp=65467
LogInit: Build: ++UE4+Release-4.23-CL-9631420
LogInit: Engine Version: 4.23.1-9631420+++UE4+Release-4.23
LogInit: Compatible Engine Version: 4.23.0-8386587+++UE4+Release-4.23
LogInit: Net CL: 8386587
LogInit: OS: Windows 10 (Release 1909) (), CPU: Intel(R) Core(TM) i7-7700K CPU @ 4.20GHz, GPU: NVIDIA GeForce GTX 1080
LogInit: Compiled (64-bit): Oct 18 2019 02:07:44
LogInit: Compiled with Visual C++: 19.16.27030.01
LogInit: Build Configuration: Development
LogInit: Branch Name: ++UE4+Release-4.23
LogInit: Command Line: 
LogInit: Base Directory: D:/Program Files/Epic Games/UE_4.23/Engine/Binaries/Win64/
LogInit: Installed Engine Build: 1
LogDevObjectVersion: Number of dev versions registered: 23
LogDevObjectVersion:   Dev-Blueprints (B0D832E4-1F89-4F0D-ACCF-7EB736FD4AA2): 10
LogDevObjectVersion:   Dev-Build (E1C64328-A22C-4D53-A36C-8E866417BD8C): 0
LogDevObjectVersion:   Dev-Core (375EC13C-06E4-48FB-B500-84F0262A717E): 3
LogDevObjectVersion:   Dev-Editor (E4B068ED-F494-42E9-A231-DA0B2E46BB41): 34
LogDevObjectVersion:   Dev-Framework (CFFC743F-43B0-4480-9391-14DF171D2073): 35
LogDevObjectVersion:   Dev-Mobile (B02B49B5-BB20-44E9-A304-32B752E40360): 2
LogDevObjectVersion:   Dev-Networking (A4E4105C-59A1-49B5-A7C5-40C4547EDFEE): 0
LogDevObjectVersion:   Dev-Online (39C831C9-5AE6-47DC-9A44-9C173E1C8E7C): 0
LogDevObjectVersion:   Dev-Physics (78F01B33-EBEA-4F98-B9B4-84EACCB95AA2): 0
LogDevObjectVersion:   Dev-Platform (6631380F-2D4D-43E0-8009-CF276956A95A): 0
LogDevObjectVersion:   Dev-Rendering (12F88B9F-8875-4AFC-A67C-D90C383ABD29): 31
LogDevObjectVersion:   Dev-Sequencer (7B5AE74C-D270-4C10-A958-57980B212A5A): 11
LogDevObjectVersion:   Dev-VR (D7296918-1DD6-4BDD-9DE2-64A83CC13884): 2
LogDevObjectVersion:   Dev-LoadTimes (C2A15278-BFE7-4AFE-6C17-90FF531DF755): 1
LogDevObjectVersion:   Private-Geometry (6EACA3D4-40EC-4CC1-B786-8BED09428FC5): 3
LogDevObjectVersion:   Dev-AnimPhys (29E575DD-E0A3-4627-9D10-D276232CDCEA): 17
LogDevObjectVersion:   Dev-Anim (AF43A65D-7FD3-4947-9873-3E8ED9C1BB05): 2
LogDevObjectVersion:   Dev-ReflectionCapture (6B266CEC-1EC7-4B8F-A30B-E4D90942FC07): 1
LogDevObjectVersion:   Dev-Automation (0DF73D61-A23F-47EA-B727-89E90C41499A): 1
LogDevObjectVersion:   FortniteMain (601D1886-AC64-4F84-AA16-D3DE0DEAC7D6): 27
LogDevObjectVersion:   Dev-Enterprise (9DFFBCD6-494F-0158-E221-12823C92A888): 6
LogDevObjectVersion:   Dev-Niagara (F2AED0AC-9AFE-416F-8664-AA7FFA26D6FC): 1
LogDevObjectVersion:   Dev-Destruction (174F1F0B-B4C6-45A5-B13F-2EE8D0FB917D): 9
LogInit: Presizing for max 16777216 objects, including 0 objects not considered by GC, pre-allocating 0 bytes for permanent pool.
LogInit: Object subsystem initialized
LogConfig: Setting CVar [[con.DebugEarlyDefault:1]]
LogConfig: Setting CVar [[r.setres:1280x720]]
[2020.08.01-01.04.39:460][  0]LogConfig: Setting CVar [[r.VSync:0]]
[2020.08.01-01.04.39:460][  0]LogConfig: Setting CVar [[r.RHICmdBypass:0]]
[2020.08.01-01.04.39:460][  0]LogConfig: Applying CVar settings from Section [/Script/Engine.RendererSettings] File [D:/Down2DieInventory/StructureInventory/Saved/Config/Windows/Engine.ini]
[2020.08.01-01.04.39:460][  0]LogConfig: Setting CVar [[r.GPUCrashDebugging:0]]
[2020.08.01-01.04.39:460][  0]LogConfig: Setting CVar [[r.DefaultFeature.AutoExposure.ExtendDefaultLuminanceRange:1]]
[2020.08.01-01.04.39:460][  0]LogConfig: Applying CVar settings from Section [/Script/Engine.RendererOverrideSettings] File [D:/Down2DieInventory/StructureInventory/Saved/Config/Windows/Engine.ini]
[2020.08.01-01.04.39:460][  0]LogConfig: Applying CVar settings from Section [/Script/Engine.StreamingSettings] File [D:/Down2DieInventory/StructureInventory/Saved/Config/Windows/Engine.ini]
[2020.08.01-01.04.39:460][  0]LogConfig: Setting CVar [[s.MinBulkDataSizeForAsyncLoading:131072]]
[2020.08.01-01.04.39:460][  0]LogConfig: Setting CVar [[s.AsyncLoadingThreadEnabled:0]]
[2020.08.01-01.04.39:460][  0]LogConfig: Setting CVar [[s.EventDrivenLoaderEnabled:1]]
[2020.08.01-01.04.39:460][  0]LogConfig: Setting CVar [[s.WarnIfTimeLimitExceeded:0]]
[2020.08.01-01.04.39:460][  0]LogConfig: Setting CVar [[s.TimeLimitExceededMultiplier:1.5]]
[2020.08.01-01.04.39:460][  0]LogConfig: Setting CVar [[s.TimeLimitExceededMinTime:0.005]]
[2020.08.01-01.04.39:460][  0]LogConfig: Setting CVar [[s.UseBackgroundLevelStreaming:1]]
[2020.08.01-01.04.39:460][  0]LogConfig: Setting CVar [[s.PriorityAsyncLoadingExtraTime:15.0]]
[2020.08.01-01.04.39:460][  0]LogConfig: Setting CVar [[s.LevelStreamingActorsUpdateTimeLimit:5.0]]
[2020.08.01-01.04.39:460][  0]LogConfig: Setting CVar [[s.PriorityLevelStreamingActorsUpdateExtraTime:5.0]]
[2020.08.01-01.04.39:460][  0]LogConfig: Setting CVar [[s.LevelStreamingComponentsRegistrationGranularity:10]]
[2020.08.01-01.04.39:460][  0]LogConfig: Setting CVar [[s.UnregisterComponentsTimeLimit:1.0]]
[2020.08.01-01.04.39:460][  0]LogConfig: Setting CVar [[s.LevelStreamingComponentsUnregistrationGranularity:5]]
[2020.08.01-01.04.39:460][  0]LogConfig: Applying CVar settings from Section [/Script/Engine.GarbageCollectionSettings] File [D:/Down2DieInventory/StructureInventory/Saved/Config/Windows/Engine.ini]
[2020.08.01-01.04.39:460][  0]LogConfig: Setting CVar [[gc.MaxObjectsNotConsideredByGC:1]]
[2020.08.01-01.04.39:460][  0]LogConfig: Setting CVar [[gc.SizeOfPermanentObjectPool:0]]
[2020.08.01-01.04.39:460][  0]LogConfig: Setting CVar [[gc.FlushStreamingOnGC:0]]
[2020.08.01-01.04.39:460][  0]LogConfig: Setting CVar [[gc.NumRetriesBeforeForcingGC:10]]
[2020.08.01-01.04.39:460][  0]LogConfig: Setting CVar [[gc.AllowParallelGC:1]]
[2020.08.01-01.04.39:460][  0]LogConfig: Setting CVar [[gc.TimeBetweenPurgingPendingKillObjects:61.1]]
[2020.08.01-01.04.39:460][  0]LogConfig: Setting CVar [[gc.MaxObjectsInEditor:16777216]]
[2020.08.01-01.04.39:460][  0]LogConfig: Setting CVar [[gc.IncrementalBeginDestroyEnabled:1]]
[2020.08.01-01.04.39:460][  0]LogConfig: Setting CVar [[gc.CreateGCClusters:1]]
[2020.08.01-01.04.39:460][  0]LogConfig: Setting CVar [[gc.MinGCClusterSize:5]]
[2020.08.01-01.04.39:460][  0]LogConfig: Setting CVar [[gc.ActorClusteringEnabled:0]]
[2020.08.01-01.04.39:460][  0]LogConfig: Setting CVar [[gc.BlueprintClusteringEnabled:0]]
[2020.08.01-01.04.39:460][  0]LogConfig: Setting CVar [[gc.UseDisregardForGCOnDedicatedServers:0]]
[2020.08.01-01.04.39:460][  0]LogConfig: Applying CVar settings from Section [/Script/Engine.NetworkSettings] File [D:/Down2DieInventory/StructureInventory/Saved/Config/Windows/Engine.ini]
[2020.08.01-01.04.39:460][  0]LogConfig: Applying CVar settings from Section [/Script/UnrealEd.CookerSettings] File [D:/Down2DieInventory/StructureInventory/Saved/Config/Windows/Engine.ini]
[2020.08.01-01.04.39:465][  0]LogConfig: Applying CVar settings from Section [ViewDistanceQuality@3] File [D:/Down2DieInventory/StructureInventory/Saved/Config/Windows/Scalability.ini]
[2020.08.01-01.04.39:465][  0]LogConfig: Setting CVar [[r.SkeletalMeshLODBias:0]]
[2020.08.01-01.04.39:465][  0]LogConfig: Setting CVar [[r.ViewDistanceScale:1.0]]
[2020.08.01-01.04.39:465][  0]LogConfig: Applying CVar settings from Section [AntiAliasingQuality@3] File [D:/Down2DieInventory/StructureInventory/Saved/Config/Windows/Scalability.ini]
[2020.08.01-01.04.39:465][  0]LogConfig: Setting CVar [[r.PostProcessAAQuality:4]]
[2020.08.01-01.04.39:465][  0]LogConfig: Applying CVar settings from Section [ShadowQuality@3] File [D:/Down2DieInventory/StructureInventory/Saved/Config/Windows/Scalability.ini]
[2020.08.01-01.04.39:465][  0]LogConfig: Setting CVar [[r.LightFunctionQuality:1]]
[2020.08.01-01.04.39:465][  0]LogConfig: Setting CVar [[r.ShadowQuality:5]]
[2020.08.01-01.04.39:465][  0]LogConfig: Setting CVar [[r.Shadow.CSM.MaxCascades:10]]
[2020.08.01-01.04.39:465][  0]LogConfig: Setting CVar [[r.Shadow.MaxResolution:2048]]
[2020.08.01-01.04.39:465][  0]LogConfig: Setting CVar [[r.Shadow.MaxCSMResolution:2048]]
[2020.08.01-01.04.39:465][  0]LogConfig: Setting CVar [[r.Shadow.RadiusThreshold:0.01]]
[2020.08.01-01.04.39:465][  0]LogConfig: Setting CVar [[r.Shadow.DistanceScale:1.0]]
[2020.08.01-01.04.39:465][  0]LogConfig: Setting CVar [[r.Shadow.CSM.TransitionScale:1.0]]
[2020.08.01-01.04.39:465][  0]LogConfig: Setting CVar [[r.Shadow.PreShadowResolutionFactor:1.0]]
[2020.08.01-01.04.39:465][  0]LogConfig: Setting CVar [[r.DistanceFieldShadowing:1]]
[2020.08.01-01.04.39:465][  0]LogConfig: Setting CVar [[r.DistanceFieldAO:1]]
[2020.08.01-01.04.39:465][  0]LogConfig: Setting CVar [[r.AOQuality:2]]
[2020.08.01-01.04.39:465][  0]LogConfig: Setting CVar [[r.VolumetricFog:1]]
[2020.08.01-01.04.39:465][  0]LogConfig: Setting CVar [[r.VolumetricFog.GridPixelSize:8]]
[2020.08.01-01.04.39:465][  0]LogConfig: Setting CVar [[r.VolumetricFog.GridSizeZ:128]]
[2020.08.01-01.04.39:465][  0]LogConfig: Setting CVar [[r.VolumetricFog.HistoryMissSupersampleCount:4]]
[2020.08.01-01.04.39:465][  0]LogConfig: Setting CVar [[r.LightMaxDrawDistanceScale:1]]
[2020.08.01-01.04.39:465][  0]LogConfig: Setting CVar [[r.CapsuleShadows:1]]
[2020.08.01-01.04.39:465][  0]LogConfig: Applying CVar settings from Section [PostProcessQuality@3] File [D:/Down2DieInventory/StructureInventory/Saved/Config/Windows/Scalability.ini]
[2020.08.01-01.04.39:465][  0]LogConfig: Setting CVar [[r.MotionBlurQuality:4]]
[2020.08.01-01.04.39:465][  0]LogConfig: Setting CVar [[r.AmbientOcclusionMipLevelFactor:0.4]]
[2020.08.01-01.04.39:465][  0]LogConfig: Setting CVar [[r.AmbientOcclusionMaxQuality:100]]
[2020.08.01-01.04.39:465][  0]LogConfig: Setting CVar [[r.AmbientOcclusionLevels:-1]]
[2020.08.01-01.04.39:465][  0]LogConfig: Setting CVar [[r.AmbientOcclusionRadiusScale:1.0]]
[2020.08.01-01.04.39:465][  0]LogConfig: Setting CVar [[r.DepthOfFieldQuality:2]]
[2020.08.01-01.04.39:465][  0]LogConfig: Setting CVar [[r.RenderTargetPoolMin:400]]
[2020.08.01-01.04.39:465][  0]LogConfig: Setting CVar [[r.LensFlareQuality:2]]
[2020.08.01-01.04.39:465][  0]LogConfig: Setting CVar [[r.SceneColorFringeQuality:1]]
[2020.08.01-01.04.39:465][  0]LogConfig: Setting CVar [[r.EyeAdaptationQuality:2]]
[2020.08.01-01.04.39:465][  0]LogConfig: Setting CVar [[r.BloomQuality:5]]
[2020.08.01-01.04.39:465][  0]LogConfig: Setting CVar [[r.FastBlurThreshold:100]]
[2020.08.01-01.04.39:465][  0]LogConfig: Setting CVar [[r.Upscale.Quality:3]]
[2020.08.01-01.04.39:465][  0]LogConfig: Setting CVar [[r.Tonemapper.GrainQuantization:1]]
[2020.08.01-01.04.39:465][  0]LogConfig: Setting CVar [[r.LightShaftQuality:1]]
[2020.08.01-01.04.39:465][  0]LogConfig: Setting CVar [[r.Filter.SizeScale:1]]
[2020.08.01-01.04.39:465][  0]LogConfig: Setting CVar [[r.Tonemapper.Quality:5]]
[2020.08.01-01.04.39:465][  0]LogConfig: Setting CVar [[r.DOF.Gather.AccumulatorQuality:1        ; higher gathering accumulator quality]]
[2020.08.01-01.04.39:465][  0]LogConfig: Setting CVar [[r.DOF.Gather.PostfilterMethod:1          ; Median3x3 postfilering method]]
[2020.08.01-01.04.39:465][  0]LogConfig: Setting CVar [[r.DOF.Gather.EnableBokehSettings:0       ; no bokeh simulation when gathering]]
[2020.08.01-01.04.39:465][  0]LogConfig: Setting CVar [[r.DOF.Gather.RingCount:4                 ; medium number of samples when gathering]]
[2020.08.01-01.04.39:465][  0]LogConfig: Setting CVar [[r.DOF.Scatter.ForegroundCompositing:1    ; additive foreground scattering]]
[2020.08.01-01.04.39:465][  0]LogConfig: Setting CVar [[r.DOF.Scatter.BackgroundCompositing:2    ; additive background scattering]]
[2020.08.01-01.04.39:465][  0]LogConfig: Setting CVar [[r.DOF.Scatter.EnableBokehSettings:1      ; bokeh simulation when scattering]]
[2020.08.01-01.04.39:465][  0]LogConfig: Setting CVar [[r.DOF.Scatter.MaxSpriteRatio:0.1         ; only a maximum of 10% of scattered bokeh]]
[2020.08.01-01.04.39:465][  0]LogConfig: Setting CVar [[r.DOF.Recombine.Quality:1                ; cheap slight out of focus]]
[2020.08.01-01.04.39:465][  0]LogConfig: Setting CVar [[r.DOF.Recombine.EnableBokehSettings:0    ; no bokeh simulation on slight out of focus]]
[2020.08.01-01.04.39:465][  0]LogConfig: Setting CVar [[r.DOF.TemporalAAQuality:1                ; more stable temporal accumulation]]
[2020.08.01-01.04.39:465][  0]LogConfig: Setting CVar [[r.DOF.Kernel.MaxForegroundRadius:0.025]]
[2020.08.01-01.04.39:465][  0]LogConfig: Setting CVar [[r.DOF.Kernel.MaxBackgroundRadius:0.025]]
[2020.08.01-01.04.39:465][  0]LogConfig: Applying CVar settings from Section [TextureQuality@3] File [D:/Down2DieInventory/StructureInventory/Saved/Config/Windows/Scalability.ini]
[2020.08.01-01.04.39:465][  0]LogConfig: Setting CVar [[r.Streaming.MipBias:0]]
[2020.08.01-01.04.39:465][  0]LogConfig: Setting CVar [[r.Streaming.AmortizeCPUToGPUCopy:0]]
[2020.08.01-01.04.39:465][  0]LogConfig: Setting CVar [[r.Streaming.MaxNumTexturesToStreamPerFrame:0]]
[2020.08.01-01.04.39:466][  0]LogConfig: Setting CVar [[r.Streaming.Boost:1]]
[2020.08.01-01.04.39:466][  0]LogConfig: Setting CVar [[r.MaxAnisotropy:8]]
[2020.08.01-01.04.39:466][  0]LogConfig: Setting CVar [[r.Streaming.LimitPoolSizeToVRAM:0]]
[2020.08.01-01.04.39:466][  0]LogConfig: Setting CVar [[r.Streaming.PoolSize:1000]]
[2020.08.01-01.04.39:466][  0]LogConfig: Setting CVar [[r.Streaming.MaxEffectiveScreenSize:0]]
[2020.08.01-01.04.39:466][  0]LogConfig: Applying CVar settings from Section [EffectsQuality@3] File [D:/Down2DieInventory/StructureInventory/Saved/Config/Windows/Scalability.ini]
[2020.08.01-01.04.39:466][  0]LogConfig: Setting CVar [[r.TranslucencyLightingVolumeDim:64]]
[2020.08.01-01.04.39:466][  0]LogConfig: Setting CVar [[r.RefractionQuality:2]]
[2020.08.01-01.04.39:466][  0]LogConfig: Setting CVar [[r.SSR.Quality:3]]
[2020.08.01-01.04.39:466][  0]LogConfig: Setting CVar [[r.SceneColorFormat:4]]
[2020.08.01-01.04.39:466][  0]LogConfig: Setting CVar [[r.DetailMode:2]]
[2020.08.01-01.04.39:466][  0]LogConfig: Setting CVar [[r.TranslucencyVolumeBlur:1]]
[2020.08.01-01.04.39:466][  0]LogConfig: Setting CVar [[r.MaterialQualityLevel:1 ; High quality]]
[2020.08.01-01.04.39:466][  0]LogConfig: Setting CVar [[r.SSS.Scale:1]]
[2020.08.01-01.04.39:466][  0]LogConfig: Setting CVar [[r.SSS.SampleSet:2]]
[2020.08.01-01.04.39:466][  0]LogConfig: Setting CVar [[r.SSS.Quality:1]]
[2020.08.01-01.04.39:466][  0]LogConfig: Setting CVar [[r.SSS.HalfRes:1]]
[2020.08.01-01.04.39:466][  0]LogConfig: Setting CVar [[r.EmitterSpawnRateScale:1.0]]
[2020.08.01-01.04.39:466][  0]LogConfig: Setting CVar [[r.ParticleLightQuality:2]]
[2020.08.01-01.04.39:466][  0]LogConfig: Applying CVar settings from Section [FoliageQuality@3] File [D:/Down2DieInventory/StructureInventory/Saved/Config/Windows/Scalability.ini]
[2020.08.01-01.04.39:466][  0]LogConfig: Setting CVar [[foliage.DensityScale:1.0]]
[2020.08.01-01.04.39:466][  0]LogConfig: Setting CVar [[grass.DensityScale:1.0]]
[2020.08.01-01.04.39:466][  0]LogInit: Selected Device Profile: [Windows]
[2020.08.01-01.04.39:466][  0]LogInit: Applying CVar settings loaded from the selected device profile: [Windows]
[2020.08.01-01.04.39:469][  0]LogHAL: Display: Platform has ~ 16 GB [17106059264 / 17179869184 / 16], which maps to Larger [LargestMinGB=32, LargerMinGB=12, DefaultMinGB=8, SmallerMinGB=6, SmallestMinGB=0)
[2020.08.01-01.04.39:469][  0]LogInit: Going up to parent DeviceProfile []
[2020.08.01-01.04.39:469][  0]LogConfig: Applying CVar settings from Section [ViewDistanceQuality@Cine] File [D:/Down2DieInventory/StructureInventory/Saved/Config/Windows/Scalability.ini]
[2020.08.01-01.04.39:469][  0]LogConfig: Setting CVar [[r.SkeletalMeshLODBias:0]]
[2020.08.01-01.04.39:469][  0]LogConfig: Setting CVar [[r.ViewDistanceScale:10.0]]
[2020.08.01-01.04.39:469][  0]LogConfig: Applying CVar settings from Section [AntiAliasingQuality@Cine] File [D:/Down2DieInventory/StructureInventory/Saved/Config/Windows/Scalability.ini]
[2020.08.01-01.04.39:469][  0]LogConfig: Setting CVar [[r.PostProcessAAQuality:6]]
[2020.08.01-01.04.39:469][  0]LogConfig: Applying CVar settings from Section [ShadowQuality@Cine] File [D:/Down2DieInventory/StructureInventory/Saved/Config/Windows/Scalability.ini]
[2020.08.01-01.04.39:469][  0]LogConfig: Setting CVar [[r.LightFunctionQuality:1]]
[2020.08.01-01.04.39:469][  0]LogConfig: Setting CVar [[r.ShadowQuality:5]]
[2020.08.01-01.04.39:469][  0]LogConfig: Setting CVar [[r.Shadow.CSM.MaxCascades:10]]
[2020.08.01-01.04.39:469][  0]LogConfig: Setting CVar [[r.Shadow.MaxResolution:4096]]
[2020.08.01-01.04.39:469][  0]LogConfig: Setting CVar [[r.Shadow.MaxCSMResolution:4096]]
[2020.08.01-01.04.39:469][  0]LogConfig: Setting CVar [[r.Shadow.RadiusThreshold:0]]
[2020.08.01-01.04.39:469][  0]LogConfig: Setting CVar [[r.Shadow.DistanceScale:1.0]]
[2020.08.01-01.04.39:469][  0]LogConfig: Setting CVar [[r.Shadow.CSM.TransitionScale:1.0]]
[2020.08.01-01.04.39:469][  0]LogConfig: Setting CVar [[r.Shadow.PreShadowResolutionFactor:1.0]]
[2020.08.01-01.04.39:469][  0]LogConfig: Setting CVar [[r.DistanceFieldShadowing:1]]
[2020.08.01-01.04.39:469][  0]LogConfig: Setting CVar [[r.DistanceFieldAO:1]]
[2020.08.01-01.04.39:469][  0]LogConfig: Setting CVar [[r.AOQuality:2]]
[2020.08.01-01.04.39:469][  0]LogConfig: Setting CVar [[r.VolumetricFog:1]]
[2020.08.01-01.04.39:469][  0]LogConfig: Setting CVar [[r.VolumetricFog.GridPixelSize:4]]
[2020.08.01-01.04.39:469][  0]LogConfig: Setting CVar [[r.VolumetricFog.GridSizeZ:128]]
[2020.08.01-01.04.39:469][  0]LogConfig: Setting CVar [[r.VolumetricFog.HistoryMissSupersampleCount:16]]
[2020.08.01-01.04.39:469][  0]LogConfig: Setting CVar [[r.LightMaxDrawDistanceScale:1]]
[2020.08.01-01.04.39:469][  0]LogConfig: Setting CVar [[r.CapsuleShadows:1]]
[2020.08.01-01.04.39:469][  0]LogConfig: Applying CVar settings from Section [PostProcessQuality@Cine] File [D:/Down2DieInventory/StructureInventory/Saved/Config/Windows/Scalability.ini]
[2020.08.01-01.04.39:469][  0]LogConfig: Setting CVar [[r.MotionBlurQuality:4]]
[2020.08.01-01.04.39:469][  0]LogConfig: Setting CVar [[r.AmbientOcclusionMipLevelFactor:0.4]]
[2020.08.01-01.04.39:469][  0]LogConfig: Setting CVar [[r.AmbientOcclusionMaxQuality:100]]
[2020.08.01-01.04.39:469][  0]LogConfig: Setting CVar [[r.AmbientOcclusionLevels:-1]]
[2020.08.01-01.04.39:469][  0]LogConfig: Setting CVar [[r.AmbientOcclusionRadiusScale:1.0]]
[2020.08.01-01.04.39:469][  0]LogConfig: Setting CVar [[r.DepthOfFieldQuality:4]]
[2020.08.01-01.04.39:469][  0]LogConfig: Setting CVar [[r.RenderTargetPoolMin:1000]]
[2020.08.01-01.04.39:469][  0]LogConfig: Setting CVar [[r.LensFlareQuality:3]]
[2020.08.01-01.04.39:469][  0]LogConfig: Setting CVar [[r.SceneColorFringeQuality:1]]
[2020.08.01-01.04.39:469][  0]LogConfig: Setting CVar [[r.EyeAdaptationQuality:2]]
[2020.08.01-01.04.39:469][  0]LogConfig: Setting CVar [[r.BloomQuality:5]]
[2020.08.01-01.04.39:469][  0]LogConfig: Setting CVar [[r.FastBlurThreshold:100]]
[2020.08.01-01.04.39:469][  0]LogConfig: Setting CVar [[r.Upscale.Quality:3]]
[2020.08.01-01.04.39:469][  0]LogConfig: Setting CVar [[r.Tonemapper.GrainQuantization:1]]
[2020.08.01-01.04.39:469][  0]LogConfig: Setting CVar [[r.LightShaftQuality:1]]
[2020.08.01-01.04.39:469][  0]LogConfig: Setting CVar [[r.Filter.SizeScale:1]]
[2020.08.01-01.04.39:469][  0]LogConfig: Setting CVar [[r.Tonemapper.Quality:5]]
[2020.08.01-01.04.39:469][  0]LogConfig: Setting CVar [[r.DOF.Gather.AccumulatorQuality:1        ; higher gathering accumulator quality]]
[2020.08.01-01.04.39:469][  0]LogConfig: Setting CVar [[r.DOF.Gather.PostfilterMethod:1          ; Median3x3 postfilering method]]
[2020.08.01-01.04.39:469][  0]LogConfig: Setting CVar [[r.DOF.Gather.EnableBokehSettings:1       ; bokeh simulation when gathering]]
[2020.08.01-01.04.39:469][  0]LogConfig: Setting CVar [[r.DOF.Gather.RingCount:5                 ; high number of samples when gathering]]
[2020.08.01-01.04.39:469][  0]LogConfig: Setting CVar [[r.DOF.Scatter.ForegroundCompositing:1    ; additive foreground scattering]]
[2020.08.01-01.04.39:469][  0]LogConfig: Setting CVar [[r.DOF.Scatter.BackgroundCompositing:2    ; background scattering occlusion]]
[2020.08.01-01.04.39:469][  0]LogConfig: Setting CVar [[r.DOF.Scatter.EnableBokehSettings:1      ; no bokeh simulation when scattering]]
[2020.08.01-01.04.39:469][  0]LogConfig: Setting CVar [[r.DOF.Scatter.MaxSpriteRatio:0.25        ; only a maximum of 10% of scattered bokeh]]
[2020.08.01-01.04.39:469][  0]LogConfig: Setting CVar [[r.DOF.Recombine.Quality:2                ; highest slight out of focus]]
[2020.08.01-01.04.39:469][  0]LogConfig: Setting CVar [[r.DOF.Recombine.EnableBokehSettings:1    ; bokeh simulation on slight out of focus]]
[2020.08.01-01.04.39:469][  0]LogConfig: Setting CVar [[r.DOF.TemporalAAQuality:1                ; more stable temporal accumulation]]
[2020.08.01-01.04.39:469][  0]LogConfig: Setting CVar [[r.DOF.Kernel.MaxForegroundRadius:0.025]]
[2020.08.01-01.04.39:469][  0]LogConfig: Setting CVar [[r.DOF.Kernel.MaxBackgroundRadius:0.025]]
[2020.08.01-01.04.39:469][  0]LogConfig: Applying CVar settings from Section [TextureQuality@Cine] File [D:/Down2DieInventory/StructureInventory/Saved/Config/Windows/Scalability.ini]
[2020.08.01-01.04.39:469][  0]LogConfig: Setting CVar [[r.Streaming.MipBias:0]]
[2020.08.01-01.04.39:469][  0]LogConfig: Setting CVar [[r.Streaming.AmortizeCPUToGPUCopy:0]]
[2020.08.01-01.04.39:469][  0]LogConfig: Setting CVar [[r.Streaming.MaxNumTexturesToStreamPerFrame:0]]
[2020.08.01-01.04.39:469][  0]LogConfig: Setting CVar [[r.Streaming.Boost:1]]
[2020.08.01-01.04.39:469][  0]LogConfig: Setting CVar [[r.MaxAnisotropy:8]]
[2020.08.01-01.04.39:469][  0]LogConfig: Setting CVar [[r.Streaming.LimitPoolSizeToVRAM:0]]
[2020.08.01-01.04.39:469][  0]LogConfig: Setting CVar [[r.Streaming.PoolSize:3000]]
[2020.08.01-01.04.39:469][  0]LogConfig: Setting CVar [[r.Streaming.MaxEffectiveScreenSize:0]]
[2020.08.01-01.04.39:469][  0]LogConfig: Applying CVar settings from Section [EffectsQuality@Cine] File [D:/Down2DieInventory/StructureInventory/Saved/Config/Windows/Scalability.ini]
[2020.08.01-01.04.39:469][  0]LogConfig: Setting CVar [[r.TranslucencyLightingVolumeDim:64]]
[2020.08.01-01.04.39:469][  0]LogConfig: Setting CVar [[r.RefractionQuality:2]]
[2020.08.01-01.04.39:469][  0]LogConfig: Setting CVar [[r.SSR.Quality:4]]
[2020.08.01-01.04.39:469][  0]LogConfig: Setting CVar [[r.SceneColorFormat:4]]
[2020.08.01-01.04.39:469][  0]LogConfig: Setting CVar [[r.DetailMode:2]]
[2020.08.01-01.04.39:469][  0]LogConfig: Setting CVar [[r.TranslucencyVolumeBlur:1]]
[2020.08.01-01.04.39:470][  0]LogConfig: Setting CVar [[r.MaterialQualityLevel:1 ; High quality]]
[2020.08.01-01.04.39:470][  0]LogConfig: Setting CVar [[r.SSS.Scale:1]]
[2020.08.01-01.04.39:470][  0]LogConfig: Setting CVar [[r.SSS.SampleSet:2]]
[2020.08.01-01.04.39:470][  0]LogConfig: Setting CVar [[r.SSS.Quality:1]]
[2020.08.01-01.04.39:470][  0]LogConfig: Setting CVar [[r.SSS.HalfRes:0]]
[2020.08.01-01.04.39:470][  0]LogConfig: Setting CVar [[r.EmitterSpawnRateScale:1.0]]
[2020.08.01-01.04.39:470][  0]LogConfig: Setting CVar [[r.ParticleLightQuality:2]]
[2020.08.01-01.04.39:470][  0]LogConfig: Applying CVar settings from Section [FoliageQuality@Cine] File [D:/Down2DieInventory/StructureInventory/Saved/Config/Windows/Scalability.ini]
[2020.08.01-01.04.39:470][  0]LogConfig: Setting CVar [[foliage.DensityScale:1.0]]
[2020.08.01-01.04.39:470][  0]LogConfig: Setting CVar [[grass.DensityScale:1.0]]
[2020.08.01-01.04.39:470][  0]LogConfig: Applying CVar settings from Section [Startup] File [../../../Engine/Config/ConsoleVariables.ini]
[2020.08.01-01.04.39:470][  0]LogConfig: Setting CVar [[net.UseAdaptiveNetUpdateFrequency:0]]
[2020.08.01-01.04.39:470][  0]LogConfig: Setting CVar [[p.chaos.AllowCreatePhysxBodies:1]]
[2020.08.01-01.04.39:470][  0]LogConfig: Applying CVar settings from Section [ConsoleVariables] File [D:/Down2DieInventory/StructureInventory/Saved/Config/Windows/Engine.ini]
[2020.08.01-01.04.39:470][  0]LogInit: Computer: JOEYCOMPUTER
[2020.08.01-01.04.39:470][  0]LogInit: User: joeym
[2020.08.01-01.04.39:470][  0]LogInit: CPU Page size=4096, Cores=4
[2020.08.01-01.04.39:470][  0]LogInit: High frequency timer resolution =10.000000 MHz
[2020.08.01-01.04.39:470][  0]LogMemory: Memory total: Physical=15.9GB (16GB approx)
[2020.08.01-01.04.39:470][  0]LogMemory: Platform Memory Stats for Windows
[2020.08.01-01.04.39:470][  0]LogMemory: Process Physical Memory: 101.88 MB used, 101.88 MB peak
[2020.08.01-01.04.39:470][  0]LogMemory: Process Virtual Memory: 99.13 MB used, 99.13 MB peak
[2020.08.01-01.04.39:470][  0]LogMemory: Physical Memory: 8970.52 MB used,  7343.09 MB free, 16313.61 MB total
[2020.08.01-01.04.39:470][  0]LogMemory: Virtual Memory: 4667.94 MB used,  134213056.00 MB free, 134217728.00 MB total
[2020.08.01-01.04.39:474][  0]LogWindows: WindowsPlatformFeatures enabled
[2020.08.01-01.04.39:499][  0]LogInit: Using OS detected language (nl-NL).
[2020.08.01-01.04.39:499][  0]LogInit: Using OS detected locale (nl-NL).
[2020.08.01-01.04.39:500][  0]LogTextLocalizationManager: No localization for 'nl-NL' exists, so 'en' will be used for the language.
[2020.08.01-01.04.39:668][  0]LogInit: Setting process to per monitor DPI aware
[2020.08.01-01.04.39:708][  0]LogSlate: New Slate User Created.  User Index 0, Is Virtual User: 0
[2020.08.01-01.04.39:708][  0]LogSlate: Slate User Registered.  User Index 0, Is Virtual User: 0
[2020.08.01-01.04.39:923][  0]LogHMD: Failed to initialize OpenVR with code 110
[2020.08.01-01.04.39:923][  0]LogD3D11RHI: D3D11 adapters:
[2020.08.01-01.04.39:978][  0]LogD3D11RHI:    0. 'NVIDIA GeForce GTX 1080' (Feature Level 11_0)
[2020.08.01-01.04.39:978][  0]LogD3D11RHI:       8079/0/8156 MB DedicatedVideo/DedicatedSystem/SharedSystem, Outputs:2, VendorId:0x10de
[2020.08.01-01.04.39:981][  0]LogD3D11RHI:    1. 'Microsoft Basic Render Driver' (Feature Level 11_0)
[2020.08.01-01.04.39:981][  0]LogD3D11RHI:       0/0/8156 MB DedicatedVideo/DedicatedSystem/SharedSystem, Outputs:0, VendorId:0x1414
[2020.08.01-01.04.39:981][  0]LogD3D11RHI: Chosen D3D11 Adapter: 0
[2020.08.01-01.04.39:989][  0]LogD3D11RHI: Creating new Direct3DDevice
[2020.08.01-01.04.39:989][  0]LogD3D11RHI:     GPU DeviceId: 0x1b80 (for the marketing name, search the web for "GPU Device Id")
[2020.08.01-01.04.39:989][  0]LogWindows: EnumDisplayDevices:
[2020.08.01-01.04.39:990][  0]LogWindows:    0. 'NVIDIA GeForce GTX 1080' (P:1 D:1)
[2020.08.01-01.04.39:990][  0]LogWindows:    1. 'NVIDIA GeForce GTX 1080' (P:0 D:1)
[2020.08.01-01.04.39:990][  0]LogWindows:    2. 'NVIDIA GeForce GTX 1080' (P:0 D:0)
[2020.08.01-01.04.39:990][  0]LogWindows:    3. 'NVIDIA GeForce GTX 1080' (P:0 D:0)
[2020.08.01-01.04.39:991][  0]LogWindows: DebugString: FoundDriverCount:4 
[2020.08.01-01.04.39:991][  0]LogD3D11RHI:     Adapter Name: NVIDIA GeForce GTX 1080
[2020.08.01-01.04.39:991][  0]LogD3D11RHI:   Driver Version: 451.67 (internal:27.21.14.5167, unified:451.67)
[2020.08.01-01.04.39:991][  0]LogD3D11RHI:      Driver Date: 7-5-2020
[2020.08.01-01.04.39:991][  0]LogRHI: Texture pool is 5655 MB (70% of 8079 MB)
[2020.08.01-01.04.40:030][  0]LogD3D11RHI: Async texture creation enabled
[2020.08.01-01.04.40:042][  0]LogD3D11RHI: GPU Timing Frequency: 1000.000000 (Debug: 2 1)
[2020.08.01-01.04.40:356][  0]LogTemp: Display: Module 'AllDesktopTargetPlatform' loaded TargetPlatform 'AllDesktop'
[2020.08.01-01.04.40:365][  0]LogTemp: Display: Module 'MacClientTargetPlatform' loaded TargetPlatform 'MacClient'
[2020.08.01-01.04.40:373][  0]LogTemp: Display: Module 'MacNoEditorTargetPlatform' loaded TargetPlatform 'MacNoEditor'
[2020.08.01-01.04.40:380][  0]LogTemp: Display: Module 'MacServerTargetPlatform' loaded TargetPlatform 'MacServer'
[2020.08.01-01.04.40:388][  0]LogTemp: Display: Module 'MacTargetPlatform' loaded TargetPlatform 'Mac'
[2020.08.01-01.04.40:397][  0]LogTemp: Display: Module 'WindowsClientTargetPlatform' loaded TargetPlatform 'WindowsClient'
[2020.08.01-01.04.40:405][  0]LogTemp: Display: Module 'WindowsNoEditorTargetPlatform' loaded TargetPlatform 'WindowsNoEditor'
[2020.08.01-01.04.40:413][  0]LogTemp: Display: Module 'WindowsServerTargetPlatform' loaded TargetPlatform 'WindowsServer'
[2020.08.01-01.04.40:417][  0]LogTemp: Display: Module 'WindowsTargetPlatform' loaded TargetPlatform 'Windows'
[2020.08.01-01.04.40:447][  0]LogTemp: Display: Module 'AndroidTargetPlatform' loaded TargetPlatform 'Android'
[2020.08.01-01.04.40:447][  0]LogTemp: Display: Module 'AndroidTargetPlatform' loaded TargetPlatform 'Android_ASTC'
[2020.08.01-01.04.40:447][  0]LogTemp: Display: Module 'AndroidTargetPlatform' loaded TargetPlatform 'Android_ATC'
[2020.08.01-01.04.40:447][  0]LogTemp: Display: Module 'AndroidTargetPlatform' loaded TargetPlatform 'Android_DXT'
[2020.08.01-01.04.40:447][  0]LogTemp: Display: Module 'AndroidTargetPlatform' loaded TargetPlatform 'Android_ETC1'
[2020.08.01-01.04.40:447][  0]LogTemp: Display: Module 'AndroidTargetPlatform' loaded TargetPlatform 'Android_ETC1a'
[2020.08.01-01.04.40:447][  0]LogTemp: Display: Module 'AndroidTargetPlatform' loaded TargetPlatform 'Android_ETC2'
[2020.08.01-01.04.40:447][  0]LogTemp: Display: Module 'AndroidTargetPlatform' loaded TargetPlatform 'Android_PVRTC'
[2020.08.01-01.04.40:447][  0]LogTemp: Display: Module 'AndroidTargetPlatform' loaded TargetPlatform 'AndroidClient'
[2020.08.01-01.04.40:447][  0]LogTemp: Display: Module 'AndroidTargetPlatform' loaded TargetPlatform 'Android_ASTCClient'
[2020.08.01-01.04.40:447][  0]LogTemp: Display: Module 'AndroidTargetPlatform' loaded TargetPlatform 'Android_ATCClient'
[2020.08.01-01.04.40:447][  0]LogTemp: Display: Module 'AndroidTargetPlatform' loaded TargetPlatform 'Android_DXTClient'
[2020.08.01-01.04.40:447][  0]LogTemp: Display: Module 'AndroidTargetPlatform' loaded TargetPlatform 'Android_ETC1Client'
[2020.08.01-01.04.40:447][  0]LogTemp: Display: Module 'AndroidTargetPlatform' loaded TargetPlatform 'Android_ETC1aClient'
[2020.08.01-01.04.40:447][  0]LogTemp: Display: Module 'AndroidTargetPlatform' loaded TargetPlatform 'Android_ETC2Client'
[2020.08.01-01.04.40:447][  0]LogTemp: Display: Module 'AndroidTargetPlatform' loaded TargetPlatform 'Android_PVRTCClient'
[2020.08.01-01.04.40:447][  0]LogTemp: Display: Module 'AndroidTargetPlatform' loaded TargetPlatform 'Android_Multi'
[2020.08.01-01.04.40:447][  0]LogTemp: Display: Module 'AndroidTargetPlatform' loaded TargetPlatform 'Android_MultiClient'
[2020.08.01-01.04.40:450][  0]LogTemp: Display: Module 'HTML5TargetPlatform' loaded TargetPlatform 'HTML5'
[2020.08.01-01.04.40:468][  0]LogTemp: Display: Module 'IOSTargetPlatform' loaded TargetPlatform 'IOSClient'
[2020.08.01-01.04.40:468][  0]LogTemp: Display: Module 'IOSTargetPlatform' loaded TargetPlatform 'IOS'
[2020.08.01-01.04.40:481][  0]LogTemp: Display: Module 'TVOSTargetPlatform' loaded TargetPlatform 'TVOSClient'
[2020.08.01-01.04.40:482][  0]LogTemp: Display: Module 'TVOSTargetPlatform' loaded TargetPlatform 'TVOS'
[2020.08.01-01.04.40:489][  0]LogTemp: Display: Module 'LinuxClientTargetPlatform' loaded TargetPlatform 'LinuxClient'
[2020.08.01-01.04.40:496][  0]LogTemp: Display: Module 'LinuxNoEditorTargetPlatform' loaded TargetPlatform 'LinuxNoEditor'
[2020.08.01-01.04.40:503][  0]LogTemp: Display: Module 'LinuxServerTargetPlatform' loaded TargetPlatform 'LinuxServer'
[2020.08.01-01.04.40:511][  0]LogTemp: Display: Module 'LinuxTargetPlatform' loaded TargetPlatform 'Linux'
[2020.08.01-01.04.40:535][  0]LogTemp: Display: Module 'LuminTargetPlatform' loaded TargetPlatform 'Lumin'
[2020.08.01-01.04.40:535][  0]LogTemp: Display: Module 'LuminTargetPlatform' loaded TargetPlatform 'LuminClient'
[2020.08.01-01.04.40:535][  0]LogTargetPlatformManager: Display: Building Assets For Windows
[2020.08.01-01.04.40:544][  0]LogAudioDebug: Display: Lib vorbis DLL was dynamically loaded.
[2020.08.01-01.04.40:604][  0]LogShaderCompilers: Guid format shader working directory is -9 characters bigger than the processId version (../../../../../../Down2DieInventory/StructureInventory/Intermediate/Shaders/WorkingDirectory/17200/).
[2020.08.01-01.04.40:605][  0]LogShaderCompilers: Cleaned the shader compiler working directory 'C:/Users/joeym/AppData/Local/Temp/UnrealShaderWorkingDir/4EDCACF045FAEFEC2C9C6C961A15BE0F/'.
[2020.08.01-01.04.40:606][  0]LogXGEController: Cannot use XGE Controller as Incredibuild is not installed on this machine.
[2020.08.01-01.04.40:606][  0]LogShaderCompilers: Cannot use XGE Shader Compiler as Incredibuild is not installed on this machine.
[2020.08.01-01.04.40:606][  0]LogShaderCompilers: Display: Using Local Shader Compiler.
[2020.08.01-01.04.41:136][  0]LogDerivedDataCache: Display: Max Cache Size: 512 MB
[2020.08.01-01.04.41:184][  0]LogDerivedDataCache: Loaded boot cache 0.05s 74MB C:/Users/joeym/AppData/Local/UnrealEngine/4.23/DerivedDataCache/Boot.ddc.
[2020.08.01-01.04.41:184][  0]LogDerivedDataCache: Display: Loaded Boot cache: C:/Users/joeym/AppData/Local/UnrealEngine/4.23/DerivedDataCache/Boot.ddc
[2020.08.01-01.04.41:184][  0]LogDerivedDataCache: FDerivedDataBackendGraph:  Pak pak cache file ../../../../../../Down2DieInventory/StructureInventory/DerivedDataCache/DDC.ddp not found, will not use a pak cache.
[2020.08.01-01.04.41:184][  0]LogDerivedDataCache: Unable to find inner node Pak for hierarchical cache Hierarchy.
[2020.08.01-01.04.41:184][  0]LogDerivedDataCache: FDerivedDataBackendGraph:  CompressedPak pak cache file ../../../../../../Down2DieInventory/StructureInventory/DerivedDataCache/Compressed.ddp not found, will not use a pak cache.
[2020.08.01-01.04.41:184][  0]LogDerivedDataCache: Unable to find inner node CompressedPak for hierarchical cache Hierarchy.
[2020.08.01-01.04.41:193][  0]LogDerivedDataCache: Display: Pak cache opened for reading ../../../Engine/DerivedDataCache/Compressed.ddp.
[2020.08.01-01.04.41:195][  0]LogDerivedDataCache: Display: Pak cache opened for reading ../../../Enterprise/DerivedDataCache/Compressed.ddp.
[2020.08.01-01.04.41:196][  0]LogDerivedDataCache: Using Local data cache path C:/Users/joeym/AppData/Local/UnrealEngine/Common/DerivedDataCache: Writable
[2020.08.01-01.04.41:196][  0]LogDerivedDataCache: Shared data cache path not found in *engine.ini, will not use an Shared cache.
[2020.08.01-01.04.41:196][  0]LogDerivedDataCache: Unable to find inner node Shared for hierarchical cache Hierarchy.
[2020.08.01-01.04.41:213][  0]LogMaterial: Verifying Global Shaders for PCD3D_SM5
[2020.08.01-01.04.41:215][  0]LogSlate: Using FreeType 2.6.0
[2020.08.01-01.04.41:216][  0]LogSlate: SlateFontServices - WITH_FREETYPE: 1, WITH_HARFBUZZ: 1
[2020.08.01-01.04.41:269][  0]LogAssetRegistry: FAssetRegistry took 0.0021 seconds to start up
[2020.08.01-01.04.41:506][  0]LogInit: Selected Device Profile: [Windows]
[2020.08.01-01.04.41:639][  0]LogMeshReduction: Using QuadricMeshReduction for automatic static mesh reduction
[2020.08.01-01.04.41:639][  0]LogMeshReduction: Using SimplygonMeshReduction for automatic skeletal mesh reduction
[2020.08.01-01.04.41:639][  0]LogMeshReduction: Using ProxyLODMeshReduction for automatic mesh merging
[2020.08.01-01.04.41:639][  0]LogMeshReduction: No distributed automatic mesh merging module available
[2020.08.01-01.04.41:639][  0]LogMeshMerging: No distributed automatic mesh merging module available
[2020.08.01-01.04.41:648][  0]LogNetVersion: StructureInventory 1.0.0, NetCL: 8386587, EngineNetVer: 11, GameNetVer: 0 (Checksum: 2032503810)
[2020.08.01-01.04.42:072][  0]LogPackageLocalizationCache: Processed 18 localized package path(s) for 1 prioritized culture(s) in 0.072191 seconds
[2020.08.01-01.04.42:079][  0]LogUObjectArray: 43444 objects as part of root set at end of initial load.
[2020.08.01-01.04.42:079][  0]LogUObjectAllocator: 7548648 out of 0 bytes used by permanent object pool.
[2020.08.01-01.04.42:079][  0]LogUObjectArray: CloseDisregardForGC: 0/0 objects in disregard for GC pool
[2020.08.01-01.04.42:907][  0]LogTcpMessaging: Initializing TcpMessaging bridge
[2020.08.01-01.04.42:910][  0]LogUdpMessaging: Initializing bridge on interface 0.0.0.0:0 to multicast group 230.0.0.1:6666.
[2020.08.01-01.04.42:966][  0]SourceControl: Source control is disabled
[2020.08.01-01.04.42:966][  0]SourceControl: Source control is disabled
[2020.08.01-01.04.42:968][  0]SourceControl: Source control is disabled
[2020.08.01-01.04.42:969][  0]SourceControl: Source control is disabled
[2020.08.01-01.04.43:177][  0]LogAndroidPermission: UAndroidPermissionCallbackProxy::GetInstance
[2020.08.01-01.04.43:337][  0]LogOcInput: OculusInput pre-init called
[2020.08.01-01.04.43:348][  0]LogWindows: Failed to load 'OVRPlugin.dll' (GetLastError=126)
[2020.08.01-01.04.43:348][  0]LogWindows: File 'OVRPlugin.dll' does not exist
[2020.08.01-01.04.45:732][  0]LogEngine: Initializing Engine...
[2020.08.01-01.04.45:733][  0]LogHMD: Failed to initialize OpenVR with code 110
[2020.08.01-01.04.45:734][  0]LogStats: UGameplayTagsManager::InitializeManager -  0.000 s
[2020.08.01-01.04.45:928][  0]LogInit: Initializing FReadOnlyCVARCache
[2020.08.01-01.04.45:940][  0]LogAIModule: Creating AISystem for world Untitled
[2020.08.01-01.04.45:985][  0]LogInit: XAudio2 using 'Hoofdtelefoon (3- Arctis 7 Game)' : 2 channels at 48 kHz using 16 bits per sample (channel mask 0x3)
[2020.08.01-01.04.46:025][  0]LogInit: FAudioDevice initialized.
[2020.08.01-01.04.46:025][  0]LogNetVersion: Set ProjectVersion to 1.0.0.0. Version Checksum will be recalculated on next use.
[2020.08.01-01.04.46:079][  0]LogDerivedDataCache: Saved boot cache 0.05s 74MB C:/Users/joeym/AppData/Local/UnrealEngine/4.23/DerivedDataCache/Boot.ddc.
[2020.08.01-01.04.46:087][  0]LogInit: Texture streaming: Enabled
[2020.08.01-01.04.46:108][  0]LogEngineSessionManager: EngineSessionManager initialized
[2020.08.01-01.04.46:108][  0]LogEditorSessionSummary: Verbose: Initializing EditorSessionSummaryWriter for editor session tracking
[2020.08.01-01.04.46:109][  0]LogEditorSessionSummary: EditorSessionSummaryWriter initialized
[2020.08.01-01.04.46:166][  0]LogInit: Transaction tracking system initialized
[2020.08.01-01.04.46:198][  0]BlueprintLog: New page: Editor Load
[2020.08.01-01.04.46:263][  0]LocalizationService: Localization service is disabled
[2020.08.01-01.04.46:501][  0]LogFileCache: Scanning file cache for directory 'D:/Down2DieInventory/StructureInventory/Content/' took 0.00s
[2020.08.01-01.04.46:502][  0]LogCook: Display: Max memory allowance for cook 16384mb min free memory 0mb
[2020.08.01-01.04.46:502][  0]LogCook: Display: Mobile HDR setting 1
[2020.08.01-01.04.47:983][  0]SourceControl: Source control is disabled
[2020.08.01-01.04.47:983][  0]Cmd: MAP LOAD FILE="../../../../../../Down2DieInventory/StructureInventory/Content/GameRelated/MyLevel.umap" TEMPLATE=0 SHOWPROGRESS=1 FEATURELEVEL=3
[2020.08.01-01.04.47:984][  0]LightingResults: New page: Lighting Build
[2020.08.01-01.04.47:986][  0]LogWorld: UWorld::CleanupWorld for Untitled, bSessionEnded=true, bCleanupResources=true
[2020.08.01-01.04.47:986][  0]MapCheck: New page: Map Check
[2020.08.01-01.04.47:986][  0]LightingResults: New page: Lighting Build
[2020.08.01-01.04.48:007][  0]LogUObjectHash: Compacting FUObjectHashTables data took   1.42ms
[2020.08.01-01.04.48:526][  0]LogAIModule: Creating AISystem for world MyLevel
[2020.08.01-01.04.48:530][  0]LogEditorServer: Finished looking for orphan Actors (0.000 secs)
[2020.08.01-01.04.48:557][  0]LogUObjectHash: Compacting FUObjectHashTables data took   2.11ms
[2020.08.01-01.04.48:558][  0]Cmd: MAP CHECKDEP NOCLEARLOG
[2020.08.01-01.04.48:558][  0]MapCheck: Map check complete: 0 Error(s), 0 Warning(s), took 0,223ms to complete.
[2020.08.01-01.04.48:558][  0]LogFileHelpers: Loading map 'MyLevel' took 0.575
[2020.08.01-01.04.48:667][  0]LogSlate: Updating window title bar state: overlay mode, drag disabled, window buttons hidden, title bar hidden
[2020.08.01-01.04.48:673][  0]LogSlate: Updating window title bar state: overlay mode, drag disabled, window buttons hidden, title bar hidden
[2020.08.01-01.04.48:679][  0]LogSlate: Updating window title bar state: overlay mode, drag disabled, window buttons hidden, title bar hidden
[2020.08.01-01.04.48:686][  0]LogSlate: Updating window title bar state: overlay mode, drag disabled, window buttons hidden, title bar hidden
[2020.08.01-01.04.48:691][  0]LogCollectionManager: Loaded 0 collections in 0.001127 seconds
[2020.08.01-01.04.48:697][  0]LogFileCache: Scanning file cache for directory 'D:/Down2DieInventory/StructureInventory/Saved/Collections/' took 0.00s
[2020.08.01-01.04.48:697][  0]LogFileCache: Scanning file cache for directory 'D:/Down2DieInventory/StructureInventory/Content/Developers/joeym/Collections/' took 0.00s
[2020.08.01-01.04.48:697][  0]LogFileCache: Scanning file cache for directory 'D:/Down2DieInventory/StructureInventory/Content/Collections/' took 0.00s
[2020.08.01-01.04.48:697][  0]LogCollectionManager: Rebuilt the GUID cache for 0 collections in 0.000001 seconds
[2020.08.01-01.04.48:704][  0]LogContentBrowser: Native class hierarchy populated in 0.0072 seconds. Added 3045 classes and 765 folders.
[2020.08.01-01.04.48:709][  0]LogContentBrowser: Native class hierarchy updated for 'WidgetCarousel' in 0.0002 seconds. Added 0 classes and 0 folders.
[2020.08.01-01.04.48:768][  0]LogContentBrowser: Native class hierarchy updated for 'AddContentDialog' in 0.0002 seconds. Added 0 classes and 0 folders.
[2020.08.01-01.04.48:772][  0]LogContentBrowser: Native class hierarchy updated for 'SceneOutliner' in 0.0002 seconds. Added 1 classes and 0 folders.
[2020.08.01-01.04.48:826][  0]LogContentBrowser: Native class hierarchy updated for 'WorldBrowser' in 0.0003 seconds. Added 2 classes and 3 folders.
[2020.08.01-01.04.48:851][  0]LogSlate: Took 0.000188 seconds to synchronously load lazily loaded font '../../../Engine/Content/Slate/Fonts/Roboto-Regular.ttf' (155K)
[2020.08.01-01.04.48:855][  0]LogSlate: Took 0.000197 seconds to synchronously load lazily loaded font '../../../Engine/Content/Slate/Fonts/Roboto-Bold.ttf' (160K)
[2020.08.01-01.04.48:858][  0]LogSlate: Took 0.000213 seconds to synchronously load lazily loaded font '../../../Engine/Content/Editor/Slate/Fonts/FontAwesome.ttf' (139K)
[2020.08.01-01.04.48:917][  0]LogRenderer: Reallocating scene render targets to support 1060x492 Format 10 NumSamples 1 (Frame:1).
[2020.08.01-01.04.49:026][  0]LogContentBrowser: Native class hierarchy updated for 'HierarchicalLODOutliner' in 0.0002 seconds. Added 0 classes and 0 folders.
[2020.08.01-01.04.49:026][  0]LogLoad: (Engine Initialization) Total time: 11.10 seconds
[2020.08.01-01.04.49:026][  0]LogLoad: (Engine Initialization) Total Blueprint compile time: 0.00 seconds
[2020.08.01-01.04.49:071][  0]LogAssetRegistry: Asset discovery search completed in 7.8024 seconds
[2020.08.01-01.04.49:074][  0]LogCollectionManager: Rebuilt the object cache for 0 collections in 0.000005 seconds (found 0 objects)
[2020.08.01-01.04.49:074][  0]LogCollectionManager: Fixed up redirectors for 0 collections in 0.000056 seconds (updated 0 objects)
[2020.08.01-01.04.49:075][  0]LogContentStreaming: Texture pool size now 3000 MB
[2020.08.01-01.04.49:105][  0]LogRenderer: Reallocating scene render targets to support 1060x500 Format 10 NumSamples 1 (Frame:3).
[2020.08.01-01.04.49:105][  0]LogSlate: Took 0.000158 seconds to synchronously load lazily loaded font '../../../Engine/Content/Slate/Fonts/Roboto-Light.ttf' (167K)
[2020.08.01-01.04.50:177][125]LogSlate: FSceneViewport::OnFocusLost() reason 0
[2020.08.01-01.04.50:259][135]LogSlate: Window 'Plugins' being destroyed
[2020.08.01-01.04.50:263][135]LogSlate: Window 'Plugins' being destroyed
[2020.08.01-01.04.50:263][135]LogDirectoryWatcher: A directory notification for '../../../Engine/Plugins/' was aborted.
[2020.08.01-01.04.50:263][135]LogDirectoryWatcher: A directory notification for 'D:/Program Files/Epic Games/UE_4.23/Enterprise/Plugins/' was aborted.
[2020.08.01-01.04.50:715][187]LogSlate: FSceneViewport::OnFocusLost() reason 0
[2020.08.01-01.04.52:080][344]LogUObjectHash: Compacting FUObjectHashTables data took   0.77ms
[2020.08.01-01.05.05:961][826]LogUObjectHash: Compacting FUObjectHashTables data took   0.59ms
[2020.08.01-01.05.07:379][975]LogUObjectHash: Compacting FUObjectHashTables data took   0.54ms
[2020.08.01-01.05.07:457][975]LogSlate: Window 'StructureInventory - Unreal Editor' being destroyed
[2020.08.01-01.05.07:460][975]LogWindowsTextInputMethodSystem: Display: IME system now deactivated.
[2020.08.01-01.05.07:552][976]Cmd: QUIT_EDITOR
[2020.08.01-01.05.07:581][976]LogExit: Preparing to exit.
[2020.08.01-01.05.07:944][976]LogDemo: Cleaned up 0 splitscreen connections with owner deletion
[2020.08.01-01.05.07:952][976]LogExit: Editor shut down
[2020.08.01-01.05.07:953][976]LogExit: Transaction tracking system shut down
[2020.08.01-01.05.08:102][976]LogExit: Object subsystem successfully closed.
[2020.08.01-01.05.08:122][976]LogShaderCompilers: Display: Shaders left to compile 0
[2020.08.01-01.05.08:173][976]LogModuleManager: Shutting down and abandoning module HierarchicalLODOutliner (731)
[2020.08.01-01.05.08:173][976]LogModuleManager: Shutting down and abandoning module WorldBrowser (729)
[2020.08.01-01.05.08:173][976]LogModuleManager: Shutting down and abandoning module SceneOutliner (727)
[2020.08.01-01.05.08:173][976]LogModuleManager: Shutting down and abandoning module AddContentDialog (725)
[2020.08.01-01.05.08:173][976]LogModuleManager: Shutting down and abandoning module WidgetCarousel (724)
[2020.08.01-01.05.08:173][976]LogModuleManager: Shutting down and abandoning module EditorWidgets (721)
[2020.08.01-01.05.08:174][976]LogModuleManager: Shutting down and abandoning module CollectionManager (719)
[2020.08.01-01.05.08:174][976]LogModuleManager: Shutting down and abandoning module StatsViewer (717)
[2020.08.01-01.05.08:174][976]LogModuleManager: Shutting down and abandoning module VirtualTexturingEditor (715)
[2020.08.01-01.05.08:174][976]LogModuleManager: Shutting down and abandoning module FoliageEdit (713)
[2020.08.01-01.05.08:174][976]LogModuleManager: Shutting down and abandoning module LandscapeEditor (711)
[2020.08.01-01.05.08:174][976]LogModuleManager: Shutting down and abandoning module MeshPaintMode (709)
[2020.08.01-01.05.08:174][976]LogModuleManager: Shutting down and abandoning module SceneDepthPickerMode (707)
[2020.08.01-01.05.08:174][976]LogModuleManager: Shutting down and abandoning module ActorPickerMode (705)
[2020.08.01-01.05.08:174][976]LogModuleManager: Shutting down and abandoning module GeometryMode (703)
[2020.08.01-01.05.08:174][976]LogModuleManager: Shutting down and abandoning module TextureAlignMode (701)
[2020.08.01-01.05.08:174][976]LogModuleManager: Shutting down and abandoning module BspMode (699)
[2020.08.01-01.05.08:174][976]LogModuleManager: Shutting down and abandoning module PIEPreviewDeviceProfileSelector (697)
[2020.08.01-01.05.08:174][976]LogModuleManager: Shutting down and abandoning module SequenceRecorderSections (695)
[2020.08.01-01.05.08:174][976]LogModuleManager: Shutting down and abandoning module AutomationWorker (693)
[2020.08.01-01.05.08:174][976]LogModuleManager: Shutting down and abandoning module DatasmithFBXImporter (691)
[2020.08.01-01.05.08:174][976]LogModuleManager: Shutting down and abandoning module DatasmithDeltaGenImporter (689)
[2020.08.01-01.05.08:174][976]LogModuleManager: Shutting down and abandoning module DatasmithVREDImporter (687)
[2020.08.01-01.05.08:174][976]LogModuleManager: Shutting down and abandoning module OculusMR (685)
[2020.08.01-01.05.08:174][976]LogModuleManager: Shutting down and abandoning module AudioCaptureEditor (683)
[2020.08.01-01.05.08:174][976]LogModuleManager: Shutting down and abandoning module MatineeToLevelSequence (681)
[2020.08.01-01.05.08:174][976]LogModuleManager: Shutting down and abandoning module LevelSequenceEditor (679)
[2020.08.01-01.05.08:174][976]LogModuleManager: Shutting down and abandoning module PlacementMode (678)
[2020.08.01-01.05.08:174][976]LogModuleManager: Shutting down and abandoning module MaterialEditor (677)
[2020.08.01-01.05.08:174][976]LogModuleManager: Shutting down and abandoning module ActorSequenceEditor (673)
[2020.08.01-01.05.08:174][976]LogModuleManager: Shutting down and abandoning module WmfMediaFactory (671)
[2020.08.01-01.05.08:174][976]LogModuleManager: Shutting down and abandoning module WmfMediaEditor (669)
[2020.08.01-01.05.08:174][976]LogModuleManager: Shutting down and abandoning module WebMMediaFactory (667)
[2020.08.01-01.05.08:174][976]LogModuleManager: Shutting down and abandoning module WebMMediaEditor (665)
[2020.08.01-01.05.08:174][976]LogModuleManager: Shutting down and abandoning module WebMMedia (663)
[2020.08.01-01.05.08:174][976]LogModuleManager: Shutting down and abandoning module MediaPlayerEditor (661)
[2020.08.01-01.05.08:174][976]LogModuleManager: Shutting down and abandoning module MediaCompositingEditor (659)
[2020.08.01-01.05.08:174][976]LogModuleManager: Shutting down and abandoning module SequenceRecorder (658)
[2020.08.01-01.05.08:174][976]LogModuleManager: Shutting down and abandoning module OpenExrWrapper (655)
[2020.08.01-01.05.08:174][976]LogModuleManager: Shutting down and abandoning module ImgMediaFactory (653)
[2020.08.01-01.05.08:174][976]LogModuleManager: Shutting down and abandoning module ImgMediaEditor (651)
[2020.08.01-01.05.08:174][976]LogModuleManager: Shutting down and abandoning module AvfMediaFactory (649)
[2020.08.01-01.05.08:174][976]LogModuleManager: Shutting down and abandoning module AvfMediaEditor (647)
[2020.08.01-01.05.08:174][976]LogModuleManager: Shutting down and abandoning module AndroidMediaFactory (645)
[2020.08.01-01.05.08:174][976]LogModuleManager: Shutting down and abandoning module AndroidMediaEditor (643)
[2020.08.01-01.05.08:174][976]LogModuleManager: Shutting down and abandoning module MagicLeapCameraPreviewFactory (641)
[2020.08.01-01.05.08:174][976]LogModuleManager: Shutting down and abandoning module MagicLeapMediaCodecFactory (639)
[2020.08.01-01.05.08:174][976]LogModuleManager: Shutting down and abandoning module MagicLeapMediaFactory (637)
[2020.08.01-01.05.08:175][976]LogModuleManager: Shutting down and abandoning module MagicLeapMediaEditor (635)
[2020.08.01-01.05.08:175][976]LogModuleManager: Shutting down and abandoning module CharacterAI (633)
[2020.08.01-01.05.08:175][976]LogModuleManager: Shutting down and abandoning module SmartSnapping (631)
[2020.08.01-01.05.08:175][976]LogModuleManager: Shutting down and abandoning module SessionServices (629)
[2020.08.01-01.05.08:175][976]LogModuleManager: Shutting down and abandoning module MeshPaint (627)
[2020.08.01-01.05.08:175][976]LogModuleManager: Shutting down and abandoning module ViewportSnapping (625)
[2020.08.01-01.05.08:175][976]LogModuleManager: Shutting down and abandoning module ViewportInteraction (623)
[2020.08.01-01.05.08:175][976]LogModuleManager: Shutting down and abandoning module ClothPainter (621)
[2020.08.01-01.05.08:175][976]LogModuleManager: Shutting down and abandoning module SkeletalMeshEditor (620)
[2020.08.01-01.05.08:175][976]LogModuleManager: Shutting down and abandoning module LogVisualizer (617)
[2020.08.01-01.05.08:175][976]LogModuleManager: Shutting down and abandoning module IntroTutorials (615)
[2020.08.01-01.05.08:175][976]LogModuleManager: Shutting down and abandoning module GameProjectGeneration (614)
[2020.08.01-01.05.08:175][976]LogModuleManager: Shutting down and abandoning module LuminPlatformEditor (611)
[2020.08.01-01.05.08:175][976]LogModuleManager: Shutting down and abandoning module IOSPlatformEditor (609)
[2020.08.01-01.05.08:175][976]LogModuleManager: Shutting down and abandoning module HTML5PlatformEditor (607)
[2020.08.01-01.05.08:175][976]LogModuleManager: Shutting down and abandoning module AndroidPlatformEditor (605)
[2020.08.01-01.05.08:175][976]LogModuleManager: Shutting down and abandoning module AndroidDeviceDetection (604)
[2020.08.01-01.05.08:314][976]LogModuleManager: Shutting down and abandoning module WindowsPlatformEditor (601)
[2020.08.01-01.05.08:314][976]LogModuleManager: Shutting down and abandoning module LuminRuntimeSettings (599)
[2020.08.01-01.05.08:314][976]LogModuleManager: Shutting down and abandoning module IOSRuntimeSettings (597)
[2020.08.01-01.05.08:314][976]LogModuleManager: Shutting down and abandoning module AndroidRuntimeSettings (595)
[2020.08.01-01.05.08:314][976]LogModuleManager: Shutting down and abandoning module TimeManagementEditor (593)
[2020.08.01-01.05.08:314][976]LogModuleManager: Shutting down and abandoning module InputBindingEditor (591)
[2020.08.01-01.05.08:314][976]LogModuleManager: Shutting down and abandoning module MergeActors (589)
[2020.08.01-01.05.08:314][976]LogModuleManager: Shutting down and abandoning module LocalizationDashboard (587)
[2020.08.01-01.05.08:314][976]LogModuleManager: Shutting down and abandoning module LocalizationService (586)
[2020.08.01-01.05.08:314][976]LogModuleManager: Shutting down and abandoning module HardwareTargeting (583)
[2020.08.01-01.05.08:314][976]LogModuleManager: Shutting down and abandoning module DeviceProfileEditor (581)
[2020.08.01-01.05.08:315][976]LogModuleManager: Shutting down and abandoning module UndoHistory (579)
[2020.08.01-01.05.08:315][976]LogModuleManager: Shutting down and abandoning module XmlParser (577)
[2020.08.01-01.05.08:315][976]LogModuleManager: Shutting down and abandoning module Blutility (575)
[2020.08.01-01.05.08:315][976]LogModuleManager: Shutting down and abandoning module ProjectSettingsViewer (573)
[2020.08.01-01.05.08:315][976]LogModuleManager: Shutting down and abandoning module ProjectTargetPlatformEditor (572)
[2020.08.01-01.05.08:315][976]LogModuleManager: Shutting down and abandoning module EditorSettingsViewer (569)
[2020.08.01-01.05.08:315][976]LogModuleManager: Shutting down and abandoning module SettingsEditor (567)
[2020.08.01-01.05.08:315][976]LogModuleManager: Shutting down and abandoning module ProjectLauncher (565)
[2020.08.01-01.05.08:315][976]LogModuleManager: Shutting down and abandoning module SessionFrontend (563)
[2020.08.01-01.05.08:315][976]LogModuleManager: Shutting down and abandoning module ProfilerClient (561)
[2020.08.01-01.05.08:315][976]LogModuleManager: Shutting down and abandoning module DeviceManager (559)
[2020.08.01-01.05.08:315][976]LogModuleManager: Shutting down and abandoning module TargetDeviceServices (558)
[2020.08.01-01.05.08:358][976]LogModuleManager: Shutting down and abandoning module AutomationController (555)
[2020.08.01-01.05.08:358][976]LogModuleManager: Shutting down and abandoning module AutomationWindow (553)
[2020.08.01-01.05.08:358][976]LogModuleManager: Shutting down and abandoning module Layers (551)
[2020.08.01-01.05.08:358][976]LogModuleManager: Shutting down and abandoning module ComponentVisualizers (549)
[2020.08.01-01.05.08:358][976]LogModuleManager: Shutting down and abandoning module DetailCustomizations (547)
[2020.08.01-01.05.08:358][976]LogModuleManager: Shutting down and abandoning module PackagesDialog (545)
[2020.08.01-01.05.08:358][976]LogModuleManager: Shutting down and abandoning module AnimationBlueprintEditor (543)
[2020.08.01-01.05.08:358][976]LogModuleManager: Shutting down and abandoning module Persona (541)
[2020.08.01-01.05.08:358][976]LogModuleManager: Shutting down and abandoning module AnimGraph (540)
[2020.08.01-01.05.08:358][976]LogModuleManager: Shutting down and abandoning module Kismet (537)
[2020.08.01-01.05.08:359][976]LogModuleManager: Shutting down and abandoning module KismetWidgets (536)
[2020.08.01-01.05.08:359][976]LogModuleManager: Shutting down and abandoning module GraphEditor (533)
[2020.08.01-01.05.08:359][976]LogModuleManager: Shutting down and abandoning module StructViewer (531)
[2020.08.01-01.05.08:359][976]LogModuleManager: Shutting down and abandoning module ClassViewer (529)
[2020.08.01-01.05.08:359][976]LogModuleManager: Shutting down and abandoning module Toolbox (527)
[2020.08.01-01.05.08:359][976]LogModuleManager: Shutting down and abandoning module ModuleUI (525)
[2020.08.01-01.05.08:359][976]LogModuleManager: Shutting down and abandoning module MovieSceneTools (523)
[2020.08.01-01.05.08:359][976]LogModuleManager: Shutting down and abandoning module OutputLog (521)
[2020.08.01-01.05.08:359][976]LogModuleManager: Shutting down and abandoning module GammaUI (519)
[2020.08.01-01.05.08:359][976]LogModuleManager: Shutting down and abandoning module Documentation (517)
[2020.08.01-01.05.08:359][976]LogModuleManager: Shutting down and abandoning module LiveCoding (515)
[2020.08.01-01.05.08:359][976]LogModuleManager: Shutting down and abandoning module LevelSequence (513)
[2020.08.01-01.05.08:359][976]LogModuleManager: Shutting down and abandoning module MovieSceneTracks (511)
[2020.08.01-01.05.08:359][976]LogModuleManager: Shutting down and abandoning module MovieScene (509)
[2020.08.01-01.05.08:359][976]LogModuleManager: Shutting down and abandoning module StreamingPauseRendering (507)
[2020.08.01-01.05.08:359][976]LogModuleManager: Shutting down and abandoning module LauncherPlatform (505)
[2020.08.01-01.05.08:359][976]LogModuleManager: Shutting down and abandoning module AnalyticsET (503)
[2020.08.01-01.05.08:359][976]LogModuleManager: Shutting down and abandoning module PortalServices (501)
[2020.08.01-01.05.08:359][976]LogModuleManager: Shutting down and abandoning module PortalRpc (499)
[2020.08.01-01.05.08:359][976]LogModuleManager: Shutting down and abandoning module MessagingRpc (497)
[2020.08.01-01.05.08:359][976]LogModuleManager: Shutting down and abandoning module AIModule (495)
[2020.08.01-01.05.08:359][976]LogModuleManager: Shutting down and abandoning module GameplayDebugger (494)
[2020.08.01-01.05.08:359][976]LogModuleManager: Shutting down and abandoning module AITestSuite (492)
[2020.08.01-01.05.08:359][976]LogModuleManager: Shutting down and abandoning module NavigationSystem (490)
[2020.08.01-01.05.08:359][976]LogModuleManager: Shutting down and abandoning module DesktopPlatform (487)
[2020.08.01-01.05.08:359][976]LogModuleManager: Shutting down and abandoning module ImageWriteQueue (485)
[2020.08.01-01.05.08:362][976]LogModuleManager: Shutting down and abandoning module ProfilerService (483)
[2020.08.01-01.05.08:474][976]LogModuleManager: Shutting down and abandoning module TaskGraph (481)
[2020.08.01-01.05.08:474][976]LogModuleManager: Shutting down and abandoning module DatasmithCADTranslator (479)
[2020.08.01-01.05.08:474][976]LogModuleManager: Shutting down and abandoning module DatasmithC4DImporter (477)
[2020.08.01-01.05.08:474][976]LogModuleManager: Shutting down and abandoning module VariantManager (475)
[2020.08.01-01.05.08:474][976]LogModuleManager: Shutting down and abandoning module StaticMeshEditorExtension (473)
[2020.08.01-01.05.08:474][976]LogModuleManager: Shutting down and abandoning module MeshProcessingLibrary (472)
[2020.08.01-01.05.08:474][976]LogModuleManager: Shutting down and abandoning module MDLImporter (469)
[2020.08.01-01.05.08:474][976]LogModuleManager: Shutting down and abandoning module DatasmithCoreTechExtension (467)
[2020.08.01-01.05.08:474][976]LogModuleManager: Shutting down and abandoning module StaticMeshEditor (466)
[2020.08.01-01.05.08:474][976]LogModuleManager: Shutting down and abandoning module AdvancedPreviewScene (465)
[2020.08.01-01.05.08:474][976]LogModuleManager: Shutting down and abandoning module DatasmithOpenNurbsTranslator (461)
[2020.08.01-01.05.08:475][976]LogModuleManager: Shutting down and abandoning module DatasmithNativeTranslator (459)
[2020.08.01-01.05.08:475][976]LogModuleManager: Shutting down and abandoning module DatasmithIFCImporter (457)
[2020.08.01-01.05.08:475][976]LogModuleManager: Shutting down and abandoning module DatasmithGLTFImporter (455)
[2020.08.01-01.05.08:475][976]LogModuleManager: Shutting down and abandoning module DatasmithImporter (454)
[2020.08.01-01.05.08:475][976]LogModuleManager: Shutting down and abandoning module ScreenshotTools (451)
[2020.08.01-01.05.08:475][976]LogModuleManager: Shutting down and abandoning module SteamVRController (449)
[2020.08.01-01.05.08:475][976]LogModuleManager: Shutting down and abandoning module ProceduralMeshComponentEditor (447)
[2020.08.01-01.05.08:475][976]LogModuleManager: Shutting down and abandoning module ProceduralMeshComponent (445)
[2020.08.01-01.05.08:475][976]LogModuleManager: Shutting down and abandoning module OculusEditor (443)
[2020.08.01-01.05.08:475][976]LogModuleManager: Shutting down and abandoning module OculusInput (441)
[2020.08.01-01.05.08:475][976]LogModuleManager: Shutting down and abandoning module MobilePatchingUtils (439)
[2020.08.01-01.05.08:475][976]LogModuleManager: Shutting down and abandoning module EditableMesh (437)
[2020.08.01-01.05.08:475][976]LogModuleManager: Shutting down and abandoning module CustomMeshComponent (435)
[2020.08.01-01.05.08:475][976]LogModuleManager: Shutting down and abandoning module CableComponent (433)
[2020.08.01-01.05.08:475][976]LogModuleManager: Shutting down and abandoning module AudioCapture (431)
[2020.08.01-01.05.08:475][976]LogModuleManager: Shutting down and abandoning module ArchVisCharacter (429)
[2020.08.01-01.05.08:475][976]LogModuleManager: Shutting down and abandoning module AppleImageUtilsBlueprintSupport (427)
[2020.08.01-01.05.08:475][976]LogModuleManager: Shutting down and abandoning module AppleImageUtils (425)
[2020.08.01-01.05.08:475][976]LogModuleManager: Shutting down and abandoning module AndroidPermission (423)
[2020.08.01-01.05.08:475][976]LogModuleManager: Shutting down and abandoning module NUTUnrealEngine4 (421)
[2020.08.01-01.05.08:475][976]LogModuleManager: Shutting down and abandoning module NetcodeUnitTest (419)
[2020.08.01-01.05.08:475][976]LogModuleManager: Shutting down and abandoning module MediaCompositing (417)
[2020.08.01-01.05.08:475][976]LogModuleManager: Shutting down and abandoning module ImgMedia (415)
[2020.08.01-01.05.08:475][976]LogModuleManager: Shutting down and abandoning module MagicLeapHelperVulkan (413)
[2020.08.01-01.05.08:475][976]LogModuleManager: Shutting down and abandoning module MagicLeapHelperOpenGL (411)
[2020.08.01-01.05.08:475][976]LogModuleManager: Shutting down and abandoning module MagicLeapAudio (409)
[2020.08.01-01.05.08:475][976]LogModuleManager: Shutting down and abandoning module HTML5Networking (407)
[2020.08.01-01.05.08:475][976]LogModuleManager: Shutting down and abandoning module GeometryCollectionTracks (405)
[2020.08.01-01.05.08:475][976]LogModuleManager: Shutting down and abandoning module GeometryCollectionSequencer (404)
[2020.08.01-01.05.08:475][976]LogModuleManager: Shutting down and abandoning module GeometryCollectionEditor (401)
[2020.08.01-01.05.08:475][976]LogModuleManager: Shutting down and abandoning module GeometryCollectionExampleCore (399)
[2020.08.01-01.05.08:475][976]LogModuleManager: Shutting down and abandoning module GeometryCacheTracks (397)
[2020.08.01-01.05.08:475][976]LogModuleManager: Shutting down and abandoning module GeometryCacheSequencer (395)
[2020.08.01-01.05.08:475][976]LogModuleManager: Shutting down and abandoning module DataprepLibraries (393)
[2020.08.01-01.05.08:475][976]LogModuleManager: Shutting down and abandoning module DataprepCore (391)
[2020.08.01-01.05.08:475][976]LogModuleManager: Shutting down and abandoning module DataprepEditor (389)
[2020.08.01-01.05.08:475][976]LogModuleManager: Shutting down and abandoning module ChaosSolverEditor (387)
[2020.08.01-01.05.08:475][976]LogModuleManager: Shutting down and abandoning module BlastCore (385)
[2020.08.01-01.05.08:475][976]LogModuleManager: Shutting down and abandoning module BlastAuthoring (383)
[2020.08.01-01.05.08:475][976]LogModuleManager: Shutting down and abandoning module BackChannel (381)
[2020.08.01-01.05.08:475][976]LogModuleManager: Shutting down and abandoning module AutomationUtilsEditor (379)
[2020.08.01-01.05.08:475][976]LogModuleManager: Shutting down and abandoning module AutomationUtils (377)
[2020.08.01-01.05.08:475][976]LogModuleManager: Shutting down and abandoning module AlembicImporter (375)
[2020.08.01-01.05.08:475][976]LogModuleManager: Shutting down and abandoning module AlembicLibrary (374)
[2020.08.01-01.05.08:475][976]LogModuleManager: Shutting down and abandoning module GeometryCache (373)
[2020.08.01-01.05.08:475][976]LogModuleManager: Shutting down and abandoning module GeometryCacheEd (372)
[2020.08.01-01.05.08:475][976]LogModuleManager: Shutting down and abandoning module VariantManagerContent (367)
[2020.08.01-01.05.08:475][976]LogModuleManager: Shutting down and abandoning module DatasmithContentEditor (365)
[2020.08.01-01.05.08:475][976]LogModuleManager: Shutting down and abandoning module SpeedTreeImporter (363)
[2020.08.01-01.05.08:475][976]LogModuleManager: Shutting down and abandoning module PluginBrowser (361)
[2020.08.01-01.05.08:475][976]LogModuleManager: Shutting down and abandoning module MobileLauncherProfileWizard (359)
[2020.08.01-01.05.08:475][976]LogModuleManager: Shutting down and abandoning module PolygonModeling (357)
[2020.08.01-01.05.08:475][976]LogModuleManager: Shutting down and abandoning module MeshEditor (355)
[2020.08.01-01.05.08:475][976]LogModuleManager: Shutting down and abandoning module MaterialAnalyzer (353)
[2020.08.01-01.05.08:475][976]LogModuleManager: Shutting down and abandoning module GLTFImporter (351)
[2020.08.01-01.05.08:475][976]LogModuleManager: Shutting down and abandoning module EditorScriptingUtilities (349)
[2020.08.01-01.05.08:475][976]LogModuleManager: Shutting down and abandoning module CurveEditorTools (347)
[2020.08.01-01.05.08:475][976]LogModuleManager: Shutting down and abandoning module CurveEditor (346)
[2020.08.01-01.05.08:476][976]LogModuleManager: Shutting down and abandoning module CryptoKeysOpenSSL (343)
[2020.08.01-01.05.08:476][976]LogModuleManager: Shutting down and abandoning module CryptoKeys (341)
[2020.08.01-01.05.08:476][976]LogModuleManager: Shutting down and abandoning module VisualStudioSourceCodeAccess (339)
[2020.08.01-01.05.08:476][976]LogModuleManager: Shutting down and abandoning module VisualStudioCodeSourceCodeAccess (337)
[2020.08.01-01.05.08:476][976]LogModuleManager: Shutting down and abandoning module UObjectPlugin (335)
[2020.08.01-01.05.08:476][976]LogModuleManager: Shutting down and abandoning module SubversionSourceControl (333)
[2020.08.01-01.05.08:476][976]LogModuleManager: Shutting down and abandoning module PerforceSourceControl (331)
[2020.08.01-01.05.08:476][976]LogModuleManager: Shutting down and abandoning module GitSourceControl (329)
[2020.08.01-01.05.08:476][976]LogModuleManager: Shutting down and abandoning module SourceControl (328)
[2020.08.01-01.05.08:476][976]LogModuleManager: Shutting down and abandoning module CLionSourceCodeAccess (325)
[2020.08.01-01.05.08:476][976]LogModuleManager: Shutting down and abandoning module AnimationSharingEd (323)
[2020.08.01-01.05.08:476][976]LogModuleManager: Shutting down and abandoning module ActorLayerUtilitiesEditor (321)
[2020.08.01-01.05.08:476][976]LogModuleManager: Shutting down and abandoning module ActorLayerUtilities (319)
[2020.08.01-01.05.08:476][976]LogModuleManager: Shutting down and abandoning module LightPropagationVolumeEditor (317)
[2020.08.01-01.05.08:476][976]LogModuleManager: Shutting down and abandoning module PaperTiledImporter (315)
[2020.08.01-01.05.08:476][976]LogModuleManager: Shutting down and abandoning module PaperSpriteSheetImporter (313)
[2020.08.01-01.05.08:476][976]LogModuleManager: Shutting down and abandoning module Paper2DEditor (311)
[2020.08.01-01.05.08:476][976]LogModuleManager: Shutting down and abandoning module SignificanceManager (309)
[2020.08.01-01.05.08:476][976]LogModuleManager: Shutting down and abandoning module RuntimePhysXCooking (307)
[2020.08.01-01.05.08:476][976]LogModuleManager: Shutting down and abandoning module PhysXVehiclesEditor (305)
[2020.08.01-01.05.08:476][976]LogModuleManager: Shutting down and abandoning module LocationServicesBPLibrary (301)
[2020.08.01-01.05.08:476][976]LogModuleManager: Shutting down and abandoning module ActorSequence (299)
[2020.08.01-01.05.08:476][976]LogModuleManager: Shutting down and abandoning module UdpMessaging (297)
[2020.08.01-01.05.08:576][976]LogModuleManager: Shutting down and abandoning module TcpMessaging (295)
[2020.08.01-01.05.08:923][976]LogModuleManager: Shutting down and abandoning module MagicLeapIdentity (293)
[2020.08.01-01.05.08:923][976]LogModuleManager: Shutting down and abandoning module MagicLeapSecureStorage (291)
[2020.08.01-01.05.08:923][976]LogModuleManager: Shutting down and abandoning module MagicLeapHandTracking (289)
[2020.08.01-01.05.08:923][976]LogModuleManager: Shutting down and abandoning module MagicLeapEyeTracker (287)
[2020.08.01-01.05.08:923][976]LogModuleManager: Shutting down and abandoning module MagicLeapController (285)
[2020.08.01-01.05.08:923][976]LogSlate: Slate User Destroyed.  User Index 0, Is Virtual User: 0
[2020.08.01-01.05.08:924][976]LogModuleManager: Shutting down and abandoning module MagicLeapAR (283)
[2020.08.01-01.05.08:924][976]LogModuleManager: Shutting down and abandoning module AugmentedReality (282)
[2020.08.01-01.05.08:924][976]LogModuleManager: Shutting down and abandoning module GameplayTagsEditor (279)
[2020.08.01-01.05.08:924][976]LogModuleManager: Shutting down and abandoning module FacialAnimationEditor (277)
[2020.08.01-01.05.08:924][976]LogModuleManager: Shutting down and abandoning module FacialAnimation (275)
[2020.08.01-01.05.08:924][976]LogModuleManager: Shutting down and abandoning module DataValidation (273)
[2020.08.01-01.05.08:924][976]LogModuleManager: Shutting down and abandoning module AssetManagerEditor (271)
[2020.08.01-01.05.08:924][976]LogModuleManager: Shutting down and abandoning module LevelEditor (270)
[2020.08.01-01.05.08:924][976]LogModuleManager: Shutting down and abandoning module PixelInspectorModule (269)
[2020.08.01-01.05.08:924][976]LogModuleManager: Shutting down and abandoning module CommonMenuExtensions (267)
[2020.08.01-01.05.08:924][976]LogModuleManager: Shutting down and abandoning module MainFrame (265)
[2020.08.01-01.05.08:924][976]LogModuleManager: Shutting down and abandoning module HotReload (264)
[2020.08.01-01.05.08:925][976]LogModuleManager: Shutting down and abandoning module ContentBrowser (260)
[2020.08.01-01.05.08:925][976]LogModuleManager: Shutting down and abandoning module TreeMap (258)
[2020.08.01-01.05.08:925][976]LogModuleManager: Shutting down and abandoning module AnimationSharing (255)
[2020.08.01-01.05.08:925][976]LogModuleManager: Shutting down and abandoning module LightPropagationVolumeRuntime (253)
[2020.08.01-01.05.08:925][976]LogModuleManager: Shutting down and abandoning module Paper2D (251)
[2020.08.01-01.05.08:925][976]LogModuleManager: Shutting down and abandoning module WindowsMoviePlayer (249)
[2020.08.01-01.05.08:927][976]LogModuleManager: Shutting down and abandoning module WebMMoviePlayer (247)
[2020.08.01-01.05.08:927][976]LogModuleManager: Shutting down and abandoning module NetworkReplayStreaming (245)
[2020.08.01-01.05.08:927][976]LogModuleManager: Shutting down and abandoning module PacketHandler (243)
[2020.08.01-01.05.08:927][976]LogModuleManager: Shutting down and abandoning module ClothingSystemEditor (241)
[2020.08.01-01.05.08:927][976]LogModuleManager: Shutting down and abandoning module ClothingSystemRuntime (239)
[2020.08.01-01.05.08:927][976]LogModuleManager: Shutting down and abandoning module MediaAssets (237)
[2020.08.01-01.05.08:927][976]LogModuleManager: Shutting down and abandoning module Overlay (235)
[2020.08.01-01.05.08:927][976]LogModuleManager: Shutting down and abandoning module OverlayEditor (234)
[2020.08.01-01.05.08:927][976]LogModuleManager: Shutting down and abandoning module VREditor (231)
[2020.08.01-01.05.08:927][976]LogModuleManager: Shutting down and abandoning module StringTableEditor (229)
[2020.08.01-01.05.08:927][976]LogModuleManager: Shutting down and abandoning module GameplayTasksEditor (227)
[2020.08.01-01.05.08:927][976]LogModuleManager: Shutting down and abandoning module BehaviorTreeEditor (225)
[2020.08.01-01.05.08:927][976]LogModuleManager: Shutting down and abandoning module FunctionalTesting (223)
[2020.08.01-01.05.08:927][976]LogModuleManager: Shutting down and abandoning module CollisionAnalyzer (221)
[2020.08.01-01.05.08:927][976]LogModuleManager: Shutting down and abandoning module WorkspaceMenuStructure (220)
[2020.08.01-01.05.08:927][976]LogModuleManager: Shutting down and abandoning module UMG (217)
[2020.08.01-01.05.08:927][976]LogModuleManager: Shutting down and abandoning module UMGEditor (216)
[2020.08.01-01.05.08:927][976]LogModuleManager: Shutting down and abandoning module Sequencer (215)
[2020.08.01-01.05.08:927][976]LogModuleManager: Shutting down and abandoning module MessageLog (212)
[2020.08.01-01.05.08:927][976]LogModuleManager: Shutting down and abandoning module SlateReflector (207)
[2020.08.01-01.05.08:927][976]LogModuleManager: Shutting down and abandoning module Slate (205)
[2020.08.01-01.05.08:927][976]LogModuleManager: Shutting down and abandoning module LandscapeEditorUtilities (203)
[2020.08.01-01.05.08:927][976]LogModuleManager: Shutting down and abandoning module EditorStyle (201)
[2020.08.01-01.05.08:928][976]LogModuleManager: Shutting down and abandoning module UnrealEd (199)
[2020.08.01-01.05.08:928][976]LogModuleManager: Shutting down and abandoning module MRMesh (197)
[2020.08.01-01.05.08:928][976]LogModuleManager: Shutting down and abandoning module SourceCodeAccess (195)
[2020.08.01-01.05.08:928][976]LogModuleManager: Shutting down and abandoning module HeadMountedDisplay (193)
[2020.08.01-01.05.08:928][976]LogModuleManager: Shutting down and abandoning module XAudio2 (191)
[2020.08.01-01.05.08:928][976]LogModuleManager: Shutting down and abandoning module Networking (189)
[2020.08.01-01.05.08:928][976]LogModuleManager: Shutting down and abandoning module Core (187)
[2020.08.01-01.05.08:928][976]LogModuleManager: Shutting down and abandoning module KismetCompiler (185)
[2020.08.01-01.05.08:928][976]LogModuleManager: Shutting down and abandoning module MeshUtilities (183)
[2020.08.01-01.05.08:928][976]LogModuleManager: Shutting down and abandoning module MeshMergeUtilities (182)
[2020.08.01-01.05.08:928][976]LogModuleManager: Shutting down and abandoning module MeshReductionInterface (181)
[2020.08.01-01.05.08:928][976]LogModuleManager: Shutting down and abandoning module SkeletalMeshReduction (180)
[2020.08.01-01.05.08:928][976]LogModuleManager: Shutting down and abandoning module ProxyLODMeshReduction (178)
[2020.08.01-01.05.08:928][976]LogModuleManager: Shutting down and abandoning module QuadricMeshReduction (176)
[2020.08.01-01.05.08:928][976]LogModuleManager: Shutting down and abandoning module MaterialBaking (172)
[2020.08.01-01.05.08:928][976]LogModuleManager: Shutting down and abandoning module NullInstallBundleManager (167)
[2020.08.01-01.05.08:928][976]LogModuleManager: Shutting down and abandoning module DerivedDataCache (165)
[2020.08.01-01.05.09:230][976]LogDerivedDataCache: Shutdown
[2020.08.01-01.05.09:230][976]LogModuleManager: Shutting down and abandoning module XGEController (163)
[2020.08.01-01.05.09:230][976]LogModuleManager: Shutting down and abandoning module TargetPlatform (161)
[2020.08.01-01.05.09:230][976]LogModuleManager: Shutting down and abandoning module VulkanShaderFormat (160)
[2020.08.01-01.05.09:230][976]LogModuleManager: Shutting down and abandoning module ShaderFormatVectorVM (158)
[2020.08.01-01.05.09:230][976]LogModuleManager: Shutting down and abandoning module ShaderFormatOpenGL (156)
[2020.08.01-01.05.09:230][976]LogModuleManager: Shutting down and abandoning module ShaderFormatD3D (154)
[2020.08.01-01.05.09:230][976]LogModuleManager: Shutting down and abandoning module MetalShaderFormat (152)
[2020.08.01-01.05.09:230][976]LogModuleManager: Shutting down and abandoning module TextureFormatUncompressed (150)
[2020.08.01-01.05.09:230][976]LogModuleManager: Shutting down and abandoning module TextureFormatPVR (148)
[2020.08.01-01.05.09:230][976]LogModuleManager: Shutting down and abandoning module TextureFormatDXT (146)
[2020.08.01-01.05.09:230][976]LogModuleManager: Shutting down and abandoning module TextureFormatIntelISPCTexComp (144)
[2020.08.01-01.05.09:230][976]LogModuleManager: Shutting down and abandoning module TextureFormatASTC (142)
[2020.08.01-01.05.09:230][976]LogModuleManager: Shutting down and abandoning module ImageWrapper (141)
[2020.08.01-01.05.09:230][976]LogModuleManager: Shutting down and abandoning module TextureFormatAndroid (138)
[2020.08.01-01.05.09:230][976]LogModuleManager: Shutting down and abandoning module AudioFormatOpus (136)
[2020.08.01-01.05.09:230][976]LogModuleManager: Shutting down and abandoning module AudioFormatOgg (134)
[2020.08.01-01.05.09:230][976]LogModuleManager: Shutting down and abandoning module AudioFormatADPCM (132)
[2020.08.01-01.05.09:230][976]LogModuleManager: Shutting down and abandoning module LuminTargetPlatform (130)
[2020.08.01-01.05.09:230][976]LogModuleManager: Shutting down and abandoning module LinuxTargetPlatform (128)
[2020.08.01-01.05.09:230][976]LogModuleManager: Shutting down and abandoning module LinuxServerTargetPlatform (126)
[2020.08.01-01.05.09:230][976]LogModuleManager: Shutting down and abandoning module LinuxNoEditorTargetPlatform (124)
[2020.08.01-01.05.09:230][976]LogModuleManager: Shutting down and abandoning module LinuxClientTargetPlatform (122)
[2020.08.01-01.05.09:230][976]LogModuleManager: Shutting down and abandoning module TVOSTargetPlatform (120)
[2020.08.01-01.05.09:231][976]LogModuleManager: Shutting down and abandoning module Messaging (118)
[2020.08.01-01.05.09:231][976]LogModuleManager: Shutting down and abandoning module IOSTargetPlatform (116)
[2020.08.01-01.05.09:231][976]LogModuleManager: Shutting down and abandoning module HTML5TargetPlatform (114)
[2020.08.01-01.05.09:231][976]LogModuleManager: Shutting down and abandoning module AndroidTargetPlatform (112)
[2020.08.01-01.05.09:234][976]LogModuleManager: Shutting down and abandoning module WindowsTargetPlatform (110)
[2020.08.01-01.05.09:234][976]LogModuleManager: Shutting down and abandoning module WindowsServerTargetPlatform (108)
[2020.08.01-01.05.09:234][976]LogModuleManager: Shutting down and abandoning module WindowsNoEditorTargetPlatform (106)
[2020.08.01-01.05.09:234][976]LogModuleManager: Shutting down and abandoning module WindowsClientTargetPlatform (104)
[2020.08.01-01.05.09:234][976]LogModuleManager: Shutting down and abandoning module MacTargetPlatform (102)
[2020.08.01-01.05.09:234][976]LogModuleManager: Shutting down and abandoning module MacServerTargetPlatform (100)
[2020.08.01-01.05.09:234][976]LogModuleManager: Shutting down and abandoning module MacNoEditorTargetPlatform (98)
[2020.08.01-01.05.09:234][976]LogModuleManager: Shutting down and abandoning module MacClientTargetPlatform (96)
[2020.08.01-01.05.09:234][976]LogModuleManager: Shutting down and abandoning module AllDesktopTargetPlatform (94)
[2020.08.01-01.05.09:234][976]LogModuleManager: Shutting down and abandoning module InputCore (91)
[2020.08.01-01.05.09:235][976]LogModuleManager: Shutting down and abandoning module Settings (89)
[2020.08.01-01.05.09:235][976]LogModuleManager: Shutting down and abandoning module DirectoryWatcher (87)
[2020.08.01-01.05.09:235][976]LogModuleManager: Shutting down and abandoning module PhysXCooking (85)
[2020.08.01-01.05.09:235][976]LogModuleManager: Shutting down and abandoning module WindowsPlatformFeatures (83)
[2020.08.01-01.05.09:235][976]LogModuleManager: Shutting down and abandoning module GameplayMediaEncoder (82)
[2020.08.01-01.05.09:235][976]LogModuleManager: Shutting down and abandoning module SteamVR (79)
[2020.08.01-01.05.09:235][976]LogHMD: Freeing OpenVRDLLHandle.
[2020.08.01-01.05.09:235][976]LogModuleManager: Shutting down and abandoning module OculusHMD (77)
[2020.08.01-01.05.09:235][976]LogModuleManager: Shutting down and abandoning module ExampleDeviceProfileSelector (75)
[2020.08.01-01.05.09:235][976]LogModuleManager: Shutting down and abandoning module LauncherChunkInstaller (73)
[2020.08.01-01.05.09:235][976]LogModuleManager: Shutting down and abandoning module OnlineBlueprintSupport (71)
[2020.08.01-01.05.09:235][976]LogModuleManager: Shutting down and abandoning module OnlineSubsystem (67)
[2020.08.01-01.05.09:236][976]LogModuleManager: Shutting down and abandoning module XMPP (61)
[2020.08.01-01.05.09:236][976]LogModuleManager: Shutting down and abandoning module WebSockets (60)
[2020.08.01-01.05.09:249][976]LogModuleManager: Shutting down and abandoning module HTTP (57)
[2020.08.01-01.05.09:249][976]LogHttp: Display: Http module shutting down, but needs to wait on 1 outstanding Http requests:
[2020.08.01-01.05.09:249][976]LogHttp: Display: 	verb=[POST] url=[https://datarouter.ol.epicgames.com/datarouter/api/v1/public/data?SessionID=%7B9FD3B9C4-4883-885C-35DD-0AAA281FB03A%7D&AppID=UEEditor.Rocket.Release&AppVersion=4.23.1-9631420%2B%2B%2BUE4%2BRelease-4.23&UserID=223845704c6516493bcdb69e8f4e2567%7C52cd936612ca433ba7244efdbd41ffd6%7C4eec7dc2-007f-4bed-8ab7-a8a892bc0b34&AppEnvironment=datacollector-binary&UploadType=eteventstream] status=Processing
[2020.08.01-01.05.09:263][976]LogModuleManager: Shutting down and abandoning module SSL (56)
[2020.08.01-01.05.09:264][976]LogModuleManager: Shutting down and abandoning module WmfMedia (52)
[2020.08.01-01.05.09:264][976]LogModuleManager: Shutting down and abandoning module Media (51)
[2020.08.01-01.05.09:265][976]LogModuleManager: Shutting down and abandoning module MagicLeap (48)
[2020.08.01-01.05.09:265][976]LogModuleManager: Shutting down and abandoning module DatasmithContent (46)
[2020.08.01-01.05.09:265][976]LogModuleManager: Shutting down and abandoning module AISupportModule (44)
[2020.08.01-01.05.09:265][976]LogModuleManager: Shutting down and abandoning module PlatformCryptoOpenSSL (42)
[2020.08.01-01.05.09:265][976]LogModuleManager: Shutting down and abandoning module PlatformCrypto (40)
[2020.08.01-01.05.09:265][976]LogModuleManager: Shutting down and abandoning module AnimationModifiers (38)
[2020.08.01-01.05.09:265][976]LogModuleManager: Shutting down and abandoning module PropertyEditor (37)
[2020.08.01-01.05.09:265][976]LogModuleManager: Shutting down and abandoning module AudioEditor (34)
[2020.08.01-01.05.09:265][976]LogModuleManager: Shutting down and abandoning module TextureCompressor (32)
[2020.08.01-01.05.09:265][976]LogModuleManager: Shutting down and abandoning module RenderCore (30)
[2020.08.01-01.05.09:265][976]LogModuleManager: Shutting down and abandoning module Landscape (28)
[2020.08.01-01.05.09:265][976]LogModuleManager: Shutting down and abandoning module SlateRHIRenderer (26)
[2020.08.01-01.05.09:267][976]LogModuleManager: Shutting down and abandoning module OpenGLDrv (24)
[2020.08.01-01.05.09:267][976]LogModuleManager: Shutting down and abandoning module D3D11RHI (22)
[2020.08.01-01.05.09:267][976]LogModuleManager: Shutting down and abandoning module AnimGraphRuntime (20)
[2020.08.01-01.05.09:267][976]LogModuleManager: Shutting down and abandoning module Renderer (18)
[2020.08.01-01.05.09:267][976]LogModuleManager: Shutting down and abandoning module Engine (16)
[2020.08.01-01.05.09:267][976]LogModuleManager: Shutting down and abandoning module CoreUObject (14)
[2020.08.01-01.05.09:267][976]LogModuleManager: Shutting down and abandoning module NetworkFile (12)
[2020.08.01-01.05.09:267][976]LogModuleManager: Shutting down and abandoning module CookedIterativeFile (10)
[2020.08.01-01.05.09:267][976]LogModuleManager: Shutting down and abandoning module StreamingFile (8)
[2020.08.01-01.05.09:267][976]LogModuleManager: Shutting down and abandoning module SandboxFile (6)
[2020.08.01-01.05.09:267][976]LogModuleManager: Shutting down and abandoning module PakFile (4)
[2020.08.01-01.05.09:267][976]LogModuleManager: Shutting down and abandoning module RSA (3)
[2020.08.01-01.05.09:267][976]LogD3D11RHI: Shutdown
[2020.08.01-01.05.09:267][976]LogD3D11RHI: CleanupD3DDevice
[2020.08.01-01.05.09:268][976]LogRendererCore: FGlobalDynamicReadBuffer::Cleanup()
[2020.08.01-01.05.09:268][976]LogRendererCore: FGlobalDynamicReadBuffer::Cleanup()
[2020.08.01-01.05.09:268][976]LogRendererCore: FGlobalDynamicReadBuffer::Cleanup()
[2020.08.01-01.05.09:315][976]LogD3D11RHI: ~FD3D11DynamicRHI
[2020.08.01-01.05.09:324][976]LogExit: Exiting.
[2020.08.01-01.05.09:383][976]Log file closed, 08/01/20 03:05:09
