Log file open, 08/09/20 16:11:36
LogWindows: Failed to load 'aqProf.dll' (GetLastError=126)
LogWindows: File 'aqProf.dll' does not exist
LogWindows: Failed to load 'VtuneApi.dll' (GetLastError=126)
LogWindows: File 'VtuneApi.dll' does not exist
LogWindows: Failed to load 'VtuneApi32e.dll' (GetLastError=126)
LogWindows: File 'VtuneApi32e.dll' does not exist
LogConsoleResponse: Display: Failed to find resolution value strings in scalability ini. Falling back to default.
LogInit: Display: Running engine for game: StructureInventory
LogPlatformFile: Not using cached read wrapper
LogTaskGraph: Started task graph with 5 named threads and 23 total threads with 3 sets of task threads.
LogStats: Stats thread started at 0.076181
LogD3D11RHI: Loaded GFSDK_Aftermath_Lib.x64.dll
LogICUInternationalization: ICU TimeZone Detection - Raw Offset: +1:00, Platform Override: ''
LogPluginManager: Mounting plugin Paper2D
LogPluginManager: Mounting plugin AISupport
LogPluginManager: Mounting plugin LightPropagationVolume
LogPluginManager: Mounting plugin ActorLayerUtilities
LogPluginManager: Mounting plugin AnimationSharing
LogPluginManager: Mounting plugin CLionSourceCodeAccess
LogPluginManager: Mounting plugin CodeLiteSourceCodeAccess
LogPluginManager: Mounting plugin GitSourceControl
LogPluginManager: Mounting plugin KDevelopSourceCodeAccess
LogPluginManager: Mounting plugin NullSourceCodeAccess
LogPluginManager: Mounting plugin PerforceSourceControl
LogPluginManager: Mounting plugin SubversionSourceControl
LogPluginManager: Mounting plugin UObjectPlugin
LogPluginManager: Mounting plugin VisualStudioCodeSourceCodeAccess
LogPluginManager: Mounting plugin VisualStudioSourceCodeAccess
LogPluginManager: Mounting plugin XCodeSourceCodeAccess
LogPluginManager: Mounting plugin AssetManagerEditor
LogPluginManager: Mounting plugin CryptoKeys
LogPluginManager: Mounting plugin CurveEditorTools
LogPluginManager: Mounting plugin DataValidation
LogPluginManager: Mounting plugin EditorScriptingUtilities
LogPluginManager: Mounting plugin FacialAnimation
LogPluginManager: Mounting plugin GameplayTagsEditor
LogPluginManager: Mounting plugin GLTFImporter
LogPluginManager: Mounting plugin MacGraphicsSwitching
LogPluginManager: Mounting plugin MaterialAnalyzer
LogPluginManager: Mounting plugin MeshEditor
LogPluginManager: Mounting plugin MobileLauncherProfileWizard
LogPluginManager: Mounting plugin PluginBrowser
LogPluginManager: Mounting plugin SpeedTreeImporter
LogPluginManager: Mounting plugin DatasmithContent
LogPluginManager: Mounting plugin VariantManagerContent
LogPluginManager: Mounting plugin AlembicImporter
LogPluginManager: Mounting plugin AutomationUtils
LogPluginManager: Mounting plugin BackChannel
LogPluginManager: Mounting plugin BlastPlugin
LogPluginManager: Mounting plugin ChaosSolverPlugin
LogPluginManager: Mounting plugin CharacterAI
LogPluginManager: Mounting plugin DataPrepEditor
LogPluginManager: Mounting plugin GeometryCache
LogPluginManager: Mounting plugin GeometryCollectionPlugin
LogPluginManager: Mounting plugin HTML5Networking
LogPluginManager: Mounting plugin PlatformCrypto
LogPluginManager: Mounting plugin ProxyLODPlugin
LogPluginManager: Mounting plugin SkeletalReduction
LogPluginManager: Mounting plugin MagicLeap
LogPluginManager: Mounting plugin MagicLeapMedia
LogPluginManager: Mounting plugin AndroidMedia
LogPluginManager: Mounting plugin AvfMedia
LogPluginManager: Mounting plugin ImgMedia
LogPluginManager: Mounting plugin MediaCompositing
LogPluginManager: Mounting plugin MediaPlayerEditor
LogPluginManager: Mounting plugin WebMMedia
LogPluginManager: Mounting plugin WmfMedia
LogPluginManager: Mounting plugin TcpMessaging
LogPluginManager: Mounting plugin UdpMessaging
LogPluginManager: Mounting plugin ActorSequence
LogPluginManager: Mounting plugin LevelSequenceEditor
LogPluginManager: Mounting plugin MatineeToLevelSequence
LogPluginManager: Mounting plugin NetcodeUnitTest
LogPluginManager: Mounting plugin NUTUnrealEngine4
LogPluginManager: Mounting plugin OnlineSubsystemGooglePlay
LogPluginManager: Mounting plugin OnlineSubsystemIOS
LogPluginManager: Mounting plugin OnlineSubsystem
LogPluginManager: Mounting plugin OnlineSubsystemNull
LogPluginManager: Mounting plugin OnlineSubsystemSteam
LogPluginManager: Mounting plugin OnlineSubsystemUtils
LogPluginManager: Mounting plugin LauncherChunkInstaller
LogPluginManager: Mounting plugin AndroidDeviceProfileSelector
LogPluginManager: Mounting plugin AndroidMoviePlayer
LogPluginManager: Mounting plugin AndroidPermission
LogPluginManager: Mounting plugin AppleImageUtils
LogPluginManager: Mounting plugin AppleMoviePlayer
LogPluginManager: Mounting plugin ArchVisCharacter
LogPluginManager: Mounting plugin AudioCapture
LogPluginManager: Mounting plugin CableComponent
LogPluginManager: Mounting plugin CustomMeshComponent
LogPluginManager: Mounting plugin EditableMesh
LogPluginManager: Mounting plugin ExampleDeviceProfileSelector
LogPluginManager: Mounting plugin GoogleCloudMessaging
LogPluginManager: Mounting plugin IOSDeviceProfileSelector
LogPluginManager: Mounting plugin LinuxDeviceProfileSelector
LogPluginManager: Mounting plugin LocationServicesBPLibrary
LogPluginManager: Mounting plugin MobilePatchingUtils
LogPluginManager: Mounting plugin OculusVR
LogPluginManager: Mounting plugin PhysXVehicles
LogPluginManager: Mounting plugin ProceduralMeshComponent
LogPluginManager: Mounting plugin RuntimePhysXCooking
LogPluginManager: Mounting plugin SignificanceManager
LogPluginManager: Mounting plugin SteamVR
LogPluginManager: Mounting plugin WebMMoviePlayer
LogPluginManager: Mounting plugin WindowsMoviePlayer
LogPluginManager: Mounting plugin ScreenshotTools
LogPluginManager: Mounting plugin DatasmithC4DImporter
LogPluginManager: Mounting plugin DatasmithCADImporter
LogPluginManager: Mounting plugin DatasmithFBXImporter
LogPluginManager: Mounting plugin DatasmithGLTFImporter
LogPluginManager: Mounting plugin DatasmithIFCImporter
LogPluginManager: Mounting plugin DatasmithImporter
LogPluginManager: Mounting plugin MDLImporter
LogPluginManager: Mounting plugin StaticMeshEditorExtension
LogPluginManager: Mounting plugin VariantManager
LogInit: Using libcurl 7.55.1-DEV
LogInit:  - built for x86_64-pc-win32
LogInit:  - supports SSL with OpenSSL/1.1.1
LogInit:  - supports HTTP deflate (compression) using libz 1.2.8
LogInit:  - other features:
LogInit:      CURL_VERSION_SSL
LogInit:      CURL_VERSION_LIBZ
LogInit:      CURL_VERSION_IPV6
LogInit:      CURL_VERSION_ASYNCHDNS
LogInit:      CURL_VERSION_LARGEFILE
LogInit:      CURL_VERSION_IDN
LogInit:  CurlRequestOptions (configurable via config and command line):
LogInit:  - bVerifyPeer = true  - Libcurl will verify peer certificate
LogInit:  - bUseHttpProxy = false  - Libcurl will NOT use HTTP proxy
LogInit:  - bDontReuseConnections = false  - Libcurl will reuse connections
LogInit:  - MaxHostConnections = 16  - Libcurl will limit the number of connections to a host
LogInit:  - LocalHostAddr = Default
LogInit:  - BufferSize = 65536
LogOnline: Display: STEAM: Loading Steam SDK 1.42
LogOnline: OSS: Creating online subsystem instance for: Steam
LogOnline: STEAM: Steam User is subscribed 1
LogOnline: STEAM: [AppId: 480] Client API initialized 1
LogOnline: STEAM: [AppId: 480] Game Server API initialized 1
LogOnline: STEAM: Missing P2PCleanupTimeout key in OnlineSubsystemSteam of DefaultEngine.ini, using default
LogInit: WinSock: version 1.1 (2.2), MaxSocks=32767, MaxUdp=65467
LogInit: Build: ++UE4+Release-4.23-CL-9631420
LogInit: Engine Version: 4.23.1-9631420+++UE4+Release-4.23
LogInit: Compatible Engine Version: 4.23.0-8386587+++UE4+Release-4.23
LogInit: Net CL: 8386587
LogInit: OS: Windows 10 (Release 1909) (), CPU: Intel(R) Core(TM) i7-7700K CPU @ 4.20GHz, GPU: NVIDIA GeForce GTX 1080
LogInit: Compiled (64-bit): Oct 18 2019 02:07:44
LogInit: Compiled with Visual C++: 19.16.27030.01
LogInit: Build Configuration: Development
LogInit: Branch Name: ++UE4+Release-4.23
LogInit: Command Line:  /Game/GameRelated/MyLevel -game -PIEVIACONSOLE -ResX=1280 -ResY=720 -Multiprocess -messaging -SessionName="Play in Standalone Game" -windowed
LogInit: Base Directory: D:/Program Files/Epic Games/UE_4.23/Engine/Binaries/Win64/
LogInit: Installed Engine Build: 1
LogDevObjectVersion: Number of dev versions registered: 23
LogDevObjectVersion:   Dev-Blueprints (B0D832E4-1F89-4F0D-ACCF-7EB736FD4AA2): 10
LogDevObjectVersion:   Dev-Build (E1C64328-A22C-4D53-A36C-8E866417BD8C): 0
LogDevObjectVersion:   Dev-Core (375EC13C-06E4-48FB-B500-84F0262A717E): 3
LogDevObjectVersion:   Dev-Editor (E4B068ED-F494-42E9-A231-DA0B2E46BB41): 34
LogDevObjectVersion:   Dev-Framework (CFFC743F-43B0-4480-9391-14DF171D2073): 35
LogDevObjectVersion:   Dev-Mobile (B02B49B5-BB20-44E9-A304-32B752E40360): 2
LogDevObjectVersion:   Dev-Networking (A4E4105C-59A1-49B5-A7C5-40C4547EDFEE): 0
LogDevObjectVersion:   Dev-Online (39C831C9-5AE6-47DC-9A44-9C173E1C8E7C): 0
LogDevObjectVersion:   Dev-Physics (78F01B33-EBEA-4F98-B9B4-84EACCB95AA2): 0
LogDevObjectVersion:   Dev-Platform (6631380F-2D4D-43E0-8009-CF276956A95A): 0
LogDevObjectVersion:   Dev-Rendering (12F88B9F-8875-4AFC-A67C-D90C383ABD29): 31
LogDevObjectVersion:   Dev-Sequencer (7B5AE74C-D270-4C10-A958-57980B212A5A): 11
LogDevObjectVersion:   Dev-VR (D7296918-1DD6-4BDD-9DE2-64A83CC13884): 2
LogDevObjectVersion:   Dev-LoadTimes (C2A15278-BFE7-4AFE-6C17-90FF531DF755): 1
LogDevObjectVersion:   Private-Geometry (6EACA3D4-40EC-4CC1-B786-8BED09428FC5): 3
LogDevObjectVersion:   Dev-AnimPhys (29E575DD-E0A3-4627-9D10-D276232CDCEA): 17
LogDevObjectVersion:   Dev-Anim (AF43A65D-7FD3-4947-9873-3E8ED9C1BB05): 2
LogDevObjectVersion:   Dev-ReflectionCapture (6B266CEC-1EC7-4B8F-A30B-E4D90942FC07): 1
LogDevObjectVersion:   Dev-Automation (0DF73D61-A23F-47EA-B727-89E90C41499A): 1
LogDevObjectVersion:   FortniteMain (601D1886-AC64-4F84-AA16-D3DE0DEAC7D6): 27
LogDevObjectVersion:   Dev-Enterprise (9DFFBCD6-494F-0158-E221-12823C92A888): 6
LogDevObjectVersion:   Dev-Niagara (F2AED0AC-9AFE-416F-8664-AA7FFA26D6FC): 1
LogDevObjectVersion:   Dev-Destruction (174F1F0B-B4C6-45A5-B13F-2EE8D0FB917D): 9
LogInit: Presizing for max 16777216 objects, including 0 objects not considered by GC, pre-allocating 0 bytes for permanent pool.
LogInit: Object subsystem initialized
LogConfig: Setting CVar [[con.DebugEarlyDefault:1]]
LogConfig: Setting CVar [[r.setres:1280x720]]
[2020.08.09-14.11.36:579][  0]LogConfig: Setting CVar [[con.DebugEarlyDefault:1]]
[2020.08.09-14.11.36:579][  0]LogConfig: Setting CVar [[r.setres:1280x720]]
[2020.08.09-14.11.36:579][  0]LogConfig: Applying CVar settings from Section [/Script/Engine.RendererSettings] File [D:/Down2DieInventory/StructureInventory/Saved/Config/Windows/Engine.ini]
[2020.08.09-14.11.36:579][  0]LogConfig: Setting CVar [[r.GPUCrashDebugging:0]]
[2020.08.09-14.11.36:579][  0]LogConfig: Setting CVar [[r.DefaultFeature.AutoExposure.ExtendDefaultLuminanceRange:1]]
[2020.08.09-14.11.36:579][  0]LogConfig: Applying CVar settings from Section [/Script/Engine.RendererOverrideSettings] File [D:/Down2DieInventory/StructureInventory/Saved/Config/Windows/Engine.ini]
[2020.08.09-14.11.36:579][  0]LogConfig: Applying CVar settings from Section [/Script/Engine.StreamingSettings] File [D:/Down2DieInventory/StructureInventory/Saved/Config/Windows/Engine.ini]
[2020.08.09-14.11.36:580][  0]LogConfig: Setting CVar [[s.MinBulkDataSizeForAsyncLoading:131072]]
[2020.08.09-14.11.36:580][  0]LogConfig: Setting CVar [[s.AsyncLoadingThreadEnabled:0]]
[2020.08.09-14.11.36:580][  0]LogConfig: Setting CVar [[s.EventDrivenLoaderEnabled:1]]
[2020.08.09-14.11.36:580][  0]LogConfig: Setting CVar [[s.WarnIfTimeLimitExceeded:0]]
[2020.08.09-14.11.36:580][  0]LogConfig: Setting CVar [[s.TimeLimitExceededMultiplier:1.5]]
[2020.08.09-14.11.36:580][  0]LogConfig: Setting CVar [[s.TimeLimitExceededMinTime:0.005]]
[2020.08.09-14.11.36:580][  0]LogConfig: Setting CVar [[s.UseBackgroundLevelStreaming:1]]
[2020.08.09-14.11.36:580][  0]LogConfig: Setting CVar [[s.PriorityAsyncLoadingExtraTime:15.0]]
[2020.08.09-14.11.36:580][  0]LogConfig: Setting CVar [[s.LevelStreamingActorsUpdateTimeLimit:5.0]]
[2020.08.09-14.11.36:580][  0]LogConfig: Setting CVar [[s.PriorityLevelStreamingActorsUpdateExtraTime:5.0]]
[2020.08.09-14.11.36:580][  0]LogConfig: Setting CVar [[s.LevelStreamingComponentsRegistrationGranularity:10]]
[2020.08.09-14.11.36:580][  0]LogConfig: Setting CVar [[s.UnregisterComponentsTimeLimit:1.0]]
[2020.08.09-14.11.36:580][  0]LogConfig: Setting CVar [[s.LevelStreamingComponentsUnregistrationGranularity:5]]
[2020.08.09-14.11.36:580][  0]LogConfig: Applying CVar settings from Section [/Script/Engine.GarbageCollectionSettings] File [D:/Down2DieInventory/StructureInventory/Saved/Config/Windows/Engine.ini]
[2020.08.09-14.11.36:580][  0]LogConfig: Setting CVar [[gc.MaxObjectsNotConsideredByGC:1]]
[2020.08.09-14.11.36:580][  0]LogConfig: Setting CVar [[gc.SizeOfPermanentObjectPool:0]]
[2020.08.09-14.11.36:580][  0]LogConfig: Setting CVar [[gc.FlushStreamingOnGC:0]]
[2020.08.09-14.11.36:580][  0]LogConfig: Setting CVar [[gc.NumRetriesBeforeForcingGC:10]]
[2020.08.09-14.11.36:580][  0]LogConfig: Setting CVar [[gc.AllowParallelGC:1]]
[2020.08.09-14.11.36:580][  0]LogConfig: Setting CVar [[gc.TimeBetweenPurgingPendingKillObjects:61.1]]
[2020.08.09-14.11.36:580][  0]LogConfig: Setting CVar [[gc.MaxObjectsInEditor:16777216]]
[2020.08.09-14.11.36:580][  0]LogConfig: Setting CVar [[gc.IncrementalBeginDestroyEnabled:1]]
[2020.08.09-14.11.36:580][  0]LogConfig: Setting CVar [[gc.CreateGCClusters:1]]
[2020.08.09-14.11.36:580][  0]LogConfig: Setting CVar [[gc.MinGCClusterSize:5]]
[2020.08.09-14.11.36:580][  0]LogConfig: Setting CVar [[gc.ActorClusteringEnabled:0]]
[2020.08.09-14.11.36:580][  0]LogConfig: Setting CVar [[gc.BlueprintClusteringEnabled:0]]
[2020.08.09-14.11.36:580][  0]LogConfig: Setting CVar [[gc.UseDisregardForGCOnDedicatedServers:0]]
[2020.08.09-14.11.36:580][  0]LogConfig: Applying CVar settings from Section [/Script/Engine.NetworkSettings] File [D:/Down2DieInventory/StructureInventory/Saved/Config/Windows/Engine.ini]
[2020.08.09-14.11.36:580][  0]LogConfig: Applying CVar settings from Section [/Script/UnrealEd.CookerSettings] File [D:/Down2DieInventory/StructureInventory/Saved/Config/Windows/Engine.ini]
[2020.08.09-14.11.36:583][  0]LogConfig: Applying CVar settings from Section [ViewDistanceQuality@3] File [D:/Down2DieInventory/StructureInventory/Saved/Config/Windows/Scalability.ini]
[2020.08.09-14.11.36:583][  0]LogConfig: Setting CVar [[r.SkeletalMeshLODBias:0]]
[2020.08.09-14.11.36:583][  0]LogConfig: Setting CVar [[r.ViewDistanceScale:1.0]]
[2020.08.09-14.11.36:583][  0]LogConfig: Applying CVar settings from Section [AntiAliasingQuality@3] File [D:/Down2DieInventory/StructureInventory/Saved/Config/Windows/Scalability.ini]
[2020.08.09-14.11.36:583][  0]LogConfig: Setting CVar [[r.PostProcessAAQuality:4]]
[2020.08.09-14.11.36:583][  0]LogConfig: Applying CVar settings from Section [ShadowQuality@3] File [D:/Down2DieInventory/StructureInventory/Saved/Config/Windows/Scalability.ini]
[2020.08.09-14.11.36:583][  0]LogConfig: Setting CVar [[r.LightFunctionQuality:1]]
[2020.08.09-14.11.36:583][  0]LogConfig: Setting CVar [[r.ShadowQuality:5]]
[2020.08.09-14.11.36:583][  0]LogConfig: Setting CVar [[r.Shadow.CSM.MaxCascades:10]]
[2020.08.09-14.11.36:583][  0]LogConfig: Setting CVar [[r.Shadow.MaxResolution:2048]]
[2020.08.09-14.11.36:583][  0]LogConfig: Setting CVar [[r.Shadow.MaxCSMResolution:2048]]
[2020.08.09-14.11.36:583][  0]LogConfig: Setting CVar [[r.Shadow.RadiusThreshold:0.01]]
[2020.08.09-14.11.36:583][  0]LogConfig: Setting CVar [[r.Shadow.DistanceScale:1.0]]
[2020.08.09-14.11.36:583][  0]LogConfig: Setting CVar [[r.Shadow.CSM.TransitionScale:1.0]]
[2020.08.09-14.11.36:583][  0]LogConfig: Setting CVar [[r.Shadow.PreShadowResolutionFactor:1.0]]
[2020.08.09-14.11.36:583][  0]LogConfig: Setting CVar [[r.DistanceFieldShadowing:1]]
[2020.08.09-14.11.36:583][  0]LogConfig: Setting CVar [[r.DistanceFieldAO:1]]
[2020.08.09-14.11.36:583][  0]LogConfig: Setting CVar [[r.AOQuality:2]]
[2020.08.09-14.11.36:583][  0]LogConfig: Setting CVar [[r.VolumetricFog:1]]
[2020.08.09-14.11.36:583][  0]LogConfig: Setting CVar [[r.VolumetricFog.GridPixelSize:8]]
[2020.08.09-14.11.36:583][  0]LogConfig: Setting CVar [[r.VolumetricFog.GridSizeZ:128]]
[2020.08.09-14.11.36:583][  0]LogConfig: Setting CVar [[r.VolumetricFog.HistoryMissSupersampleCount:4]]
[2020.08.09-14.11.36:583][  0]LogConfig: Setting CVar [[r.LightMaxDrawDistanceScale:1]]
[2020.08.09-14.11.36:583][  0]LogConfig: Setting CVar [[r.CapsuleShadows:1]]
[2020.08.09-14.11.36:583][  0]LogConfig: Applying CVar settings from Section [PostProcessQuality@3] File [D:/Down2DieInventory/StructureInventory/Saved/Config/Windows/Scalability.ini]
[2020.08.09-14.11.36:583][  0]LogConfig: Setting CVar [[r.MotionBlurQuality:4]]
[2020.08.09-14.11.36:583][  0]LogConfig: Setting CVar [[r.AmbientOcclusionMipLevelFactor:0.4]]
[2020.08.09-14.11.36:583][  0]LogConfig: Setting CVar [[r.AmbientOcclusionMaxQuality:100]]
[2020.08.09-14.11.36:583][  0]LogConfig: Setting CVar [[r.AmbientOcclusionLevels:-1]]
[2020.08.09-14.11.36:583][  0]LogConfig: Setting CVar [[r.AmbientOcclusionRadiusScale:1.0]]
[2020.08.09-14.11.36:583][  0]LogConfig: Setting CVar [[r.DepthOfFieldQuality:2]]
[2020.08.09-14.11.36:583][  0]LogConfig: Setting CVar [[r.RenderTargetPoolMin:400]]
[2020.08.09-14.11.36:583][  0]LogConfig: Setting CVar [[r.LensFlareQuality:2]]
[2020.08.09-14.11.36:583][  0]LogConfig: Setting CVar [[r.SceneColorFringeQuality:1]]
[2020.08.09-14.11.36:583][  0]LogConfig: Setting CVar [[r.EyeAdaptationQuality:2]]
[2020.08.09-14.11.36:583][  0]LogConfig: Setting CVar [[r.BloomQuality:5]]
[2020.08.09-14.11.36:583][  0]LogConfig: Setting CVar [[r.FastBlurThreshold:100]]
[2020.08.09-14.11.36:583][  0]LogConfig: Setting CVar [[r.Upscale.Quality:3]]
[2020.08.09-14.11.36:583][  0]LogConfig: Setting CVar [[r.Tonemapper.GrainQuantization:1]]
[2020.08.09-14.11.36:583][  0]LogConfig: Setting CVar [[r.LightShaftQuality:1]]
[2020.08.09-14.11.36:583][  0]LogConfig: Setting CVar [[r.Filter.SizeScale:1]]
[2020.08.09-14.11.36:583][  0]LogConfig: Setting CVar [[r.Tonemapper.Quality:5]]
[2020.08.09-14.11.36:583][  0]LogConfig: Setting CVar [[r.DOF.Gather.AccumulatorQuality:1        ; higher gathering accumulator quality]]
[2020.08.09-14.11.36:583][  0]LogConfig: Setting CVar [[r.DOF.Gather.PostfilterMethod:1          ; Median3x3 postfilering method]]
[2020.08.09-14.11.36:583][  0]LogConfig: Setting CVar [[r.DOF.Gather.EnableBokehSettings:0       ; no bokeh simulation when gathering]]
[2020.08.09-14.11.36:583][  0]LogConfig: Setting CVar [[r.DOF.Gather.RingCount:4                 ; medium number of samples when gathering]]
[2020.08.09-14.11.36:584][  0]LogConfig: Setting CVar [[r.DOF.Scatter.ForegroundCompositing:1    ; additive foreground scattering]]
[2020.08.09-14.11.36:584][  0]LogConfig: Setting CVar [[r.DOF.Scatter.BackgroundCompositing:2    ; additive background scattering]]
[2020.08.09-14.11.36:584][  0]LogConfig: Setting CVar [[r.DOF.Scatter.EnableBokehSettings:1      ; bokeh simulation when scattering]]
[2020.08.09-14.11.36:584][  0]LogConfig: Setting CVar [[r.DOF.Scatter.MaxSpriteRatio:0.1         ; only a maximum of 10% of scattered bokeh]]
[2020.08.09-14.11.36:584][  0]LogConfig: Setting CVar [[r.DOF.Recombine.Quality:1                ; cheap slight out of focus]]
[2020.08.09-14.11.36:584][  0]LogConfig: Setting CVar [[r.DOF.Recombine.EnableBokehSettings:0    ; no bokeh simulation on slight out of focus]]
[2020.08.09-14.11.36:584][  0]LogConfig: Setting CVar [[r.DOF.TemporalAAQuality:1                ; more stable temporal accumulation]]
[2020.08.09-14.11.36:584][  0]LogConfig: Setting CVar [[r.DOF.Kernel.MaxForegroundRadius:0.025]]
[2020.08.09-14.11.36:584][  0]LogConfig: Setting CVar [[r.DOF.Kernel.MaxBackgroundRadius:0.025]]
[2020.08.09-14.11.36:584][  0]LogConfig: Applying CVar settings from Section [TextureQuality@3] File [D:/Down2DieInventory/StructureInventory/Saved/Config/Windows/Scalability.ini]
[2020.08.09-14.11.36:584][  0]LogConfig: Setting CVar [[r.Streaming.MipBias:0]]
[2020.08.09-14.11.36:584][  0]LogConfig: Setting CVar [[r.Streaming.AmortizeCPUToGPUCopy:0]]
[2020.08.09-14.11.36:584][  0]LogConfig: Setting CVar [[r.Streaming.MaxNumTexturesToStreamPerFrame:0]]
[2020.08.09-14.11.36:584][  0]LogConfig: Setting CVar [[r.Streaming.Boost:1]]
[2020.08.09-14.11.36:584][  0]LogConfig: Setting CVar [[r.MaxAnisotropy:8]]
[2020.08.09-14.11.36:584][  0]LogConfig: Setting CVar [[r.Streaming.LimitPoolSizeToVRAM:0]]
[2020.08.09-14.11.36:584][  0]LogConfig: Setting CVar [[r.Streaming.PoolSize:1000]]
[2020.08.09-14.11.36:584][  0]LogConfig: Setting CVar [[r.Streaming.MaxEffectiveScreenSize:0]]
[2020.08.09-14.11.36:584][  0]LogConfig: Applying CVar settings from Section [EffectsQuality@3] File [D:/Down2DieInventory/StructureInventory/Saved/Config/Windows/Scalability.ini]
[2020.08.09-14.11.36:584][  0]LogConfig: Setting CVar [[r.TranslucencyLightingVolumeDim:64]]
[2020.08.09-14.11.36:584][  0]LogConfig: Setting CVar [[r.RefractionQuality:2]]
[2020.08.09-14.11.36:584][  0]LogConfig: Setting CVar [[r.SSR.Quality:3]]
[2020.08.09-14.11.36:584][  0]LogConfig: Setting CVar [[r.SceneColorFormat:4]]
[2020.08.09-14.11.36:584][  0]LogConfig: Setting CVar [[r.DetailMode:2]]
[2020.08.09-14.11.36:584][  0]LogConfig: Setting CVar [[r.TranslucencyVolumeBlur:1]]
[2020.08.09-14.11.36:584][  0]LogConfig: Setting CVar [[r.MaterialQualityLevel:1 ; High quality]]
[2020.08.09-14.11.36:584][  0]LogConfig: Setting CVar [[r.SSS.Scale:1]]
[2020.08.09-14.11.36:584][  0]LogConfig: Setting CVar [[r.SSS.SampleSet:2]]
[2020.08.09-14.11.36:584][  0]LogConfig: Setting CVar [[r.SSS.Quality:1]]
[2020.08.09-14.11.36:584][  0]LogConfig: Setting CVar [[r.SSS.HalfRes:1]]
[2020.08.09-14.11.36:584][  0]LogConfig: Setting CVar [[r.EmitterSpawnRateScale:1.0]]
[2020.08.09-14.11.36:584][  0]LogConfig: Setting CVar [[r.ParticleLightQuality:2]]
[2020.08.09-14.11.36:584][  0]LogConfig: Applying CVar settings from Section [FoliageQuality@3] File [D:/Down2DieInventory/StructureInventory/Saved/Config/Windows/Scalability.ini]
[2020.08.09-14.11.36:584][  0]LogConfig: Setting CVar [[foliage.DensityScale:1.0]]
[2020.08.09-14.11.36:584][  0]LogConfig: Setting CVar [[grass.DensityScale:1.0]]
[2020.08.09-14.11.36:584][  0]LogInit: Selected Device Profile: [Windows]
[2020.08.09-14.11.36:584][  0]LogInit: Applying CVar settings loaded from the selected device profile: [Windows]
[2020.08.09-14.11.36:586][  0]LogHAL: Display: Platform has ~ 16 GB [17106059264 / 17179869184 / 16], which maps to Larger [LargestMinGB=32, LargerMinGB=12, DefaultMinGB=8, SmallerMinGB=6, SmallestMinGB=0)
[2020.08.09-14.11.36:586][  0]LogInit: Going up to parent DeviceProfile []
[2020.08.09-14.11.36:586][  0]LogConfig: Applying CVar settings from Section [ViewDistanceQuality@3] File [D:/Down2DieInventory/StructureInventory/Saved/Config/Windows/Scalability.ini]
[2020.08.09-14.11.36:586][  0]LogConfig: Setting CVar [[r.SkeletalMeshLODBias:0]]
[2020.08.09-14.11.36:586][  0]LogConfig: Setting CVar [[r.ViewDistanceScale:1.0]]
[2020.08.09-14.11.36:586][  0]LogConfig: Applying CVar settings from Section [AntiAliasingQuality@3] File [D:/Down2DieInventory/StructureInventory/Saved/Config/Windows/Scalability.ini]
[2020.08.09-14.11.36:586][  0]LogConfig: Setting CVar [[r.PostProcessAAQuality:4]]
[2020.08.09-14.11.36:586][  0]LogConfig: Applying CVar settings from Section [ShadowQuality@3] File [D:/Down2DieInventory/StructureInventory/Saved/Config/Windows/Scalability.ini]
[2020.08.09-14.11.36:586][  0]LogConfig: Setting CVar [[r.LightFunctionQuality:1]]
[2020.08.09-14.11.36:586][  0]LogConfig: Setting CVar [[r.ShadowQuality:5]]
[2020.08.09-14.11.36:586][  0]LogConfig: Setting CVar [[r.Shadow.CSM.MaxCascades:10]]
[2020.08.09-14.11.36:586][  0]LogConfig: Setting CVar [[r.Shadow.MaxResolution:2048]]
[2020.08.09-14.11.36:586][  0]LogConfig: Setting CVar [[r.Shadow.MaxCSMResolution:2048]]
[2020.08.09-14.11.36:586][  0]LogConfig: Setting CVar [[r.Shadow.RadiusThreshold:0.01]]
[2020.08.09-14.11.36:586][  0]LogConfig: Setting CVar [[r.Shadow.DistanceScale:1.0]]
[2020.08.09-14.11.36:586][  0]LogConfig: Setting CVar [[r.Shadow.CSM.TransitionScale:1.0]]
[2020.08.09-14.11.36:586][  0]LogConfig: Setting CVar [[r.Shadow.PreShadowResolutionFactor:1.0]]
[2020.08.09-14.11.36:586][  0]LogConfig: Setting CVar [[r.DistanceFieldShadowing:1]]
[2020.08.09-14.11.36:586][  0]LogConfig: Setting CVar [[r.DistanceFieldAO:1]]
[2020.08.09-14.11.36:586][  0]LogConfig: Setting CVar [[r.AOQuality:2]]
[2020.08.09-14.11.36:586][  0]LogConfig: Setting CVar [[r.VolumetricFog:1]]
[2020.08.09-14.11.36:586][  0]LogConfig: Setting CVar [[r.VolumetricFog.GridPixelSize:8]]
[2020.08.09-14.11.36:586][  0]LogConfig: Setting CVar [[r.VolumetricFog.GridSizeZ:128]]
[2020.08.09-14.11.36:586][  0]LogConfig: Setting CVar [[r.VolumetricFog.HistoryMissSupersampleCount:4]]
[2020.08.09-14.11.36:586][  0]LogConfig: Setting CVar [[r.LightMaxDrawDistanceScale:1]]
[2020.08.09-14.11.36:586][  0]LogConfig: Setting CVar [[r.CapsuleShadows:1]]
[2020.08.09-14.11.36:586][  0]LogConfig: Applying CVar settings from Section [PostProcessQuality@3] File [D:/Down2DieInventory/StructureInventory/Saved/Config/Windows/Scalability.ini]
[2020.08.09-14.11.36:586][  0]LogConfig: Setting CVar [[r.MotionBlurQuality:4]]
[2020.08.09-14.11.36:586][  0]LogConfig: Setting CVar [[r.AmbientOcclusionMipLevelFactor:0.4]]
[2020.08.09-14.11.36:586][  0]LogConfig: Setting CVar [[r.AmbientOcclusionMaxQuality:100]]
[2020.08.09-14.11.36:586][  0]LogConfig: Setting CVar [[r.AmbientOcclusionLevels:-1]]
[2020.08.09-14.11.36:586][  0]LogConfig: Setting CVar [[r.AmbientOcclusionRadiusScale:1.0]]
[2020.08.09-14.11.36:586][  0]LogConfig: Setting CVar [[r.DepthOfFieldQuality:2]]
[2020.08.09-14.11.36:586][  0]LogConfig: Setting CVar [[r.RenderTargetPoolMin:400]]
[2020.08.09-14.11.36:586][  0]LogConfig: Setting CVar [[r.LensFlareQuality:2]]
[2020.08.09-14.11.36:586][  0]LogConfig: Setting CVar [[r.SceneColorFringeQuality:1]]
[2020.08.09-14.11.36:586][  0]LogConfig: Setting CVar [[r.EyeAdaptationQuality:2]]
[2020.08.09-14.11.36:586][  0]LogConfig: Setting CVar [[r.BloomQuality:5]]
[2020.08.09-14.11.36:587][  0]LogConfig: Setting CVar [[r.FastBlurThreshold:100]]
[2020.08.09-14.11.36:587][  0]LogConfig: Setting CVar [[r.Upscale.Quality:3]]
[2020.08.09-14.11.36:587][  0]LogConfig: Setting CVar [[r.Tonemapper.GrainQuantization:1]]
[2020.08.09-14.11.36:587][  0]LogConfig: Setting CVar [[r.LightShaftQuality:1]]
[2020.08.09-14.11.36:587][  0]LogConfig: Setting CVar [[r.Filter.SizeScale:1]]
[2020.08.09-14.11.36:587][  0]LogConfig: Setting CVar [[r.Tonemapper.Quality:5]]
[2020.08.09-14.11.36:587][  0]LogConfig: Setting CVar [[r.DOF.Gather.AccumulatorQuality:1        ; higher gathering accumulator quality]]
[2020.08.09-14.11.36:587][  0]LogConfig: Setting CVar [[r.DOF.Gather.PostfilterMethod:1          ; Median3x3 postfilering method]]
[2020.08.09-14.11.36:587][  0]LogConfig: Setting CVar [[r.DOF.Gather.EnableBokehSettings:0       ; no bokeh simulation when gathering]]
[2020.08.09-14.11.36:587][  0]LogConfig: Setting CVar [[r.DOF.Gather.RingCount:4                 ; medium number of samples when gathering]]
[2020.08.09-14.11.36:587][  0]LogConfig: Setting CVar [[r.DOF.Scatter.ForegroundCompositing:1    ; additive foreground scattering]]
[2020.08.09-14.11.36:587][  0]LogConfig: Setting CVar [[r.DOF.Scatter.BackgroundCompositing:2    ; additive background scattering]]
[2020.08.09-14.11.36:587][  0]LogConfig: Setting CVar [[r.DOF.Scatter.EnableBokehSettings:1      ; bokeh simulation when scattering]]
[2020.08.09-14.11.36:587][  0]LogConfig: Setting CVar [[r.DOF.Scatter.MaxSpriteRatio:0.1         ; only a maximum of 10% of scattered bokeh]]
[2020.08.09-14.11.36:587][  0]LogConfig: Setting CVar [[r.DOF.Recombine.Quality:1                ; cheap slight out of focus]]
[2020.08.09-14.11.36:587][  0]LogConfig: Setting CVar [[r.DOF.Recombine.EnableBokehSettings:0    ; no bokeh simulation on slight out of focus]]
[2020.08.09-14.11.36:587][  0]LogConfig: Setting CVar [[r.DOF.TemporalAAQuality:1                ; more stable temporal accumulation]]
[2020.08.09-14.11.36:587][  0]LogConfig: Setting CVar [[r.DOF.Kernel.MaxForegroundRadius:0.025]]
[2020.08.09-14.11.36:587][  0]LogConfig: Setting CVar [[r.DOF.Kernel.MaxBackgroundRadius:0.025]]
[2020.08.09-14.11.36:587][  0]LogConfig: Applying CVar settings from Section [TextureQuality@3] File [D:/Down2DieInventory/StructureInventory/Saved/Config/Windows/Scalability.ini]
[2020.08.09-14.11.36:587][  0]LogConfig: Setting CVar [[r.Streaming.MipBias:0]]
[2020.08.09-14.11.36:587][  0]LogConfig: Setting CVar [[r.Streaming.AmortizeCPUToGPUCopy:0]]
[2020.08.09-14.11.36:587][  0]LogConfig: Setting CVar [[r.Streaming.MaxNumTexturesToStreamPerFrame:0]]
[2020.08.09-14.11.36:587][  0]LogConfig: Setting CVar [[r.Streaming.Boost:1]]
[2020.08.09-14.11.36:587][  0]LogConfig: Setting CVar [[r.MaxAnisotropy:8]]
[2020.08.09-14.11.36:587][  0]LogConfig: Setting CVar [[r.Streaming.LimitPoolSizeToVRAM:0]]
[2020.08.09-14.11.36:587][  0]LogConfig: Setting CVar [[r.Streaming.PoolSize:1000]]
[2020.08.09-14.11.36:587][  0]LogConfig: Setting CVar [[r.Streaming.MaxEffectiveScreenSize:0]]
[2020.08.09-14.11.36:587][  0]LogConfig: Applying CVar settings from Section [EffectsQuality@3] File [D:/Down2DieInventory/StructureInventory/Saved/Config/Windows/Scalability.ini]
[2020.08.09-14.11.36:587][  0]LogConfig: Setting CVar [[r.TranslucencyLightingVolumeDim:64]]
[2020.08.09-14.11.36:587][  0]LogConfig: Setting CVar [[r.RefractionQuality:2]]
[2020.08.09-14.11.36:587][  0]LogConfig: Setting CVar [[r.SSR.Quality:3]]
[2020.08.09-14.11.36:587][  0]LogConfig: Setting CVar [[r.SceneColorFormat:4]]
[2020.08.09-14.11.36:587][  0]LogConfig: Setting CVar [[r.DetailMode:2]]
[2020.08.09-14.11.36:587][  0]LogConfig: Setting CVar [[r.TranslucencyVolumeBlur:1]]
[2020.08.09-14.11.36:587][  0]LogConfig: Setting CVar [[r.MaterialQualityLevel:1 ; High quality]]
[2020.08.09-14.11.36:587][  0]LogConfig: Setting CVar [[r.SSS.Scale:1]]
[2020.08.09-14.11.36:587][  0]LogConfig: Setting CVar [[r.SSS.SampleSet:2]]
[2020.08.09-14.11.36:587][  0]LogConfig: Setting CVar [[r.SSS.Quality:1]]
[2020.08.09-14.11.36:587][  0]LogConfig: Setting CVar [[r.SSS.HalfRes:1]]
[2020.08.09-14.11.36:587][  0]LogConfig: Setting CVar [[r.EmitterSpawnRateScale:1.0]]
[2020.08.09-14.11.36:587][  0]LogConfig: Setting CVar [[r.ParticleLightQuality:2]]
[2020.08.09-14.11.36:587][  0]LogConfig: Applying CVar settings from Section [FoliageQuality@3] File [D:/Down2DieInventory/StructureInventory/Saved/Config/Windows/Scalability.ini]
[2020.08.09-14.11.36:587][  0]LogConfig: Setting CVar [[foliage.DensityScale:1.0]]
[2020.08.09-14.11.36:587][  0]LogConfig: Setting CVar [[grass.DensityScale:1.0]]
[2020.08.09-14.11.36:587][  0]LogConfig: Applying CVar settings from Section [Startup] File [../../../Engine/Config/ConsoleVariables.ini]
[2020.08.09-14.11.36:587][  0]LogConfig: Setting CVar [[net.UseAdaptiveNetUpdateFrequency:0]]
[2020.08.09-14.11.36:587][  0]LogConfig: Setting CVar [[p.chaos.AllowCreatePhysxBodies:1]]
[2020.08.09-14.11.36:587][  0]LogConfig: Applying CVar settings from Section [ConsoleVariables] File [D:/Down2DieInventory/StructureInventory/Saved/Config/Windows/Engine.ini]
[2020.08.09-14.11.36:587][  0]LogInit: Computer: JOEYCOMPUTER
[2020.08.09-14.11.36:587][  0]LogInit: User: joeym
[2020.08.09-14.11.36:587][  0]LogInit: CPU Page size=4096, Cores=4
[2020.08.09-14.11.36:587][  0]LogInit: High frequency timer resolution =10.000000 MHz
[2020.08.09-14.11.36:588][  0]LogMemory: Memory total: Physical=15.9GB (16GB approx)
[2020.08.09-14.11.36:588][  0]LogMemory: Platform Memory Stats for Windows
[2020.08.09-14.11.36:588][  0]LogMemory: Process Physical Memory: 142.85 MB used, 142.86 MB peak
[2020.08.09-14.11.36:588][  0]LogMemory: Process Virtual Memory: 117.58 MB used, 117.58 MB peak
[2020.08.09-14.11.36:588][  0]LogMemory: Physical Memory: 8464.00 MB used,  7849.61 MB free, 16313.61 MB total
[2020.08.09-14.11.36:588][  0]LogMemory: Virtual Memory: 4823.12 MB used,  134212904.00 MB free, 134217728.00 MB total
[2020.08.09-14.11.36:593][  0]LogWindows: WindowsPlatformFeatures enabled
[2020.08.09-14.11.36:634][  0]LogInit: Using OS detected language (nl-NL).
[2020.08.09-14.11.36:634][  0]LogInit: Using OS detected locale (nl-NL).
[2020.08.09-14.11.36:635][  0]LogTextLocalizationManager: No localization for 'nl-NL' exists, so 'en' will be used for the language.
[2020.08.09-14.11.36:635][  0]LogTextLocalizationManager: No localization for 'nl-NL' exists, so 'en' will be used for the locale.
[2020.08.09-14.11.36:829][  0]LogSlate: New Slate User Created.  User Index 0, Is Virtual User: 0
[2020.08.09-14.11.36:829][  0]LogSlate: Slate User Registered.  User Index 0, Is Virtual User: 0
[2020.08.09-14.11.36:843][  0]LogHMD: Failed to initialize OpenVR with code 110
[2020.08.09-14.11.36:843][  0]LogD3D11RHI: D3D11 adapters:
[2020.08.09-14.11.36:932][  0]LogD3D11RHI:    0. 'NVIDIA GeForce GTX 1080' (Feature Level 11_0)
[2020.08.09-14.11.36:933][  0]LogD3D11RHI:       8079/0/8156 MB DedicatedVideo/DedicatedSystem/SharedSystem, Outputs:2, VendorId:0x10de
[2020.08.09-14.11.36:938][  0]LogD3D11RHI:    1. 'Microsoft Basic Render Driver' (Feature Level 11_0)
[2020.08.09-14.11.36:938][  0]LogD3D11RHI:       0/0/8156 MB DedicatedVideo/DedicatedSystem/SharedSystem, Outputs:0, VendorId:0x1414
[2020.08.09-14.11.36:938][  0]LogD3D11RHI: Chosen D3D11 Adapter: 0
[2020.08.09-14.11.36:948][  0]LogD3D11RHI: Creating new Direct3DDevice
[2020.08.09-14.11.36:948][  0]LogD3D11RHI:     GPU DeviceId: 0x1b80 (for the marketing name, search the web for "GPU Device Id")
[2020.08.09-14.11.36:948][  0]LogWindows: EnumDisplayDevices:
[2020.08.09-14.11.36:949][  0]LogWindows:    0. 'NVIDIA GeForce GTX 1080' (P:1 D:1)
[2020.08.09-14.11.36:949][  0]LogWindows:    1. 'NVIDIA GeForce GTX 1080' (P:0 D:1)
[2020.08.09-14.11.36:949][  0]LogWindows:    2. 'NVIDIA GeForce GTX 1080' (P:0 D:0)
[2020.08.09-14.11.36:949][  0]LogWindows:    3. 'NVIDIA GeForce GTX 1080' (P:0 D:0)
[2020.08.09-14.11.36:949][  0]LogWindows: DebugString: FoundDriverCount:4 
[2020.08.09-14.11.36:949][  0]LogD3D11RHI:     Adapter Name: NVIDIA GeForce GTX 1080
[2020.08.09-14.11.36:949][  0]LogD3D11RHI:   Driver Version: 451.67 (internal:27.21.14.5167, unified:451.67)
[2020.08.09-14.11.36:949][  0]LogD3D11RHI:      Driver Date: 7-5-2020
[2020.08.09-14.11.36:949][  0]LogRHI: Texture pool is 5655 MB (70% of 8079 MB)
[2020.08.09-14.11.37:004][  0]LogD3D11RHI: Async texture creation enabled
[2020.08.09-14.11.37:015][  0]LogD3D11RHI: GPU Timing Frequency: 1000.000000 (Debug: 2 1)
[2020.08.09-14.11.37:362][  0]LogTemp: Display: Module 'WindowsClientTargetPlatform' loaded TargetPlatform 'WindowsClient'
[2020.08.09-14.11.37:369][  0]LogTemp: Display: Module 'WindowsNoEditorTargetPlatform' loaded TargetPlatform 'WindowsNoEditor'
[2020.08.09-14.11.37:376][  0]LogTemp: Display: Module 'WindowsServerTargetPlatform' loaded TargetPlatform 'WindowsServer'
[2020.08.09-14.11.37:379][  0]LogTemp: Display: Module 'WindowsTargetPlatform' loaded TargetPlatform 'Windows'
[2020.08.09-14.11.37:379][  0]LogTargetPlatformManager: Display: Building Assets For Windows
[2020.08.09-14.11.37:388][  0]LogAudioDebug: Display: Lib vorbis DLL was dynamically loaded.
[2020.08.09-14.11.37:434][  0]LogShaderCompilers: Guid format shader working directory is -9 characters bigger than the processId version (../../../../../../Down2DieInventory/StructureInventory/Intermediate/Shaders/WorkingDirectory/19496/).
[2020.08.09-14.11.37:434][  0]LogShaderCompilers: Cleaned the shader compiler working directory 'C:/Users/joeym/AppData/Local/Temp/UnrealShaderWorkingDir/D6D792974F21F6332D8CDDA54AE7EFE9/'.
[2020.08.09-14.11.37:436][  0]LogXGEController: Cannot use XGE Controller as Incredibuild is not installed on this machine.
[2020.08.09-14.11.37:436][  0]LogShaderCompilers: Cannot use XGE Shader Compiler as Incredibuild is not installed on this machine.
[2020.08.09-14.11.37:436][  0]LogShaderCompilers: Display: Using Local Shader Compiler.
[2020.08.09-14.11.37:938][  0]LogDerivedDataCache: Display: Max Cache Size: 512 MB
[2020.08.09-14.11.37:980][  0]LogDerivedDataCache: Loaded boot cache 0.04s 74MB C:/Users/joeym/AppData/Local/UnrealEngine/4.23/DerivedDataCache/Boot.ddc.
[2020.08.09-14.11.37:980][  0]LogDerivedDataCache: Display: Loaded Boot cache: C:/Users/joeym/AppData/Local/UnrealEngine/4.23/DerivedDataCache/Boot.ddc
[2020.08.09-14.11.37:980][  0]LogDerivedDataCache: FDerivedDataBackendGraph:  Pak pak cache file ../../../../../../Down2DieInventory/StructureInventory/DerivedDataCache/DDC.ddp not found, will not use a pak cache.
[2020.08.09-14.11.37:980][  0]LogDerivedDataCache: Unable to find inner node Pak for hierarchical cache Hierarchy.
[2020.08.09-14.11.37:980][  0]LogDerivedDataCache: FDerivedDataBackendGraph:  CompressedPak pak cache file ../../../../../../Down2DieInventory/StructureInventory/DerivedDataCache/Compressed.ddp not found, will not use a pak cache.
[2020.08.09-14.11.37:980][  0]LogDerivedDataCache: Unable to find inner node CompressedPak for hierarchical cache Hierarchy.
[2020.08.09-14.11.37:989][  0]LogDerivedDataCache: Display: Pak cache opened for reading ../../../Engine/DerivedDataCache/Compressed.ddp.
[2020.08.09-14.11.37:990][  0]LogDerivedDataCache: Display: Pak cache opened for reading ../../../Enterprise/DerivedDataCache/Compressed.ddp.
[2020.08.09-14.11.37:991][  0]LogDerivedDataCache: Using Local data cache path C:/Users/joeym/AppData/Local/UnrealEngine/Common/DerivedDataCache: Writable
[2020.08.09-14.11.37:991][  0]LogDerivedDataCache: Shared data cache path not found in *engine.ini, will not use an Shared cache.
[2020.08.09-14.11.37:991][  0]LogDerivedDataCache: Unable to find inner node Shared for hierarchical cache Hierarchy.
[2020.08.09-14.11.38:007][  0]LogMaterial: Verifying Global Shaders for PCD3D_SM5
[2020.08.09-14.11.38:009][  0]LogSlate: Using FreeType 2.6.0
[2020.08.09-14.11.38:009][  0]LogSlate: SlateFontServices - WITH_FREETYPE: 1, WITH_HARFBUZZ: 1
[2020.08.09-14.11.38:122][  0]LogInit: Using OS detected language (nl-NL).
[2020.08.09-14.11.38:122][  0]LogInit: Using OS detected locale (nl-NL).
[2020.08.09-14.11.38:122][  0]LogTextLocalizationManager: No localization for 'nl-NL' exists, so 'en' will be used for the language.
[2020.08.09-14.11.38:122][  0]LogTextLocalizationManager: No localization for 'nl-NL' exists, so 'en' will be used for the locale.
[2020.08.09-14.11.38:124][  0]LogTextLocalizationManager: Compacting localization data took   0.00ms
[2020.08.09-14.11.38:127][  0]LogAssetRegistry: FAssetRegistry took 0.0013 seconds to start up
[2020.08.09-14.11.38:301][  0]LogPackageLocalizationCache: Processed 18 localized package path(s) for 1 prioritized culture(s) in 0.000909 seconds
[2020.08.09-14.11.38:357][  0]LogInit: Selected Device Profile: [Windows]
[2020.08.09-14.11.38:482][  0]LogMeshReduction: Using QuadricMeshReduction for automatic static mesh reduction
[2020.08.09-14.11.38:482][  0]LogMeshReduction: Using SimplygonMeshReduction for automatic skeletal mesh reduction
[2020.08.09-14.11.38:482][  0]LogMeshReduction: Using ProxyLODMeshReduction for automatic mesh merging
[2020.08.09-14.11.38:482][  0]LogMeshReduction: No distributed automatic mesh merging module available
[2020.08.09-14.11.38:482][  0]LogMeshMerging: No distributed automatic mesh merging module available
[2020.08.09-14.11.38:490][  0]LogNetVersion: StructureInventory 1.0.0, NetCL: 8386587, EngineNetVer: 11, GameNetVer: 0 (Checksum: 2032503810)
[2020.08.09-14.11.38:945][  0]LogMoviePlayer: Initializing movie player
[2020.08.09-14.11.39:043][  0]LogTcpMessaging: Initializing TcpMessaging bridge
[2020.08.09-14.11.39:046][  0]LogUdpMessaging: Initializing bridge on interface 0.0.0.0:0 to multicast group 230.0.0.1:6666.
[2020.08.09-14.11.39:075][  0]SourceControl: Source control is disabled
[2020.08.09-14.11.39:076][  0]SourceControl: Source control is disabled
[2020.08.09-14.11.39:077][  0]SourceControl: Source control is disabled
[2020.08.09-14.11.39:151][  0]LogAndroidPermission: UAndroidPermissionCallbackProxy::GetInstance
[2020.08.09-14.11.39:293][  0]LogOcInput: OculusInput pre-init called
[2020.08.09-14.11.39:303][  0]LogUObjectArray: 48896 objects as part of root set at end of initial load.
[2020.08.09-14.11.39:303][  0]LogUObjectAllocator: 8625112 out of 0 bytes used by permanent object pool.
[2020.08.09-14.11.39:303][  0]LogUObjectArray: CloseDisregardForGC: 0/0 objects in disregard for GC pool
[2020.08.09-14.11.39:353][  0]LogEngine: Initializing Engine...
[2020.08.09-14.11.39:354][  0]LogHMD: Failed to initialize OpenVR with code 110
[2020.08.09-14.11.39:355][  0]LogStats: UGameplayTagsManager::InitializeManager -  0.000 s
[2020.08.09-14.11.39:500][  0]LogInit: Initializing FReadOnlyCVARCache
[2020.08.09-14.11.39:532][  0]LogInit: XAudio2 using 'Hoofdtelefoon (Arctis 7 Game)' : 2 channels at 48 kHz using 16 bits per sample (channel mask 0x3)
[2020.08.09-14.11.39:564][  0]LogInit: FAudioDevice initialized.
[2020.08.09-14.11.39:565][  0]LogNetVersion: Set ProjectVersion to 1.0.0.0. Version Checksum will be recalculated on next use.
[2020.08.09-14.11.39:570][  0]LogInit: Texture streaming: Enabled
[2020.08.09-14.11.39:693][  0]LogSlate: Updating window title bar state: overlay mode, drag disabled, window buttons hidden, title bar hidden
[2020.08.09-14.11.39:693][  0]LogInit: Display: Game Engine Initialized.
[2020.08.09-14.11.39:744][  0]LogInit: Display: Starting Game.
[2020.08.09-14.11.39:744][  0]LogNet: Browse: /Game/GameRelated/MyLevel?Name=Player
[2020.08.09-14.11.39:744][  0]LogLoad: LoadMap: /Game/GameRelated/MyLevel?Name=Player
[2020.08.09-14.11.39:744][  0]LogWorld: BeginTearingDown for /Temp/Untitled_0
[2020.08.09-14.11.39:745][  0]LogWorld: UWorld::CleanupWorld for Untitled, bSessionEnded=true, bCleanupResources=true
[2020.08.09-14.11.39:764][  0]LogUObjectHash: Compacting FUObjectHashTables data took   1.16ms
[2020.08.09-14.11.40:224][  0]LogAIModule: Creating AISystem for world MyLevel
[2020.08.09-14.11.40:224][  0]LogLoad: Game class is 'MyGamemode_C'
[2020.08.09-14.11.40:227][  0]LogWorld: Bringing World /Game/GameRelated/MyLevel.MyLevel up for play (max tick rate 0) at 2020.08.09-16.11.40
[2020.08.09-14.11.40:228][  0]LogWorld: Bringing up level for play took: 0.002852
[2020.08.09-14.11.40:232][  0]LogLoad: Took 0.487487 seconds to LoadMap(/Game/GameRelated/MyLevel)
[2020.08.09-14.11.40:256][  0]LogRenderer: Reallocating scene render targets to support 1280x720 Format 10 NumSamples 1 (Frame:1).
[2020.08.09-14.11.40:256][  0]LogLoad: (Engine Initialization) Total time: 5.16 seconds
[2020.08.09-14.11.40:256][  0]LogLoad: (Engine Initialization) Total Blueprint compile time: 0.00 seconds
[2020.08.09-14.11.40:287][  0]LogContentStreaming: Texture pool size now 1000 MB
[2020.08.09-14.11.40:303][  2]LogRenderer: Reallocating scene render targets to support 128x128 Format 10 NumSamples 1 (Frame:1).
[2020.08.09-14.11.40:316][  2]LogRenderer: Reallocating scene render targets to support 1280x720 Format 10 NumSamples 1 (Frame:2).
[2020.08.09-14.11.41:761][ 91]LogBlueprintUserMessages: [InventoryComponent] YES
[2020.08.09-14.11.41:770][ 91]LogBlueprintUserMessages: [ToolbarComponent] YES
[2020.08.09-14.11.41:773][ 91]LogSlate: Took 0.000220 seconds to synchronously load lazily loaded font '../../../Engine/Content/Slate/Fonts/Roboto-Regular.ttf' (155K)
[2020.08.09-14.11.46:197][367]LogOnlineSession: Verbose: OSS: dumping NamedSession: 
[2020.08.09-14.11.46:197][367]LogOnlineSession: Verbose: OSS: 	SessionName: GameSession
[2020.08.09-14.11.46:197][367]LogOnlineSession: Verbose: OSS: 	HostingPlayerNum: 0
[2020.08.09-14.11.46:197][367]LogOnlineSession: Verbose: OSS: 	SessionState: Pending
[2020.08.09-14.11.46:197][367]LogOnlineSession: Verbose: OSS: 	RegisteredPlayers: 
[2020.08.09-14.11.46:197][367]LogOnlineSession: Verbose: OSS: 	    0 registered players
[2020.08.09-14.11.46:197][367]LogOnlineSession: Verbose: OSS: dumping Session: 
[2020.08.09-14.11.46:197][367]LogOnlineSession: Verbose: OSS: 	OwningPlayerName: Joey
[2020.08.09-14.11.46:198][367]LogOnlineSession: Verbose: OSS: 	OwningPlayerId: Joey [0x1F08EBA5000]
[2020.08.09-14.11.46:198][367]LogOnlineSession: Verbose: OSS: 	NumOpenPrivateConnections: 0
[2020.08.09-14.11.46:198][367]LogOnlineSession: Verbose: OSS: 	NumOpenPublicConnections: 9
[2020.08.09-14.11.46:198][367]LogOnlineSession: Verbose: OSS: 	SessionInfo: HostIP: INVALID SteamP2P: 76561198109054226:7777 Type: Lobby session SessionId: Lobby[0x18600000B461226]
[2020.08.09-14.11.46:198][367]LogOnlineSession: Verbose: OSS: dumping SessionSettings: 
[2020.08.09-14.11.46:198][367]LogOnlineSession: Verbose: OSS: 	NumPublicConnections: 10
[2020.08.09-14.11.46:198][367]LogOnlineSession: Verbose: OSS: 	NumPrivateConnections: 0
[2020.08.09-14.11.46:198][367]LogOnlineSession: Verbose: OSS: 	bIsLanMatch: false
[2020.08.09-14.11.46:198][367]LogOnlineSession: Verbose: OSS: 	bIsDedicated: false
[2020.08.09-14.11.46:198][367]LogOnlineSession: Verbose: OSS: 	bUsesStats: false
[2020.08.09-14.11.46:198][367]LogOnlineSession: Verbose: OSS: 	bShouldAdvertise: true
[2020.08.09-14.11.46:198][367]LogOnlineSession: Verbose: OSS: 	bAllowJoinInProgress: true
[2020.08.09-14.11.46:198][367]LogOnlineSession: Verbose: OSS: 	bAllowInvites: false
[2020.08.09-14.11.46:198][367]LogOnlineSession: Verbose: OSS: 	bUsesPresence: true
[2020.08.09-14.11.46:198][367]LogOnlineSession: Verbose: OSS: 	bAllowJoinViaPresence: true
[2020.08.09-14.11.46:198][367]LogOnlineSession: Verbose: OSS: 	bAllowJoinViaPresenceFriendsOnly: false
[2020.08.09-14.11.46:198][367]LogOnlineSession: Verbose: OSS: 	BuildUniqueId: 0x007ff81b
[2020.08.09-14.11.46:198][367]LogOnlineSession: Verbose: OSS: 	Settings:
[2020.08.09-14.11.46:212][367]LogNet: Browse: /Game/GameRelated/MyLevel?listen
[2020.08.09-14.11.46:212][367]LogLoad: LoadMap: /Game/GameRelated/MyLevel?listen
[2020.08.09-14.11.46:212][367]LogWorld: BeginTearingDown for /Game/GameRelated/MyLevel
[2020.08.09-14.11.46:213][367]LogWorld: UWorld::CleanupWorld for MyLevel, bSessionEnded=true, bCleanupResources=true
[2020.08.09-14.11.46:244][367]LogUObjectHash: Compacting FUObjectHashTables data took   1.62ms
[2020.08.09-14.11.46:661][367]LogAIModule: Creating AISystem for world MyLevel
[2020.08.09-14.11.46:661][367]LogLoad: Game class is 'MyGamemode_C'
[2020.08.09-14.11.46:661][367]LogTemp: Display: ParseSettings for GameNetDriver
[2020.08.09-14.11.46:661][367]LogTemp: Display: ParseSettings for SteamNetDriver_0
[2020.08.09-14.11.46:661][367]LogTemp: Display: ParseSettings for GameNetDriver
[2020.08.09-14.11.46:661][367]LogNet: ReplicationDriverClass is null! Not using ReplicationDriver.
[2020.08.09-14.11.46:661][367]PacketHandlerLog: DDoS detection status: detection enabled: 0 analytics enabled: 0
[2020.08.09-14.11.46:661][367]LogNet: Display: SteamNetDriver_0 bound to port 7777
[2020.08.09-14.11.46:662][367]PacketHandlerLog: Loaded PacketHandler component: Engine.EngineHandlerComponentFactory (StatelessConnectHandlerComponent)
[2020.08.09-14.11.46:662][367]LogNet: GameNetDriver SteamNetDriver_0 IpNetDriver listening on port 7777
[2020.08.09-14.11.46:663][367]LogWorld: Bringing World /Game/GameRelated/MyLevel.MyLevel up for play (max tick rate 0) at 2020.08.09-16.11.46
[2020.08.09-14.11.46:664][367]LogWorld: Bringing up level for play took: 0.001492
[2020.08.09-14.11.46:666][367]LogLoad: Took 0.453222 seconds to LoadMap(/Game/GameRelated/MyLevel)
[2020.08.09-14.11.47:746][434]LogBlueprintUserMessages: [ToolbarComponent] YES
[2020.08.09-14.11.47:748][434]LogBlueprintUserMessages: [InventoryComponent] YES
[2020.08.09-14.11.55:441][912]LogOnlineSession: STEAM: Updating lobby joinability to true.
[2020.08.09-14.11.56:359][969]LogOnline: STEAM: Adding P2P connection information with user 76561198369494285 (Name: bluebunny1810 [0x1F08EA18C40])
[2020.08.09-14.12.02:888][372]LogNet: NotifyAcceptingConnection accepted from: 76561198369494285:7777
[2020.08.09-14.12.02:889][372]LogHandshake: SendConnectChallenge. Timestamp: 16.691975, Cookie: 223150176205190025004146049077015113175148040032232021124000
[2020.08.09-14.12.02:889][372]LogNet: NotifyAcceptingConnection accepted from: 76561198369494285:7777
[2020.08.09-14.12.02:889][372]LogHandshake: SendConnectChallenge. Timestamp: 16.691975, Cookie: 223150176205190025004146049077015113175148040032232021124000
[2020.08.09-14.12.02:889][372]LogNet: NotifyAcceptingConnection accepted from: 76561198369494285:7777
[2020.08.09-14.12.02:889][372]LogHandshake: SendConnectChallenge. Timestamp: 16.691975, Cookie: 223150176205190025004146049077015113175148040032232021124000
[2020.08.09-14.12.02:889][372]LogNet: NotifyAcceptingConnection accepted from: 76561198369494285:7777
[2020.08.09-14.12.02:889][372]LogHandshake: SendConnectChallenge. Timestamp: 16.691975, Cookie: 223150176205190025004146049077015113175148040032232021124000
[2020.08.09-14.12.02:890][372]LogNet: NotifyAcceptingConnection accepted from: 76561198369494285:7777
[2020.08.09-14.12.02:890][372]LogHandshake: SendConnectChallenge. Timestamp: 16.691975, Cookie: 223150176205190025004146049077015113175148040032232021124000
[2020.08.09-14.12.02:890][372]LogNet: NotifyAcceptingConnection accepted from: 76561198369494285:7777
[2020.08.09-14.12.02:890][372]LogHandshake: SendConnectChallenge. Timestamp: 16.691975, Cookie: 223150176205190025004146049077015113175148040032232021124000
[2020.08.09-14.12.02:890][372]LogNet: NotifyAcceptingConnection accepted from: 76561198369494285:7777
[2020.08.09-14.12.02:890][372]LogHandshake: SendConnectChallenge. Timestamp: 16.691975, Cookie: 223150176205190025004146049077015113175148040032232021124000
[2020.08.09-14.12.03:017][380]LogNet: NotifyAcceptingConnection accepted from: 76561198369494285:7777
[2020.08.09-14.12.03:017][380]LogHandshake: SendConnectChallenge. Timestamp: 16.821020, Cookie: 046073015012143163056212041049011174096166168220181075132213
[2020.08.09-14.12.03:872][433]LogNet: NotifyAcceptingConnection accepted from: 76561198369494285:7777
[2020.08.09-14.12.03:872][433]LogHandshake: SendChallengeAck. InCookie: 223150176205190025004146049077015113175148040032232021124000
[2020.08.09-14.12.03:872][433]LogNet: Server accepting post-challenge connection from: 76561198369494285:7777
[2020.08.09-14.12.03:873][433]PacketHandlerLog: Loaded PacketHandler component: Engine.EngineHandlerComponentFactory (StatelessConnectHandlerComponent)
[2020.08.09-14.12.03:873][433]LogOnline: STEAM: Adding user 76561198369494285:7777 from RegisterConnection
[2020.08.09-14.12.03:873][433]LogNet: NotifyAcceptedConnection: Name: MyLevel, TimeStamp: 08/09/20 16:12:03, [UNetConnection] RemoteAddr: 76561198369494285:7777, Name: SteamNetConnection_0, Driver: GameNetDriver SteamNetDriver_0, IsServer: YES, PC: NULL, Owner: NULL, UniqueId: INVALID
[2020.08.09-14.12.03:873][433]LogNet: AddClientConnection: Added client connection: [UNetConnection] RemoteAddr: 76561198369494285:7777, Name: SteamNetConnection_0, Driver: GameNetDriver SteamNetDriver_0, IsServer: YES, PC: NULL, Owner: NULL, UniqueId: INVALID
[2020.08.09-14.12.03:873][433]LogHandshake: Received unexpected post-connect handshake packet - resending ack for LastChallengeSuccessAddress 76561198369494285:7777 and LastCookie 223150176205190025004146049077015113175148040032232021124000.
[2020.08.09-14.12.03:873][433]LogHandshake: SendChallengeAck. InCookie: 223150176205190025004146049077015113175148040032232021124000
[2020.08.09-14.12.03:873][433]LogHandshake: Received unexpected post-connect handshake packet - resending ack for LastChallengeSuccessAddress 76561198369494285:7777 and LastCookie 223150176205190025004146049077015113175148040032232021124000.
[2020.08.09-14.12.03:873][433]LogHandshake: SendChallengeAck. InCookie: 223150176205190025004146049077015113175148040032232021124000
[2020.08.09-14.12.03:873][433]LogHandshake: Received unexpected post-connect handshake packet - resending ack for LastChallengeSuccessAddress 76561198369494285:7777 and LastCookie 223150176205190025004146049077015113175148040032232021124000.
[2020.08.09-14.12.03:873][433]LogHandshake: SendChallengeAck. InCookie: 223150176205190025004146049077015113175148040032232021124000
[2020.08.09-14.12.03:874][433]LogHandshake: Received unexpected post-connect handshake packet - resending ack for LastChallengeSuccessAddress 76561198369494285:7777 and LastCookie 223150176205190025004146049077015113175148040032232021124000.
[2020.08.09-14.12.03:874][433]LogHandshake: SendChallengeAck. InCookie: 223150176205190025004146049077015113175148040032232021124000
[2020.08.09-14.12.03:874][433]LogHandshake: Received unexpected post-connect handshake packet - resending ack for LastChallengeSuccessAddress 76561198369494285:7777 and LastCookie 223150176205190025004146049077015113175148040032232021124000.
[2020.08.09-14.12.03:874][433]LogHandshake: SendChallengeAck. InCookie: 223150176205190025004146049077015113175148040032232021124000
[2020.08.09-14.12.03:874][433]LogHandshake: Received unexpected post-connect handshake packet - resending ack for LastChallengeSuccessAddress 76561198369494285:7777 and LastCookie 223150176205190025004146049077015113175148040032232021124000.
[2020.08.09-14.12.03:874][433]LogHandshake: SendChallengeAck. InCookie: 223150176205190025004146049077015113175148040032232021124000
[2020.08.09-14.12.03:874][433]LogHandshake: Received unexpected post-connect handshake packet - resending ack for LastChallengeSuccessAddress 76561198369494285:7777 and LastCookie 223150176205190025004146049077015113175148040032232021124000.
[2020.08.09-14.12.03:874][433]LogHandshake: SendChallengeAck. InCookie: 223150176205190025004146049077015113175148040032232021124000
[2020.08.09-14.12.04:921][498]LogHandshake: Received unexpected post-connect handshake packet - resending ack for LastChallengeSuccessAddress 0:7777 and LastCookie 223150176205190025004146049077015113175148040032232021124000.
[2020.08.09-14.12.04:921][498]LogHandshake: SendChallengeAck. InCookie: 223150176205190025004146049077015113175148040032232021124000
[2020.08.09-14.12.04:921][498]LogNet: Warning: UIpNetDriver::LowLevelSend: Invalid send address '0:7777'
[2020.08.09-14.12.04:921][498]LogNet: NotifyAcceptingChannel Control 0 server World /Game/GameRelated/MyLevel.MyLevel: Accepted
[2020.08.09-14.12.04:921][498]LogNet: Remote platform little endian=1
[2020.08.09-14.12.04:921][498]LogNet: This platform little endian=1
[2020.08.09-14.12.04:921][498]LogNetVersion: StructureInventory 1.0.0.0, NetCL: 8386587, EngineNetVer: 11, GameNetVer: 0 (Checksum: 605361999)
[2020.08.09-14.12.05:904][559]LogNet: Login request: /Game/GameRelated/MyLevel?Name=bluebunny1810 userId: STEAM:bluebunny1810 [0x1F08EA1BB80] platform: STEAM
[2020.08.09-14.12.06:888][620]LogNet: Client netspeed is 10000
[2020.08.09-14.12.07:308][646]LogNet: Join request: /Game/GameRelated/MyLevel?Name=bluebunny1810?SplitscreenCount=1
[2020.08.09-14.12.07:310][646]LogNet: Join succeeded: bluebunny1810
[2020.08.09-14.12.07:647][667]LogNetPackageMap: Warning: FNetGUIDCache::SupportsObject: InventoryContainer_C /Engine/Transient.GameEngine_0:GameInstance_0.InventoryContainer_C_0 NOT Supported.
[2020.08.09-14.12.07:647][667]LogNetPackageMap: Warning: FNetGUIDCache::SupportsObject: InventoryContainer_C /Engine/Transient.GameEngine_0:GameInstance_0.InventoryContainer_C_1 NOT Supported.
[2020.08.09-14.12.29:047][993]LogNet: UChannel::ReceivedSequencedBunch: Bunch.bClose == true. ChIndex == 0. Calling ConditionalCleanUp.
[2020.08.09-14.12.29:048][993]LogNet: UChannel::CleanUp: ChIndex == 0. Closing connection. [UChannel] ChIndex: 0, Closing: 0 [UNetConnection] RemoteAddr: 76561198369494285:7777, Name: SteamNetConnection_0, Driver: GameNetDriver SteamNetDriver_0, IsServer: YES, PC: MyPlayerController_C_1, Owner: MyPlayerController_C_1, UniqueId: STEAM:bluebunny1810 [0x1F08EA186A0]
[2020.08.09-14.12.29:048][993]LogNet: UNetConnection::Close: [UNetConnection] RemoteAddr: 76561198369494285:7777, Name: SteamNetConnection_0, Driver: GameNetDriver SteamNetDriver_0, IsServer: YES, PC: MyPlayerController_C_1, Owner: MyPlayerController_C_1, UniqueId: STEAM:bluebunny1810 [0x1F08EA186A0], Channels: 12, Time: 2020.08.09-14.12.29
[2020.08.09-14.12.29:048][993]LogNet: UChannel::Close: Sending CloseBunch. ChIndex == 0. Name: [UChannel] ChIndex: 0, Closing: 0 [UNetConnection] RemoteAddr: 76561198369494285:7777, Name: SteamNetConnection_0, Driver: GameNetDriver SteamNetDriver_0, IsServer: YES, PC: MyPlayerController_C_1, Owner: MyPlayerController_C_1, UniqueId: STEAM:bluebunny1810 [0x1F08EA186A0]
[2020.08.09-14.12.29:064][994]LogOnline: STEAM: Removing P2P Session Id: bluebunny1810 [0x1F08EA18160], Channel: 7777, IdleTime: 0.016
[2020.08.09-14.12.30:564][ 88]LogOnline: STEAM: Closing channel 7777 with user 76561198369494285
[2020.08.09-14.12.30:566][ 88]LogOnline: STEAM: 76561198369494285 has been removed.
[2020.08.09-14.12.30:580][ 89]LogOnlineSession: STEAM: Updating lobby joinability to true.
[2020.08.09-14.12.36:805][474]LogWindowsDesktop: Alt-F4 pressed!
[2020.08.09-14.12.36:811][474]LogSlate: Window 'StructureInventory (64-bit Development PCD3D_SM5) ' being destroyed
[2020.08.09-14.12.36:812][474]LogWindowsTextInputMethodSystem: Display: IME system now deactivated.
[2020.08.09-14.12.36:816][474]LogWindowsTextInputMethodSystem: Display: IME system now deactivated.
[2020.08.09-14.12.36:818][474]LogSlate: Updating window title bar state: overlay mode, drag disabled, window buttons hidden, title bar hidden
[2020.08.09-14.12.36:818][474]LogEngine: All Windows Closed
[2020.08.09-14.12.36:818][474]LogWindows: FPlatformMisc::RequestExit(0)
[2020.08.09-14.12.36:828][475]LogWorld: BeginTearingDown for /Game/GameRelated/MyLevel
[2020.08.09-14.12.36:828][475]LogNet: World NetDriver shutdown SteamNetDriver_0 [GameNetDriver]
[2020.08.09-14.12.36:828][475]LogNet: DestroyNamedNetDriver SteamNetDriver_0 [GameNetDriver]
[2020.08.09-14.12.36:828][475]LogExit: GameNetDriver SteamNetDriver_0 shut down
[2020.08.09-14.12.36:828][475]LogWorld: UWorld::CleanupWorld for MyLevel, bSessionEnded=true, bCleanupResources=true
[2020.08.09-14.12.37:391][475]LogExit: Preparing to exit.
[2020.08.09-14.12.37:391][475]LogMoviePlayer: Shutting down movie player
[2020.08.09-14.12.38:087][475]LogSlate: Updating window title bar state: overlay mode, drag disabled, window buttons hidden, title bar hidden
[2020.08.09-14.12.38:094][475]LogDemo: Cleaned up 0 splitscreen connections with owner deletion
[2020.08.09-14.12.38:101][475]LogExit: Game engine shut down
[2020.08.09-14.12.38:175][475]LogExit: Object subsystem successfully closed.
[2020.08.09-14.12.38:192][475]LogShaderCompilers: Display: Shaders left to compile 0
[2020.08.09-14.12.38:198][475]LogModuleManager: Shutting down and abandoning module SequenceRecorderSections (418)
[2020.08.09-14.12.38:199][475]LogModuleManager: Shutting down and abandoning module SequenceRecorder (416)
[2020.08.09-14.12.38:199][475]LogModuleManager: Shutting down and abandoning module AutomationController (414)
[2020.08.09-14.12.38:199][475]LogModuleManager: Shutting down and abandoning module AutomationWorker (412)
[2020.08.09-14.12.38:199][475]LogModuleManager: Shutting down and abandoning module Voice (410)
[2020.08.09-14.12.38:199][475]LogModuleManager: Shutting down and abandoning module AIModule (408)
[2020.08.09-14.12.38:199][475]LogModuleManager: Shutting down and abandoning module GameplayDebugger (407)
[2020.08.09-14.12.38:199][475]LogModuleManager: Shutting down and abandoning module AITestSuite (405)
[2020.08.09-14.12.38:199][475]LogModuleManager: Shutting down and abandoning module NavigationSystem (403)
[2020.08.09-14.12.38:199][475]LogModuleManager: Shutting down and abandoning module OculusMR (400)
[2020.08.09-14.12.38:199][475]LogModuleManager: Shutting down and abandoning module WmfMediaFactory (398)
[2020.08.09-14.12.38:199][475]LogModuleManager: Shutting down and abandoning module WebMMediaFactory (396)
[2020.08.09-14.12.38:199][475]LogModuleManager: Shutting down and abandoning module WebMMedia (394)
[2020.08.09-14.12.38:199][475]LogModuleManager: Shutting down and abandoning module OpenExrWrapper (392)
[2020.08.09-14.12.38:199][475]LogModuleManager: Shutting down and abandoning module ImgMediaFactory (390)
[2020.08.09-14.12.38:199][475]LogModuleManager: Shutting down and abandoning module AvfMediaFactory (388)
[2020.08.09-14.12.38:199][475]LogModuleManager: Shutting down and abandoning module MagicLeapCameraPreviewFactory (386)
[2020.08.09-14.12.38:199][475]LogModuleManager: Shutting down and abandoning module MagicLeapMediaCodecFactory (384)
[2020.08.09-14.12.38:199][475]LogModuleManager: Shutting down and abandoning module MagicLeapMediaFactory (382)
[2020.08.09-14.12.38:199][475]LogModuleManager: Shutting down and abandoning module CharacterAI (380)
[2020.08.09-14.12.38:199][475]LogModuleManager: Shutting down and abandoning module SessionServices (378)
[2020.08.09-14.12.38:199][475]LogModuleManager: Shutting down and abandoning module MovieSceneCapture (376)
[2020.08.09-14.12.38:199][475]LogModuleManager: Shutting down and abandoning module LiveCoding (374)
[2020.08.09-14.12.38:199][475]LogModuleManager: Shutting down and abandoning module LevelSequence (372)
[2020.08.09-14.12.38:199][475]LogModuleManager: Shutting down and abandoning module MovieSceneTracks (370)
[2020.08.09-14.12.38:199][475]LogModuleManager: Shutting down and abandoning module MovieScene (368)
[2020.08.09-14.12.38:199][475]LogModuleManager: Shutting down and abandoning module StreamingPauseRendering (366)
[2020.08.09-14.12.38:199][475]LogModuleManager: Shutting down and abandoning module PortalServices (364)
[2020.08.09-14.12.38:199][475]LogModuleManager: Shutting down and abandoning module PortalRpc (362)
[2020.08.09-14.12.38:199][475]LogModuleManager: Shutting down and abandoning module MessagingRpc (360)
[2020.08.09-14.12.38:199][475]LogModuleManager: Shutting down and abandoning module ImageWriteQueue (358)
[2020.08.09-14.12.38:201][475]LogModuleManager: Shutting down and abandoning module ProfilerService (356)
[2020.08.09-14.12.38:417][475]LogModuleManager: Shutting down and abandoning module TaskGraph (354)
[2020.08.09-14.12.38:417][475]LogModuleManager: Shutting down and abandoning module SteamVRController (352)
[2020.08.09-14.12.38:417][475]LogModuleManager: Shutting down and abandoning module ProceduralMeshComponent (350)
[2020.08.09-14.12.38:417][475]LogModuleManager: Shutting down and abandoning module OculusInput (348)
[2020.08.09-14.12.38:417][475]LogModuleManager: Shutting down and abandoning module MobilePatchingUtils (346)
[2020.08.09-14.12.38:417][475]LogModuleManager: Shutting down and abandoning module EditableMesh (344)
[2020.08.09-14.12.38:417][475]LogModuleManager: Shutting down and abandoning module CustomMeshComponent (342)
[2020.08.09-14.12.38:417][475]LogModuleManager: Shutting down and abandoning module CableComponent (340)
[2020.08.09-14.12.38:417][475]LogModuleManager: Shutting down and abandoning module AudioCapture (338)
[2020.08.09-14.12.38:417][475]LogModuleManager: Shutting down and abandoning module ArchVisCharacter (336)
[2020.08.09-14.12.38:417][475]LogModuleManager: Shutting down and abandoning module AppleImageUtilsBlueprintSupport (334)
[2020.08.09-14.12.38:417][475]LogModuleManager: Shutting down and abandoning module AppleImageUtils (332)
[2020.08.09-14.12.38:417][475]LogModuleManager: Shutting down and abandoning module AndroidPermission (330)
[2020.08.09-14.12.38:417][475]LogModuleManager: Shutting down and abandoning module NUTUnrealEngine4 (326)
[2020.08.09-14.12.38:417][475]LogModuleManager: Shutting down and abandoning module NetcodeUnitTest (324)
[2020.08.09-14.12.38:417][475]LogModuleManager: Shutting down and abandoning module MediaCompositing (322)
[2020.08.09-14.12.38:417][475]LogModuleManager: Shutting down and abandoning module ImgMedia (320)
[2020.08.09-14.12.38:417][475]LogModuleManager: Shutting down and abandoning module MagicLeapHelperVulkan (318)
[2020.08.09-14.12.38:417][475]LogModuleManager: Shutting down and abandoning module MagicLeapHelperOpenGL (316)
[2020.08.09-14.12.38:417][475]LogModuleManager: Shutting down and abandoning module MagicLeapAudio (314)
[2020.08.09-14.12.38:417][475]LogModuleManager: Shutting down and abandoning module HTML5Networking (312)
[2020.08.09-14.12.38:417][475]LogModuleManager: Shutting down and abandoning module GeometryCollectionTracks (310)
[2020.08.09-14.12.38:417][475]LogModuleManager: Shutting down and abandoning module GeometryCollectionSequencer (309)
[2020.08.09-14.12.38:417][475]LogModuleManager: Shutting down and abandoning module GeometryCollectionExampleCore (306)
[2020.08.09-14.12.38:417][475]LogModuleManager: Shutting down and abandoning module GeometryCacheTracks (304)
[2020.08.09-14.12.38:417][475]LogModuleManager: Shutting down and abandoning module GeometryCacheSequencer (303)
[2020.08.09-14.12.38:417][475]LogModuleManager: Shutting down and abandoning module GeometryCache (300)
[2020.08.09-14.12.38:417][475]LogModuleManager: Shutting down and abandoning module GeometryCacheEd (299)
[2020.08.09-14.12.38:418][475]LogModuleManager: Shutting down and abandoning module BlastCore (296)
[2020.08.09-14.12.38:418][475]LogModuleManager: Shutting down and abandoning module BackChannel (294)
[2020.08.09-14.12.38:418][475]LogModuleManager: Shutting down and abandoning module AutomationUtils (292)
[2020.08.09-14.12.38:418][475]LogModuleManager: Shutting down and abandoning module VariantManagerContent (290)
[2020.08.09-14.12.38:418][475]LogModuleManager: Shutting down and abandoning module CryptoKeysOpenSSL (288)
[2020.08.09-14.12.38:418][475]LogModuleManager: Shutting down and abandoning module CryptoKeys (286)
[2020.08.09-14.12.38:418][475]LogModuleManager: Shutting down and abandoning module VisualStudioSourceCodeAccess (284)
[2020.08.09-14.12.38:418][475]LogModuleManager: Shutting down and abandoning module HotReload (283)
[2020.08.09-14.12.38:418][475]LogModuleManager: Shutting down and abandoning module DirectoryWatcher (282)
[2020.08.09-14.12.38:418][475]LogModuleManager: Shutting down and abandoning module VisualStudioCodeSourceCodeAccess (278)
[2020.08.09-14.12.38:418][475]LogModuleManager: Shutting down and abandoning module UObjectPlugin (276)
[2020.08.09-14.12.38:418][475]LogModuleManager: Shutting down and abandoning module SubversionSourceControl (274)
[2020.08.09-14.12.38:418][475]LogModuleManager: Shutting down and abandoning module PerforceSourceControl (272)
[2020.08.09-14.12.38:418][475]LogModuleManager: Shutting down and abandoning module SourceControl (271)
[2020.08.09-14.12.38:418][475]LogModuleManager: Shutting down and abandoning module CLionSourceCodeAccess (268)
[2020.08.09-14.12.38:418][475]LogModuleManager: Shutting down and abandoning module ActorLayerUtilities (266)
[2020.08.09-14.12.38:418][475]LogModuleManager: Shutting down and abandoning module SignificanceManager (264)
[2020.08.09-14.12.38:418][475]LogModuleManager: Shutting down and abandoning module RuntimePhysXCooking (262)
[2020.08.09-14.12.38:418][475]LogModuleManager: Shutting down and abandoning module PhysXVehiclesEditor (260)
[2020.08.09-14.12.38:418][475]LogModuleManager: Shutting down and abandoning module LocationServicesBPLibrary (256)
[2020.08.09-14.12.38:418][475]LogModuleManager: Shutting down and abandoning module ActorSequence (254)
[2020.08.09-14.12.38:418][475]LogModuleManager: Shutting down and abandoning module UdpMessaging (252)
