Log file open, 07/29/20 01:19:41
LogWindows: Failed to load 'aqProf.dll' (GetLastError=126)
LogWindows: File 'aqProf.dll' does not exist
LogWindows: Failed to load 'VtuneApi.dll' (GetLastError=126)
LogWindows: File 'VtuneApi.dll' does not exist
LogWindows: Failed to load 'VtuneApi32e.dll' (GetLastError=126)
LogWindows: File 'VtuneApi32e.dll' does not exist
LogConsoleResponse: Display: Failed to find resolution value strings in scalability ini. Falling back to default.
LogInit: Display: Running engine for game: StructureInventory
LogPlatformFile: Not using cached read wrapper
LogTaskGraph: Started task graph with 5 named threads and 23 total threads with 3 sets of task threads.
LogStats: Stats thread started at 0.077799
LogD3D11RHI: Loaded GFSDK_Aftermath_Lib.x64.dll
LogICUInternationalization: ICU TimeZone Detection - Raw Offset: +1:00, Platform Override: ''
LogPluginManager: Mounting plugin Paper2D
LogPluginManager: Mounting plugin AISupport
LogPluginManager: Mounting plugin LightPropagationVolume
LogPluginManager: Mounting plugin ActorLayerUtilities
LogPluginManager: Mounting plugin AnimationSharing
LogPluginManager: Mounting plugin CLionSourceCodeAccess
LogPluginManager: Mounting plugin CodeLiteSourceCodeAccess
LogPluginManager: Mounting plugin GitSourceControl
LogPluginManager: Mounting plugin KDevelopSourceCodeAccess
LogPluginManager: Mounting plugin NullSourceCodeAccess
LogPluginManager: Mounting plugin PerforceSourceControl
LogPluginManager: Mounting plugin SubversionSourceControl
LogPluginManager: Mounting plugin UObjectPlugin
LogPluginManager: Mounting plugin VisualStudioCodeSourceCodeAccess
LogPluginManager: Mounting plugin VisualStudioSourceCodeAccess
LogPluginManager: Mounting plugin XCodeSourceCodeAccess
LogPluginManager: Mounting plugin AssetManagerEditor
LogPluginManager: Mounting plugin CryptoKeys
LogPluginManager: Mounting plugin CurveEditorTools
LogPluginManager: Mounting plugin DataValidation
LogPluginManager: Mounting plugin EditorScriptingUtilities
LogPluginManager: Mounting plugin FacialAnimation
LogPluginManager: Mounting plugin GameplayTagsEditor
LogPluginManager: Mounting plugin GLTFImporter
LogPluginManager: Mounting plugin MacGraphicsSwitching
LogPluginManager: Mounting plugin MaterialAnalyzer
LogPluginManager: Mounting plugin MeshEditor
LogPluginManager: Mounting plugin MobileLauncherProfileWizard
LogPluginManager: Mounting plugin PluginBrowser
LogPluginManager: Mounting plugin SpeedTreeImporter
LogPluginManager: Mounting plugin DatasmithContent
LogPluginManager: Mounting plugin VariantManagerContent
LogPluginManager: Mounting plugin AlembicImporter
LogPluginManager: Mounting plugin AutomationUtils
LogPluginManager: Mounting plugin BackChannel
LogPluginManager: Mounting plugin BlastPlugin
LogPluginManager: Mounting plugin ChaosSolverPlugin
LogPluginManager: Mounting plugin CharacterAI
LogPluginManager: Mounting plugin DataPrepEditor
LogPluginManager: Mounting plugin GeometryCache
LogPluginManager: Mounting plugin GeometryCollectionPlugin
LogPluginManager: Mounting plugin HTML5Networking
LogPluginManager: Mounting plugin PlatformCrypto
LogPluginManager: Mounting plugin ProxyLODPlugin
LogPluginManager: Mounting plugin SkeletalReduction
LogPluginManager: Mounting plugin MagicLeap
LogPluginManager: Mounting plugin MagicLeapMedia
LogPluginManager: Mounting plugin AndroidMedia
LogPluginManager: Mounting plugin AvfMedia
LogPluginManager: Mounting plugin ImgMedia
LogPluginManager: Mounting plugin MediaCompositing
LogPluginManager: Mounting plugin MediaPlayerEditor
LogPluginManager: Mounting plugin WebMMedia
LogPluginManager: Mounting plugin WmfMedia
LogPluginManager: Mounting plugin TcpMessaging
LogPluginManager: Mounting plugin UdpMessaging
LogPluginManager: Mounting plugin ActorSequence
LogPluginManager: Mounting plugin LevelSequenceEditor
LogPluginManager: Mounting plugin MatineeToLevelSequence
LogPluginManager: Mounting plugin NetcodeUnitTest
LogPluginManager: Mounting plugin NUTUnrealEngine4
LogPluginManager: Mounting plugin OnlineSubsystemGooglePlay
LogPluginManager: Mounting plugin OnlineSubsystemIOS
LogPluginManager: Mounting plugin OnlineSubsystem
LogPluginManager: Mounting plugin OnlineSubsystemNull
LogPluginManager: Mounting plugin OnlineSubsystemSteam
LogPluginManager: Mounting plugin OnlineSubsystemUtils
LogPluginManager: Mounting plugin LauncherChunkInstaller
LogPluginManager: Mounting plugin AndroidDeviceProfileSelector
LogPluginManager: Mounting plugin AndroidMoviePlayer
LogPluginManager: Mounting plugin AndroidPermission
LogPluginManager: Mounting plugin AppleImageUtils
LogPluginManager: Mounting plugin AppleMoviePlayer
LogPluginManager: Mounting plugin ArchVisCharacter
LogPluginManager: Mounting plugin AudioCapture
LogPluginManager: Mounting plugin CableComponent
LogPluginManager: Mounting plugin CustomMeshComponent
LogPluginManager: Mounting plugin EditableMesh
LogPluginManager: Mounting plugin ExampleDeviceProfileSelector
LogPluginManager: Mounting plugin GoogleCloudMessaging
LogPluginManager: Mounting plugin IOSDeviceProfileSelector
LogPluginManager: Mounting plugin LinuxDeviceProfileSelector
LogPluginManager: Mounting plugin LocationServicesBPLibrary
LogPluginManager: Mounting plugin MobilePatchingUtils
LogPluginManager: Mounting plugin OculusVR
LogPluginManager: Mounting plugin PhysXVehicles
LogPluginManager: Mounting plugin ProceduralMeshComponent
LogPluginManager: Mounting plugin RuntimePhysXCooking
LogPluginManager: Mounting plugin SignificanceManager
LogPluginManager: Mounting plugin SteamVR
LogPluginManager: Mounting plugin WebMMoviePlayer
LogPluginManager: Mounting plugin WindowsMoviePlayer
LogPluginManager: Mounting plugin ScreenshotTools
LogPluginManager: Mounting plugin AdvancedSessions
LogPluginManager: Mounting plugin AdvancedSteamSessions
LogPluginManager: Mounting plugin DatasmithC4DImporter
LogPluginManager: Mounting plugin DatasmithCADImporter
LogPluginManager: Mounting plugin DatasmithFBXImporter
LogPluginManager: Mounting plugin DatasmithGLTFImporter
LogPluginManager: Mounting plugin DatasmithIFCImporter
LogPluginManager: Mounting plugin DatasmithImporter
LogPluginManager: Mounting plugin MDLImporter
LogPluginManager: Mounting plugin StaticMeshEditorExtension
LogPluginManager: Mounting plugin VariantManager
LogInit: Using libcurl 7.55.1-DEV
LogInit:  - built for x86_64-pc-win32
LogInit:  - supports SSL with OpenSSL/1.1.1
LogInit:  - supports HTTP deflate (compression) using libz 1.2.8
LogInit:  - other features:
LogInit:      CURL_VERSION_SSL
LogInit:      CURL_VERSION_LIBZ
LogInit:      CURL_VERSION_IPV6
LogInit:      CURL_VERSION_ASYNCHDNS
LogInit:      CURL_VERSION_LARGEFILE
LogInit:      CURL_VERSION_IDN
LogInit:  CurlRequestOptions (configurable via config and command line):
LogInit:  - bVerifyPeer = true  - Libcurl will verify peer certificate
LogInit:  - bUseHttpProxy = false  - Libcurl will NOT use HTTP proxy
LogInit:  - bDontReuseConnections = false  - Libcurl will reuse connections
LogInit:  - MaxHostConnections = 16  - Libcurl will limit the number of connections to a host
LogInit:  - LocalHostAddr = Default
LogInit:  - BufferSize = 65536
LogOnline: Display: STEAM: Loading Steam SDK 1.42
LogOnline: OSS: Creating online subsystem instance for: Steam
LogOnline: STEAM: Steam User is subscribed 1
LogOnline: STEAM: [AppId: 480] Client API initialized 1
LogOnline: STEAM: [AppId: 480] Game Server API initialized 1
LogOnline: STEAM: Missing P2PCleanupTimeout key in OnlineSubsystemSteam of DefaultEngine.ini, using default
LogInit: WinSock: version 1.1 (2.2), MaxSocks=32767, MaxUdp=65467
LogInit: Build: ++UE4+Release-4.23-CL-9631420
LogInit: Engine Version: 4.23.1-9631420+++UE4+Release-4.23
LogInit: Compatible Engine Version: 4.23.0-8386587+++UE4+Release-4.23
LogInit: Net CL: 8386587
LogInit: OS: Windows 10 (Release 1909) (), CPU: Intel(R) Core(TM) i7-7700K CPU @ 4.20GHz, GPU: NVIDIA GeForce GTX 1080
LogInit: Compiled (64-bit): Oct 18 2019 02:07:44
LogInit: Compiled with Visual C++: 19.16.27030.01
LogInit: Build Configuration: Development
LogInit: Branch Name: ++UE4+Release-4.23
LogInit: Command Line:  /Game/GameRelated/MyLevel -game -PIEVIACONSOLE -ResX=1280 -ResY=720 -Multiprocess -messaging -SessionName="Play in Standalone Game" -windowed
LogInit: Base Directory: D:/Program Files/Epic Games/UE_4.23/Engine/Binaries/Win64/
LogInit: Installed Engine Build: 1
LogDevObjectVersion: Number of dev versions registered: 23
LogDevObjectVersion:   Dev-Blueprints (B0D832E4-1F89-4F0D-ACCF-7EB736FD4AA2): 10
LogDevObjectVersion:   Dev-Build (E1C64328-A22C-4D53-A36C-8E866417BD8C): 0
LogDevObjectVersion:   Dev-Core (375EC13C-06E4-48FB-B500-84F0262A717E): 3
LogDevObjectVersion:   Dev-Editor (E4B068ED-F494-42E9-A231-DA0B2E46BB41): 34
LogDevObjectVersion:   Dev-Framework (CFFC743F-43B0-4480-9391-14DF171D2073): 35
LogDevObjectVersion:   Dev-Mobile (B02B49B5-BB20-44E9-A304-32B752E40360): 2
LogDevObjectVersion:   Dev-Networking (A4E4105C-59A1-49B5-A7C5-40C4547EDFEE): 0
LogDevObjectVersion:   Dev-Online (39C831C9-5AE6-47DC-9A44-9C173E1C8E7C): 0
LogDevObjectVersion:   Dev-Physics (78F01B33-EBEA-4F98-B9B4-84EACCB95AA2): 0
LogDevObjectVersion:   Dev-Platform (6631380F-2D4D-43E0-8009-CF276956A95A): 0
LogDevObjectVersion:   Dev-Rendering (12F88B9F-8875-4AFC-A67C-D90C383ABD29): 31
LogDevObjectVersion:   Dev-Sequencer (7B5AE74C-D270-4C10-A958-57980B212A5A): 11
LogDevObjectVersion:   Dev-VR (D7296918-1DD6-4BDD-9DE2-64A83CC13884): 2
LogDevObjectVersion:   Dev-LoadTimes (C2A15278-BFE7-4AFE-6C17-90FF531DF755): 1
LogDevObjectVersion:   Private-Geometry (6EACA3D4-40EC-4CC1-B786-8BED09428FC5): 3
LogDevObjectVersion:   Dev-AnimPhys (29E575DD-E0A3-4627-9D10-D276232CDCEA): 17
LogDevObjectVersion:   Dev-Anim (AF43A65D-7FD3-4947-9873-3E8ED9C1BB05): 2
LogDevObjectVersion:   Dev-ReflectionCapture (6B266CEC-1EC7-4B8F-A30B-E4D90942FC07): 1
LogDevObjectVersion:   Dev-Automation (0DF73D61-A23F-47EA-B727-89E90C41499A): 1
LogDevObjectVersion:   FortniteMain (601D1886-AC64-4F84-AA16-D3DE0DEAC7D6): 27
LogDevObjectVersion:   Dev-Enterprise (9DFFBCD6-494F-0158-E221-12823C92A888): 6
LogDevObjectVersion:   Dev-Niagara (F2AED0AC-9AFE-416F-8664-AA7FFA26D6FC): 1
LogDevObjectVersion:   Dev-Destruction (174F1F0B-B4C6-45A5-B13F-2EE8D0FB917D): 9
LogInit: Presizing for max 16777216 objects, including 0 objects not considered by GC, pre-allocating 0 bytes for permanent pool.
LogInit: Object subsystem initialized
LogConfig: Setting CVar [[con.DebugEarlyDefault:1]]
LogConfig: Setting CVar [[r.setres:1280x720]]
[2020.07.28-23.19.47:629][  0]LogConfig: Setting CVar [[con.DebugEarlyDefault:1]]
[2020.07.28-23.19.47:629][  0]LogConfig: Setting CVar [[r.setres:1280x720]]
[2020.07.28-23.19.47:629][  0]LogConfig: Applying CVar settings from Section [/Script/Engine.RendererSettings] File [D:/Down2DieInventory/StructureInventory/Saved/Config/Windows/Engine.ini]
[2020.07.28-23.19.47:629][  0]LogConfig: Setting CVar [[r.GPUCrashDebugging:0]]
[2020.07.28-23.19.47:629][  0]LogConfig: Setting CVar [[r.DefaultFeature.AutoExposure.ExtendDefaultLuminanceRange:1]]
[2020.07.28-23.19.47:629][  0]LogConfig: Applying CVar settings from Section [/Script/Engine.RendererOverrideSettings] File [D:/Down2DieInventory/StructureInventory/Saved/Config/Windows/Engine.ini]
[2020.07.28-23.19.47:629][  0]LogConfig: Applying CVar settings from Section [/Script/Engine.StreamingSettings] File [D:/Down2DieInventory/StructureInventory/Saved/Config/Windows/Engine.ini]
[2020.07.28-23.19.47:629][  0]LogConfig: Setting CVar [[s.MinBulkDataSizeForAsyncLoading:131072]]
[2020.07.28-23.19.47:629][  0]LogConfig: Setting CVar [[s.AsyncLoadingThreadEnabled:0]]
[2020.07.28-23.19.47:629][  0]LogConfig: Setting CVar [[s.EventDrivenLoaderEnabled:1]]
[2020.07.28-23.19.47:629][  0]LogConfig: Setting CVar [[s.WarnIfTimeLimitExceeded:0]]
[2020.07.28-23.19.47:629][  0]LogConfig: Setting CVar [[s.TimeLimitExceededMultiplier:1.5]]
[2020.07.28-23.19.47:629][  0]LogConfig: Setting CVar [[s.TimeLimitExceededMinTime:0.005]]
[2020.07.28-23.19.47:629][  0]LogConfig: Setting CVar [[s.UseBackgroundLevelStreaming:1]]
[2020.07.28-23.19.47:629][  0]LogConfig: Setting CVar [[s.PriorityAsyncLoadingExtraTime:15.0]]
[2020.07.28-23.19.47:629][  0]LogConfig: Setting CVar [[s.LevelStreamingActorsUpdateTimeLimit:5.0]]
[2020.07.28-23.19.47:629][  0]LogConfig: Setting CVar [[s.PriorityLevelStreamingActorsUpdateExtraTime:5.0]]
[2020.07.28-23.19.47:629][  0]LogConfig: Setting CVar [[s.LevelStreamingComponentsRegistrationGranularity:10]]
[2020.07.28-23.19.47:629][  0]LogConfig: Setting CVar [[s.UnregisterComponentsTimeLimit:1.0]]
[2020.07.28-23.19.47:629][  0]LogConfig: Setting CVar [[s.LevelStreamingComponentsUnregistrationGranularity:5]]
[2020.07.28-23.19.47:629][  0]LogConfig: Applying CVar settings from Section [/Script/Engine.GarbageCollectionSettings] File [D:/Down2DieInventory/StructureInventory/Saved/Config/Windows/Engine.ini]
[2020.07.28-23.19.47:629][  0]LogConfig: Setting CVar [[gc.MaxObjectsNotConsideredByGC:1]]
[2020.07.28-23.19.47:629][  0]LogConfig: Setting CVar [[gc.SizeOfPermanentObjectPool:0]]
[2020.07.28-23.19.47:629][  0]LogConfig: Setting CVar [[gc.FlushStreamingOnGC:0]]
[2020.07.28-23.19.47:629][  0]LogConfig: Setting CVar [[gc.NumRetriesBeforeForcingGC:10]]
[2020.07.28-23.19.47:629][  0]LogConfig: Setting CVar [[gc.AllowParallelGC:1]]
[2020.07.28-23.19.47:629][  0]LogConfig: Setting CVar [[gc.TimeBetweenPurgingPendingKillObjects:61.1]]
[2020.07.28-23.19.47:629][  0]LogConfig: Setting CVar [[gc.MaxObjectsInEditor:16777216]]
[2020.07.28-23.19.47:629][  0]LogConfig: Setting CVar [[gc.IncrementalBeginDestroyEnabled:1]]
[2020.07.28-23.19.47:629][  0]LogConfig: Setting CVar [[gc.CreateGCClusters:1]]
[2020.07.28-23.19.47:629][  0]LogConfig: Setting CVar [[gc.MinGCClusterSize:5]]
[2020.07.28-23.19.47:629][  0]LogConfig: Setting CVar [[gc.ActorClusteringEnabled:0]]
[2020.07.28-23.19.47:629][  0]LogConfig: Setting CVar [[gc.BlueprintClusteringEnabled:0]]
[2020.07.28-23.19.47:629][  0]LogConfig: Setting CVar [[gc.UseDisregardForGCOnDedicatedServers:0]]
[2020.07.28-23.19.47:629][  0]LogConfig: Applying CVar settings from Section [/Script/Engine.NetworkSettings] File [D:/Down2DieInventory/StructureInventory/Saved/Config/Windows/Engine.ini]
[2020.07.28-23.19.47:629][  0]LogConfig: Applying CVar settings from Section [/Script/UnrealEd.CookerSettings] File [D:/Down2DieInventory/StructureInventory/Saved/Config/Windows/Engine.ini]
[2020.07.28-23.19.47:633][  0]LogConfig: Applying CVar settings from Section [ViewDistanceQuality@3] File [D:/Down2DieInventory/StructureInventory/Saved/Config/Windows/Scalability.ini]
[2020.07.28-23.19.47:634][  0]LogConfig: Setting CVar [[r.SkeletalMeshLODBias:0]]
[2020.07.28-23.19.47:634][  0]LogConfig: Setting CVar [[r.ViewDistanceScale:1.0]]
[2020.07.28-23.19.47:634][  0]LogConfig: Applying CVar settings from Section [AntiAliasingQuality@3] File [D:/Down2DieInventory/StructureInventory/Saved/Config/Windows/Scalability.ini]
[2020.07.28-23.19.47:634][  0]LogConfig: Setting CVar [[r.PostProcessAAQuality:4]]
[2020.07.28-23.19.47:634][  0]LogConfig: Applying CVar settings from Section [ShadowQuality@3] File [D:/Down2DieInventory/StructureInventory/Saved/Config/Windows/Scalability.ini]
[2020.07.28-23.19.47:634][  0]LogConfig: Setting CVar [[r.LightFunctionQuality:1]]
[2020.07.28-23.19.47:634][  0]LogConfig: Setting CVar [[r.ShadowQuality:5]]
[2020.07.28-23.19.47:634][  0]LogConfig: Setting CVar [[r.Shadow.CSM.MaxCascades:10]]
[2020.07.28-23.19.47:634][  0]LogConfig: Setting CVar [[r.Shadow.MaxResolution:2048]]
[2020.07.28-23.19.47:634][  0]LogConfig: Setting CVar [[r.Shadow.MaxCSMResolution:2048]]
[2020.07.28-23.19.47:634][  0]LogConfig: Setting CVar [[r.Shadow.RadiusThreshold:0.01]]
[2020.07.28-23.19.47:634][  0]LogConfig: Setting CVar [[r.Shadow.DistanceScale:1.0]]
[2020.07.28-23.19.47:634][  0]LogConfig: Setting CVar [[r.Shadow.CSM.TransitionScale:1.0]]
[2020.07.28-23.19.47:634][  0]LogConfig: Setting CVar [[r.Shadow.PreShadowResolutionFactor:1.0]]
[2020.07.28-23.19.47:634][  0]LogConfig: Setting CVar [[r.DistanceFieldShadowing:1]]
[2020.07.28-23.19.47:634][  0]LogConfig: Setting CVar [[r.DistanceFieldAO:1]]
[2020.07.28-23.19.47:634][  0]LogConfig: Setting CVar [[r.AOQuality:2]]
[2020.07.28-23.19.47:634][  0]LogConfig: Setting CVar [[r.VolumetricFog:1]]
[2020.07.28-23.19.47:634][  0]LogConfig: Setting CVar [[r.VolumetricFog.GridPixelSize:8]]
[2020.07.28-23.19.47:634][  0]LogConfig: Setting CVar [[r.VolumetricFog.GridSizeZ:128]]
[2020.07.28-23.19.47:634][  0]LogConfig: Setting CVar [[r.VolumetricFog.HistoryMissSupersampleCount:4]]
[2020.07.28-23.19.47:634][  0]LogConfig: Setting CVar [[r.LightMaxDrawDistanceScale:1]]
[2020.07.28-23.19.47:634][  0]LogConfig: Setting CVar [[r.CapsuleShadows:1]]
[2020.07.28-23.19.47:634][  0]LogConfig: Applying CVar settings from Section [PostProcessQuality@3] File [D:/Down2DieInventory/StructureInventory/Saved/Config/Windows/Scalability.ini]
[2020.07.28-23.19.47:634][  0]LogConfig: Setting CVar [[r.MotionBlurQuality:4]]
[2020.07.28-23.19.47:634][  0]LogConfig: Setting CVar [[r.AmbientOcclusionMipLevelFactor:0.4]]
[2020.07.28-23.19.47:634][  0]LogConfig: Setting CVar [[r.AmbientOcclusionMaxQuality:100]]
[2020.07.28-23.19.47:634][  0]LogConfig: Setting CVar [[r.AmbientOcclusionLevels:-1]]
[2020.07.28-23.19.47:634][  0]LogConfig: Setting CVar [[r.AmbientOcclusionRadiusScale:1.0]]
[2020.07.28-23.19.47:634][  0]LogConfig: Setting CVar [[r.DepthOfFieldQuality:2]]
[2020.07.28-23.19.47:634][  0]LogConfig: Setting CVar [[r.RenderTargetPoolMin:400]]
[2020.07.28-23.19.47:634][  0]LogConfig: Setting CVar [[r.LensFlareQuality:2]]
[2020.07.28-23.19.47:634][  0]LogConfig: Setting CVar [[r.SceneColorFringeQuality:1]]
[2020.07.28-23.19.47:634][  0]LogConfig: Setting CVar [[r.EyeAdaptationQuality:2]]
[2020.07.28-23.19.47:634][  0]LogConfig: Setting CVar [[r.BloomQuality:5]]
[2020.07.28-23.19.47:634][  0]LogConfig: Setting CVar [[r.FastBlurThreshold:100]]
[2020.07.28-23.19.47:634][  0]LogConfig: Setting CVar [[r.Upscale.Quality:3]]
[2020.07.28-23.19.47:634][  0]LogConfig: Setting CVar [[r.Tonemapper.GrainQuantization:1]]
[2020.07.28-23.19.47:634][  0]LogConfig: Setting CVar [[r.LightShaftQuality:1]]
[2020.07.28-23.19.47:634][  0]LogConfig: Setting CVar [[r.Filter.SizeScale:1]]
[2020.07.28-23.19.47:634][  0]LogConfig: Setting CVar [[r.Tonemapper.Quality:5]]
[2020.07.28-23.19.47:634][  0]LogConfig: Setting CVar [[r.DOF.Gather.AccumulatorQuality:1        ; higher gathering accumulator quality]]
[2020.07.28-23.19.47:634][  0]LogConfig: Setting CVar [[r.DOF.Gather.PostfilterMethod:1          ; Median3x3 postfilering method]]
[2020.07.28-23.19.47:634][  0]LogConfig: Setting CVar [[r.DOF.Gather.EnableBokehSettings:0       ; no bokeh simulation when gathering]]
[2020.07.28-23.19.47:634][  0]LogConfig: Setting CVar [[r.DOF.Gather.RingCount:4                 ; medium number of samples when gathering]]
[2020.07.28-23.19.47:634][  0]LogConfig: Setting CVar [[r.DOF.Scatter.ForegroundCompositing:1    ; additive foreground scattering]]
[2020.07.28-23.19.47:634][  0]LogConfig: Setting CVar [[r.DOF.Scatter.BackgroundCompositing:2    ; additive background scattering]]
[2020.07.28-23.19.47:634][  0]LogConfig: Setting CVar [[r.DOF.Scatter.EnableBokehSettings:1      ; bokeh simulation when scattering]]
[2020.07.28-23.19.47:634][  0]LogConfig: Setting CVar [[r.DOF.Scatter.MaxSpriteRatio:0.1         ; only a maximum of 10% of scattered bokeh]]
[2020.07.28-23.19.47:634][  0]LogConfig: Setting CVar [[r.DOF.Recombine.Quality:1                ; cheap slight out of focus]]
[2020.07.28-23.19.47:634][  0]LogConfig: Setting CVar [[r.DOF.Recombine.EnableBokehSettings:0    ; no bokeh simulation on slight out of focus]]
[2020.07.28-23.19.47:634][  0]LogConfig: Setting CVar [[r.DOF.TemporalAAQuality:1                ; more stable temporal accumulation]]
[2020.07.28-23.19.47:634][  0]LogConfig: Setting CVar [[r.DOF.Kernel.MaxForegroundRadius:0.025]]
[2020.07.28-23.19.47:634][  0]LogConfig: Setting CVar [[r.DOF.Kernel.MaxBackgroundRadius:0.025]]
[2020.07.28-23.19.47:634][  0]LogConfig: Applying CVar settings from Section [TextureQuality@3] File [D:/Down2DieInventory/StructureInventory/Saved/Config/Windows/Scalability.ini]
[2020.07.28-23.19.47:634][  0]LogConfig: Setting CVar [[r.Streaming.MipBias:0]]
[2020.07.28-23.19.47:634][  0]LogConfig: Setting CVar [[r.Streaming.AmortizeCPUToGPUCopy:0]]
[2020.07.28-23.19.47:634][  0]LogConfig: Setting CVar [[r.Streaming.MaxNumTexturesToStreamPerFrame:0]]
[2020.07.28-23.19.47:634][  0]LogConfig: Setting CVar [[r.Streaming.Boost:1]]
[2020.07.28-23.19.47:634][  0]LogConfig: Setting CVar [[r.MaxAnisotropy:8]]
[2020.07.28-23.19.47:634][  0]LogConfig: Setting CVar [[r.Streaming.LimitPoolSizeToVRAM:0]]
[2020.07.28-23.19.47:634][  0]LogConfig: Setting CVar [[r.Streaming.PoolSize:1000]]
[2020.07.28-23.19.47:634][  0]LogConfig: Setting CVar [[r.Streaming.MaxEffectiveScreenSize:0]]
[2020.07.28-23.19.47:634][  0]LogConfig: Applying CVar settings from Section [EffectsQuality@3] File [D:/Down2DieInventory/StructureInventory/Saved/Config/Windows/Scalability.ini]
[2020.07.28-23.19.47:634][  0]LogConfig: Setting CVar [[r.TranslucencyLightingVolumeDim:64]]
[2020.07.28-23.19.47:634][  0]LogConfig: Setting CVar [[r.RefractionQuality:2]]
[2020.07.28-23.19.47:634][  0]LogConfig: Setting CVar [[r.SSR.Quality:3]]
[2020.07.28-23.19.47:634][  0]LogConfig: Setting CVar [[r.SceneColorFormat:4]]
[2020.07.28-23.19.47:634][  0]LogConfig: Setting CVar [[r.DetailMode:2]]
[2020.07.28-23.19.47:634][  0]LogConfig: Setting CVar [[r.TranslucencyVolumeBlur:1]]
[2020.07.28-23.19.47:634][  0]LogConfig: Setting CVar [[r.MaterialQualityLevel:1 ; High quality]]
[2020.07.28-23.19.47:635][  0]LogConfig: Setting CVar [[r.SSS.Scale:1]]
[2020.07.28-23.19.47:635][  0]LogConfig: Setting CVar [[r.SSS.SampleSet:2]]
[2020.07.28-23.19.47:635][  0]LogConfig: Setting CVar [[r.SSS.Quality:1]]
[2020.07.28-23.19.47:635][  0]LogConfig: Setting CVar [[r.SSS.HalfRes:1]]
[2020.07.28-23.19.47:635][  0]LogConfig: Setting CVar [[r.EmitterSpawnRateScale:1.0]]
[2020.07.28-23.19.47:635][  0]LogConfig: Setting CVar [[r.ParticleLightQuality:2]]
[2020.07.28-23.19.47:635][  0]LogConfig: Applying CVar settings from Section [FoliageQuality@3] File [D:/Down2DieInventory/StructureInventory/Saved/Config/Windows/Scalability.ini]
[2020.07.28-23.19.47:635][  0]LogConfig: Setting CVar [[foliage.DensityScale:1.0]]
[2020.07.28-23.19.47:635][  0]LogConfig: Setting CVar [[grass.DensityScale:1.0]]
[2020.07.28-23.19.47:635][  0]LogInit: Selected Device Profile: [Windows]
[2020.07.28-23.19.47:635][  0]LogInit: Applying CVar settings loaded from the selected device profile: [Windows]
[2020.07.28-23.19.47:649][  0]LogHAL: Display: Platform has ~ 16 GB [17106059264 / 17179869184 / 16], which maps to Larger [LargestMinGB=32, LargerMinGB=12, DefaultMinGB=8, SmallerMinGB=6, SmallestMinGB=0)
[2020.07.28-23.19.47:649][  0]LogInit: Going up to parent DeviceProfile []
[2020.07.28-23.19.47:649][  0]LogConfig: Applying CVar settings from Section [ViewDistanceQuality@3] File [D:/Down2DieInventory/StructureInventory/Saved/Config/Windows/Scalability.ini]
[2020.07.28-23.19.47:649][  0]LogConfig: Setting CVar [[r.SkeletalMeshLODBias:0]]
[2020.07.28-23.19.47:649][  0]LogConfig: Setting CVar [[r.ViewDistanceScale:1.0]]
[2020.07.28-23.19.47:649][  0]LogConfig: Applying CVar settings from Section [AntiAliasingQuality@3] File [D:/Down2DieInventory/StructureInventory/Saved/Config/Windows/Scalability.ini]
[2020.07.28-23.19.47:649][  0]LogConfig: Setting CVar [[r.PostProcessAAQuality:4]]
[2020.07.28-23.19.47:649][  0]LogConfig: Applying CVar settings from Section [ShadowQuality@3] File [D:/Down2DieInventory/StructureInventory/Saved/Config/Windows/Scalability.ini]
[2020.07.28-23.19.47:649][  0]LogConfig: Setting CVar [[r.LightFunctionQuality:1]]
[2020.07.28-23.19.47:649][  0]LogConfig: Setting CVar [[r.ShadowQuality:5]]
[2020.07.28-23.19.47:649][  0]LogConfig: Setting CVar [[r.Shadow.CSM.MaxCascades:10]]
[2020.07.28-23.19.47:649][  0]LogConfig: Setting CVar [[r.Shadow.MaxResolution:2048]]
[2020.07.28-23.19.47:649][  0]LogConfig: Setting CVar [[r.Shadow.MaxCSMResolution:2048]]
[2020.07.28-23.19.47:649][  0]LogConfig: Setting CVar [[r.Shadow.RadiusThreshold:0.01]]
[2020.07.28-23.19.47:649][  0]LogConfig: Setting CVar [[r.Shadow.DistanceScale:1.0]]
[2020.07.28-23.19.47:649][  0]LogConfig: Setting CVar [[r.Shadow.CSM.TransitionScale:1.0]]
[2020.07.28-23.19.47:649][  0]LogConfig: Setting CVar [[r.Shadow.PreShadowResolutionFactor:1.0]]
[2020.07.28-23.19.47:649][  0]LogConfig: Setting CVar [[r.DistanceFieldShadowing:1]]
[2020.07.28-23.19.47:649][  0]LogConfig: Setting CVar [[r.DistanceFieldAO:1]]
[2020.07.28-23.19.47:649][  0]LogConfig: Setting CVar [[r.AOQuality:2]]
[2020.07.28-23.19.47:649][  0]LogConfig: Setting CVar [[r.VolumetricFog:1]]
[2020.07.28-23.19.47:649][  0]LogConfig: Setting CVar [[r.VolumetricFog.GridPixelSize:8]]
[2020.07.28-23.19.47:649][  0]LogConfig: Setting CVar [[r.VolumetricFog.GridSizeZ:128]]
[2020.07.28-23.19.47:649][  0]LogConfig: Setting CVar [[r.VolumetricFog.HistoryMissSupersampleCount:4]]
[2020.07.28-23.19.47:649][  0]LogConfig: Setting CVar [[r.LightMaxDrawDistanceScale:1]]
[2020.07.28-23.19.47:649][  0]LogConfig: Setting CVar [[r.CapsuleShadows:1]]
[2020.07.28-23.19.47:649][  0]LogConfig: Applying CVar settings from Section [PostProcessQuality@3] File [D:/Down2DieInventory/StructureInventory/Saved/Config/Windows/Scalability.ini]
[2020.07.28-23.19.47:649][  0]LogConfig: Setting CVar [[r.MotionBlurQuality:4]]
[2020.07.28-23.19.47:649][  0]LogConfig: Setting CVar [[r.AmbientOcclusionMipLevelFactor:0.4]]
[2020.07.28-23.19.47:649][  0]LogConfig: Setting CVar [[r.AmbientOcclusionMaxQuality:100]]
[2020.07.28-23.19.47:649][  0]LogConfig: Setting CVar [[r.AmbientOcclusionLevels:-1]]
[2020.07.28-23.19.47:649][  0]LogConfig: Setting CVar [[r.AmbientOcclusionRadiusScale:1.0]]
[2020.07.28-23.19.47:649][  0]LogConfig: Setting CVar [[r.DepthOfFieldQuality:2]]
[2020.07.28-23.19.47:649][  0]LogConfig: Setting CVar [[r.RenderTargetPoolMin:400]]
[2020.07.28-23.19.47:649][  0]LogConfig: Setting CVar [[r.LensFlareQuality:2]]
[2020.07.28-23.19.47:649][  0]LogConfig: Setting CVar [[r.SceneColorFringeQuality:1]]
[2020.07.28-23.19.47:649][  0]LogConfig: Setting CVar [[r.EyeAdaptationQuality:2]]
[2020.07.28-23.19.47:649][  0]LogConfig: Setting CVar [[r.BloomQuality:5]]
[2020.07.28-23.19.47:649][  0]LogConfig: Setting CVar [[r.FastBlurThreshold:100]]
[2020.07.28-23.19.47:649][  0]LogConfig: Setting CVar [[r.Upscale.Quality:3]]
[2020.07.28-23.19.47:649][  0]LogConfig: Setting CVar [[r.Tonemapper.GrainQuantization:1]]
[2020.07.28-23.19.47:649][  0]LogConfig: Setting CVar [[r.LightShaftQuality:1]]
[2020.07.28-23.19.47:649][  0]LogConfig: Setting CVar [[r.Filter.SizeScale:1]]
[2020.07.28-23.19.47:649][  0]LogConfig: Setting CVar [[r.Tonemapper.Quality:5]]
[2020.07.28-23.19.47:649][  0]LogConfig: Setting CVar [[r.DOF.Gather.AccumulatorQuality:1        ; higher gathering accumulator quality]]
[2020.07.28-23.19.47:649][  0]LogConfig: Setting CVar [[r.DOF.Gather.PostfilterMethod:1          ; Median3x3 postfilering method]]
[2020.07.28-23.19.47:649][  0]LogConfig: Setting CVar [[r.DOF.Gather.EnableBokehSettings:0       ; no bokeh simulation when gathering]]
[2020.07.28-23.19.47:649][  0]LogConfig: Setting CVar [[r.DOF.Gather.RingCount:4                 ; medium number of samples when gathering]]
[2020.07.28-23.19.47:650][  0]LogConfig: Setting CVar [[r.DOF.Scatter.ForegroundCompositing:1    ; additive foreground scattering]]
[2020.07.28-23.19.47:650][  0]LogConfig: Setting CVar [[r.DOF.Scatter.BackgroundCompositing:2    ; additive background scattering]]
[2020.07.28-23.19.47:650][  0]LogConfig: Setting CVar [[r.DOF.Scatter.EnableBokehSettings:1      ; bokeh simulation when scattering]]
[2020.07.28-23.19.47:650][  0]LogConfig: Setting CVar [[r.DOF.Scatter.MaxSpriteRatio:0.1         ; only a maximum of 10% of scattered bokeh]]
[2020.07.28-23.19.47:650][  0]LogConfig: Setting CVar [[r.DOF.Recombine.Quality:1                ; cheap slight out of focus]]
[2020.07.28-23.19.47:650][  0]LogConfig: Setting CVar [[r.DOF.Recombine.EnableBokehSettings:0    ; no bokeh simulation on slight out of focus]]
[2020.07.28-23.19.47:650][  0]LogConfig: Setting CVar [[r.DOF.TemporalAAQuality:1                ; more stable temporal accumulation]]
[2020.07.28-23.19.47:650][  0]LogConfig: Setting CVar [[r.DOF.Kernel.MaxForegroundRadius:0.025]]
[2020.07.28-23.19.47:650][  0]LogConfig: Setting CVar [[r.DOF.Kernel.MaxBackgroundRadius:0.025]]
[2020.07.28-23.19.47:650][  0]LogConfig: Applying CVar settings from Section [TextureQuality@3] File [D:/Down2DieInventory/StructureInventory/Saved/Config/Windows/Scalability.ini]
[2020.07.28-23.19.47:650][  0]LogConfig: Setting CVar [[r.Streaming.MipBias:0]]
[2020.07.28-23.19.47:650][  0]LogConfig: Setting CVar [[r.Streaming.AmortizeCPUToGPUCopy:0]]
[2020.07.28-23.19.47:650][  0]LogConfig: Setting CVar [[r.Streaming.MaxNumTexturesToStreamPerFrame:0]]
[2020.07.28-23.19.47:650][  0]LogConfig: Setting CVar [[r.Streaming.Boost:1]]
[2020.07.28-23.19.47:650][  0]LogConfig: Setting CVar [[r.MaxAnisotropy:8]]
[2020.07.28-23.19.47:650][  0]LogConfig: Setting CVar [[r.Streaming.LimitPoolSizeToVRAM:0]]
[2020.07.28-23.19.47:650][  0]LogConfig: Setting CVar [[r.Streaming.PoolSize:1000]]
[2020.07.28-23.19.47:650][  0]LogConfig: Setting CVar [[r.Streaming.MaxEffectiveScreenSize:0]]
[2020.07.28-23.19.47:650][  0]LogConfig: Applying CVar settings from Section [EffectsQuality@3] File [D:/Down2DieInventory/StructureInventory/Saved/Config/Windows/Scalability.ini]
[2020.07.28-23.19.47:650][  0]LogConfig: Setting CVar [[r.TranslucencyLightingVolumeDim:64]]
[2020.07.28-23.19.47:650][  0]LogConfig: Setting CVar [[r.RefractionQuality:2]]
[2020.07.28-23.19.47:650][  0]LogConfig: Setting CVar [[r.SSR.Quality:3]]
[2020.07.28-23.19.47:650][  0]LogConfig: Setting CVar [[r.SceneColorFormat:4]]
[2020.07.28-23.19.47:650][  0]LogConfig: Setting CVar [[r.DetailMode:2]]
[2020.07.28-23.19.47:650][  0]LogConfig: Setting CVar [[r.TranslucencyVolumeBlur:1]]
[2020.07.28-23.19.47:650][  0]LogConfig: Setting CVar [[r.MaterialQualityLevel:1 ; High quality]]
[2020.07.28-23.19.47:650][  0]LogConfig: Setting CVar [[r.SSS.Scale:1]]
[2020.07.28-23.19.47:650][  0]LogConfig: Setting CVar [[r.SSS.SampleSet:2]]
[2020.07.28-23.19.47:650][  0]LogConfig: Setting CVar [[r.SSS.Quality:1]]
[2020.07.28-23.19.47:650][  0]LogConfig: Setting CVar [[r.SSS.HalfRes:1]]
[2020.07.28-23.19.47:650][  0]LogConfig: Setting CVar [[r.EmitterSpawnRateScale:1.0]]
[2020.07.28-23.19.47:650][  0]LogConfig: Setting CVar [[r.ParticleLightQuality:2]]
[2020.07.28-23.19.47:650][  0]LogConfig: Applying CVar settings from Section [FoliageQuality@3] File [D:/Down2DieInventory/StructureInventory/Saved/Config/Windows/Scalability.ini]
[2020.07.28-23.19.47:650][  0]LogConfig: Setting CVar [[foliage.DensityScale:1.0]]
[2020.07.28-23.19.47:650][  0]LogConfig: Setting CVar [[grass.DensityScale:1.0]]
[2020.07.28-23.19.47:650][  0]LogConfig: Applying CVar settings from Section [Startup] File [../../../Engine/Config/ConsoleVariables.ini]
[2020.07.28-23.19.47:657][  0]LogConfig: Setting CVar [[net.UseAdaptiveNetUpdateFrequency:0]]
[2020.07.28-23.19.47:657][  0]LogConfig: Setting CVar [[p.chaos.AllowCreatePhysxBodies:1]]
[2020.07.28-23.19.47:657][  0]LogConfig: Applying CVar settings from Section [ConsoleVariables] File [D:/Down2DieInventory/StructureInventory/Saved/Config/Windows/Engine.ini]
[2020.07.28-23.19.47:657][  0]LogInit: Computer: JOEYCOMPUTER
[2020.07.28-23.19.47:657][  0]LogInit: User: joeym
[2020.07.28-23.19.47:657][  0]LogInit: CPU Page size=4096, Cores=4
[2020.07.28-23.19.47:657][  0]LogInit: High frequency timer resolution =10.000000 MHz
[2020.07.28-23.19.47:657][  0]LogMemory: Memory total: Physical=15.9GB (16GB approx)
[2020.07.28-23.19.47:657][  0]LogMemory: Platform Memory Stats for Windows
[2020.07.28-23.19.47:657][  0]LogMemory: Process Physical Memory: 142.78 MB used, 142.79 MB peak
[2020.07.28-23.19.47:657][  0]LogMemory: Process Virtual Memory: 118.59 MB used, 118.59 MB peak
[2020.07.28-23.19.47:657][  0]LogMemory: Physical Memory: 10524.38 MB used,  5789.23 MB free, 16313.61 MB total
[2020.07.28-23.19.47:657][  0]LogMemory: Virtual Memory: 4818.35 MB used,  134212912.00 MB free, 134217728.00 MB total
[2020.07.28-23.19.47:666][  0]LogWindows: WindowsPlatformFeatures enabled
[2020.07.28-23.19.48:048][  0]LogInit: Using OS detected language (nl-NL).
[2020.07.28-23.19.48:048][  0]LogInit: Using OS detected locale (nl-NL).
[2020.07.28-23.19.48:048][  0]LogTextLocalizationManager: No localization for 'nl-NL' exists, so 'en' will be used for the language.
[2020.07.28-23.19.48:049][  0]LogTextLocalizationManager: No localization for 'nl-NL' exists, so 'en' will be used for the locale.
[2020.07.28-23.19.54:426][  0]LogSlate: New Slate User Created.  User Index 0, Is Virtual User: 0
[2020.07.28-23.19.54:426][  0]LogSlate: Slate User Registered.  User Index 0, Is Virtual User: 0
[2020.07.28-23.19.54:438][  0]LogHMD: Failed to initialize OpenVR with code 110
[2020.07.28-23.19.54:438][  0]LogD3D11RHI: D3D11 adapters:
[2020.07.28-23.19.54:704][  0]LogD3D11RHI:    0. 'NVIDIA GeForce GTX 1080' (Feature Level 11_0)
[2020.07.28-23.19.54:704][  0]LogD3D11RHI:       8079/0/8156 MB DedicatedVideo/DedicatedSystem/SharedSystem, Outputs:2, VendorId:0x10de
[2020.07.28-23.19.54:712][  0]LogD3D11RHI:    1. 'Microsoft Basic Render Driver' (Feature Level 11_0)
[2020.07.28-23.19.54:712][  0]LogD3D11RHI:       0/0/8156 MB DedicatedVideo/DedicatedSystem/SharedSystem, Outputs:0, VendorId:0x1414
[2020.07.28-23.19.54:712][  0]LogD3D11RHI: Chosen D3D11 Adapter: 0
[2020.07.28-23.19.54:724][  0]LogD3D11RHI: Creating new Direct3DDevice
[2020.07.28-23.19.54:725][  0]LogD3D11RHI:     GPU DeviceId: 0x1b80 (for the marketing name, search the web for "GPU Device Id")
[2020.07.28-23.19.54:725][  0]LogWindows: EnumDisplayDevices:
[2020.07.28-23.19.54:725][  0]LogWindows:    0. 'NVIDIA GeForce GTX 1080' (P:1 D:1)
[2020.07.28-23.19.54:726][  0]LogWindows:    1. 'NVIDIA GeForce GTX 1080' (P:0 D:1)
[2020.07.28-23.19.54:726][  0]LogWindows:    2. 'NVIDIA GeForce GTX 1080' (P:0 D:0)
[2020.07.28-23.19.54:727][  0]LogWindows:    3. 'NVIDIA GeForce GTX 1080' (P:0 D:0)
[2020.07.28-23.19.54:727][  0]LogWindows: DebugString: FoundDriverCount:4 
[2020.07.28-23.19.54:727][  0]LogD3D11RHI:     Adapter Name: NVIDIA GeForce GTX 1080
[2020.07.28-23.19.54:727][  0]LogD3D11RHI:   Driver Version: 446.14 (internal:26.21.14.4614, unified:446.14)
[2020.07.28-23.19.54:727][  0]LogD3D11RHI:      Driver Date: 5-15-2020
[2020.07.28-23.19.54:727][  0]LogRHI: Texture pool is 5655 MB (70% of 8079 MB)
[2020.07.28-23.19.54:796][  0]LogD3D11RHI: Async texture creation enabled
[2020.07.28-23.19.54:815][  0]LogD3D11RHI: GPU Timing Frequency: 1000.000000 (Debug: 2 2)
[2020.07.28-23.19.56:586][  0]LogTemp: Display: Module 'WindowsClientTargetPlatform' loaded TargetPlatform 'WindowsClient'
[2020.07.28-23.19.57:141][  0]LogTemp: Display: Module 'WindowsNoEditorTargetPlatform' loaded TargetPlatform 'WindowsNoEditor'
[2020.07.28-23.19.57:207][  0]LogTemp: Display: Module 'WindowsServerTargetPlatform' loaded TargetPlatform 'WindowsServer'
[2020.07.28-23.19.57:276][  0]LogTemp: Display: Module 'WindowsTargetPlatform' loaded TargetPlatform 'Windows'
[2020.07.28-23.19.57:276][  0]LogTargetPlatformManager: Display: Building Assets For Windows
[2020.07.28-23.19.57:494][  0]LogAudioDebug: Display: Lib vorbis DLL was dynamically loaded.
[2020.07.28-23.19.58:631][  0]LogShaderCompilers: Guid format shader working directory is -8 characters bigger than the processId version (../../../../../../Down2DieInventory/StructureInventory/Intermediate/Shaders/WorkingDirectory/6980/).
[2020.07.28-23.19.58:631][  0]LogShaderCompilers: Cleaned the shader compiler working directory 'C:/Users/joeym/AppData/Local/Temp/UnrealShaderWorkingDir/E819B09E40524BB2BA9368BE41D20B46/'.
[2020.07.28-23.19.58:669][  0]LogXGEController: Cannot use XGE Controller as Incredibuild is not installed on this machine.
[2020.07.28-23.19.58:669][  0]LogShaderCompilers: Cannot use XGE Shader Compiler as Incredibuild is not installed on this machine.
[2020.07.28-23.19.58:669][  0]LogShaderCompilers: Display: Using Local Shader Compiler.
[2020.07.28-23.20.06:364][  0]LogDerivedDataCache: Display: Max Cache Size: 512 MB
[2020.07.28-23.20.06:466][  0]LogDerivedDataCache: Loaded boot cache 0.10s 74MB C:/Users/joeym/AppData/Local/UnrealEngine/4.23/DerivedDataCache/Boot.ddc.
[2020.07.28-23.20.06:466][  0]LogDerivedDataCache: Display: Loaded Boot cache: C:/Users/joeym/AppData/Local/UnrealEngine/4.23/DerivedDataCache/Boot.ddc
[2020.07.28-23.20.06:466][  0]LogDerivedDataCache: FDerivedDataBackendGraph:  Pak pak cache file ../../../../../../Down2DieInventory/StructureInventory/DerivedDataCache/DDC.ddp not found, will not use a pak cache.
[2020.07.28-23.20.06:466][  0]LogDerivedDataCache: Unable to find inner node Pak for hierarchical cache Hierarchy.
[2020.07.28-23.20.06:467][  0]LogDerivedDataCache: FDerivedDataBackendGraph:  CompressedPak pak cache file ../../../../../../Down2DieInventory/StructureInventory/DerivedDataCache/Compressed.ddp not found, will not use a pak cache.
[2020.07.28-23.20.06:467][  0]LogDerivedDataCache: Unable to find inner node CompressedPak for hierarchical cache Hierarchy.
[2020.07.28-23.20.06:852][  0]LogDerivedDataCache: Display: Pak cache opened for reading ../../../Engine/DerivedDataCache/Compressed.ddp.
[2020.07.28-23.20.06:853][  0]LogDerivedDataCache: Display: Pak cache opened for reading ../../../Enterprise/DerivedDataCache/Compressed.ddp.
[2020.07.28-23.20.06:854][  0]LogDerivedDataCache: Using Local data cache path C:/Users/joeym/AppData/Local/UnrealEngine/Common/DerivedDataCache: Writable
[2020.07.28-23.20.06:854][  0]LogDerivedDataCache: Shared data cache path not found in *engine.ini, will not use an Shared cache.
[2020.07.28-23.20.06:854][  0]LogDerivedDataCache: Unable to find inner node Shared for hierarchical cache Hierarchy.
[2020.07.28-23.20.06:882][  0]LogMaterial: Verifying Global Shaders for PCD3D_SM5
[2020.07.28-23.20.06:948][  0]LogSlate: Using FreeType 2.6.0
[2020.07.28-23.20.06:965][  0]LogSlate: SlateFontServices - WITH_FREETYPE: 1, WITH_HARFBUZZ: 1
[2020.07.28-23.20.09:010][  0]LogInit: Using OS detected language (nl-NL).
[2020.07.28-23.20.09:010][  0]LogInit: Using OS detected locale (nl-NL).
[2020.07.28-23.20.09:010][  0]LogTextLocalizationManager: No localization for 'nl-NL' exists, so 'en' will be used for the language.
[2020.07.28-23.20.09:010][  0]LogTextLocalizationManager: No localization for 'nl-NL' exists, so 'en' will be used for the locale.
[2020.07.28-23.20.09:011][  0]LogTextLocalizationManager: Compacting localization data took   0.00ms
[2020.07.28-23.20.09:049][  0]LogAssetRegistry: FAssetRegistry took 0.0027 seconds to start up
[2020.07.28-23.20.09:317][  0]LogPackageLocalizationCache: Processed 18 localized package path(s) for 1 prioritized culture(s) in 0.000971 seconds
[2020.07.28-23.20.09:621][  0]LogInit: Selected Device Profile: [Windows]
[2020.07.28-23.20.10:571][  0]LogMeshReduction: Using QuadricMeshReduction for automatic static mesh reduction
[2020.07.28-23.20.10:571][  0]LogMeshReduction: Using SimplygonMeshReduction for automatic skeletal mesh reduction
[2020.07.28-23.20.10:571][  0]LogMeshReduction: Using ProxyLODMeshReduction for automatic mesh merging
[2020.07.28-23.20.10:571][  0]LogMeshReduction: No distributed automatic mesh merging module available
[2020.07.28-23.20.10:571][  0]LogMeshMerging: No distributed automatic mesh merging module available
[2020.07.28-23.20.10:615][  0]LogNetVersion: StructureInventory 1.0.0, NetCL: 8386587, EngineNetVer: 11, GameNetVer: 0 (Checksum: 2032503810)
[2020.07.28-23.20.16:180][  0]LogMoviePlayer: Initializing movie player
[2020.07.28-23.20.16:585][  0]LogTcpMessaging: Initializing TcpMessaging bridge
[2020.07.28-23.20.16:599][  0]LogUdpMessaging: Initializing bridge on interface 0.0.0.0:0 to multicast group 230.0.0.1:6666.
[2020.07.28-23.20.17:071][  0]SourceControl: Source control is disabled
[2020.07.28-23.20.17:071][  0]SourceControl: Source control is disabled
[2020.07.28-23.20.17:350][  0]SourceControl: Source control is disabled
[2020.07.28-23.20.17:958][  0]LogAndroidPermission: UAndroidPermissionCallbackProxy::GetInstance
[2020.07.28-23.20.18:634][  0]LogOcInput: OculusInput pre-init called
[2020.07.28-23.20.18:658][  0]LogUObjectArray: 49554 objects as part of root set at end of initial load.
[2020.07.28-23.20.18:658][  0]LogUObjectAllocator: 8737800 out of 0 bytes used by permanent object pool.
[2020.07.28-23.20.18:658][  0]LogUObjectArray: CloseDisregardForGC: 0/0 objects in disregard for GC pool
[2020.07.28-23.20.18:762][  0]LogEngine: Initializing Engine...
[2020.07.28-23.20.18:763][  0]LogHMD: Failed to initialize OpenVR with code 110
[2020.07.28-23.20.18:765][  0]LogStats: UGameplayTagsManager::InitializeManager -  0.000 s
[2020.07.28-23.20.18:904][  0]LogInit: Initializing FReadOnlyCVARCache
[2020.07.28-23.20.18:941][  0]LogInit: XAudio2 using 'Hoofdtelefoon (3- Arctis 7 Game)' : 2 channels at 48 kHz using 16 bits per sample (channel mask 0x3)
[2020.07.28-23.20.18:974][  0]LogInit: FAudioDevice initialized.
[2020.07.28-23.20.18:974][  0]LogNetVersion: Set ProjectVersion to 1.0.0.0. Version Checksum will be recalculated on next use.
[2020.07.28-23.20.18:983][  0]LogInit: Texture streaming: Enabled
[2020.07.28-23.20.19:528][  0]AdvancedFriendsInterfaceLog: Warning: UAdvancedFriendsInstance Failed to get voice interface!
[2020.07.28-23.20.19:588][  0]LogSlate: Updating window title bar state: overlay mode, drag disabled, window buttons hidden, title bar hidden
[2020.07.28-23.20.19:618][  0]LogInit: Display: Game Engine Initialized.
[2020.07.28-23.20.20:014][  0]LogInit: Display: Starting Game.
[2020.07.28-23.20.20:053][  0]LogNet: Browse: /Game/GameRelated/MyLevel?Name=Player
[2020.07.28-23.20.20:059][  0]LogLoad: LoadMap: /Game/GameRelated/MyLevel?Name=Player
[2020.07.28-23.20.20:059][  0]LogWorld: BeginTearingDown for /Temp/Untitled_0
[2020.07.28-23.20.20:240][  0]LogWorld: UWorld::CleanupWorld for Untitled, bSessionEnded=true, bCleanupResources=true
[2020.07.28-23.20.20:262][  0]LogUObjectHash: Compacting FUObjectHashTables data took   1.26ms
[2020.07.28-23.20.21:441][  0]LogAIModule: Creating AISystem for world MyLevel
[2020.07.28-23.20.21:448][  0]LogLoad: Game class is 'MyGamemode_C'
[2020.07.28-23.20.21:471][  0]LogWorld: Bringing World /Game/GameRelated/MyLevel.MyLevel up for play (max tick rate 0) at 2020.07.29-01.20.21
[2020.07.28-23.20.21:530][  0]LogWorld: Bringing up level for play took: 0.081084
[2020.07.28-23.20.21:876][  0]LogLoad: Took 1.817174 seconds to LoadMap(/Game/GameRelated/MyLevel)
[2020.07.28-23.20.22:051][  0]LogRenderer: Reallocating scene render targets to support 1280x720 Format 10 NumSamples 1 (Frame:1).
[2020.07.28-23.20.22:051][  0]LogLoad: (Engine Initialization) Total time: 56.34 seconds
[2020.07.28-23.20.22:051][  0]LogLoad: (Engine Initialization) Total Blueprint compile time: 0.00 seconds
[2020.07.28-23.20.22:395][  0]LogRenderer: Reallocating scene render targets to support 128x128 Format 10 NumSamples 1 (Frame:1).
[2020.07.28-23.20.22:395][  0]LogContentStreaming: Texture pool size now 1000 MB
[2020.07.28-23.20.22:457][  1]LogRenderer: Reallocating scene render targets to support 1280x720 Format 10 NumSamples 1 (Frame:2).
[2020.07.28-23.20.31:158][527]LogBlueprintUserMessages: [MyPlayer_C_0] START
[2020.07.28-23.20.31:264][527]LogSlate: Took 0.012525 seconds to synchronously load lazily loaded font '../../../Engine/Content/Slate/Fonts/Roboto-Regular.ttf' (155K)
[2020.07.28-23.20.31:746][558]LogOnlineSession: STEAM: Found 1 lobbies, finalizing the search
[2020.07.28-23.20.31:746][558]LogOnlineSession: STEAM: Search result 0: LobbyId=Lobby[0x18600000B257248], LobbyId.IsValid()=true, CSteamID(LobbyId).IsLobby()=true
[2020.07.28-23.20.31:748][558]LogScript: Script Msg: Found a session. Ping is 9999
[2020.07.28-23.20.34:237][712]LogOnlineSession: Warning: STEAM: Failed to respond IP:195.24.142.186
[2020.07.28-23.20.34:562][732]LogOnlineSession: OSS: Join session: traveling to steam.76561198369494285:7777
[2020.07.28-23.20.34:562][732]LogBlueprintUserMessages: [MyPlayer_C_0] Joined the session!
[2020.07.28-23.20.34:576][732]LogNet: Browse: steam.76561198369494285//Game/GameRelated/MyLevel
[2020.07.28-23.20.34:597][732]LogTemp: Display: ParseSettings for GameNetDriver
[2020.07.28-23.20.34:601][732]LogTemp: Display: ParseSettings for IpNetDriver_0
[2020.07.28-23.20.34:601][732]LogTemp: Display: ParseSettings for PendingNetDriver
[2020.07.28-23.20.34:602][732]LogInit: SteamSockets: Socket queue. Rx: 32768 (config 32768) Tx: 32768 (config 32768)
[2020.07.28-23.20.34:602][732]LogSockets: Warning: Tried to bind address with protocol Steam to a socket with protocol IPv4
[2020.07.28-23.20.34:602][732]LogNet: Warning: Failed to init net driver ConnectURL: steam.76561198369494285//Game/GameRelated/MyLevel: SteamSockets: binding to port 0 failed (0)
[2020.07.28-23.20.34:602][732]LogNet: Warning: error initializing the network stack
[2020.07.28-23.20.34:602][732]LogNet: DestroyNamedNetDriver IpNetDriver_0 [PendingNetDriver]
[2020.07.28-23.20.34:603][732]LogExit: PendingNetDriver IpNetDriver_0 shut down
[2020.07.28-23.20.34:603][732]LogNet: Warning: Travel Failure: [PendingNetGameCreateFailure]: SteamSockets: binding to port 0 failed (0)
[2020.07.28-23.20.34:603][732]LogNet: TravelFailure: PendingNetGameCreateFailure, Reason for Failure: 'SteamSockets: binding to port 0 failed (0)'
[2020.07.28-23.20.34:605][732]LogNet: Warning: Travel Failure: [ClientTravelFailure]: 
[2020.07.28-23.20.34:606][732]LogNet: TravelFailure: ClientTravelFailure, Reason for Failure: ''
[2020.07.28-23.20.34:607][733]LogNet: Browse: /Game/GameRelated/MyLevel?closed
[2020.07.28-23.20.34:607][733]LogNet: Connection failed; returning to Entry
[2020.07.28-23.20.34:607][733]LogLoad: LoadMap: /Game/GameRelated/MyLevel?closed
[2020.07.28-23.20.34:607][733]LogWorld: BeginTearingDown for /Game/GameRelated/MyLevel
[2020.07.28-23.20.34:617][733]LogWorld: UWorld::CleanupWorld for MyLevel, bSessionEnded=true, bCleanupResources=true
[2020.07.28-23.20.34:929][733]LogUObjectHash: Compacting FUObjectHashTables data took   1.76ms
[2020.07.28-23.20.35:494][733]LogAIModule: Creating AISystem for world MyLevel
[2020.07.28-23.20.35:495][733]LogLoad: Game class is 'MyGamemode_C'
[2020.07.28-23.20.35:498][733]LogWorld: Bringing World /Game/GameRelated/MyLevel.MyLevel up for play (max tick rate 0) at 2020.07.29-01.20.35
[2020.07.28-23.20.35:498][733]LogWorld: Bringing up level for play took: 0.002720
[2020.07.28-23.20.35:523][733]LogLoad: Took 0.916805 seconds to LoadMap(/Game/GameRelated/MyLevel)
[2020.07.28-23.20.35:548][733]LogUObjectHash: Compacting FUObjectHashTables data took   1.98ms
[2020.07.28-23.20.43:890][247]LogScript: Warning: Script Msg: Attempted to access index 0 from array 'CallFunc_GetOverlappingActors_OverlappingActors' of length 0 in '/Game/MyPlayer/MyPlayer.MyPlayer_C:ExecuteUbergraph_MyPlayer'!
[2020.07.28-23.20.45:204][329]LogScript: Warning: Script Msg: Attempted to access index 0 from array 'CallFunc_GetOverlappingActors_OverlappingActors' of length 0 in '/Game/MyPlayer/MyPlayer.MyPlayer_C:ExecuteUbergraph_MyPlayer'!
[2020.07.28-23.20.45:575][352]LogScript: Warning: Script Msg: Attempted to access index 0 from array 'CallFunc_GetOverlappingActors_OverlappingActors' of length 0 in '/Game/MyPlayer/MyPlayer.MyPlayer_C:ExecuteUbergraph_MyPlayer'!
[2020.07.28-23.20.45:753][363]LogScript: Warning: Script Msg: Attempted to access index 0 from array 'CallFunc_GetOverlappingActors_OverlappingActors' of length 0 in '/Game/MyPlayer/MyPlayer.MyPlayer_C:ExecuteUbergraph_MyPlayer'!
[2020.07.28-23.20.45:931][374]LogScript: Warning: Script Msg: Attempted to access index 0 from array 'CallFunc_GetOverlappingActors_OverlappingActors' of length 0 in '/Game/MyPlayer/MyPlayer.MyPlayer_C:ExecuteUbergraph_MyPlayer'!
[2020.07.28-23.20.46:107][385]LogScript: Warning: Script Msg: Attempted to access index 0 from array 'CallFunc_GetOverlappingActors_OverlappingActors' of length 0 in '/Game/MyPlayer/MyPlayer.MyPlayer_C:ExecuteUbergraph_MyPlayer'!
[2020.07.28-23.20.46:268][395]LogScript: Warning: Script Msg: Attempted to access index 0 from array 'CallFunc_GetOverlappingActors_OverlappingActors' of length 0 in '/Game/MyPlayer/MyPlayer.MyPlayer_C:ExecuteUbergraph_MyPlayer'!
[2020.07.28-23.20.46:478][408]LogScript: Warning: Script Msg: Attempted to access index 0 from array 'CallFunc_GetOverlappingActors_OverlappingActors' of length 0 in '/Game/MyPlayer/MyPlayer.MyPlayer_C:ExecuteUbergraph_MyPlayer'!
[2020.07.28-23.20.46:881][433]LogScript: Warning: Script Msg: Attempted to access index 0 from array 'CallFunc_GetOverlappingActors_OverlappingActors' of length 0 in '/Game/MyPlayer/MyPlayer.MyPlayer_C:ExecuteUbergraph_MyPlayer'!
[2020.07.28-23.20.47:091][446]LogScript: Warning: Script Msg: Attempted to access index 0 from array 'CallFunc_GetOverlappingActors_OverlappingActors' of length 0 in '/Game/MyPlayer/MyPlayer.MyPlayer_C:ExecuteUbergraph_MyPlayer'!
[2020.07.28-23.20.55:994][990]LogSlate: Window 'StructureInventory (64-bit Development PCD3D_SM5) ' being destroyed
[2020.07.28-23.20.56:000][990]LogWindowsTextInputMethodSystem: Display: IME system now deactivated.
[2020.07.28-23.20.56:004][990]LogSlate: Updating window title bar state: overlay mode, drag disabled, window buttons hidden, title bar hidden
[2020.07.28-23.20.56:005][990]LogEngine: All Windows Closed
[2020.07.28-23.20.56:005][990]LogWindows: FPlatformMisc::RequestExit(0)
[2020.07.28-23.20.56:073][991]LogWorld: BeginTearingDown for /Game/GameRelated/MyLevel
[2020.07.28-23.20.56:083][991]AdvancedFriendsInterfaceLog: Warning: UAdvancedFriendsInstance Failed to get voice interface!
[2020.07.28-23.20.56:083][991]LogWorld: UWorld::CleanupWorld for MyLevel, bSessionEnded=true, bCleanupResources=true
[2020.07.28-23.20.56:905][991]LogExit: Preparing to exit.
[2020.07.28-23.20.56:912][991]LogMoviePlayer: Shutting down movie player
[2020.07.28-23.20.57:923][991]LogSlate: Updating window title bar state: overlay mode, drag disabled, window buttons hidden, title bar hidden
[2020.07.28-23.20.57:956][991]LogDemo: Cleaned up 0 splitscreen connections with owner deletion
[2020.07.28-23.20.57:999][991]LogExit: Game engine shut down
[2020.07.28-23.20.59:285][991]LogExit: Object subsystem successfully closed.
[2020.07.28-23.20.59:480][991]LogShaderCompilers: Display: Shaders left to compile 0
[2020.07.28-23.21.00:068][991]LogModuleManager: Shutting down and abandoning module SequenceRecorderSections (422)
[2020.07.28-23.21.00:078][991]LogModuleManager: Shutting down and abandoning module SequenceRecorder (420)
[2020.07.28-23.21.00:079][991]LogModuleManager: Shutting down and abandoning module AutomationController (418)
[2020.07.28-23.21.00:083][991]LogModuleManager: Shutting down and abandoning module AutomationWorker (416)
[2020.07.28-23.21.00:083][991]LogModuleManager: Shutting down and abandoning module AIModule (414)
[2020.07.28-23.21.00:096][991]LogModuleManager: Shutting down and abandoning module GameplayDebugger (413)
[2020.07.28-23.21.00:142][991]LogModuleManager: Shutting down and abandoning module AITestSuite (411)
[2020.07.28-23.21.00:142][991]LogModuleManager: Shutting down and abandoning module NavigationSystem (409)
[2020.07.28-23.21.00:142][991]LogModuleManager: Shutting down and abandoning module OculusMR (406)
[2020.07.28-23.21.00:142][991]LogModuleManager: Shutting down and abandoning module WmfMediaFactory (404)
[2020.07.28-23.21.00:143][991]LogModuleManager: Shutting down and abandoning module WebMMediaFactory (402)
[2020.07.28-23.21.00:143][991]LogModuleManager: Shutting down and abandoning module WebMMedia (400)
[2020.07.28-23.21.00:147][991]LogModuleManager: Shutting down and abandoning module OpenExrWrapper (398)
[2020.07.28-23.21.00:147][991]LogModuleManager: Shutting down and abandoning module ImgMediaFactory (396)
[2020.07.28-23.21.00:147][991]LogModuleManager: Shutting down and abandoning module AvfMediaFactory (394)
[2020.07.28-23.21.00:147][991]LogModuleManager: Shutting down and abandoning module MagicLeapCameraPreviewFactory (392)
[2020.07.28-23.21.00:147][991]LogModuleManager: Shutting down and abandoning module MagicLeapMediaCodecFactory (390)
[2020.07.28-23.21.00:147][991]LogModuleManager: Shutting down and abandoning module MagicLeapMediaFactory (388)
[2020.07.28-23.21.00:147][991]LogModuleManager: Shutting down and abandoning module CharacterAI (386)
[2020.07.28-23.21.00:147][991]LogModuleManager: Shutting down and abandoning module SessionServices (384)
[2020.07.28-23.21.00:147][991]LogModuleManager: Shutting down and abandoning module MovieSceneCapture (382)
[2020.07.28-23.21.00:158][991]LogModuleManager: Shutting down and abandoning module Voice (380)
[2020.07.28-23.21.00:165][991]LogModuleManager: Shutting down and abandoning module LiveCoding (378)
[2020.07.28-23.21.00:187][991]LogModuleManager: Shutting down and abandoning module LevelSequence (376)
[2020.07.28-23.21.00:187][991]LogModuleManager: Shutting down and abandoning module MovieSceneTracks (374)
[2020.07.28-23.21.00:187][991]LogModuleManager: Shutting down and abandoning module MovieScene (372)
[2020.07.28-23.21.00:187][991]LogModuleManager: Shutting down and abandoning module StreamingPauseRendering (370)
[2020.07.28-23.21.00:194][991]LogModuleManager: Shutting down and abandoning module PortalServices (368)
[2020.07.28-23.21.00:194][991]LogModuleManager: Shutting down and abandoning module PortalRpc (366)
[2020.07.28-23.21.00:194][991]LogModuleManager: Shutting down and abandoning module MessagingRpc (364)
[2020.07.28-23.21.00:194][991]LogModuleManager: Shutting down and abandoning module ImageWriteQueue (362)
[2020.07.28-23.21.00:196][991]LogModuleManager: Shutting down and abandoning module ProfilerService (360)
[2020.07.28-23.21.00:281][991]LogModuleManager: Shutting down and abandoning module TaskGraph (358)
[2020.07.28-23.21.00:303][991]LogModuleManager: Shutting down and abandoning module SteamVRController (356)
[2020.07.28-23.21.00:303][991]LogModuleManager: Shutting down and abandoning module ProceduralMeshComponent (354)
[2020.07.28-23.21.00:311][991]LogModuleManager: Shutting down and abandoning module OculusInput (352)
[2020.07.28-23.21.00:311][991]LogModuleManager: Shutting down and abandoning module MobilePatchingUtils (350)
[2020.07.28-23.21.00:311][991]LogModuleManager: Shutting down and abandoning module EditableMesh (348)
[2020.07.28-23.21.00:320][991]LogModuleManager: Shutting down and abandoning module CustomMeshComponent (346)
[2020.07.28-23.21.00:320][991]LogModuleManager: Shutting down and abandoning module CableComponent (344)
[2020.07.28-23.21.00:320][991]LogModuleManager: Shutting down and abandoning module AudioCapture (342)
[2020.07.28-23.21.00:320][991]LogModuleManager: Shutting down and abandoning module ArchVisCharacter (340)
[2020.07.28-23.21.00:320][991]LogModuleManager: Shutting down and abandoning module AppleImageUtilsBlueprintSupport (338)
[2020.07.28-23.21.00:320][991]LogModuleManager: Shutting down and abandoning module AppleImageUtils (336)
[2020.07.28-23.21.00:320][991]LogModuleManager: Shutting down and abandoning module AndroidPermission (334)
[2020.07.28-23.21.00:320][991]LogModuleManager: Shutting down and abandoning module NUTUnrealEngine4 (330)
[2020.07.28-23.21.00:327][991]LogModuleManager: Shutting down and abandoning module NetcodeUnitTest (328)
[2020.07.28-23.21.00:339][991]LogModuleManager: Shutting down and abandoning module MediaCompositing (326)
[2020.07.28-23.21.00:339][991]LogModuleManager: Shutting down and abandoning module ImgMedia (324)
[2020.07.28-23.21.00:386][991]LogModuleManager: Shutting down and abandoning module MagicLeapHelperVulkan (322)
[2020.07.28-23.21.00:386][991]LogModuleManager: Shutting down and abandoning module MagicLeapHelperOpenGL (320)
[2020.07.28-23.21.00:386][991]LogModuleManager: Shutting down and abandoning module MagicLeapAudio (318)
[2020.07.28-23.21.00:396][991]LogModuleManager: Shutting down and abandoning module HTML5Networking (316)
[2020.07.28-23.21.00:396][991]LogModuleManager: Shutting down and abandoning module GeometryCollectionTracks (314)
[2020.07.28-23.21.00:396][991]LogModuleManager: Shutting down and abandoning module GeometryCollectionSequencer (313)
[2020.07.28-23.21.00:405][991]LogModuleManager: Shutting down and abandoning module GeometryCollectionExampleCore (310)
[2020.07.28-23.21.00:412][991]LogModuleManager: Shutting down and abandoning module GeometryCacheTracks (308)
[2020.07.28-23.21.00:412][991]LogModuleManager: Shutting down and abandoning module GeometryCacheSequencer (307)
[2020.07.28-23.21.00:413][991]LogModuleManager: Shutting down and abandoning module GeometryCache (304)
[2020.07.28-23.21.00:413][991]LogModuleManager: Shutting down and abandoning module GeometryCacheEd (303)
[2020.07.28-23.21.00:413][991]LogModuleManager: Shutting down and abandoning module BlastCore (300)
[2020.07.28-23.21.00:413][991]LogModuleManager: Shutting down and abandoning module BackChannel (298)
[2020.07.28-23.21.00:422][991]LogModuleManager: Shutting down and abandoning module AutomationUtils (296)
[2020.07.28-23.21.00:422][991]LogModuleManager: Shutting down and abandoning module VariantManagerContent (294)
[2020.07.28-23.21.00:422][991]LogModuleManager: Shutting down and abandoning module CryptoKeysOpenSSL (292)
[2020.07.28-23.21.00:422][991]LogModuleManager: Shutting down and abandoning module CryptoKeys (290)
[2020.07.28-23.21.00:422][991]LogModuleManager: Shutting down and abandoning module VisualStudioSourceCodeAccess (288)
[2020.07.28-23.21.00:428][991]LogModuleManager: Shutting down and abandoning module HotReload (287)
[2020.07.28-23.21.00:437][991]LogModuleManager: Shutting down and abandoning module DirectoryWatcher (286)
[2020.07.28-23.21.00:437][991]LogModuleManager: Shutting down and abandoning module VisualStudioCodeSourceCodeAccess (282)
[2020.07.28-23.21.00:437][991]LogModuleManager: Shutting down and abandoning module UObjectPlugin (280)
[2020.07.28-23.21.00:437][991]LogModuleManager: Shutting down and abandoning module SubversionSourceControl (278)
[2020.07.28-23.21.00:454][991]LogModuleManager: Shutting down and abandoning module PerforceSourceControl (276)
[2020.07.28-23.21.00:468][991]LogModuleManager: Shutting down and abandoning module SourceControl (275)
[2020.07.28-23.21.00:468][991]LogModuleManager: Shutting down and abandoning module CLionSourceCodeAccess (272)
[2020.07.28-23.21.00:468][991]LogModuleManager: Shutting down and abandoning module ActorLayerUtilities (270)
[2020.07.28-23.21.00:468][991]LogModuleManager: Shutting down and abandoning module AdvancedSteamSessions (268)
[2020.07.28-23.21.00:468][991]LogModuleManager: Shutting down and abandoning module AdvancedSessions (266)
[2020.07.28-23.21.00:468][991]LogModuleManager: Shutting down and abandoning module SignificanceManager (264)
[2020.07.28-23.21.00:468][991]LogModuleManager: Shutting down and abandoning module RuntimePhysXCooking (262)
[2020.07.28-23.21.00:468][991]LogModuleManager: Shutting down and abandoning module PhysXVehiclesEditor (260)
[2020.07.28-23.21.00:468][991]LogModuleManager: Shutting down and abandoning module LocationServicesBPLibrary (256)
[2020.07.28-23.21.00:468][991]LogModuleManager: Shutting down and abandoning module ActorSequence (254)
[2020.07.28-23.21.00:468][991]LogModuleManager: Shutting down and abandoning module UdpMessaging (252)
[2020.07.28-23.21.00:569][991]LogModuleManager: Shutting down and abandoning module TcpMessaging (250)
[2020.07.28-23.21.00:689][991]LogModuleManager: Shutting down and abandoning module MagicLeapIdentity (248)
[2020.07.28-23.21.00:689][991]LogModuleManager: Shutting down and abandoning module MagicLeapSecureStorage (246)
[2020.07.28-23.21.00:689][991]LogModuleManager: Shutting down and abandoning module MagicLeapHandTracking (244)
[2020.07.28-23.21.00:699][991]LogModuleManager: Shutting down and abandoning module MagicLeapEyeTracker (242)
[2020.07.28-23.21.00:699][991]LogModuleManager: Shutting down and abandoning module MagicLeapController (240)
[2020.07.28-23.21.00:699][991]LogSlate: Slate User Destroyed.  User Index 0, Is Virtual User: 0
[2020.07.28-23.21.00:699][991]LogModuleManager: Shutting down and abandoning module MagicLeapAR (238)
[2020.07.28-23.21.00:699][991]LogModuleManager: Shutting down and abandoning module AugmentedReality (237)
[2020.07.28-23.21.00:699][991]LogModuleManager: Shutting down and abandoning module GameplayTagsEditor (234)
[2020.07.28-23.21.00:711][991]LogModuleManager: Shutting down and abandoning module FacialAnimation (232)
[2020.07.28-23.21.00:711][991]LogModuleManager: Shutting down and abandoning module AssetManagerEditor (230)
[2020.07.28-23.21.00:725][991]LogModuleManager: Shutting down and abandoning module TreeMap (229)
[2020.07.28-23.21.00:729][991]LogModuleManager: Shutting down and abandoning module AnimationSharing (226)
[2020.07.28-23.21.00:729][991]LogModuleManager: Shutting down and abandoning module LightPropagationVolumeRuntime (224)
[2020.07.28-23.21.00:729][991]LogModuleManager: Shutting down and abandoning module Paper2D (222)
[2020.07.28-23.21.00:740][991]LogModuleManager: Shutting down and abandoning module WindowsMoviePlayer (220)
[2020.07.28-23.21.00:745][991]LogModuleManager: Shutting down and abandoning module WebMMoviePlayer (218)
[2020.07.28-23.21.00:751][991]LogModuleManager: Shutting down and abandoning module NetworkReplayStreaming (216)
[2020.07.28-23.21.00:751][991]LogModuleManager: Shutting down and abandoning module PacketHandler (214)
[2020.07.28-23.21.00:751][991]LogModuleManager: Shutting down and abandoning module ClothingSystemEditor (212)
[2020.07.28-23.21.00:751][991]LogModuleManager: Shutting down and abandoning module ClothingSystemRuntime (210)
[2020.07.28-23.21.00:770][991]LogModuleManager: Shutting down and abandoning module MediaAssets (208)
[2020.07.28-23.21.00:770][991]LogModuleManager: Shutting down and abandoning module Overlay (206)
[2020.07.28-23.21.00:770][991]LogModuleManager: Shutting down and abandoning module OverlayEditor (205)
[2020.07.28-23.21.00:771][991]LogModuleManager: Shutting down and abandoning module VREditor (202)
[2020.07.28-23.21.00:791][991]LogModuleManager: Shutting down and abandoning module StringTableEditor (200)
[2020.07.28-23.21.00:808][991]LogModuleManager: Shutting down and abandoning module GameplayTasksEditor (198)
[2020.07.28-23.21.00:808][991]LogModuleManager: Shutting down and abandoning module BehaviorTreeEditor (196)
[2020.07.28-23.21.00:863][991]LogModuleManager: Shutting down and abandoning module FunctionalTesting (194)
[2020.07.28-23.21.00:880][991]LogModuleManager: Shutting down and abandoning module CollisionAnalyzer (192)
[2020.07.28-23.21.00:887][991]LogModuleManager: Shutting down and abandoning module WorkspaceMenuStructure (191)
[2020.07.28-23.21.00:887][991]LogModuleManager: Shutting down and abandoning module UMG (188)
[2020.07.28-23.21.00:894][991]LogModuleManager: Shutting down and abandoning module UMGEditor (187)
[2020.07.28-23.21.00:910][991]LogModuleManager: Shutting down and abandoning module Sequencer (186)
[2020.07.28-23.21.00:935][991]LogModuleManager: Shutting down and abandoning module MessageLog (183)
[2020.07.28-23.21.00:935][991]LogModuleManager: Shutting down and abandoning module SlateReflector (178)
[2020.07.28-23.21.00:950][991]LogModuleManager: Shutting down and abandoning module Slate (176)
[2020.07.28-23.21.00:950][991]LogModuleManager: Shutting down and abandoning module LandscapeEditorUtilities (174)
[2020.07.28-23.21.00:950][991]LogModuleManager: Shutting down and abandoning module EditorStyle (172)
[2020.07.28-23.21.00:951][991]LogModuleManager: Shutting down and abandoning module UnrealEd (170)
[2020.07.28-23.21.00:951][991]LogModuleManager: Shutting down and abandoning module MRMesh (168)
[2020.07.28-23.21.00:951][991]LogModuleManager: Shutting down and abandoning module Messaging (166)
[2020.07.28-23.21.00:951][991]LogModuleManager: Shutting down and abandoning module SourceCodeAccess (164)
[2020.07.28-23.21.00:951][991]LogModuleManager: Shutting down and abandoning module HeadMountedDisplay (162)
[2020.07.28-23.21.00:951][991]LogModuleManager: Shutting down and abandoning module XAudio2 (160)
[2020.07.28-23.21.00:951][991]LogModuleManager: Shutting down and abandoning module Networking (158)
[2020.07.28-23.21.00:951][991]LogModuleManager: Shutting down and abandoning module Core (156)
[2020.07.28-23.21.00:951][991]LogModuleManager: Shutting down and abandoning module KismetCompiler (154)
[2020.07.28-23.21.00:951][991]LogModuleManager: Shutting down and abandoning module MeshUtilities (152)
[2020.07.28-23.21.00:951][991]LogModuleManager: Shutting down and abandoning module MeshMergeUtilities (151)
[2020.07.28-23.21.00:960][991]LogModuleManager: Shutting down and abandoning module MeshReductionInterface (150)
[2020.07.28-23.21.00:960][991]LogModuleManager: Shutting down and abandoning module SkeletalMeshReduction (149)
[2020.07.28-23.21.00:977][991]LogModuleManager: Shutting down and abandoning module ProxyLODMeshReduction (147)
[2020.07.28-23.21.00:991][991]LogModuleManager: Shutting down and abandoning module QuadricMeshReduction (145)
[2020.07.28-23.21.00:999][991]LogModuleManager: Shutting down and abandoning module MaterialBaking (141)
[2020.07.28-23.21.01:009][991]LogModuleManager: Shutting down and abandoning module NullInstallBundleManager (136)
[2020.07.28-23.21.01:009][991]LogModuleManager: Shutting down and abandoning module PIEPreviewDeviceProfileSelector (134)
[2020.07.28-23.21.01:023][991]LogModuleManager: Shutting down and abandoning module DerivedDataCache (132)
[2020.07.28-23.21.01:418][991]LogDerivedDataCache: Shutdown
[2020.07.28-23.21.01:418][991]LogModuleManager: Shutting down and abandoning module XGEController (130)
[2020.07.28-23.21.01:454][991]LogModuleManager: Shutting down and abandoning module TargetPlatform (128)
[2020.07.28-23.21.01:459][991]LogModuleManager: Shutting down and abandoning module VulkanShaderFormat (127)
[2020.07.28-23.21.01:468][991]LogModuleManager: Shutting down and abandoning module ShaderFormatVectorVM (125)
[2020.07.28-23.21.01:475][991]LogModuleManager: Shutting down and abandoning module ShaderFormatOpenGL (123)
[2020.07.28-23.21.01:479][991]LogModuleManager: Shutting down and abandoning module ShaderFormatD3D (121)
[2020.07.28-23.21.01:490][991]LogModuleManager: Shutting down and abandoning module MetalShaderFormat (119)
[2020.07.28-23.21.01:510][991]LogModuleManager: Shutting down and abandoning module TextureFormatUncompressed (117)
[2020.07.28-23.21.01:510][991]LogModuleManager: Shutting down and abandoning module TextureFormatPVR (115)
[2020.07.28-23.21.01:510][991]LogModuleManager: Shutting down and abandoning module TextureFormatDXT (113)
[2020.07.28-23.21.01:521][991]LogModuleManager: Shutting down and abandoning module TextureFormatIntelISPCTexComp (111)
[2020.07.28-23.21.01:527][991]LogModuleManager: Shutting down and abandoning module TextureFormatASTC (109)
[2020.07.28-23.21.01:527][991]LogModuleManager: Shutting down and abandoning module ImageWrapper (108)
[2020.07.28-23.21.01:527][991]LogModuleManager: Shutting down and abandoning module TextureFormatAndroid (105)
[2020.07.28-23.21.01:527][991]LogModuleManager: Shutting down and abandoning module AudioFormatOpus (103)
[2020.07.28-23.21.01:537][991]LogModuleManager: Shutting down and abandoning module AudioFormatOgg (101)
[2020.07.28-23.21.01:537][991]LogModuleManager: Shutting down and abandoning module AudioFormatADPCM (99)
[2020.07.28-23.21.01:537][991]LogModuleManager: Shutting down and abandoning module WindowsTargetPlatform (97)
[2020.07.28-23.21.01:537][991]LogModuleManager: Shutting down and abandoning module WindowsServerTargetPlatform (95)
[2020.07.28-23.21.01:537][991]LogModuleManager: Shutting down and abandoning module WindowsNoEditorTargetPlatform (93)
[2020.07.28-23.21.01:537][991]LogModuleManager: Shutting down and abandoning module WindowsClientTargetPlatform (91)
[2020.07.28-23.21.01:537][991]LogModuleManager: Shutting down and abandoning module InputCore (88)
[2020.07.28-23.21.01:537][991]LogModuleManager: Shutting down and abandoning module Settings (86)
[2020.07.28-23.21.01:537][991]LogModuleManager: Shutting down and abandoning module PhysXCooking (84)
[2020.07.28-23.21.01:537][991]LogModuleManager: Shutting down and abandoning module WindowsPlatformFeatures (82)
[2020.07.28-23.21.01:537][991]LogModuleManager: Shutting down and abandoning module GameplayMediaEncoder (81)
[2020.07.28-23.21.01:591][991]LogModuleManager: Shutting down and abandoning module SteamVR (78)
[2020.07.28-23.21.01:598][991]LogHMD: Freeing OpenVRDLLHandle.
[2020.07.28-23.21.01:598][991]LogModuleManager: Shutting down and abandoning module OculusHMD (76)
[2020.07.28-23.21.01:611][991]LogModuleManager: Shutting down and abandoning module ExampleDeviceProfileSelector (74)
[2020.07.28-23.21.01:611][991]LogModuleManager: Shutting down and abandoning module LauncherChunkInstaller (72)
[2020.07.28-23.21.01:611][991]LogModuleManager: Shutting down and abandoning module OnlineBlueprintSupport (70)
[2020.07.28-23.21.01:611][991]LogModuleManager: Shutting down and abandoning module OnlineSubsystem (66)
[2020.07.28-23.21.01:611][991]LogOnline: Display: STEAM: OnlineSubsystemSteam::Shutdown()
[2020.07.28-23.21.01:634][991]LogOnline: STEAM: AUTH: Revoking all tickets.
[2020.07.28-23.21.01:723][991]LogOnline: Display: STEAM: OnlineSubsystemSteam::Shutdown()
[2020.07.28-23.21.01:743][991]LogModuleManager: Shutting down and abandoning module XMPP (61)
[2020.07.28-23.21.01:764][991]LogModuleManager: Shutting down and abandoning module WebSockets (60)
[2020.07.28-23.21.01:849][991]LogModuleManager: Shutting down and abandoning module HTTP (57)
[2020.07.28-23.21.01:881][991]LogModuleManager: Shutting down and abandoning module SSL (56)
[2020.07.28-23.21.01:882][991]LogModuleManager: Shutting down and abandoning module WmfMedia (52)
[2020.07.28-23.21.01:897][991]LogModuleManager: Shutting down and abandoning module Media (51)
[2020.07.28-23.21.01:898][991]LogModuleManager: Shutting down and abandoning module MagicLeap (48)
[2020.07.28-23.21.01:907][991]LogModuleManager: Shutting down and abandoning module DatasmithContent (46)
[2020.07.28-23.21.01:908][991]LogModuleManager: Shutting down and abandoning module AISupportModule (44)
[2020.07.28-23.21.01:908][991]LogModuleManager: Shutting down and abandoning module PlatformCryptoOpenSSL (42)
[2020.07.28-23.21.01:921][991]LogModuleManager: Shutting down and abandoning module PlatformCrypto (40)
[2020.07.28-23.21.01:921][991]LogModuleManager: Shutting down and abandoning module AnimationModifiers (38)
[2020.07.28-23.21.01:935][991]LogModuleManager: Shutting down and abandoning module PropertyEditor (37)
[2020.07.28-23.21.01:935][991]LogModuleManager: Shutting down and abandoning module AudioEditor (34)
[2020.07.28-23.21.01:966][991]LogModuleManager: Shutting down and abandoning module TextureCompressor (32)
[2020.07.28-23.21.01:973][991]LogModuleManager: Shutting down and abandoning module RenderCore (30)
[2020.07.28-23.21.01:973][991]LogModuleManager: Shutting down and abandoning module Landscape (28)
[2020.07.28-23.21.01:973][991]LogModuleManager: Shutting down and abandoning module SlateRHIRenderer (26)
[2020.07.28-23.21.01:997][991]LogModuleManager: Shutting down and abandoning module OpenGLDrv (24)
[2020.07.28-23.21.02:013][991]LogModuleManager: Shutting down and abandoning module D3D11RHI (22)
[2020.07.28-23.21.02:013][991]LogModuleManager: Shutting down and abandoning module AnimGraphRuntime (20)
[2020.07.28-23.21.02:024][991]LogModuleManager: Shutting down and abandoning module Renderer (18)
[2020.07.28-23.21.02:024][991]LogModuleManager: Shutting down and abandoning module Engine (16)
[2020.07.28-23.21.02:024][991]LogModuleManager: Shutting down and abandoning module CoreUObject (14)
[2020.07.28-23.21.02:025][991]LogModuleManager: Shutting down and abandoning module NetworkFile (12)
[2020.07.28-23.21.02:068][991]LogModuleManager: Shutting down and abandoning module CookedIterativeFile (10)
[2020.07.28-23.21.02:068][991]LogModuleManager: Shutting down and abandoning module StreamingFile (8)
[2020.07.28-23.21.02:078][991]LogModuleManager: Shutting down and abandoning module SandboxFile (6)
[2020.07.28-23.21.02:078][991]LogModuleManager: Shutting down and abandoning module PakFile (4)
[2020.07.28-23.21.02:088][991]LogModuleManager: Shutting down and abandoning module RSA (3)
[2020.07.28-23.21.02:093][991]LogD3D11RHI: Shutdown
[2020.07.28-23.21.02:106][991]LogD3D11RHI: CleanupD3DDevice
[2020.07.28-23.21.02:143][991]LogRendererCore: FGlobalDynamicReadBuffer::Cleanup()
[2020.07.28-23.21.02:147][991]LogRendererCore: FGlobalDynamicReadBuffer::Cleanup()
[2020.07.28-23.21.02:148][991]LogRendererCore: FGlobalDynamicReadBuffer::Cleanup()
[2020.07.28-23.21.02:193][991]LogD3D11RHI: ~FD3D11DynamicRHI
[2020.07.28-23.21.02:214][991]LogExit: Exiting.
[2020.07.28-23.21.02:228][991]Log file closed, 07/29/20 01:21:02
