Log file open, 07/31/20 18:37:52
LogWindows: Failed to load 'aqProf.dll' (GetLastError=126)
LogWindows: File 'aqProf.dll' does not exist
LogWindows: Failed to load 'VtuneApi.dll' (GetLastError=126)
LogWindows: File 'VtuneApi.dll' does not exist
LogWindows: Failed to load 'VtuneApi32e.dll' (GetLastError=126)
LogWindows: File 'VtuneApi32e.dll' does not exist
LogConsoleResponse: Display: Failed to find resolution value strings in scalability ini. Falling back to default.
LogInit: Display: Running engine for game: StructureInventory
LogPlatformFile: Not using cached read wrapper
LogTaskGraph: Started task graph with 5 named threads and 23 total threads with 3 sets of task threads.
LogStats: Stats thread started at 0.065836
LogD3D11RHI: Loaded GFSDK_Aftermath_Lib.x64.dll
LogICUInternationalization: ICU TimeZone Detection - Raw Offset: +1:00, Platform Override: ''
LogPluginManager: Mounting plugin Paper2D
LogPluginManager: Mounting plugin AISupport
LogPluginManager: Mounting plugin LightPropagationVolume
LogPluginManager: Mounting plugin ActorLayerUtilities
LogPluginManager: Mounting plugin AnimationSharing
LogPluginManager: Mounting plugin CLionSourceCodeAccess
LogPluginManager: Mounting plugin CodeLiteSourceCodeAccess
LogPluginManager: Mounting plugin GitSourceControl
LogPluginManager: Mounting plugin KDevelopSourceCodeAccess
LogPluginManager: Mounting plugin NullSourceCodeAccess
LogPluginManager: Mounting plugin PerforceSourceControl
LogPluginManager: Mounting plugin SubversionSourceControl
LogPluginManager: Mounting plugin UObjectPlugin
LogPluginManager: Mounting plugin VisualStudioCodeSourceCodeAccess
LogPluginManager: Mounting plugin VisualStudioSourceCodeAccess
LogPluginManager: Mounting plugin XCodeSourceCodeAccess
LogPluginManager: Mounting plugin AssetManagerEditor
LogPluginManager: Mounting plugin CryptoKeys
LogPluginManager: Mounting plugin CurveEditorTools
LogPluginManager: Mounting plugin DataValidation
LogPluginManager: Mounting plugin EditorScriptingUtilities
LogPluginManager: Mounting plugin FacialAnimation
LogPluginManager: Mounting plugin GameplayTagsEditor
LogPluginManager: Mounting plugin GLTFImporter
LogPluginManager: Mounting plugin MacGraphicsSwitching
LogPluginManager: Mounting plugin MaterialAnalyzer
LogPluginManager: Mounting plugin MeshEditor
LogPluginManager: Mounting plugin MobileLauncherProfileWizard
LogPluginManager: Mounting plugin PluginBrowser
LogPluginManager: Mounting plugin SpeedTreeImporter
LogPluginManager: Mounting plugin DatasmithContent
LogPluginManager: Mounting plugin VariantManagerContent
LogPluginManager: Mounting plugin AlembicImporter
LogPluginManager: Mounting plugin AutomationUtils
LogPluginManager: Mounting plugin BackChannel
LogPluginManager: Mounting plugin BlastPlugin
LogPluginManager: Mounting plugin ChaosSolverPlugin
LogPluginManager: Mounting plugin CharacterAI
LogPluginManager: Mounting plugin DataPrepEditor
LogPluginManager: Mounting plugin GeometryCache
LogPluginManager: Mounting plugin GeometryCollectionPlugin
LogPluginManager: Mounting plugin HTML5Networking
LogPluginManager: Mounting plugin PlatformCrypto
LogPluginManager: Mounting plugin ProxyLODPlugin
LogPluginManager: Mounting plugin SkeletalReduction
LogPluginManager: Mounting plugin MagicLeap
LogPluginManager: Mounting plugin MagicLeapMedia
LogPluginManager: Mounting plugin AndroidMedia
LogPluginManager: Mounting plugin AvfMedia
LogPluginManager: Mounting plugin ImgMedia
LogPluginManager: Mounting plugin MediaCompositing
LogPluginManager: Mounting plugin MediaPlayerEditor
LogPluginManager: Mounting plugin WebMMedia
LogPluginManager: Mounting plugin WmfMedia
LogPluginManager: Mounting plugin TcpMessaging
LogPluginManager: Mounting plugin UdpMessaging
LogPluginManager: Mounting plugin ActorSequence
LogPluginManager: Mounting plugin LevelSequenceEditor
LogPluginManager: Mounting plugin MatineeToLevelSequence
LogPluginManager: Mounting plugin NetcodeUnitTest
LogPluginManager: Mounting plugin NUTUnrealEngine4
LogPluginManager: Mounting plugin OnlineSubsystemGooglePlay
LogPluginManager: Mounting plugin OnlineSubsystemIOS
LogPluginManager: Mounting plugin OnlineSubsystem
LogPluginManager: Mounting plugin OnlineSubsystemNull
LogPluginManager: Mounting plugin OnlineSubsystemSteam
LogPluginManager: Mounting plugin OnlineSubsystemUtils
LogPluginManager: Mounting plugin LauncherChunkInstaller
LogPluginManager: Mounting plugin AndroidDeviceProfileSelector
LogPluginManager: Mounting plugin AndroidMoviePlayer
LogPluginManager: Mounting plugin AndroidPermission
LogPluginManager: Mounting plugin AppleImageUtils
LogPluginManager: Mounting plugin AppleMoviePlayer
LogPluginManager: Mounting plugin ArchVisCharacter
LogPluginManager: Mounting plugin AudioCapture
LogPluginManager: Mounting plugin CableComponent
LogPluginManager: Mounting plugin CustomMeshComponent
LogPluginManager: Mounting plugin EditableMesh
LogPluginManager: Mounting plugin ExampleDeviceProfileSelector
LogPluginManager: Mounting plugin GoogleCloudMessaging
LogPluginManager: Mounting plugin IOSDeviceProfileSelector
LogPluginManager: Mounting plugin LinuxDeviceProfileSelector
LogPluginManager: Mounting plugin LocationServicesBPLibrary
LogPluginManager: Mounting plugin MobilePatchingUtils
LogPluginManager: Mounting plugin OculusVR
LogPluginManager: Mounting plugin PhysXVehicles
LogPluginManager: Mounting plugin ProceduralMeshComponent
LogPluginManager: Mounting plugin RuntimePhysXCooking
LogPluginManager: Mounting plugin SignificanceManager
LogPluginManager: Mounting plugin SteamVR
LogPluginManager: Mounting plugin WebMMoviePlayer
LogPluginManager: Mounting plugin WindowsMoviePlayer
LogPluginManager: Mounting plugin ScreenshotTools
LogPluginManager: Mounting plugin DatasmithC4DImporter
LogPluginManager: Mounting plugin DatasmithCADImporter
LogPluginManager: Mounting plugin DatasmithFBXImporter
LogPluginManager: Mounting plugin DatasmithGLTFImporter
LogPluginManager: Mounting plugin DatasmithIFCImporter
LogPluginManager: Mounting plugin DatasmithImporter
LogPluginManager: Mounting plugin MDLImporter
LogPluginManager: Mounting plugin StaticMeshEditorExtension
LogPluginManager: Mounting plugin VariantManager
LogInit: Using libcurl 7.55.1-DEV
LogInit:  - built for x86_64-pc-win32
LogInit:  - supports SSL with OpenSSL/1.1.1
LogInit:  - supports HTTP deflate (compression) using libz 1.2.8
LogInit:  - other features:
LogInit:      CURL_VERSION_SSL
LogInit:      CURL_VERSION_LIBZ
LogInit:      CURL_VERSION_IPV6
LogInit:      CURL_VERSION_ASYNCHDNS
LogInit:      CURL_VERSION_LARGEFILE
LogInit:      CURL_VERSION_IDN
LogInit:  CurlRequestOptions (configurable via config and command line):
LogInit:  - bVerifyPeer = true  - Libcurl will verify peer certificate
LogInit:  - bUseHttpProxy = false  - Libcurl will NOT use HTTP proxy
LogInit:  - bDontReuseConnections = false  - Libcurl will reuse connections
LogInit:  - MaxHostConnections = 16  - Libcurl will limit the number of connections to a host
LogInit:  - LocalHostAddr = Default
LogInit:  - BufferSize = 65536
LogOnline: Display: STEAM: Loading Steam SDK 1.42
LogOnline: OSS: Creating online subsystem instance for: Steam
LogOnline: STEAM: Steam User is subscribed 1
LogOnline: STEAM: [AppId: 480] Client API initialized 1
LogOnline: STEAM: [AppId: 480] Game Server API initialized 1
LogOnline: STEAM: Missing P2PCleanupTimeout key in OnlineSubsystemSteam of DefaultEngine.ini, using default
LogInit: WinSock: version 1.1 (2.2), MaxSocks=32767, MaxUdp=65467
LogInit: Build: ++UE4+Release-4.23-CL-9631420
LogInit: Engine Version: 4.23.1-9631420+++UE4+Release-4.23
LogInit: Compatible Engine Version: 4.23.0-8386587+++UE4+Release-4.23
LogInit: Net CL: 8386587
LogInit: OS: Windows 10 (Release 1909) (), CPU: Intel(R) Core(TM) i7-7700K CPU @ 4.20GHz, GPU: NVIDIA GeForce GTX 1080
LogInit: Compiled (64-bit): Oct 18 2019 02:07:44
LogInit: Compiled with Visual C++: 19.16.27030.01
LogInit: Build Configuration: Development
LogInit: Branch Name: ++UE4+Release-4.23
LogInit: Command Line:  -game
LogInit: Base Directory: D:/Program Files/Epic Games/UE_4.23/Engine/Binaries/Win64/
LogInit: Installed Engine Build: 1
LogDevObjectVersion: Number of dev versions registered: 23
LogDevObjectVersion:   Dev-Blueprints (B0D832E4-1F89-4F0D-ACCF-7EB736FD4AA2): 10
LogDevObjectVersion:   Dev-Build (E1C64328-A22C-4D53-A36C-8E866417BD8C): 0
LogDevObjectVersion:   Dev-Core (375EC13C-06E4-48FB-B500-84F0262A717E): 3
LogDevObjectVersion:   Dev-Editor (E4B068ED-F494-42E9-A231-DA0B2E46BB41): 34
LogDevObjectVersion:   Dev-Framework (CFFC743F-43B0-4480-9391-14DF171D2073): 35
LogDevObjectVersion:   Dev-Mobile (B02B49B5-BB20-44E9-A304-32B752E40360): 2
LogDevObjectVersion:   Dev-Networking (A4E4105C-59A1-49B5-A7C5-40C4547EDFEE): 0
LogDevObjectVersion:   Dev-Online (39C831C9-5AE6-47DC-9A44-9C173E1C8E7C): 0
LogDevObjectVersion:   Dev-Physics (78F01B33-EBEA-4F98-B9B4-84EACCB95AA2): 0
LogDevObjectVersion:   Dev-Platform (6631380F-2D4D-43E0-8009-CF276956A95A): 0
LogDevObjectVersion:   Dev-Rendering (12F88B9F-8875-4AFC-A67C-D90C383ABD29): 31
LogDevObjectVersion:   Dev-Sequencer (7B5AE74C-D270-4C10-A958-57980B212A5A): 11
LogDevObjectVersion:   Dev-VR (D7296918-1DD6-4BDD-9DE2-64A83CC13884): 2
LogDevObjectVersion:   Dev-LoadTimes (C2A15278-BFE7-4AFE-6C17-90FF531DF755): 1
LogDevObjectVersion:   Private-Geometry (6EACA3D4-40EC-4CC1-B786-8BED09428FC5): 3
LogDevObjectVersion:   Dev-AnimPhys (29E575DD-E0A3-4627-9D10-D276232CDCEA): 17
LogDevObjectVersion:   Dev-Anim (AF43A65D-7FD3-4947-9873-3E8ED9C1BB05): 2
LogDevObjectVersion:   Dev-ReflectionCapture (6B266CEC-1EC7-4B8F-A30B-E4D90942FC07): 1
LogDevObjectVersion:   Dev-Automation (0DF73D61-A23F-47EA-B727-89E90C41499A): 1
LogDevObjectVersion:   FortniteMain (601D1886-AC64-4F84-AA16-D3DE0DEAC7D6): 27
LogDevObjectVersion:   Dev-Enterprise (9DFFBCD6-494F-0158-E221-12823C92A888): 6
LogDevObjectVersion:   Dev-Niagara (F2AED0AC-9AFE-416F-8664-AA7FFA26D6FC): 1
LogDevObjectVersion:   Dev-Destruction (174F1F0B-B4C6-45A5-B13F-2EE8D0FB917D): 9
LogInit: Presizing for max 16777216 objects, including 0 objects not considered by GC, pre-allocating 0 bytes for permanent pool.
LogInit: Object subsystem initialized
LogConfig: Setting CVar [[con.DebugEarlyDefault:1]]
LogConfig: Setting CVar [[r.setres:1280x720]]
[2020.07.31-16.37.53:095][  0]LogConfig: Setting CVar [[con.DebugEarlyDefault:1]]
[2020.07.31-16.37.53:095][  0]LogConfig: Setting CVar [[r.setres:1280x720]]
[2020.07.31-16.37.53:095][  0]LogConfig: Applying CVar settings from Section [/Script/Engine.RendererSettings] File [D:/Down2DieInventory/StructureInventory/Saved/Config/Windows/Engine.ini]
[2020.07.31-16.37.53:095][  0]LogConfig: Setting CVar [[r.GPUCrashDebugging:0]]
[2020.07.31-16.37.53:095][  0]LogConfig: Setting CVar [[r.DefaultFeature.AutoExposure.ExtendDefaultLuminanceRange:1]]
[2020.07.31-16.37.53:095][  0]LogConfig: Applying CVar settings from Section [/Script/Engine.RendererOverrideSettings] File [D:/Down2DieInventory/StructureInventory/Saved/Config/Windows/Engine.ini]
[2020.07.31-16.37.53:095][  0]LogConfig: Applying CVar settings from Section [/Script/Engine.StreamingSettings] File [D:/Down2DieInventory/StructureInventory/Saved/Config/Windows/Engine.ini]
[2020.07.31-16.37.53:095][  0]LogConfig: Setting CVar [[s.MinBulkDataSizeForAsyncLoading:131072]]
[2020.07.31-16.37.53:096][  0]LogConfig: Setting CVar [[s.AsyncLoadingThreadEnabled:0]]
[2020.07.31-16.37.53:096][  0]LogConfig: Setting CVar [[s.EventDrivenLoaderEnabled:1]]
[2020.07.31-16.37.53:096][  0]LogConfig: Setting CVar [[s.WarnIfTimeLimitExceeded:0]]
[2020.07.31-16.37.53:096][  0]LogConfig: Setting CVar [[s.TimeLimitExceededMultiplier:1.5]]
[2020.07.31-16.37.53:096][  0]LogConfig: Setting CVar [[s.TimeLimitExceededMinTime:0.005]]
[2020.07.31-16.37.53:096][  0]LogConfig: Setting CVar [[s.UseBackgroundLevelStreaming:1]]
[2020.07.31-16.37.53:096][  0]LogConfig: Setting CVar [[s.PriorityAsyncLoadingExtraTime:15.0]]
[2020.07.31-16.37.53:096][  0]LogConfig: Setting CVar [[s.LevelStreamingActorsUpdateTimeLimit:5.0]]
[2020.07.31-16.37.53:096][  0]LogConfig: Setting CVar [[s.PriorityLevelStreamingActorsUpdateExtraTime:5.0]]
[2020.07.31-16.37.53:096][  0]LogConfig: Setting CVar [[s.LevelStreamingComponentsRegistrationGranularity:10]]
[2020.07.31-16.37.53:096][  0]LogConfig: Setting CVar [[s.UnregisterComponentsTimeLimit:1.0]]
[2020.07.31-16.37.53:096][  0]LogConfig: Setting CVar [[s.LevelStreamingComponentsUnregistrationGranularity:5]]
[2020.07.31-16.37.53:096][  0]LogConfig: Applying CVar settings from Section [/Script/Engine.GarbageCollectionSettings] File [D:/Down2DieInventory/StructureInventory/Saved/Config/Windows/Engine.ini]
[2020.07.31-16.37.53:096][  0]LogConfig: Setting CVar [[gc.MaxObjectsNotConsideredByGC:1]]
[2020.07.31-16.37.53:096][  0]LogConfig: Setting CVar [[gc.SizeOfPermanentObjectPool:0]]
[2020.07.31-16.37.53:096][  0]LogConfig: Setting CVar [[gc.FlushStreamingOnGC:0]]
[2020.07.31-16.37.53:096][  0]LogConfig: Setting CVar [[gc.NumRetriesBeforeForcingGC:10]]
[2020.07.31-16.37.53:096][  0]LogConfig: Setting CVar [[gc.AllowParallelGC:1]]
[2020.07.31-16.37.53:096][  0]LogConfig: Setting CVar [[gc.TimeBetweenPurgingPendingKillObjects:61.1]]
[2020.07.31-16.37.53:096][  0]LogConfig: Setting CVar [[gc.MaxObjectsInEditor:16777216]]
[2020.07.31-16.37.53:096][  0]LogConfig: Setting CVar [[gc.IncrementalBeginDestroyEnabled:1]]
[2020.07.31-16.37.53:096][  0]LogConfig: Setting CVar [[gc.CreateGCClusters:1]]
[2020.07.31-16.37.53:096][  0]LogConfig: Setting CVar [[gc.MinGCClusterSize:5]]
[2020.07.31-16.37.53:096][  0]LogConfig: Setting CVar [[gc.ActorClusteringEnabled:0]]
[2020.07.31-16.37.53:096][  0]LogConfig: Setting CVar [[gc.BlueprintClusteringEnabled:0]]
[2020.07.31-16.37.53:096][  0]LogConfig: Setting CVar [[gc.UseDisregardForGCOnDedicatedServers:0]]
[2020.07.31-16.37.53:096][  0]LogConfig: Applying CVar settings from Section [/Script/Engine.NetworkSettings] File [D:/Down2DieInventory/StructureInventory/Saved/Config/Windows/Engine.ini]
[2020.07.31-16.37.53:096][  0]LogConfig: Applying CVar settings from Section [/Script/UnrealEd.CookerSettings] File [D:/Down2DieInventory/StructureInventory/Saved/Config/Windows/Engine.ini]
[2020.07.31-16.37.53:100][  0]LogConfig: Applying CVar settings from Section [ViewDistanceQuality@3] File [D:/Down2DieInventory/StructureInventory/Saved/Config/Windows/Scalability.ini]
[2020.07.31-16.37.53:100][  0]LogConfig: Setting CVar [[r.SkeletalMeshLODBias:0]]
[2020.07.31-16.37.53:100][  0]LogConfig: Setting CVar [[r.ViewDistanceScale:1.0]]
[2020.07.31-16.37.53:100][  0]LogConfig: Applying CVar settings from Section [AntiAliasingQuality@3] File [D:/Down2DieInventory/StructureInventory/Saved/Config/Windows/Scalability.ini]
[2020.07.31-16.37.53:100][  0]LogConfig: Setting CVar [[r.PostProcessAAQuality:4]]
[2020.07.31-16.37.53:100][  0]LogConfig: Applying CVar settings from Section [ShadowQuality@3] File [D:/Down2DieInventory/StructureInventory/Saved/Config/Windows/Scalability.ini]
[2020.07.31-16.37.53:100][  0]LogConfig: Setting CVar [[r.LightFunctionQuality:1]]
[2020.07.31-16.37.53:100][  0]LogConfig: Setting CVar [[r.ShadowQuality:5]]
[2020.07.31-16.37.53:100][  0]LogConfig: Setting CVar [[r.Shadow.CSM.MaxCascades:10]]
[2020.07.31-16.37.53:100][  0]LogConfig: Setting CVar [[r.Shadow.MaxResolution:2048]]
[2020.07.31-16.37.53:100][  0]LogConfig: Setting CVar [[r.Shadow.MaxCSMResolution:2048]]
[2020.07.31-16.37.53:100][  0]LogConfig: Setting CVar [[r.Shadow.RadiusThreshold:0.01]]
[2020.07.31-16.37.53:100][  0]LogConfig: Setting CVar [[r.Shadow.DistanceScale:1.0]]
[2020.07.31-16.37.53:100][  0]LogConfig: Setting CVar [[r.Shadow.CSM.TransitionScale:1.0]]
[2020.07.31-16.37.53:100][  0]LogConfig: Setting CVar [[r.Shadow.PreShadowResolutionFactor:1.0]]
[2020.07.31-16.37.53:100][  0]LogConfig: Setting CVar [[r.DistanceFieldShadowing:1]]
[2020.07.31-16.37.53:100][  0]LogConfig: Setting CVar [[r.DistanceFieldAO:1]]
[2020.07.31-16.37.53:100][  0]LogConfig: Setting CVar [[r.AOQuality:2]]
[2020.07.31-16.37.53:100][  0]LogConfig: Setting CVar [[r.VolumetricFog:1]]
[2020.07.31-16.37.53:100][  0]LogConfig: Setting CVar [[r.VolumetricFog.GridPixelSize:8]]
[2020.07.31-16.37.53:100][  0]LogConfig: Setting CVar [[r.VolumetricFog.GridSizeZ:128]]
[2020.07.31-16.37.53:100][  0]LogConfig: Setting CVar [[r.VolumetricFog.HistoryMissSupersampleCount:4]]
[2020.07.31-16.37.53:100][  0]LogConfig: Setting CVar [[r.LightMaxDrawDistanceScale:1]]
[2020.07.31-16.37.53:100][  0]LogConfig: Setting CVar [[r.CapsuleShadows:1]]
[2020.07.31-16.37.53:100][  0]LogConfig: Applying CVar settings from Section [PostProcessQuality@3] File [D:/Down2DieInventory/StructureInventory/Saved/Config/Windows/Scalability.ini]
[2020.07.31-16.37.53:100][  0]LogConfig: Setting CVar [[r.MotionBlurQuality:4]]
[2020.07.31-16.37.53:100][  0]LogConfig: Setting CVar [[r.AmbientOcclusionMipLevelFactor:0.4]]
[2020.07.31-16.37.53:100][  0]LogConfig: Setting CVar [[r.AmbientOcclusionMaxQuality:100]]
[2020.07.31-16.37.53:100][  0]LogConfig: Setting CVar [[r.AmbientOcclusionLevels:-1]]
[2020.07.31-16.37.53:100][  0]LogConfig: Setting CVar [[r.AmbientOcclusionRadiusScale:1.0]]
[2020.07.31-16.37.53:100][  0]LogConfig: Setting CVar [[r.DepthOfFieldQuality:2]]
[2020.07.31-16.37.53:100][  0]LogConfig: Setting CVar [[r.RenderTargetPoolMin:400]]
[2020.07.31-16.37.53:100][  0]LogConfig: Setting CVar [[r.LensFlareQuality:2]]
[2020.07.31-16.37.53:100][  0]LogConfig: Setting CVar [[r.SceneColorFringeQuality:1]]
[2020.07.31-16.37.53:100][  0]LogConfig: Setting CVar [[r.EyeAdaptationQuality:2]]
[2020.07.31-16.37.53:100][  0]LogConfig: Setting CVar [[r.BloomQuality:5]]
[2020.07.31-16.37.53:100][  0]LogConfig: Setting CVar [[r.FastBlurThreshold:100]]
[2020.07.31-16.37.53:100][  0]LogConfig: Setting CVar [[r.Upscale.Quality:3]]
[2020.07.31-16.37.53:100][  0]LogConfig: Setting CVar [[r.Tonemapper.GrainQuantization:1]]
[2020.07.31-16.37.53:100][  0]LogConfig: Setting CVar [[r.LightShaftQuality:1]]
[2020.07.31-16.37.53:100][  0]LogConfig: Setting CVar [[r.Filter.SizeScale:1]]
[2020.07.31-16.37.53:100][  0]LogConfig: Setting CVar [[r.Tonemapper.Quality:5]]
[2020.07.31-16.37.53:100][  0]LogConfig: Setting CVar [[r.DOF.Gather.AccumulatorQuality:1        ; higher gathering accumulator quality]]
[2020.07.31-16.37.53:100][  0]LogConfig: Setting CVar [[r.DOF.Gather.PostfilterMethod:1          ; Median3x3 postfilering method]]
[2020.07.31-16.37.53:100][  0]LogConfig: Setting CVar [[r.DOF.Gather.EnableBokehSettings:0       ; no bokeh simulation when gathering]]
[2020.07.31-16.37.53:101][  0]LogConfig: Setting CVar [[r.DOF.Gather.RingCount:4                 ; medium number of samples when gathering]]
[2020.07.31-16.37.53:101][  0]LogConfig: Setting CVar [[r.DOF.Scatter.ForegroundCompositing:1    ; additive foreground scattering]]
[2020.07.31-16.37.53:101][  0]LogConfig: Setting CVar [[r.DOF.Scatter.BackgroundCompositing:2    ; additive background scattering]]
[2020.07.31-16.37.53:101][  0]LogConfig: Setting CVar [[r.DOF.Scatter.EnableBokehSettings:1      ; bokeh simulation when scattering]]
[2020.07.31-16.37.53:101][  0]LogConfig: Setting CVar [[r.DOF.Scatter.MaxSpriteRatio:0.1         ; only a maximum of 10% of scattered bokeh]]
[2020.07.31-16.37.53:101][  0]LogConfig: Setting CVar [[r.DOF.Recombine.Quality:1                ; cheap slight out of focus]]
[2020.07.31-16.37.53:101][  0]LogConfig: Setting CVar [[r.DOF.Recombine.EnableBokehSettings:0    ; no bokeh simulation on slight out of focus]]
[2020.07.31-16.37.53:101][  0]LogConfig: Setting CVar [[r.DOF.TemporalAAQuality:1                ; more stable temporal accumulation]]
[2020.07.31-16.37.53:101][  0]LogConfig: Setting CVar [[r.DOF.Kernel.MaxForegroundRadius:0.025]]
[2020.07.31-16.37.53:101][  0]LogConfig: Setting CVar [[r.DOF.Kernel.MaxBackgroundRadius:0.025]]
[2020.07.31-16.37.53:101][  0]LogConfig: Applying CVar settings from Section [TextureQuality@3] File [D:/Down2DieInventory/StructureInventory/Saved/Config/Windows/Scalability.ini]
[2020.07.31-16.37.53:101][  0]LogConfig: Setting CVar [[r.Streaming.MipBias:0]]
[2020.07.31-16.37.53:101][  0]LogConfig: Setting CVar [[r.Streaming.AmortizeCPUToGPUCopy:0]]
[2020.07.31-16.37.53:101][  0]LogConfig: Setting CVar [[r.Streaming.MaxNumTexturesToStreamPerFrame:0]]
[2020.07.31-16.37.53:101][  0]LogConfig: Setting CVar [[r.Streaming.Boost:1]]
[2020.07.31-16.37.53:101][  0]LogConfig: Setting CVar [[r.MaxAnisotropy:8]]
[2020.07.31-16.37.53:101][  0]LogConfig: Setting CVar [[r.Streaming.LimitPoolSizeToVRAM:0]]
[2020.07.31-16.37.53:101][  0]LogConfig: Setting CVar [[r.Streaming.PoolSize:1000]]
[2020.07.31-16.37.53:101][  0]LogConfig: Setting CVar [[r.Streaming.MaxEffectiveScreenSize:0]]
[2020.07.31-16.37.53:101][  0]LogConfig: Applying CVar settings from Section [EffectsQuality@3] File [D:/Down2DieInventory/StructureInventory/Saved/Config/Windows/Scalability.ini]
[2020.07.31-16.37.53:101][  0]LogConfig: Setting CVar [[r.TranslucencyLightingVolumeDim:64]]
[2020.07.31-16.37.53:101][  0]LogConfig: Setting CVar [[r.RefractionQuality:2]]
[2020.07.31-16.37.53:101][  0]LogConfig: Setting CVar [[r.SSR.Quality:3]]
[2020.07.31-16.37.53:101][  0]LogConfig: Setting CVar [[r.SceneColorFormat:4]]
[2020.07.31-16.37.53:101][  0]LogConfig: Setting CVar [[r.DetailMode:2]]
[2020.07.31-16.37.53:101][  0]LogConfig: Setting CVar [[r.TranslucencyVolumeBlur:1]]
[2020.07.31-16.37.53:101][  0]LogConfig: Setting CVar [[r.MaterialQualityLevel:1 ; High quality]]
[2020.07.31-16.37.53:101][  0]LogConfig: Setting CVar [[r.SSS.Scale:1]]
[2020.07.31-16.37.53:101][  0]LogConfig: Setting CVar [[r.SSS.SampleSet:2]]
[2020.07.31-16.37.53:101][  0]LogConfig: Setting CVar [[r.SSS.Quality:1]]
[2020.07.31-16.37.53:101][  0]LogConfig: Setting CVar [[r.SSS.HalfRes:1]]
[2020.07.31-16.37.53:101][  0]LogConfig: Setting CVar [[r.EmitterSpawnRateScale:1.0]]
[2020.07.31-16.37.53:101][  0]LogConfig: Setting CVar [[r.ParticleLightQuality:2]]
[2020.07.31-16.37.53:101][  0]LogConfig: Applying CVar settings from Section [FoliageQuality@3] File [D:/Down2DieInventory/StructureInventory/Saved/Config/Windows/Scalability.ini]
[2020.07.31-16.37.53:101][  0]LogConfig: Setting CVar [[foliage.DensityScale:1.0]]
[2020.07.31-16.37.53:101][  0]LogConfig: Setting CVar [[grass.DensityScale:1.0]]
[2020.07.31-16.37.53:101][  0]LogInit: Selected Device Profile: [Windows]
[2020.07.31-16.37.53:101][  0]LogInit: Applying CVar settings loaded from the selected device profile: [Windows]
[2020.07.31-16.37.53:104][  0]LogHAL: Display: Platform has ~ 16 GB [17106059264 / 17179869184 / 16], which maps to Larger [LargestMinGB=32, LargerMinGB=12, DefaultMinGB=8, SmallerMinGB=6, SmallestMinGB=0)
[2020.07.31-16.37.53:105][  0]LogInit: Going up to parent DeviceProfile []
[2020.07.31-16.37.53:105][  0]LogConfig: Applying CVar settings from Section [ViewDistanceQuality@3] File [D:/Down2DieInventory/StructureInventory/Saved/Config/Windows/Scalability.ini]
[2020.07.31-16.37.53:105][  0]LogConfig: Setting CVar [[r.SkeletalMeshLODBias:0]]
[2020.07.31-16.37.53:105][  0]LogConfig: Setting CVar [[r.ViewDistanceScale:1.0]]
[2020.07.31-16.37.53:105][  0]LogConfig: Applying CVar settings from Section [AntiAliasingQuality@3] File [D:/Down2DieInventory/StructureInventory/Saved/Config/Windows/Scalability.ini]
[2020.07.31-16.37.53:105][  0]LogConfig: Setting CVar [[r.PostProcessAAQuality:4]]
[2020.07.31-16.37.53:105][  0]LogConfig: Applying CVar settings from Section [ShadowQuality@3] File [D:/Down2DieInventory/StructureInventory/Saved/Config/Windows/Scalability.ini]
[2020.07.31-16.37.53:105][  0]LogConfig: Setting CVar [[r.LightFunctionQuality:1]]
[2020.07.31-16.37.53:105][  0]LogConfig: Setting CVar [[r.ShadowQuality:5]]
[2020.07.31-16.37.53:105][  0]LogConfig: Setting CVar [[r.Shadow.CSM.MaxCascades:10]]
[2020.07.31-16.37.53:105][  0]LogConfig: Setting CVar [[r.Shadow.MaxResolution:2048]]
[2020.07.31-16.37.53:105][  0]LogConfig: Setting CVar [[r.Shadow.MaxCSMResolution:2048]]
[2020.07.31-16.37.53:105][  0]LogConfig: Setting CVar [[r.Shadow.RadiusThreshold:0.01]]
[2020.07.31-16.37.53:105][  0]LogConfig: Setting CVar [[r.Shadow.DistanceScale:1.0]]
[2020.07.31-16.37.53:105][  0]LogConfig: Setting CVar [[r.Shadow.CSM.TransitionScale:1.0]]
[2020.07.31-16.37.53:105][  0]LogConfig: Setting CVar [[r.Shadow.PreShadowResolutionFactor:1.0]]
[2020.07.31-16.37.53:105][  0]LogConfig: Setting CVar [[r.DistanceFieldShadowing:1]]
[2020.07.31-16.37.53:105][  0]LogConfig: Setting CVar [[r.DistanceFieldAO:1]]
[2020.07.31-16.37.53:105][  0]LogConfig: Setting CVar [[r.AOQuality:2]]
[2020.07.31-16.37.53:105][  0]LogConfig: Setting CVar [[r.VolumetricFog:1]]
[2020.07.31-16.37.53:105][  0]LogConfig: Setting CVar [[r.VolumetricFog.GridPixelSize:8]]
[2020.07.31-16.37.53:105][  0]LogConfig: Setting CVar [[r.VolumetricFog.GridSizeZ:128]]
[2020.07.31-16.37.53:105][  0]LogConfig: Setting CVar [[r.VolumetricFog.HistoryMissSupersampleCount:4]]
[2020.07.31-16.37.53:105][  0]LogConfig: Setting CVar [[r.LightMaxDrawDistanceScale:1]]
[2020.07.31-16.37.53:105][  0]LogConfig: Setting CVar [[r.CapsuleShadows:1]]
[2020.07.31-16.37.53:105][  0]LogConfig: Applying CVar settings from Section [PostProcessQuality@3] File [D:/Down2DieInventory/StructureInventory/Saved/Config/Windows/Scalability.ini]
[2020.07.31-16.37.53:105][  0]LogConfig: Setting CVar [[r.MotionBlurQuality:4]]
[2020.07.31-16.37.53:105][  0]LogConfig: Setting CVar [[r.AmbientOcclusionMipLevelFactor:0.4]]
[2020.07.31-16.37.53:105][  0]LogConfig: Setting CVar [[r.AmbientOcclusionMaxQuality:100]]
[2020.07.31-16.37.53:105][  0]LogConfig: Setting CVar [[r.AmbientOcclusionLevels:-1]]
[2020.07.31-16.37.53:105][  0]LogConfig: Setting CVar [[r.AmbientOcclusionRadiusScale:1.0]]
[2020.07.31-16.37.53:105][  0]LogConfig: Setting CVar [[r.DepthOfFieldQuality:2]]
[2020.07.31-16.37.53:105][  0]LogConfig: Setting CVar [[r.RenderTargetPoolMin:400]]
[2020.07.31-16.37.53:105][  0]LogConfig: Setting CVar [[r.LensFlareQuality:2]]
[2020.07.31-16.37.53:105][  0]LogConfig: Setting CVar [[r.SceneColorFringeQuality:1]]
[2020.07.31-16.37.53:105][  0]LogConfig: Setting CVar [[r.EyeAdaptationQuality:2]]
[2020.07.31-16.37.53:105][  0]LogConfig: Setting CVar [[r.BloomQuality:5]]
[2020.07.31-16.37.53:105][  0]LogConfig: Setting CVar [[r.FastBlurThreshold:100]]
[2020.07.31-16.37.53:105][  0]LogConfig: Setting CVar [[r.Upscale.Quality:3]]
[2020.07.31-16.37.53:105][  0]LogConfig: Setting CVar [[r.Tonemapper.GrainQuantization:1]]
[2020.07.31-16.37.53:105][  0]LogConfig: Setting CVar [[r.LightShaftQuality:1]]
[2020.07.31-16.37.53:105][  0]LogConfig: Setting CVar [[r.Filter.SizeScale:1]]
[2020.07.31-16.37.53:105][  0]LogConfig: Setting CVar [[r.Tonemapper.Quality:5]]
[2020.07.31-16.37.53:105][  0]LogConfig: Setting CVar [[r.DOF.Gather.AccumulatorQuality:1        ; higher gathering accumulator quality]]
[2020.07.31-16.37.53:105][  0]LogConfig: Setting CVar [[r.DOF.Gather.PostfilterMethod:1          ; Median3x3 postfilering method]]
[2020.07.31-16.37.53:105][  0]LogConfig: Setting CVar [[r.DOF.Gather.EnableBokehSettings:0       ; no bokeh simulation when gathering]]
[2020.07.31-16.37.53:105][  0]LogConfig: Setting CVar [[r.DOF.Gather.RingCount:4                 ; medium number of samples when gathering]]
[2020.07.31-16.37.53:105][  0]LogConfig: Setting CVar [[r.DOF.Scatter.ForegroundCompositing:1    ; additive foreground scattering]]
[2020.07.31-16.37.53:105][  0]LogConfig: Setting CVar [[r.DOF.Scatter.BackgroundCompositing:2    ; additive background scattering]]
[2020.07.31-16.37.53:105][  0]LogConfig: Setting CVar [[r.DOF.Scatter.EnableBokehSettings:1      ; bokeh simulation when scattering]]
[2020.07.31-16.37.53:105][  0]LogConfig: Setting CVar [[r.DOF.Scatter.MaxSpriteRatio:0.1         ; only a maximum of 10% of scattered bokeh]]
[2020.07.31-16.37.53:105][  0]LogConfig: Setting CVar [[r.DOF.Recombine.Quality:1                ; cheap slight out of focus]]
[2020.07.31-16.37.53:105][  0]LogConfig: Setting CVar [[r.DOF.Recombine.EnableBokehSettings:0    ; no bokeh simulation on slight out of focus]]
[2020.07.31-16.37.53:105][  0]LogConfig: Setting CVar [[r.DOF.TemporalAAQuality:1                ; more stable temporal accumulation]]
[2020.07.31-16.37.53:105][  0]LogConfig: Setting CVar [[r.DOF.Kernel.MaxForegroundRadius:0.025]]
[2020.07.31-16.37.53:105][  0]LogConfig: Setting CVar [[r.DOF.Kernel.MaxBackgroundRadius:0.025]]
[2020.07.31-16.37.53:105][  0]LogConfig: Applying CVar settings from Section [TextureQuality@3] File [D:/Down2DieInventory/StructureInventory/Saved/Config/Windows/Scalability.ini]
[2020.07.31-16.37.53:105][  0]LogConfig: Setting CVar [[r.Streaming.MipBias:0]]
[2020.07.31-16.37.53:105][  0]LogConfig: Setting CVar [[r.Streaming.AmortizeCPUToGPUCopy:0]]
[2020.07.31-16.37.53:105][  0]LogConfig: Setting CVar [[r.Streaming.MaxNumTexturesToStreamPerFrame:0]]
[2020.07.31-16.37.53:105][  0]LogConfig: Setting CVar [[r.Streaming.Boost:1]]
[2020.07.31-16.37.53:105][  0]LogConfig: Setting CVar [[r.MaxAnisotropy:8]]
[2020.07.31-16.37.53:105][  0]LogConfig: Setting CVar [[r.Streaming.LimitPoolSizeToVRAM:0]]
[2020.07.31-16.37.53:105][  0]LogConfig: Setting CVar [[r.Streaming.PoolSize:1000]]
[2020.07.31-16.37.53:105][  0]LogConfig: Setting CVar [[r.Streaming.MaxEffectiveScreenSize:0]]
[2020.07.31-16.37.53:105][  0]LogConfig: Applying CVar settings from Section [EffectsQuality@3] File [D:/Down2DieInventory/StructureInventory/Saved/Config/Windows/Scalability.ini]
[2020.07.31-16.37.53:105][  0]LogConfig: Setting CVar [[r.TranslucencyLightingVolumeDim:64]]
[2020.07.31-16.37.53:105][  0]LogConfig: Setting CVar [[r.RefractionQuality:2]]
[2020.07.31-16.37.53:105][  0]LogConfig: Setting CVar [[r.SSR.Quality:3]]
[2020.07.31-16.37.53:105][  0]LogConfig: Setting CVar [[r.SceneColorFormat:4]]
[2020.07.31-16.37.53:105][  0]LogConfig: Setting CVar [[r.DetailMode:2]]
[2020.07.31-16.37.53:105][  0]LogConfig: Setting CVar [[r.TranslucencyVolumeBlur:1]]
[2020.07.31-16.37.53:105][  0]LogConfig: Setting CVar [[r.MaterialQualityLevel:1 ; High quality]]
[2020.07.31-16.37.53:105][  0]LogConfig: Setting CVar [[r.SSS.Scale:1]]
[2020.07.31-16.37.53:105][  0]LogConfig: Setting CVar [[r.SSS.SampleSet:2]]
[2020.07.31-16.37.53:105][  0]LogConfig: Setting CVar [[r.SSS.Quality:1]]
[2020.07.31-16.37.53:105][  0]LogConfig: Setting CVar [[r.SSS.HalfRes:1]]
[2020.07.31-16.37.53:105][  0]LogConfig: Setting CVar [[r.EmitterSpawnRateScale:1.0]]
[2020.07.31-16.37.53:105][  0]LogConfig: Setting CVar [[r.ParticleLightQuality:2]]
[2020.07.31-16.37.53:105][  0]LogConfig: Applying CVar settings from Section [FoliageQuality@3] File [D:/Down2DieInventory/StructureInventory/Saved/Config/Windows/Scalability.ini]
[2020.07.31-16.37.53:106][  0]LogConfig: Setting CVar [[foliage.DensityScale:1.0]]
[2020.07.31-16.37.53:106][  0]LogConfig: Setting CVar [[grass.DensityScale:1.0]]
[2020.07.31-16.37.53:106][  0]LogConfig: Applying CVar settings from Section [Startup] File [../../../Engine/Config/ConsoleVariables.ini]
[2020.07.31-16.37.53:106][  0]LogConfig: Setting CVar [[net.UseAdaptiveNetUpdateFrequency:0]]
[2020.07.31-16.37.53:106][  0]LogConfig: Setting CVar [[p.chaos.AllowCreatePhysxBodies:1]]
[2020.07.31-16.37.53:106][  0]LogConfig: Applying CVar settings from Section [ConsoleVariables] File [D:/Down2DieInventory/StructureInventory/Saved/Config/Windows/Engine.ini]
[2020.07.31-16.37.53:106][  0]LogInit: Computer: JOEYCOMPUTER
[2020.07.31-16.37.53:106][  0]LogInit: User: joeym
[2020.07.31-16.37.53:106][  0]LogInit: CPU Page size=4096, Cores=4
[2020.07.31-16.37.53:106][  0]LogInit: High frequency timer resolution =10.000000 MHz
[2020.07.31-16.37.53:106][  0]LogMemory: Memory total: Physical=15.9GB (16GB approx)
[2020.07.31-16.37.53:106][  0]LogMemory: Platform Memory Stats for Windows
[2020.07.31-16.37.53:106][  0]LogMemory: Process Physical Memory: 138.46 MB used, 138.47 MB peak
[2020.07.31-16.37.53:106][  0]LogMemory: Process Virtual Memory: 115.78 MB used, 115.78 MB peak
[2020.07.31-16.37.53:106][  0]LogMemory: Physical Memory: 8669.18 MB used,  7644.43 MB free, 16313.61 MB total
[2020.07.31-16.37.53:106][  0]LogMemory: Virtual Memory: 4821.05 MB used,  134212904.00 MB free, 134217728.00 MB total
[2020.07.31-16.37.53:112][  0]LogWindows: WindowsPlatformFeatures enabled
[2020.07.31-16.37.53:163][  0]LogInit: Using OS detected language (nl-NL).
[2020.07.31-16.37.53:164][  0]LogInit: Using OS detected locale (nl-NL).
[2020.07.31-16.37.53:164][  0]LogTextLocalizationManager: No localization for 'nl-NL' exists, so 'en' will be used for the language.
[2020.07.31-16.37.53:165][  0]LogTextLocalizationManager: No localization for 'nl-NL' exists, so 'en' will be used for the locale.
[2020.07.31-16.37.53:359][  0]LogSlate: New Slate User Created.  User Index 0, Is Virtual User: 0
[2020.07.31-16.37.53:359][  0]LogSlate: Slate User Registered.  User Index 0, Is Virtual User: 0
[2020.07.31-16.37.53:371][  0]LogHMD: Failed to initialize OpenVR with code 110
[2020.07.31-16.37.53:371][  0]LogD3D11RHI: D3D11 adapters:
[2020.07.31-16.37.53:477][  0]LogD3D11RHI:    0. 'NVIDIA GeForce GTX 1080' (Feature Level 11_0)
[2020.07.31-16.37.53:478][  0]LogD3D11RHI:       8079/0/8156 MB DedicatedVideo/DedicatedSystem/SharedSystem, Outputs:2, VendorId:0x10de
[2020.07.31-16.37.53:482][  0]LogD3D11RHI:    1. 'Microsoft Basic Render Driver' (Feature Level 11_0)
[2020.07.31-16.37.53:482][  0]LogD3D11RHI:       0/0/8156 MB DedicatedVideo/DedicatedSystem/SharedSystem, Outputs:0, VendorId:0x1414
[2020.07.31-16.37.53:482][  0]LogD3D11RHI: Chosen D3D11 Adapter: 0
[2020.07.31-16.37.53:491][  0]LogD3D11RHI: Creating new Direct3DDevice
[2020.07.31-16.37.53:492][  0]LogD3D11RHI:     GPU DeviceId: 0x1b80 (for the marketing name, search the web for "GPU Device Id")
[2020.07.31-16.37.53:492][  0]LogWindows: EnumDisplayDevices:
[2020.07.31-16.37.53:492][  0]LogWindows:    0. 'NVIDIA GeForce GTX 1080' (P:1 D:1)
[2020.07.31-16.37.53:492][  0]LogWindows:    1. 'NVIDIA GeForce GTX 1080' (P:0 D:1)
[2020.07.31-16.37.53:492][  0]LogWindows:    2. 'NVIDIA GeForce GTX 1080' (P:0 D:0)
[2020.07.31-16.37.53:493][  0]LogWindows:    3. 'NVIDIA GeForce GTX 1080' (P:0 D:0)
[2020.07.31-16.37.53:493][  0]LogWindows: DebugString: FoundDriverCount:4 
[2020.07.31-16.37.53:493][  0]LogD3D11RHI:     Adapter Name: NVIDIA GeForce GTX 1080
[2020.07.31-16.37.53:493][  0]LogD3D11RHI:   Driver Version: 451.67 (internal:27.21.14.5167, unified:451.67)
[2020.07.31-16.37.53:493][  0]LogD3D11RHI:      Driver Date: 7-5-2020
[2020.07.31-16.37.53:493][  0]LogRHI: Texture pool is 5655 MB (70% of 8079 MB)
[2020.07.31-16.37.53:552][  0]LogD3D11RHI: Async texture creation enabled
[2020.07.31-16.37.53:563][  0]LogD3D11RHI: GPU Timing Frequency: 1000.000000 (Debug: 2 1)
[2020.07.31-16.37.53:934][  0]LogTemp: Display: Module 'WindowsClientTargetPlatform' loaded TargetPlatform 'WindowsClient'
[2020.07.31-16.37.53:943][  0]LogTemp: Display: Module 'WindowsNoEditorTargetPlatform' loaded TargetPlatform 'WindowsNoEditor'
[2020.07.31-16.37.53:953][  0]LogTemp: Display: Module 'WindowsServerTargetPlatform' loaded TargetPlatform 'WindowsServer'
[2020.07.31-16.37.53:959][  0]LogTemp: Display: Module 'WindowsTargetPlatform' loaded TargetPlatform 'Windows'
[2020.07.31-16.37.53:959][  0]LogTargetPlatformManager: Display: Building Assets For Windows
[2020.07.31-16.37.53:971][  0]LogAudioDebug: Display: Lib vorbis DLL was dynamically loaded.
[2020.07.31-16.37.54:047][  0]LogShaderCompilers: Guid format shader working directory is -9 characters bigger than the processId version (../../../../../../Down2DieInventory/StructureInventory/Intermediate/Shaders/WorkingDirectory/14016/).
[2020.07.31-16.37.54:047][  0]LogShaderCompilers: Cleaned the shader compiler working directory 'C:/Users/joeym/AppData/Local/Temp/UnrealShaderWorkingDir/69DF84954A4CA66C29A200B5F02D23C3/'.
[2020.07.31-16.37.54:050][  0]LogXGEController: Cannot use XGE Controller as Incredibuild is not installed on this machine.
[2020.07.31-16.37.54:050][  0]LogShaderCompilers: Cannot use XGE Shader Compiler as Incredibuild is not installed on this machine.
[2020.07.31-16.37.54:050][  0]LogShaderCompilers: Display: Using Local Shader Compiler.
[2020.07.31-16.37.54:614][  0]LogDerivedDataCache: Display: Max Cache Size: 512 MB
[2020.07.31-16.37.54:661][  0]LogDerivedDataCache: Loaded boot cache 0.05s 72MB C:/Users/joeym/AppData/Local/UnrealEngine/4.23/DerivedDataCache/Boot.ddc.
[2020.07.31-16.37.54:661][  0]LogDerivedDataCache: Display: Loaded Boot cache: C:/Users/joeym/AppData/Local/UnrealEngine/4.23/DerivedDataCache/Boot.ddc
[2020.07.31-16.37.54:662][  0]LogDerivedDataCache: FDerivedDataBackendGraph:  Pak pak cache file ../../../../../../Down2DieInventory/StructureInventory/DerivedDataCache/DDC.ddp not found, will not use a pak cache.
[2020.07.31-16.37.54:662][  0]LogDerivedDataCache: Unable to find inner node Pak for hierarchical cache Hierarchy.
[2020.07.31-16.37.54:662][  0]LogDerivedDataCache: FDerivedDataBackendGraph:  CompressedPak pak cache file ../../../../../../Down2DieInventory/StructureInventory/DerivedDataCache/Compressed.ddp not found, will not use a pak cache.
[2020.07.31-16.37.54:662][  0]LogDerivedDataCache: Unable to find inner node CompressedPak for hierarchical cache Hierarchy.
[2020.07.31-16.37.54:671][  0]LogDerivedDataCache: Display: Pak cache opened for reading ../../../Engine/DerivedDataCache/Compressed.ddp.
[2020.07.31-16.37.54:673][  0]LogDerivedDataCache: Display: Pak cache opened for reading ../../../Enterprise/DerivedDataCache/Compressed.ddp.
[2020.07.31-16.37.54:674][  0]LogDerivedDataCache: Using Local data cache path C:/Users/joeym/AppData/Local/UnrealEngine/Common/DerivedDataCache: Writable
[2020.07.31-16.37.54:674][  0]LogDerivedDataCache: Shared data cache path not found in *engine.ini, will not use an Shared cache.
[2020.07.31-16.37.54:674][  0]LogDerivedDataCache: Unable to find inner node Shared for hierarchical cache Hierarchy.
[2020.07.31-16.37.54:694][  0]LogMaterial: Verifying Global Shaders for PCD3D_SM5
[2020.07.31-16.37.54:696][  0]LogSlate: Using FreeType 2.6.0
[2020.07.31-16.37.54:697][  0]LogSlate: SlateFontServices - WITH_FREETYPE: 1, WITH_HARFBUZZ: 1
[2020.07.31-16.37.54:833][  0]LogInit: Using OS detected language (nl-NL).
[2020.07.31-16.37.54:833][  0]LogInit: Using OS detected locale (nl-NL).
[2020.07.31-16.37.54:833][  0]LogTextLocalizationManager: No localization for 'nl-NL' exists, so 'en' will be used for the language.
[2020.07.31-16.37.54:833][  0]LogTextLocalizationManager: No localization for 'nl-NL' exists, so 'en' will be used for the locale.
[2020.07.31-16.37.54:835][  0]LogTextLocalizationManager: Compacting localization data took   0.00ms
[2020.07.31-16.37.54:840][  0]LogAssetRegistry: FAssetRegistry took 0.0016 seconds to start up
[2020.07.31-16.37.55:069][  0]LogPackageLocalizationCache: Processed 18 localized package path(s) for 1 prioritized culture(s) in 0.031934 seconds
[2020.07.31-16.37.55:139][  0]LogInit: Selected Device Profile: [Windows]
[2020.07.31-16.37.55:300][  0]LogMeshReduction: Using QuadricMeshReduction for automatic static mesh reduction
[2020.07.31-16.37.55:300][  0]LogMeshReduction: Using SimplygonMeshReduction for automatic skeletal mesh reduction
[2020.07.31-16.37.55:300][  0]LogMeshReduction: Using ProxyLODMeshReduction for automatic mesh merging
[2020.07.31-16.37.55:300][  0]LogMeshReduction: No distributed automatic mesh merging module available
[2020.07.31-16.37.55:300][  0]LogMeshMerging: No distributed automatic mesh merging module available
[2020.07.31-16.37.55:311][  0]LogNetVersion: StructureInventory 1.0.0, NetCL: 8386587, EngineNetVer: 11, GameNetVer: 0 (Checksum: 2032503810)
[2020.07.31-16.37.55:880][  0]LogMoviePlayer: Initializing movie player
[2020.07.31-16.37.56:049][  0]SourceControl: Source control is disabled
[2020.07.31-16.37.56:049][  0]SourceControl: Source control is disabled
[2020.07.31-16.37.56:052][  0]SourceControl: Source control is disabled
[2020.07.31-16.37.56:167][  0]LogAndroidPermission: UAndroidPermissionCallbackProxy::GetInstance
[2020.07.31-16.37.56:358][  0]LogOcInput: OculusInput pre-init called
[2020.07.31-16.37.56:368][  0]LogUObjectArray: 48896 objects as part of root set at end of initial load.
[2020.07.31-16.37.56:368][  0]LogUObjectAllocator: 8625112 out of 0 bytes used by permanent object pool.
[2020.07.31-16.37.56:369][  0]LogUObjectArray: CloseDisregardForGC: 0/0 objects in disregard for GC pool
[2020.07.31-16.37.56:429][  0]LogEngine: Initializing Engine...
[2020.07.31-16.37.56:430][  0]LogHMD: Failed to initialize OpenVR with code 110
[2020.07.31-16.37.56:432][  0]LogStats: UGameplayTagsManager::InitializeManager -  0.000 s
[2020.07.31-16.37.56:583][  0]LogInit: Initializing FReadOnlyCVARCache
[2020.07.31-16.37.56:623][  0]LogInit: XAudio2 using 'Hoofdtelefoon (3- Arctis 7 Game)' : 2 channels at 48 kHz using 16 bits per sample (channel mask 0x3)
[2020.07.31-16.37.56:662][  0]LogInit: FAudioDevice initialized.
[2020.07.31-16.37.56:662][  0]LogNetVersion: Set ProjectVersion to 1.0.0.0. Version Checksum will be recalculated on next use.
[2020.07.31-16.37.56:706][  0]LogDerivedDataCache: Saved boot cache 0.04s 72MB C:/Users/joeym/AppData/Local/UnrealEngine/4.23/DerivedDataCache/Boot.ddc.
[2020.07.31-16.37.56:716][  0]LogInit: Texture streaming: Enabled
[2020.07.31-16.37.56:863][  0]LogSlate: Updating window title bar state: overlay mode, drag disabled, window buttons hidden, title bar hidden
[2020.07.31-16.37.56:863][  0]LogInit: Display: Game Engine Initialized.
[2020.07.31-16.37.56:931][  0]LogInit: Display: Starting Game.
[2020.07.31-16.37.56:931][  0]LogNet: Browse: /Game/GameRelated/MyLevel?Name=Player
[2020.07.31-16.37.56:931][  0]LogLoad: LoadMap: /Game/GameRelated/MyLevel?Name=Player
[2020.07.31-16.37.56:931][  0]LogWorld: BeginTearingDown for /Temp/Untitled_0
[2020.07.31-16.37.56:932][  0]LogWorld: UWorld::CleanupWorld for Untitled, bSessionEnded=true, bCleanupResources=true
[2020.07.31-16.37.56:951][  0]LogUObjectHash: Compacting FUObjectHashTables data took   1.60ms
[2020.07.31-16.37.57:475][  0]LogAIModule: Creating AISystem for world MyLevel
[2020.07.31-16.37.57:475][  0]LogLoad: Game class is 'MyGamemode_C'
[2020.07.31-16.37.57:480][  0]LogWorld: Bringing World /Game/GameRelated/MyLevel.MyLevel up for play (max tick rate 0) at 2020.07.31-18.37.57
[2020.07.31-16.37.57:480][  0]LogWorld: Bringing up level for play took: 0.003798
[2020.07.31-16.37.57:506][  0]LogLoad: Took 0.574563 seconds to LoadMap(/Game/GameRelated/MyLevel)
[2020.07.31-16.37.57:538][  0]LogRenderer: Reallocating scene render targets to support 1920x1080 Format 10 NumSamples 1 (Frame:1).
[2020.07.31-16.37.57:538][  0]LogLoad: (Engine Initialization) Total time: 6.24 seconds
[2020.07.31-16.37.57:538][  0]LogLoad: (Engine Initialization) Total Blueprint compile time: 0.00 seconds
[2020.07.31-16.37.57:569][  0]LogContentStreaming: Texture pool size now 1000 MB
[2020.07.31-16.37.57:585][  2]LogRenderer: Reallocating scene render targets to support 128x128 Format 10 NumSamples 1 (Frame:1).
[2020.07.31-16.37.57:605][  2]LogRenderer: Reallocating scene render targets to support 1920x1080 Format 10 NumSamples 1 (Frame:2).
[2020.07.31-16.38.16:139][151]LogOnlineSession: STEAM: Found 10 lobbies, finalizing the search
[2020.07.31-16.38.16:139][151]LogOnlineSession: STEAM: Search result 0: LobbyId=Lobby[0x18600000B26C469], LobbyId.IsValid()=true, CSteamID(LobbyId).IsLobby()=true
[2020.07.31-16.38.16:139][151]LogOnlineSession: Warning: STEAM: Unknown or unsupported data type from Steam key data cname EN
[2020.07.31-16.38.16:139][151]LogOnlineSession: Warning: STEAM: Failed to parse setting from key cname value EN
[2020.07.31-16.38.16:139][151]LogOnlineSession: Warning: STEAM: Unknown or unsupported data type from Steam key data platform WIN
[2020.07.31-16.38.16:139][151]LogOnlineSession: Warning: STEAM: Failed to parse setting from key platform value WIN
[2020.07.31-16.38.16:140][151]LogOnlineSession: Warning: STEAM: Unknown or unsupported data type from Steam key data type 05EN
[2020.07.31-16.38.16:140][151]LogOnlineSession: Warning: STEAM: Failed to parse setting from key type value 05EN
[2020.07.31-16.38.16:140][151]LogOnlineSession: Warning: STEAM: Unable to parse search result for lobby 'Lobby[0x18600000B26C469]'
[2020.07.31-16.38.16:140][151]LogOnlineSession: STEAM: Search result 1: LobbyId=Lobby[0x18600000B2CFADB], LobbyId.IsValid()=true, CSteamID(LobbyId).IsLobby()=true
[2020.07.31-16.38.16:140][151]LogOnlineSession: Warning: STEAM: Unknown or unsupported data type from Steam key data LN tommyshelby.141
[2020.07.31-16.38.16:140][151]LogOnlineSession: Warning: STEAM: Failed to parse setting from key LN value tommyshelby.141
[2020.07.31-16.38.16:140][151]LogOnlineSession: Warning: STEAM: Unknown or unsupported data type from Steam key data rev 20828
[2020.07.31-16.38.16:140][151]LogOnlineSession: Warning: STEAM: Failed to parse setting from key rev value 20828
[2020.07.31-16.38.16:140][151]LogOnlineSession: Warning: STEAM: Unable to parse search result for lobby 'Lobby[0x18600000B2CFADB]'
[2020.07.31-16.38.16:140][151]LogOnlineSession: STEAM: Search result 2: LobbyId=Lobby[0x18600000B2CDEE9], LobbyId.IsValid()=true, CSteamID(LobbyId).IsLobby()=true
[2020.07.31-16.38.16:140][151]LogOnlineSession: Warning: STEAM: Unknown or unsupported data type from Steam key data cname 109775241104639676
[2020.07.31-16.38.16:140][151]LogOnlineSession: Warning: STEAM: Failed to parse setting from key cname value 109775241104639676
[2020.07.31-16.38.16:140][151]LogOnlineSession: Warning: STEAM: Unknown or unsupported data type from Steam key data platform WIN
[2020.07.31-16.38.16:140][151]LogOnlineSession: Warning: STEAM: Failed to parse setting from key platform value WIN
[2020.07.31-16.38.16:140][151]LogOnlineSession: Warning: STEAM: Unknown or unsupported data type from Steam key data type 04109775241104639676
[2020.07.31-16.38.16:140][151]LogOnlineSession: Warning: STEAM: Failed to parse setting from key type value 04109775241104639676
[2020.07.31-16.38.16:141][151]LogOnlineSession: Warning: STEAM: Unable to parse search result for lobby 'Lobby[0x18600000B2CDEE9]'
[2020.07.31-16.38.16:141][151]LogOnlineSession: STEAM: Search result 3: LobbyId=Lobby[0x18600000B2CF976], LobbyId.IsValid()=true, CSteamID(LobbyId).IsLobby()=true
[2020.07.31-16.38.16:141][151]LogOnlineSession: Warning: STEAM: Unknown or unsupported data type from Steam key data LN kasra.tg
[2020.07.31-16.38.16:141][151]LogOnlineSession: Warning: STEAM: Failed to parse setting from key LN value kasra.tg
[2020.07.31-16.38.16:141][151]LogOnlineSession: Warning: STEAM: Unknown or unsupported data type from Steam key data rev 20828
[2020.07.31-16.38.16:141][151]LogOnlineSession: Warning: STEAM: Failed to parse setting from key rev value 20828
[2020.07.31-16.38.16:141][151]LogOnlineSession: Warning: STEAM: Unable to parse search result for lobby 'Lobby[0x18600000B2CF976]'
[2020.07.31-16.38.16:141][151]LogOnlineSession: STEAM: Search result 4: LobbyId=Lobby[0x18600000B2CFB3A], LobbyId.IsValid()=true, CSteamID(LobbyId).IsLobby()=true
[2020.07.31-16.38.16:142][151]LogOnlineSession: STEAM: Search result 5: LobbyId=Lobby[0x18600000B2CFADA], LobbyId.IsValid()=true, CSteamID(LobbyId).IsLobby()=true
[2020.07.31-16.38.16:142][151]LogOnlineSession: Warning: STEAM: Removed incompatible build: ServerBuildUniqueId = 0x0040486f, GetBuildUniqueId() = 0x007ff81b
[2020.07.31-16.38.16:142][151]LogOnlineSession: Warning: STEAM: Unable to parse search result for lobby 'Lobby[0x18600000B2CFADA]'
[2020.07.31-16.38.16:142][151]LogOnlineSession: STEAM: Search result 6: LobbyId=Lobby[0x18600000B2CD59B], LobbyId.IsValid()=true, CSteamID(LobbyId).IsLobby()=true
[2020.07.31-16.38.16:142][151]LogOnlineSession: Warning: STEAM: Unknown or unsupported data type from Steam key data cname 109775241104639676
[2020.07.31-16.38.16:142][151]LogOnlineSession: Warning: STEAM: Failed to parse setting from key cname value 109775241104639676
[2020.07.31-16.38.16:143][151]LogOnlineSession: Warning: STEAM: Unknown or unsupported data type from Steam key data platform WIN
[2020.07.31-16.38.16:143][151]LogOnlineSession: Warning: STEAM: Failed to parse setting from key platform value WIN
[2020.07.31-16.38.16:143][151]LogOnlineSession: Warning: STEAM: Unknown or unsupported data type from Steam key data type 04109775241104639676
[2020.07.31-16.38.16:143][151]LogOnlineSession: Warning: STEAM: Failed to parse setting from key type value 04109775241104639676
[2020.07.31-16.38.16:143][151]LogOnlineSession: Warning: STEAM: Unable to parse search result for lobby 'Lobby[0x18600000B2CD59B]'
[2020.07.31-16.38.16:143][151]LogOnlineSession: STEAM: Search result 7: LobbyId=Lobby[0x18600000B2CCEEC], LobbyId.IsValid()=true, CSteamID(LobbyId).IsLobby()=true
[2020.07.31-16.38.16:143][151]LogOnlineSession: Warning: STEAM: Unknown or unsupported data type from Steam key data guid 8b53ff67-7780-4c0b-860f-45cf3899e1f2
[2020.07.31-16.38.16:143][151]LogOnlineSession: Warning: STEAM: Failed to parse setting from key guid value 8b53ff67-7780-4c0b-860f-45cf3899e1f2
[2020.07.31-16.38.16:143][151]LogOnlineSession: Warning: STEAM: Unknown or unsupported data type from Steam key data name Unga (Fat man)
[2020.07.31-16.38.16:143][151]LogOnlineSession: Warning: STEAM: Failed to parse setting from key name value Unga (Fat man)
[2020.07.31-16.38.16:143][151]LogOnlineSession: Warning: STEAM: Unknown or unsupported data type from Steam key data prefabdbversion 95F414C35DF064A69E628D8344EE5FAC1D8406506A1C0929B8629C37EA18B5C4
[2020.07.31-16.38.16:143][151]LogOnlineSession: Warning: STEAM: Failed to parse setting from key prefabdbversion value 95F414C35DF064A69E628D8344EE5FAC1D8406506A1C0929B8629C37EA18B5C4
[2020.07.31-16.38.16:143][151]LogOnlineSession: Warning: STEAM: Unable to parse search result for lobby 'Lobby[0x18600000B2CCEEC]'
[2020.07.31-16.38.16:143][151]LogOnlineSession: STEAM: Search result 8: LobbyId=Lobby[0x18600000B2CFB07], LobbyId.IsValid()=true, CSteamID(LobbyId).IsLobby()=true
[2020.07.31-16.38.16:143][151]LogOnlineSession: Warning: STEAM: Unknown or unsupported data type from Steam key data 1GMD 1
[2020.07.31-16.38.16:143][151]LogOnlineSession: Warning: STEAM: Failed to parse setting from key 1GMD value 1
[2020.07.31-16.38.16:143][151]LogOnlineSession: Warning: STEAM: Unknown or unsupported data type from Steam key data 4RDT 3285040232
[2020.07.31-16.38.16:143][151]LogOnlineSession: Warning: STEAM: Failed to parse setting from key 4RDT value 3285040232
[2020.07.31-16.38.16:143][151]LogOnlineSession: Warning: STEAM: Unknown or unsupported data type from Steam key data 4RLN 327744
[2020.07.31-16.38.16:143][151]LogOnlineSession: Warning: STEAM: Failed to parse setting from key 4RLN value 327744
[2020.07.31-16.38.16:143][151]LogOnlineSession: Warning: STEAM: Unknown or unsupported data type from Steam key data 4RTW 1988984740
[2020.07.31-16.38.16:143][151]LogOnlineSession: Warning: STEAM: Failed to parse setting from key 4RTW value 1988984740
[2020.07.31-16.38.16:144][151]LogOnlineSession: Warning: STEAM: Unknown or unsupported data type from Steam key data 4TRK 3380448444
[2020.07.31-16.38.16:144][151]LogOnlineSession: Warning: STEAM: Failed to parse setting from key 4TRK value 3380448444
[2020.07.31-16.38.16:144][151]LogOnlineSession: Warning: STEAM: Unknown or unsupported data type from Steam key data 4VEH 0
[2020.07.31-16.38.16:144][151]LogOnlineSession: Warning: STEAM: Failed to parse setting from key 4VEH value 0
[2020.07.31-16.38.16:144][151]LogOnlineSession: Warning: STEAM: Unknown or unsupported data type from Steam key data 4VER 4294967295
[2020.07.31-16.38.16:144][151]LogOnlineSession: Warning: STEAM: Failed to parse setting from key 4VER value 4294967295
[2020.07.31-16.38.16:144][151]LogOnlineSession: Warning: STEAM: Unknown or unsupported data type from Steam key data activity 649528668
[2020.07.31-16.38.16:144][151]LogOnlineSession: Warning: STEAM: Failed to parse setting from key activity value 649528668
[2020.07.31-16.38.16:144][151]LogOnlineSession: Warning: STEAM: Unknown or unsupported data type from Steam key data extradata bwAAAAQAAAACAAAAMTY6MDAgLSAwOS8wNC8yMDE3AADBRgaAAAAAAOhGBgAAAAAACAAAAAgAAAAAAAAAAAAAAAAAAAAAAAAApH+NdpQvShYAYwaAAAAAAGQAAAAACAAAAAEAAAEBAQAAAAAAAAAAALg8BoAAAAAAwGMGgAAAAACYYwaAAAAAAMBGBoAAAAAAyjwGgAAAAADTPAaAAAAAAHBjBoAAAAAAwGMGgAAAAAAAAAaAAAAAAAAABoAAAAAA4jwGgAAAAACYYwaAAAAAAAAAAAABAAAABQAAAAEBMDkvMDQvMjAxNwA8BoAAAAAAAAAAAAAAAAAAAAAAAAAAADBjBoAAAAAAEAAAAAgAAAAAAAAA////////////////AAAAAP///////////////wAAAAD///////////////8AAAAA/////////////////////wAAAAAAAAAAAAAAALkyEAEBABAB
[2020.07.31-16.38.16:144][151]LogOnlineSession: Warning: STEAM: Failed to parse setting from key extradata value bwAAAAQAAAACAAAAMTY6MDAgLSAwOS8wNC8yMDE3AADBRgaAAAAAAOhGBgAAAAAACAAAAAgAAAAAAAAAAAAAAAAAAAAAAAAApH+NdpQvShYAYwaAAAAAAGQAAAAACAAAAAEAAAEBAQAAAAAAAAAAALg8BoAAAAAAwGMGgAAAAACYYwaAAAAAAMBGBoAAAAAAyjwGgAAAAADTPAaAAAAAAHBjBoAAAAAAwGMGgAAAAAAAAAaAAAAAAAAABoAAAAAA4jwGgAAAAACYYwaAAAAAAAAAAAABAAAABQAAAAEBMDkvMDQvMjAxNwA8BoAAAAAAAAAAAAAAAAAAAAAAAAAAADBjBoAAAAAAEAAAAAgAAAAAAAAA////////////////AAAAAP///////////////wAAAAD///////////////8AAAAA/////////////////////wAAAAAAAAAAAAAAALkyEAEBABAB
[2020.07.31-16.38.16:144][151]LogOnlineSession: Warning: STEAM: Unknown or unsupported data type from Steam key data Host DinCahill
[2020.07.31-16.38.16:144][151]LogOnlineSession: Warning: STEAM: Failed to parse setting from key Host value DinCahill
[2020.07.31-16.38.16:144][151]LogOnlineSession: Warning: STEAM: Unknown or unsupported data type from Steam key data joinable 1
[2020.07.31-16.38.16:144][151]LogOnlineSession: Warning: STEAM: Failed to parse setting from key joinable value 1
[2020.07.31-16.38.16:144][151]LogOnlineSession: Warning: STEAM: Unknown or unsupported data type from Steam key data name LOBBY
[2020.07.31-16.38.16:144][151]LogOnlineSession: Warning: STEAM: Failed to parse setting from key name value LOBBY
[2020.07.31-16.38.16:144][151]LogOnlineSession: Warning: STEAM: Unknown or unsupported data type from Steam key data password 0
[2020.07.31-16.38.16:144][151]LogOnlineSession: Warning: STEAM: Failed to parse setting from key password value 0
[2020.07.31-16.38.16:144][151]LogOnlineSession: Warning: STEAM: Unknown or unsupported data type from Steam key data secure 0
[2020.07.31-16.38.16:144][151]LogOnlineSession: Warning: STEAM: Failed to parse setting from key secure value 0
[2020.07.31-16.38.16:145][151]LogOnlineSession: Warning: STEAM: Unknown or unsupported data type from Steam key data state 2
[2020.07.31-16.38.16:145][151]LogOnlineSession: Warning: STEAM: Failed to parse setting from key state value 2
[2020.07.31-16.38.16:145][151]LogOnlineSession: Warning: STEAM: Unable to parse search result for lobby 'Lobby[0x18600000B2CFB07]'
[2020.07.31-16.38.16:145][151]LogOnlineSession: STEAM: Search result 9: LobbyId=Lobby[0x18600000B2CF23B], LobbyId.IsValid()=true, CSteamID(LobbyId).IsLobby()=true
[2020.07.31-16.38.16:145][151]LogOnlineSession: Warning: STEAM: Unknown or unsupported data type from Steam key data 1GMD 1
[2020.07.31-16.38.16:145][151]LogOnlineSession: Warning: STEAM: Failed to parse setting from key 1GMD value 1
[2020.07.31-16.38.16:145][151]LogOnlineSession: Warning: STEAM: Unknown or unsupported data type from Steam key data 4RDT 576947916
[2020.07.31-16.38.16:145][151]LogOnlineSession: Warning: STEAM: Failed to parse setting from key 4RDT value 576947916
[2020.07.31-16.38.16:145][151]LogOnlineSession: Warning: STEAM: Unknown or unsupported data type from Steam key data 4RLN 327743
[2020.07.31-16.38.16:145][151]LogOnlineSession: Warning: STEAM: Failed to parse setting from key 4RLN value 327743
[2020.07.31-16.38.16:145][151]LogOnlineSession: Warning: STEAM: Unknown or unsupported data type from Steam key data 4RTW 533066470
[2020.07.31-16.38.16:145][151]LogOnlineSession: Warning: STEAM: Failed to parse setting from key 4RTW value 533066470
[2020.07.31-16.38.16:145][151]LogOnlineSession: Warning: STEAM: Unknown or unsupported data type from Steam key data 4TRK 3380448444
[2020.07.31-16.38.16:145][151]LogOnlineSession: Warning: STEAM: Failed to parse setting from key 4TRK value 3380448444
[2020.07.31-16.38.16:145][151]LogOnlineSession: Warning: STEAM: Unknown or unsupported data type from Steam key data 4VEH 0
[2020.07.31-16.38.16:145][151]LogOnlineSession: Warning: STEAM: Failed to parse setting from key 4VEH value 0
[2020.07.31-16.38.16:145][151]LogOnlineSession: Warning: STEAM: Unknown or unsupported data type from Steam key data 4VER 2190507468
[2020.07.31-16.38.16:145][151]LogOnlineSession: Warning: STEAM: Failed to parse setting from key 4VER value 2190507468
[2020.07.31-16.38.16:145][151]LogOnlineSession: Warning: STEAM: Unknown or unsupported data type from Steam key data activity 649528664
[2020.07.31-16.38.16:145][151]LogOnlineSession: Warning: STEAM: Failed to parse setting from key activity value 649528664
[2020.07.31-16.38.16:145][151]LogOnlineSession: Warning: STEAM: Unknown or unsupported data type from Steam key data extradata bwAAAAcAAAABAAAAMTA6MDAgLSAwNS8wOC8yMDE3AAAA9dtBAQAAAAAAAAAAAQAAAwAAAAMAAAAAAAAAAAAAAAAAAAAAAAAA5vLFH7YRPYUA9dtBAAAAAGQAAAABBQAAAQEAAQEAAAEAAAAAAAAAAAAAAAAAAAAAuE3f1wAAAAAA9dtBAQAAAAAAAAABAAAAAAAAAAAAAAAAAAAAAAAAAAAAAAAAAAAAMETf1wAAAAAAANtBAAAAAAAAAAABAAAAAAAAAAAAAAAAAAAAAAAAAAAAAAABAAAABQAAAAEBMDUvMDgvMjAxNwAAAAABAAAAAAAAAAAAAAAAAAAAAAAAAAAAAAAAAAAACgAAAAMAAAAAAAAA////////////////AAAAAP///////////////wAAAAAAAAAAAAAAAAAAAAAAAAAA/////////////////////wAAAAAAAAAAAAAAAJbJ1xMBABAB
[2020.07.31-16.38.16:145][151]LogOnlineSession: Warning: STEAM: Failed to parse setting from key extradata value bwAAAAcAAAABAAAAMTA6MDAgLSAwNS8wOC8yMDE3AAAA9dtBAQAAAAAAAAAAAQAAAwAAAAMAAAAAAAAAAAAAAAAAAAAAAAAA5vLFH7YRPYUA9dtBAAAAAGQAAAABBQAAAQEAAQEAAAEAAAAAAAAAAAAAAAAAAAAAuE3f1wAAAAAA9dtBAQAAAAAAAAABAAAAAAAAAAAAAAAAAAAAAAAAAAAAAAAAAAAAMETf1wAAAAAAANtBAAAAAAAAAAABAAAAAAAAAAAAAAAAAAAAAAAAAAAAAAABAAAABQAAAAEBMDUvMDgvMjAxNwAAAAABAAAAAAAAAAAAAAAAAAAAAAAAAAAAAAAAAAAACgAAAAMAAAAAAAAA////////////////AAAAAP///////////////wAAAAAAAAAAAAAAAAAAAAAAAAAA/////////////////////wAAAAAAAAAAAAAAAJbJ1xMBABAB
[2020.07.31-16.38.16:145][151]LogOnlineSession: Warning: STEAM: Unknown or unsupported data type from Steam key data Host Breakfast
[2020.07.31-16.38.16:145][151]LogOnlineSession: Warning: STEAM: Failed to parse setting from key Host value Breakfast
[2020.07.31-16.38.16:145][151]LogOnlineSession: Warning: STEAM: Unknown or unsupported data type from Steam key data joinable 1
[2020.07.31-16.38.16:146][151]LogOnlineSession: Warning: STEAM: Failed to parse setting from key joinable value 1
[2020.07.31-16.38.16:146][151]LogOnlineSession: Warning: STEAM: Unknown or unsupported data type from Steam key data name LOBBY
[2020.07.31-16.38.16:146][151]LogOnlineSession: Warning: STEAM: Failed to parse setting from key name value LOBBY
[2020.07.31-16.38.16:146][151]LogOnlineSession: Warning: STEAM: Unknown or unsupported data type from Steam key data password 0
[2020.07.31-16.38.16:146][151]LogOnlineSession: Warning: STEAM: Failed to parse setting from key password value 0
[2020.07.31-16.38.16:146][151]LogOnlineSession: Warning: STEAM: Unknown or unsupported data type from Steam key data secure 0
[2020.07.31-16.38.16:146][151]LogOnlineSession: Warning: STEAM: Failed to parse setting from key secure value 0
[2020.07.31-16.38.16:146][151]LogOnlineSession: Warning: STEAM: Unknown or unsupported data type from Steam key data state 1
[2020.07.31-16.38.16:146][151]LogOnlineSession: Warning: STEAM: Failed to parse setting from key state value 1
[2020.07.31-16.38.16:146][151]LogOnlineSession: Warning: STEAM: Unable to parse search result for lobby 'Lobby[0x18600000B2CF23B]'
[2020.07.31-16.38.16:399][167]LogOnlineSession: OSS: Join session: traveling to steam.76561198369494285:7777
[2020.07.31-16.38.16:399][167]LogBlueprintUserMessages: [MyPlayer_C_0] JOINED!
[2020.07.31-16.38.16:413][167]LogNet: Browse: steam.76561198369494285//Game/GameRelated/MyLevel
[2020.07.31-16.38.16:413][167]LogTemp: Display: ParseSettings for GameNetDriver
[2020.07.31-16.38.16:413][167]LogTemp: Display: ParseSettings for IpNetDriver_0
[2020.07.31-16.38.16:413][167]LogTemp: Display: ParseSettings for PendingNetDriver
[2020.07.31-16.38.16:413][167]LogInit: SteamSockets: Socket queue. Rx: 32768 (config 32768) Tx: 32768 (config 32768)
[2020.07.31-16.38.16:413][167]LogSockets: Warning: Tried to bind address with protocol Steam to a socket with protocol IPv4
[2020.07.31-16.38.16:414][167]LogNet: Warning: Failed to init net driver ConnectURL: steam.76561198369494285//Game/GameRelated/MyLevel: SteamSockets: binding to port 0 failed (0)
[2020.07.31-16.38.16:414][167]LogNet: Warning: error initializing the network stack
[2020.07.31-16.38.16:414][167]LogNet: DestroyNamedNetDriver IpNetDriver_0 [PendingNetDriver]
[2020.07.31-16.38.16:414][167]LogExit: PendingNetDriver IpNetDriver_0 shut down
[2020.07.31-16.38.16:414][167]LogNet: Warning: Travel Failure: [PendingNetGameCreateFailure]: SteamSockets: binding to port 0 failed (0)
[2020.07.31-16.38.16:414][167]LogNet: TravelFailure: PendingNetGameCreateFailure, Reason for Failure: 'SteamSockets: binding to port 0 failed (0)'
[2020.07.31-16.38.16:414][167]LogNet: Warning: Travel Failure: [ClientTravelFailure]: 
[2020.07.31-16.38.16:414][167]LogNet: TravelFailure: ClientTravelFailure, Reason for Failure: ''
[2020.07.31-16.38.16:414][167]LogSlate: Took 0.000220 seconds to synchronously load lazily loaded font '../../../Engine/Content/Slate/Fonts/Roboto-Regular.ttf' (155K)
[2020.07.31-16.38.16:428][168]LogNet: Browse: /Game/GameRelated/MyLevel?closed
[2020.07.31-16.38.16:428][168]LogNet: Connection failed; returning to Entry
[2020.07.31-16.38.16:429][168]LogLoad: LoadMap: /Game/GameRelated/MyLevel?closed
[2020.07.31-16.38.16:429][168]LogWorld: BeginTearingDown for /Game/GameRelated/MyLevel
[2020.07.31-16.38.16:429][168]LogWorld: UWorld::CleanupWorld for MyLevel, bSessionEnded=true, bCleanupResources=true
[2020.07.31-16.38.16:459][168]LogUObjectHash: Compacting FUObjectHashTables data took   1.65ms
[2020.07.31-16.38.16:873][168]LogAIModule: Creating AISystem for world MyLevel
[2020.07.31-16.38.16:873][168]LogLoad: Game class is 'MyGamemode_C'
[2020.07.31-16.38.16:876][168]LogWorld: Bringing World /Game/GameRelated/MyLevel.MyLevel up for play (max tick rate 0) at 2020.07.31-18.38.16
[2020.07.31-16.38.16:876][168]LogWorld: Bringing up level for play took: 0.001943
[2020.07.31-16.38.16:897][168]LogLoad: Took 0.467996 seconds to LoadMap(/Game/GameRelated/MyLevel)
[2020.07.31-16.38.16:919][168]LogUObjectHash: Compacting FUObjectHashTables data took   1.90ms
[2020.07.31-16.40.14:060][428]LogWindowsDesktop: Alt-F4 pressed!
[2020.07.31-16.40.14:067][428]LogSlate: Window 'StructureInventory (64-bit Development PCD3D_SM5) ' being destroyed
[2020.07.31-16.40.14:067][428]LogWindowsTextInputMethodSystem: Display: IME system now deactivated.
[2020.07.31-16.40.14:074][428]LogSlate: Updating window title bar state: overlay mode, drag disabled, window buttons hidden, title bar hidden
[2020.07.31-16.40.14:074][428]LogEngine: All Windows Closed
[2020.07.31-16.40.14:074][428]LogWindows: FPlatformMisc::RequestExit(0)
[2020.07.31-16.40.14:130][429]LogWorld: BeginTearingDown for /Game/GameRelated/MyLevel
[2020.07.31-16.40.14:130][429]LogWorld: UWorld::CleanupWorld for MyLevel, bSessionEnded=true, bCleanupResources=true
[2020.07.31-16.40.14:515][429]LogExit: Preparing to exit.
[2020.07.31-16.40.14:515][429]LogMoviePlayer: Shutting down movie player
[2020.07.31-16.40.14:523][429]LogSlate: Updating window title bar state: overlay mode, drag disabled, window buttons hidden, title bar hidden
[2020.07.31-16.40.14:527][429]LogDemo: Cleaned up 0 splitscreen connections with owner deletion
[2020.07.31-16.40.14:532][429]LogExit: Game engine shut down
[2020.07.31-16.40.14:580][429]LogExit: Object subsystem successfully closed.
[2020.07.31-16.40.14:593][429]LogShaderCompilers: Display: Shaders left to compile 0
[2020.07.31-16.40.14:622][429]LogModuleManager: Shutting down and abandoning module SequenceRecorderSections (418)
[2020.07.31-16.40.14:622][429]LogModuleManager: Shutting down and abandoning module SequenceRecorder (416)
[2020.07.31-16.40.14:622][429]LogModuleManager: Shutting down and abandoning module AutomationController (414)
[2020.07.31-16.40.14:622][429]LogModuleManager: Shutting down and abandoning module AutomationWorker (412)
[2020.07.31-16.40.14:622][429]LogModuleManager: Shutting down and abandoning module Voice (410)
[2020.07.31-16.40.14:622][429]LogModuleManager: Shutting down and abandoning module AIModule (408)
[2020.07.31-16.40.14:622][429]LogModuleManager: Shutting down and abandoning module GameplayDebugger (407)
[2020.07.31-16.40.14:622][429]LogModuleManager: Shutting down and abandoning module AITestSuite (405)
[2020.07.31-16.40.14:622][429]LogModuleManager: Shutting down and abandoning module NavigationSystem (403)
[2020.07.31-16.40.14:622][429]LogModuleManager: Shutting down and abandoning module OculusMR (400)
[2020.07.31-16.40.14:622][429]LogModuleManager: Shutting down and abandoning module WmfMediaFactory (398)
[2020.07.31-16.40.14:622][429]LogModuleManager: Shutting down and abandoning module WebMMediaFactory (396)
[2020.07.31-16.40.14:622][429]LogModuleManager: Shutting down and abandoning module WebMMedia (394)
[2020.07.31-16.40.14:622][429]LogModuleManager: Shutting down and abandoning module OpenExrWrapper (392)
[2020.07.31-16.40.14:622][429]LogModuleManager: Shutting down and abandoning module ImgMediaFactory (390)
[2020.07.31-16.40.14:622][429]LogModuleManager: Shutting down and abandoning module AvfMediaFactory (388)
[2020.07.31-16.40.14:622][429]LogModuleManager: Shutting down and abandoning module MagicLeapCameraPreviewFactory (386)
[2020.07.31-16.40.14:622][429]LogModuleManager: Shutting down and abandoning module MagicLeapMediaCodecFactory (384)
[2020.07.31-16.40.14:622][429]LogModuleManager: Shutting down and abandoning module MagicLeapMediaFactory (382)
[2020.07.31-16.40.14:622][429]LogModuleManager: Shutting down and abandoning module CharacterAI (380)
[2020.07.31-16.40.14:622][429]LogModuleManager: Shutting down and abandoning module SessionServices (378)
[2020.07.31-16.40.14:622][429]LogModuleManager: Shutting down and abandoning module MovieSceneCapture (376)
[2020.07.31-16.40.14:622][429]LogModuleManager: Shutting down and abandoning module LiveCoding (374)
[2020.07.31-16.40.14:622][429]LogModuleManager: Shutting down and abandoning module LevelSequence (372)
[2020.07.31-16.40.14:622][429]LogModuleManager: Shutting down and abandoning module MovieSceneTracks (370)
[2020.07.31-16.40.14:622][429]LogModuleManager: Shutting down and abandoning module MovieScene (368)
[2020.07.31-16.40.14:623][429]LogModuleManager: Shutting down and abandoning module StreamingPauseRendering (366)
[2020.07.31-16.40.14:623][429]LogModuleManager: Shutting down and abandoning module PortalServices (364)
[2020.07.31-16.40.14:623][429]LogModuleManager: Shutting down and abandoning module PortalRpc (362)
[2020.07.31-16.40.14:623][429]LogModuleManager: Shutting down and abandoning module MessagingRpc (360)
[2020.07.31-16.40.14:623][429]LogModuleManager: Shutting down and abandoning module ImageWriteQueue (358)
[2020.07.31-16.40.14:625][429]LogModuleManager: Shutting down and abandoning module ProfilerService (356)
[2020.07.31-16.40.14:627][429]LogModuleManager: Shutting down and abandoning module TaskGraph (354)
[2020.07.31-16.40.14:627][429]LogModuleManager: Shutting down and abandoning module SteamVRController (352)
[2020.07.31-16.40.14:627][429]LogModuleManager: Shutting down and abandoning module ProceduralMeshComponent (350)
[2020.07.31-16.40.14:627][429]LogModuleManager: Shutting down and abandoning module OculusInput (348)
[2020.07.31-16.40.14:627][429]LogModuleManager: Shutting down and abandoning module MobilePatchingUtils (346)
[2020.07.31-16.40.14:627][429]LogModuleManager: Shutting down and abandoning module EditableMesh (344)
[2020.07.31-16.40.14:627][429]LogModuleManager: Shutting down and abandoning module CustomMeshComponent (342)
[2020.07.31-16.40.14:627][429]LogModuleManager: Shutting down and abandoning module CableComponent (340)
[2020.07.31-16.40.14:627][429]LogModuleManager: Shutting down and abandoning module AudioCapture (338)
[2020.07.31-16.40.14:627][429]LogModuleManager: Shutting down and abandoning module ArchVisCharacter (336)
[2020.07.31-16.40.14:627][429]LogModuleManager: Shutting down and abandoning module AppleImageUtilsBlueprintSupport (334)
[2020.07.31-16.40.14:627][429]LogModuleManager: Shutting down and abandoning module AppleImageUtils (332)
[2020.07.31-16.40.14:627][429]LogModuleManager: Shutting down and abandoning module AndroidPermission (330)
[2020.07.31-16.40.14:627][429]LogModuleManager: Shutting down and abandoning module NUTUnrealEngine4 (326)
[2020.07.31-16.40.14:627][429]LogModuleManager: Shutting down and abandoning module NetcodeUnitTest (324)
[2020.07.31-16.40.14:627][429]LogModuleManager: Shutting down and abandoning module MediaCompositing (322)
[2020.07.31-16.40.14:627][429]LogModuleManager: Shutting down and abandoning module ImgMedia (320)
[2020.07.31-16.40.14:627][429]LogModuleManager: Shutting down and abandoning module MagicLeapHelperVulkan (318)
[2020.07.31-16.40.14:627][429]LogModuleManager: Shutting down and abandoning module MagicLeapHelperOpenGL (316)
[2020.07.31-16.40.14:627][429]LogModuleManager: Shutting down and abandoning module MagicLeapAudio (314)
[2020.07.31-16.40.14:627][429]LogModuleManager: Shutting down and abandoning module HTML5Networking (312)
[2020.07.31-16.40.14:627][429]LogModuleManager: Shutting down and abandoning module GeometryCollectionTracks (310)
[2020.07.31-16.40.14:627][429]LogModuleManager: Shutting down and abandoning module GeometryCollectionSequencer (309)
[2020.07.31-16.40.14:627][429]LogModuleManager: Shutting down and abandoning module GeometryCollectionExampleCore (306)
[2020.07.31-16.40.14:627][429]LogModuleManager: Shutting down and abandoning module GeometryCacheTracks (304)
[2020.07.31-16.40.14:627][429]LogModuleManager: Shutting down and abandoning module GeometryCacheSequencer (303)
[2020.07.31-16.40.14:627][429]LogModuleManager: Shutting down and abandoning module GeometryCache (300)
[2020.07.31-16.40.14:627][429]LogModuleManager: Shutting down and abandoning module GeometryCacheEd (299)
[2020.07.31-16.40.14:627][429]LogModuleManager: Shutting down and abandoning module BlastCore (296)
[2020.07.31-16.40.14:627][429]LogModuleManager: Shutting down and abandoning module BackChannel (294)
[2020.07.31-16.40.14:627][429]LogModuleManager: Shutting down and abandoning module AutomationUtils (292)
[2020.07.31-16.40.14:628][429]LogModuleManager: Shutting down and abandoning module VariantManagerContent (290)
[2020.07.31-16.40.14:628][429]LogModuleManager: Shutting down and abandoning module CryptoKeysOpenSSL (288)
[2020.07.31-16.40.14:628][429]LogModuleManager: Shutting down and abandoning module CryptoKeys (286)
[2020.07.31-16.40.14:628][429]LogModuleManager: Shutting down and abandoning module VisualStudioSourceCodeAccess (284)
[2020.07.31-16.40.14:628][429]LogModuleManager: Shutting down and abandoning module HotReload (283)
[2020.07.31-16.40.14:628][429]LogModuleManager: Shutting down and abandoning module DirectoryWatcher (282)
[2020.07.31-16.40.14:628][429]LogModuleManager: Shutting down and abandoning module VisualStudioCodeSourceCodeAccess (278)
[2020.07.31-16.40.14:628][429]LogModuleManager: Shutting down and abandoning module UObjectPlugin (276)
[2020.07.31-16.40.14:628][429]LogModuleManager: Shutting down and abandoning module SubversionSourceControl (274)
[2020.07.31-16.40.14:628][429]LogModuleManager: Shutting down and abandoning module PerforceSourceControl (272)
[2020.07.31-16.40.14:628][429]LogModuleManager: Shutting down and abandoning module SourceControl (271)
[2020.07.31-16.40.14:628][429]LogModuleManager: Shutting down and abandoning module CLionSourceCodeAccess (268)
[2020.07.31-16.40.14:628][429]LogModuleManager: Shutting down and abandoning module ActorLayerUtilities (266)
[2020.07.31-16.40.14:628][429]LogModuleManager: Shutting down and abandoning module SignificanceManager (264)
[2020.07.31-16.40.14:628][429]LogModuleManager: Shutting down and abandoning module RuntimePhysXCooking (262)
[2020.07.31-16.40.14:628][429]LogModuleManager: Shutting down and abandoning module PhysXVehiclesEditor (260)
[2020.07.31-16.40.14:628][429]LogModuleManager: Shutting down and abandoning module LocationServicesBPLibrary (256)
[2020.07.31-16.40.14:628][429]LogModuleManager: Shutting down and abandoning module ActorSequence (254)
[2020.07.31-16.40.14:628][429]LogModuleManager: Shutting down and abandoning module UdpMessaging (252)
[2020.07.31-16.40.14:628][429]LogModuleManager: Shutting down and abandoning module TcpMessaging (250)
[2020.07.31-16.40.14:628][429]LogModuleManager: Shutting down and abandoning module MagicLeapIdentity (248)
[2020.07.31-16.40.14:628][429]LogModuleManager: Shutting down and abandoning module MagicLeapSecureStorage (246)
[2020.07.31-16.40.14:628][429]LogModuleManager: Shutting down and abandoning module MagicLeapHandTracking (244)
[2020.07.31-16.40.14:628][429]LogModuleManager: Shutting down and abandoning module MagicLeapEyeTracker (242)
[2020.07.31-16.40.14:628][429]LogModuleManager: Shutting down and abandoning module MagicLeapController (240)
[2020.07.31-16.40.14:628][429]LogSlate: Slate User Destroyed.  User Index 0, Is Virtual User: 0
[2020.07.31-16.40.14:628][429]LogModuleManager: Shutting down and abandoning module MagicLeapAR (238)
[2020.07.31-16.40.14:628][429]LogModuleManager: Shutting down and abandoning module AugmentedReality (237)
[2020.07.31-16.40.14:628][429]LogModuleManager: Shutting down and abandoning module GameplayTagsEditor (234)
[2020.07.31-16.40.14:628][429]LogModuleManager: Shutting down and abandoning module FacialAnimation (232)
[2020.07.31-16.40.14:628][429]LogModuleManager: Shutting down and abandoning module AssetManagerEditor (230)
[2020.07.31-16.40.14:628][429]LogModuleManager: Shutting down and abandoning module TreeMap (229)
[2020.07.31-16.40.14:628][429]LogModuleManager: Shutting down and abandoning module AnimationSharing (226)
[2020.07.31-16.40.14:628][429]LogModuleManager: Shutting down and abandoning module LightPropagationVolumeRuntime (224)
[2020.07.31-16.40.14:628][429]LogModuleManager: Shutting down and abandoning module Paper2D (222)
[2020.07.31-16.40.14:628][429]LogModuleManager: Shutting down and abandoning module WindowsMoviePlayer (220)
[2020.07.31-16.40.14:630][429]LogModuleManager: Shutting down and abandoning module WebMMoviePlayer (218)
[2020.07.31-16.40.14:630][429]LogModuleManager: Shutting down and abandoning module NetworkReplayStreaming (216)
[2020.07.31-16.40.14:630][429]LogModuleManager: Shutting down and abandoning module PacketHandler (214)
[2020.07.31-16.40.14:630][429]LogModuleManager: Shutting down and abandoning module ClothingSystemEditor (212)
[2020.07.31-16.40.14:630][429]LogModuleManager: Shutting down and abandoning module ClothingSystemRuntime (210)
[2020.07.31-16.40.14:630][429]LogModuleManager: Shutting down and abandoning module MediaAssets (208)
[2020.07.31-16.40.14:630][429]LogModuleManager: Shutting down and abandoning module Overlay (206)
[2020.07.31-16.40.14:630][429]LogModuleManager: Shutting down and abandoning module OverlayEditor (205)
[2020.07.31-16.40.14:630][429]LogModuleManager: Shutting down and abandoning module VREditor (202)
[2020.07.31-16.40.14:630][429]LogModuleManager: Shutting down and abandoning module StringTableEditor (200)
[2020.07.31-16.40.14:630][429]LogModuleManager: Shutting down and abandoning module GameplayTasksEditor (198)
[2020.07.31-16.40.14:630][429]LogModuleManager: Shutting down and abandoning module BehaviorTreeEditor (196)
[2020.07.31-16.40.14:630][429]LogModuleManager: Shutting down and abandoning module FunctionalTesting (194)
[2020.07.31-16.40.14:630][429]LogModuleManager: Shutting down and abandoning module CollisionAnalyzer (192)
[2020.07.31-16.40.14:630][429]LogModuleManager: Shutting down and abandoning module WorkspaceMenuStructure (191)
[2020.07.31-16.40.14:630][429]LogModuleManager: Shutting down and abandoning module UMG (188)
[2020.07.31-16.40.14:630][429]LogModuleManager: Shutting down and abandoning module UMGEditor (187)
[2020.07.31-16.40.14:630][429]LogModuleManager: Shutting down and abandoning module Sequencer (186)
[2020.07.31-16.40.14:630][429]LogModuleManager: Shutting down and abandoning module MessageLog (183)
[2020.07.31-16.40.14:630][429]LogModuleManager: Shutting down and abandoning module SlateReflector (178)
[2020.07.31-16.40.14:630][429]LogModuleManager: Shutting down and abandoning module Slate (176)
[2020.07.31-16.40.14:630][429]LogModuleManager: Shutting down and abandoning module LandscapeEditorUtilities (174)
[2020.07.31-16.40.14:630][429]LogModuleManager: Shutting down and abandoning module EditorStyle (172)
[2020.07.31-16.40.14:631][429]LogModuleManager: Shutting down and abandoning module UnrealEd (170)
[2020.07.31-16.40.14:631][429]LogModuleManager: Shutting down and abandoning module MRMesh (168)
[2020.07.31-16.40.14:631][429]LogModuleManager: Shutting down and abandoning module Messaging (166)
[2020.07.31-16.40.14:631][429]LogModuleManager: Shutting down and abandoning module SourceCodeAccess (164)
[2020.07.31-16.40.14:631][429]LogModuleManager: Shutting down and abandoning module HeadMountedDisplay (162)
[2020.07.31-16.40.14:631][429]LogModuleManager: Shutting down and abandoning module XAudio2 (160)
[2020.07.31-16.40.14:631][429]LogModuleManager: Shutting down and abandoning module Networking (158)
[2020.07.31-16.40.14:631][429]LogModuleManager: Shutting down and abandoning module Core (156)
[2020.07.31-16.40.14:631][429]LogModuleManager: Shutting down and abandoning module KismetCompiler (154)
[2020.07.31-16.40.14:631][429]LogModuleManager: Shutting down and abandoning module MeshUtilities (152)
[2020.07.31-16.40.14:631][429]LogModuleManager: Shutting down and abandoning module MeshMergeUtilities (151)
[2020.07.31-16.40.14:631][429]LogModuleManager: Shutting down and abandoning module MeshReductionInterface (150)
[2020.07.31-16.40.14:631][429]LogModuleManager: Shutting down and abandoning module SkeletalMeshReduction (149)
[2020.07.31-16.40.14:631][429]LogModuleManager: Shutting down and abandoning module ProxyLODMeshReduction (147)
[2020.07.31-16.40.14:631][429]LogModuleManager: Shutting down and abandoning module QuadricMeshReduction (145)
[2020.07.31-16.40.14:631][429]LogModuleManager: Shutting down and abandoning module MaterialBaking (141)
[2020.07.31-16.40.14:631][429]LogModuleManager: Shutting down and abandoning module NullInstallBundleManager (136)
[2020.07.31-16.40.14:631][429]LogModuleManager: Shutting down and abandoning module PIEPreviewDeviceProfileSelector (134)
[2020.07.31-16.40.14:631][429]LogModuleManager: Shutting down and abandoning module DerivedDataCache (132)
[2020.07.31-16.40.14:644][429]LogDerivedDataCache: Shutdown
[2020.07.31-16.40.14:644][429]LogModuleManager: Shutting down and abandoning module XGEController (130)
[2020.07.31-16.40.14:644][429]LogModuleManager: Shutting down and abandoning module TargetPlatform (128)
[2020.07.31-16.40.14:644][429]LogModuleManager: Shutting down and abandoning module VulkanShaderFormat (127)
[2020.07.31-16.40.14:644][429]LogModuleManager: Shutting down and abandoning module ShaderFormatVectorVM (125)
[2020.07.31-16.40.14:644][429]LogModuleManager: Shutting down and abandoning module ShaderFormatOpenGL (123)
[2020.07.31-16.40.14:644][429]LogModuleManager: Shutting down and abandoning module ShaderFormatD3D (121)
[2020.07.31-16.40.14:644][429]LogModuleManager: Shutting down and abandoning module MetalShaderFormat (119)
[2020.07.31-16.40.14:644][429]LogModuleManager: Shutting down and abandoning module TextureFormatUncompressed (117)
[2020.07.31-16.40.14:644][429]LogModuleManager: Shutting down and abandoning module TextureFormatPVR (115)
[2020.07.31-16.40.14:644][429]LogModuleManager: Shutting down and abandoning module TextureFormatDXT (113)
[2020.07.31-16.40.14:644][429]LogModuleManager: Shutting down and abandoning module TextureFormatIntelISPCTexComp (111)
[2020.07.31-16.40.14:644][429]LogModuleManager: Shutting down and abandoning module TextureFormatASTC (109)
[2020.07.31-16.40.14:644][429]LogModuleManager: Shutting down and abandoning module ImageWrapper (108)
[2020.07.31-16.40.14:644][429]LogModuleManager: Shutting down and abandoning module TextureFormatAndroid (105)
[2020.07.31-16.40.14:644][429]LogModuleManager: Shutting down and abandoning module AudioFormatOpus (103)
[2020.07.31-16.40.14:644][429]LogModuleManager: Shutting down and abandoning module AudioFormatOgg (101)
[2020.07.31-16.40.14:644][429]LogModuleManager: Shutting down and abandoning module AudioFormatADPCM (99)
[2020.07.31-16.40.14:644][429]LogModuleManager: Shutting down and abandoning module WindowsTargetPlatform (97)
[2020.07.31-16.40.14:644][429]LogModuleManager: Shutting down and abandoning module WindowsServerTargetPlatform (95)
[2020.07.31-16.40.14:644][429]LogModuleManager: Shutting down and abandoning module WindowsNoEditorTargetPlatform (93)
[2020.07.31-16.40.14:644][429]LogModuleManager: Shutting down and abandoning module WindowsClientTargetPlatform (91)
[2020.07.31-16.40.14:644][429]LogModuleManager: Shutting down and abandoning module InputCore (88)
[2020.07.31-16.40.14:644][429]LogModuleManager: Shutting down and abandoning module Settings (86)
[2020.07.31-16.40.14:644][429]LogModuleManager: Shutting down and abandoning module PhysXCooking (84)
[2020.07.31-16.40.14:644][429]LogModuleManager: Shutting down and abandoning module WindowsPlatformFeatures (82)
[2020.07.31-16.40.14:644][429]LogModuleManager: Shutting down and abandoning module GameplayMediaEncoder (81)
[2020.07.31-16.40.14:644][429]LogModuleManager: Shutting down and abandoning module SteamVR (78)
[2020.07.31-16.40.14:644][429]LogHMD: Freeing OpenVRDLLHandle.
[2020.07.31-16.40.14:644][429]LogModuleManager: Shutting down and abandoning module OculusHMD (76)
[2020.07.31-16.40.14:645][429]LogModuleManager: Shutting down and abandoning module ExampleDeviceProfileSelector (74)
[2020.07.31-16.40.14:645][429]LogModuleManager: Shutting down and abandoning module LauncherChunkInstaller (72)
[2020.07.31-16.40.14:645][429]LogModuleManager: Shutting down and abandoning module OnlineBlueprintSupport (70)
[2020.07.31-16.40.14:645][429]LogModuleManager: Shutting down and abandoning module OnlineSubsystem (66)
[2020.07.31-16.40.14:645][429]LogOnline: Display: STEAM: OnlineSubsystemSteam::Shutdown()
[2020.07.31-16.40.14:645][429]LogOnline: STEAM: AUTH: Revoking all tickets.
[2020.07.31-16.40.14:708][429]LogOnline: Display: STEAM: OnlineSubsystemSteam::Shutdown()
[2020.07.31-16.40.14:709][429]LogModuleManager: Shutting down and abandoning module XMPP (61)
[2020.07.31-16.40.14:709][429]LogModuleManager: Shutting down and abandoning module WebSockets (60)
[2020.07.31-16.40.14:721][429]LogModuleManager: Shutting down and abandoning module HTTP (57)
[2020.07.31-16.40.14:742][429]LogModuleManager: Shutting down and abandoning module SSL (56)
[2020.07.31-16.40.14:743][429]LogModuleManager: Shutting down and abandoning module WmfMedia (52)
[2020.07.31-16.40.14:743][429]LogModuleManager: Shutting down and abandoning module Media (51)
[2020.07.31-16.40.14:744][429]LogModuleManager: Shutting down and abandoning module MagicLeap (48)
[2020.07.31-16.40.14:744][429]LogModuleManager: Shutting down and abandoning module DatasmithContent (46)
[2020.07.31-16.40.14:744][429]LogModuleManager: Shutting down and abandoning module AISupportModule (44)
[2020.07.31-16.40.14:744][429]LogModuleManager: Shutting down and abandoning module PlatformCryptoOpenSSL (42)
[2020.07.31-16.40.14:744][429]LogModuleManager: Shutting down and abandoning module PlatformCrypto (40)
[2020.07.31-16.40.14:744][429]LogModuleManager: Shutting down and abandoning module AnimationModifiers (38)
[2020.07.31-16.40.14:744][429]LogModuleManager: Shutting down and abandoning module PropertyEditor (37)
[2020.07.31-16.40.14:744][429]LogModuleManager: Shutting down and abandoning module AudioEditor (34)
[2020.07.31-16.40.14:744][429]LogModuleManager: Shutting down and abandoning module TextureCompressor (32)
[2020.07.31-16.40.14:745][429]LogModuleManager: Shutting down and abandoning module RenderCore (30)
[2020.07.31-16.40.14:745][429]LogModuleManager: Shutting down and abandoning module Landscape (28)
[2020.07.31-16.40.14:745][429]LogModuleManager: Shutting down and abandoning module SlateRHIRenderer (26)
[2020.07.31-16.40.14:745][429]LogModuleManager: Shutting down and abandoning module OpenGLDrv (24)
[2020.07.31-16.40.14:745][429]LogModuleManager: Shutting down and abandoning module D3D11RHI (22)
[2020.07.31-16.40.14:745][429]LogModuleManager: Shutting down and abandoning module AnimGraphRuntime (20)
[2020.07.31-16.40.14:745][429]LogModuleManager: Shutting down and abandoning module Renderer (18)
[2020.07.31-16.40.14:745][429]LogModuleManager: Shutting down and abandoning module Engine (16)
[2020.07.31-16.40.14:745][429]LogModuleManager: Shutting down and abandoning module CoreUObject (14)
[2020.07.31-16.40.14:745][429]LogModuleManager: Shutting down and abandoning module NetworkFile (12)
[2020.07.31-16.40.14:745][429]LogModuleManager: Shutting down and abandoning module CookedIterativeFile (10)
[2020.07.31-16.40.14:745][429]LogModuleManager: Shutting down and abandoning module StreamingFile (8)
[2020.07.31-16.40.14:745][429]LogModuleManager: Shutting down and abandoning module SandboxFile (6)
[2020.07.31-16.40.14:745][429]LogModuleManager: Shutting down and abandoning module PakFile (4)
[2020.07.31-16.40.14:745][429]LogModuleManager: Shutting down and abandoning module RSA (3)
[2020.07.31-16.40.14:745][429]LogD3D11RHI: Shutdown
[2020.07.31-16.40.14:745][429]LogD3D11RHI: CleanupD3DDevice
[2020.07.31-16.40.14:746][429]LogRendererCore: FGlobalDynamicReadBuffer::Cleanup()
[2020.07.31-16.40.14:746][429]LogRendererCore: FGlobalDynamicReadBuffer::Cleanup()
[2020.07.31-16.40.14:746][429]LogRendererCore: FGlobalDynamicReadBuffer::Cleanup()
[2020.07.31-16.40.14:786][429]LogD3D11RHI: ~FD3D11DynamicRHI
[2020.07.31-16.40.14:791][429]LogExit: Exiting.
[2020.07.31-16.40.14:925][429]Log file closed, 07/31/20 18:40:14
